#
# A fatal error has been detected by the Java Runtime Environment:
#
#  Internal Error (safepoint.cpp:919), pid=1142, tid=25355
#  fatal error: Illegal threadstate encountered: 4
#
# JRE version: Java(TM) SE Runtime Environment 18.9 (11.0.13+10) (build 11.0.13+10-LTS-370)
# Java VM: Java HotSpot(TM) 64-Bit Server VM 18.9 (11.0.13+10-LTS-370, mixed mode, tiered, compressed oops, g1 gc, bsd-amd64)
# No core dump will be written. Core dumps have been disabled. To enable core dumping, try "ulimit -c unlimited" before starting Java again
#
# If you would like to submit a bug report, please visit:
#   https://bugreport.java.com/bugreport/crash.jsp
# The crash happened outside the Java Virtual Machine in native code.
# See problematic frame for where to report the bug.
#

---------------  S U M M A R Y ------------

Command Line: -Dfile.encoding=UTF-8 -Duser.country=SG -Duser.language=en -Duser.variant seedu.address.Main

Host: MacBookPro14,2 x86_64 3100 MHz, 4 cores, 8G, Darwin 21.6.0
Time: Mon Oct 31 11:02:44 2022 +08 elapsed time: 36.104396 seconds (0d 0h 0m 36s)

---------------  T H R E A D  ---------------

Current thread (0x00007f816eb1e000):  JavaThread "InvokeLaterDispatcher" daemon [_thread_in_native, id=25355, stack(0x000070000b695000,0x000070000b795000)]

Stack: [0x000070000b695000,0x000070000b795000],  sp=0x000070000b7932e0,  free space=1016k
Native frames: (J=compiled Java code, j=interpreted, Vv=VM code, C=native code)
V  [libjvm.dylib+0x786e36]  _ZN7VMError14report_and_dieEiPKcS1_P13__va_list_tagP6ThreadPhPvS7_S1_im+0x54c
V  [libjvm.dylib+0x25569c]  _Z12report_fatal11VMErrorTypePKciS1_z+0xbc
V  [libjvm.dylib+0x6a723c]  _ZN20SafepointSynchronize5blockEP10JavaThread+0x1d8
V  [libjvm.dylib+0x6a8da5]  _ZN18SafepointMechanism23block_if_requested_slowEP10JavaThread+0x1d
V  [libjvm.dylib+0x736692]  _ZN10JavaThread44check_safepoint_and_suspend_for_native_transEPS_+0x9c
V  [libjvm.dylib+0x3ce004]  jni_DeleteGlobalRef+0x91
C  [libglass.dylib+0x8851]  -[GlassRunnable dealloc]+0x31
C  [Foundation+0x818be]  -[_NSThreadPerformInfo dealloc]+0x2a
C  [Foundation+0x4e446]  -[NSObject(NSThreadPerformAdditions) performSelectorOnMainThread:withObject:waitUntilDone:]+0x7c
J 3577  com.sun.glass.ui.mac.MacApplication._submitForLaterInvocation(Ljava/lang/Runnable;)V (0 bytes) @ 0x0000000116f5548f [0x0000000116f553c0+0x00000000000000cf]
J 3576 c1 com.sun.glass.ui.mac.MacApplication.submitForLaterInvocation(Ljava/lang/Runnable;)V (6 bytes) @ 0x000000010ffa3634 [0x000000010ffa35c0+0x0000000000000074]
j  com.sun.glass.ui.InvokeLaterDispatcher.run()V+82
v  ~StubRoutines::call_stub
V  [libjvm.dylib+0x38f493]  _ZN9JavaCalls11call_helperEP9JavaValueRK12methodHandleP17JavaCallArgumentsP6Thread+0x207
V  [libjvm.dylib+0x38e90b]  _ZN9JavaCalls12call_virtualEP9JavaValueP5KlassP6SymbolS5_P17JavaCallArgumentsP6Thread+0xe9
V  [libjvm.dylib+0x38e9c6]  _ZN9JavaCalls12call_virtualEP9JavaValue6HandleP5KlassP6SymbolS6_P6Thread+0x62
V  [libjvm.dylib+0x4168d3]  _ZL12thread_entryP10JavaThreadP6Thread+0x78
V  [libjvm.dylib+0x7350f6]  _ZN10JavaThread17thread_main_innerEv+0x82
V  [libjvm.dylib+0x734f47]  _ZN10JavaThread3runEv+0x121
V  [libjvm.dylib+0x732e0a]  _ZN6Thread8call_runEv+0x68
V  [libjvm.dylib+0x638a52]  _ZL19thread_native_entryP6Thread+0x136
C  [libsystem_pthread.dylib+0x64e1]  _pthread_start+0x7d
C  [libsystem_pthread.dylib+0x1f6b]  thread_start+0xf

Java frames: (J=compiled Java code, j=interpreted, Vv=VM code)
J 3577  com.sun.glass.ui.mac.MacApplication._submitForLaterInvocation(Ljava/lang/Runnable;)V (0 bytes) @ 0x0000000116f5541c [0x0000000116f553c0+0x000000000000005c]
J 3576 c1 com.sun.glass.ui.mac.MacApplication.submitForLaterInvocation(Ljava/lang/Runnable;)V (6 bytes) @ 0x000000010ffa3634 [0x000000010ffa35c0+0x0000000000000074]
j  com.sun.glass.ui.InvokeLaterDispatcher.run()V+82
v  ~StubRoutines::call_stub

---------------  P R O C E S S  ---------------

Threads class SMR info:
_java_thread_list=0x00006000009335a0, length=30, elements={
0x00007f816f010800, 0x00007f816e851000, 0x00007f816f09a000, 0x00007f816e854800,
0x00007f816f09d800, 0x00007f816e855000, 0x00007f817000d800, 0x00007f8170024800,
0x00007f8171050000, 0x00007f8171052800, 0x00007f81710ee800, 0x00007f816eb1e000,
0x00007f817022e000, 0x00007f816f231000, 0x00007f8171322000, 0x00007f817059d800,
0x00007f81730ab800, 0x00007f816f4fb000, 0x00007f81731c4800, 0x00007f816f6c4000,
0x00007f81732d9800, 0x00007f816f5a1000, 0x00007f8173109800, 0x00007f8170418800,
0x00007f816f592000, 0x00007f816f431000, 0x00007f816f4fe800, 0x00007f816f463800,
0x00007f817334a000, 0x00007f816f195800
}

Java Threads: ( => current thread )
  0x00007f816f010800 JavaThread "main" [_thread_blocked, id=9987, stack(0x000070000a359000,0x000070000a459000)]
  0x00007f816e851000 JavaThread "Reference Handler" daemon [_thread_blocked, id=14595, stack(0x000070000aa6e000,0x000070000ab6e000)]
  0x00007f816f09a000 JavaThread "Finalizer" daemon [_thread_blocked, id=18691, stack(0x000070000ab71000,0x000070000ac71000)]
  0x00007f816e854800 JavaThread "Signal Dispatcher" daemon [_thread_blocked, id=16131, stack(0x000070000ad7a000,0x000070000ae7a000)]
  0x00007f816f09d800 JavaThread "Service Thread" daemon [_thread_blocked, id=21763, stack(0x000070000ae7d000,0x000070000af7d000)]
  0x00007f816e855000 JavaThread "C2 CompilerThread0" daemon [_thread_blocked, id=22531, stack(0x000070000af80000,0x000070000b080000)]
  0x00007f817000d800 JavaThread "C1 CompilerThread0" daemon [_thread_blocked, id=43267, stack(0x000070000b083000,0x000070000b183000)]
  0x00007f8170024800 JavaThread "Sweeper thread" daemon [_thread_blocked, id=23299, stack(0x000070000b186000,0x000070000b286000)]
  0x00007f8171050000 JavaThread "Common-Cleaner" daemon [_thread_blocked, id=41987, stack(0x000070000b38c000,0x000070000b48c000)]
  0x00007f8171052800 JavaThread "JavaFX-Launcher" [_thread_blocked, id=41475, stack(0x000070000b48f000,0x000070000b58f000)]
  0x00007f81710ee800 JavaThread "QuantumRenderer-0" daemon [_thread_blocked, id=24835, stack(0x000070000b592000,0x000070000b692000)]
=>0x00007f816eb1e000 JavaThread "InvokeLaterDispatcher" daemon [_thread_in_native, id=25355, stack(0x000070000b695000,0x000070000b795000)]
  0x00007f817022e000 JavaThread "JavaFX Application Thread" [_thread_in_native, id=259, stack(0x00007ff7bb3aa000,0x00007ff7bbbaa000)]
  0x00007f816f231000 JavaThread "Thread-3" daemon [_thread_in_native, id=45831, stack(0x000070000b798000,0x000070000b818000)]
  0x00007f8171322000 JavaThread "Prism Font Disposer" daemon [_thread_blocked, id=68359, stack(0x000070000be33000,0x000070000bf33000)]
  0x00007f817059d800 JavaThread "Cleaner-0" daemon [_thread_blocked, id=130823, stack(0x000070000bf36000,0x000070000c036000)]
  0x00007f81730ab800 JavaThread "Media Resource Disposer" daemon [_thread_blocked, id=115975, stack(0x000070000c245000,0x000070000c345000)]
  0x00007f816f4fb000 JavaThread "Timer-24" daemon [_thread_blocked, id=105495, stack(0x000070000bd30000,0x000070000be30000)]
  0x00007f81731c4800 JavaThread "Timer-25" daemon [_thread_blocked, id=101915, stack(0x000070000c6d7000,0x000070000c7d7000)]
  0x00007f816f6c4000 JavaThread "Timer-26" daemon [_thread_blocked, id=102771, stack(0x000070000ca63000,0x000070000cb63000)]
  0x00007f81732d9800 JavaThread "Timer-27" daemon [_thread_blocked, id=111623, stack(0x000070000ce72000,0x000070000cf72000)]
  0x00007f816f5a1000 JavaThread "Timer-28" daemon [_thread_blocked, id=110351, stack(0x000070000d484000,0x000070000d584000)]
  0x00007f8173109800 JavaThread "JFXMedia Player EventQueueThread" daemon [_thread_blocked, id=59407, stack(0x000070000ac74000,0x000070000ad74000)]
  0x00007f8170418800 JavaThread "Timer-29" daemon [_thread_blocked, id=109843, stack(0x000070000c44b000,0x000070000c54b000)]
  0x00007f816f592000 JavaThread "JFXMedia Player EventQueueThread" daemon [_thread_blocked, id=114515, stack(0x000070000c348000,0x000070000c448000)]
  0x00007f816f431000 JavaThread "Timer-30" daemon [_thread_blocked, id=80995, stack(0x000070000c54e000,0x000070000c64e000)]
  0x00007f816f4fe800 JavaThread "JFXMedia Player EventQueueThread" daemon [_thread_blocked, id=104487, stack(0x000070000c7da000,0x000070000c8da000)]
  0x00007f816f463800 JavaThread "Timer-31" daemon [_thread_blocked, id=108919, stack(0x000070000c8dd000,0x000070000c9dd000)]
  0x00007f817334a000 JavaThread "JFXMedia Player EventQueueThread" daemon [_thread_blocked, id=115243, stack(0x000070000cb66000,0x000070000cc66000)]
  0x00007f816f195800 JavaThread "Timer-32" daemon [_thread_blocked, id=108471, stack(0x000070000ccec000,0x000070000cdec000)]

Other Threads:
  0x00007f817101d000 VMThread "VM Thread" [stack: 0x000070000a96b000,0x000070000aa6b000] [id=14083]
  0x00007f816e853000 WatcherThread [stack: 0x000070000b289000,0x000070000b389000] [id=42499]
  0x00007f816f012000 GCTaskThread "GC Thread#0" [stack: 0x000070000a45c000,0x000070000a55c000] [id=20995]
  0x00007f81711e1800 GCTaskThread "GC Thread#1" [stack: 0x000070000b89e000,0x000070000b99e000] [id=83715]
  0x00007f816f22d800 GCTaskThread "GC Thread#2" [stack: 0x000070000b9a1000,0x000070000baa1000] [id=83203]
  0x00007f816f22b000 GCTaskThread "GC Thread#3" [stack: 0x000070000baa4000,0x000070000bba4000] [id=47363]
  0x00007f816f03d800 ConcurrentGCThread "G1 Main Marker" [stack: 0x000070000a55f000,0x000070000a65f000] [id=11779]
  0x00007f816f03e800 ConcurrentGCThread "G1 Conc#0" [stack: 0x000070000a662000,0x000070000a762000] [id=20483]
  0x00007f816f08f000 ConcurrentGCThread "G1 Refine#0" [stack: 0x000070000a765000,0x000070000a865000] [id=12803]
  0x00007f816f090000 ConcurrentGCThread "G1 Young RemSet Sampling" [stack: 0x000070000a868000,0x000070000a968000] [id=19971]

Threads with active compile tasks:

VM state:not at safepoint (normal execution)

VM Mutex/Monitor currently owned by a thread: None

Heap address: 0x0000000780000000, size: 2048 MB, Compressed Oops mode: Zero based, Oop shift amount: 3
Narrow klass base: 0x0000000800000000, Narrow klass shift: 0
Compressed class space size: 1073741824 Address: 0x0000000800000000

Heap:
 garbage-first heap   total 131072K, used 70820K [0x0000000780000000, 0x0000000800000000)
  region size 1024K, 57 young (58368K), 3 survivors (3072K)
 Metaspace       used 34204K, capacity 35719K, committed 35840K, reserved 1079296K
  class space    used 4359K, capacity 5031K, committed 5120K, reserved 1048576K
Heap Regions: E=young(eden), S=young(survivor), O=old, HS=humongous(starts), HC=humongous(continues), CS=collection set, F=free, A=archive, TAMS=top-at-mark-start (previous, next)
|   0|0x0000000780000000, 0x0000000780100000, 0x0000000780100000|100%| O|  |TAMS 0x0000000780100000, 0x0000000780000000| Untracked 
|   1|0x0000000780100000, 0x0000000780200000, 0x0000000780200000|100%| O|  |TAMS 0x0000000780200000, 0x0000000780100000| Untracked 
|   2|0x0000000780200000, 0x0000000780300000, 0x0000000780300000|100%| O|  |TAMS 0x0000000780300000, 0x0000000780200000| Untracked 
|   3|0x0000000780300000, 0x0000000780400000, 0x0000000780400000|100%| O|  |TAMS 0x00000007803b2e00, 0x0000000780300000| Untracked 
|   4|0x0000000780400000, 0x0000000780500000, 0x0000000780500000|100%| O|  |TAMS 0x0000000780400000, 0x0000000780400000| Untracked 
|   5|0x0000000780500000, 0x0000000780600000, 0x0000000780600000|100%| O|  |TAMS 0x0000000780500000, 0x0000000780500000| Untracked 
|   6|0x0000000780600000, 0x0000000780700000, 0x0000000780700000|100%|HS|  |TAMS 0x0000000780600000, 0x0000000780600000| Complete 
|   7|0x0000000780700000, 0x0000000780800000, 0x0000000780800000|100%|HC|  |TAMS 0x0000000780700000, 0x0000000780700000| Complete 
|   8|0x0000000780800000, 0x0000000780900000, 0x0000000780900000|100%|HS|  |TAMS 0x0000000780800000, 0x0000000780800000| Complete 
|   9|0x0000000780900000, 0x0000000780a00000, 0x0000000780a00000|100%| O|  |TAMS 0x0000000780900000, 0x0000000780900000| Untracked 
|  10|0x0000000780a00000, 0x0000000780b00000, 0x0000000780b00000|100%| O|  |TAMS 0x0000000780a00000, 0x0000000780a00000| Untracked 
|  11|0x0000000780b00000, 0x0000000780c00000, 0x0000000780c00000|100%| O|  |TAMS 0x0000000780b00000, 0x0000000780b00000| Untracked 
|  12|0x0000000780c00000, 0x0000000780d00000, 0x0000000780d00000|100%| O|  |TAMS 0x0000000780c00000, 0x0000000780c00000| Untracked 
|  13|0x0000000780d00000, 0x0000000780dc2200, 0x0000000780e00000| 75%| O|  |TAMS 0x0000000780d00000, 0x0000000780d00000| Untracked 
|  14|0x0000000780e00000, 0x0000000780e00000, 0x0000000780f00000|  0%| F|  |TAMS 0x0000000780e00000, 0x0000000780e00000| Untracked 
|  15|0x0000000780f00000, 0x0000000780f00000, 0x0000000781000000|  0%| F|  |TAMS 0x0000000780f00000, 0x0000000780f00000| Untracked 
|  16|0x0000000781000000, 0x0000000781000000, 0x0000000781100000|  0%| F|  |TAMS 0x0000000781000000, 0x0000000781000000| Untracked 
|  17|0x0000000781100000, 0x0000000781100000, 0x0000000781200000|  0%| F|  |TAMS 0x0000000781100000, 0x0000000781100000| Untracked 
|  18|0x0000000781200000, 0x0000000781200000, 0x0000000781300000|  0%| F|  |TAMS 0x0000000781200000, 0x0000000781200000| Untracked 
|  19|0x0000000781300000, 0x0000000781300000, 0x0000000781400000|  0%| F|  |TAMS 0x0000000781300000, 0x0000000781300000| Untracked 
|  20|0x0000000781400000, 0x0000000781400000, 0x0000000781500000|  0%| F|  |TAMS 0x0000000781400000, 0x0000000781400000| Untracked 
|  21|0x0000000781500000, 0x0000000781500000, 0x0000000781600000|  0%| F|  |TAMS 0x0000000781500000, 0x0000000781500000| Untracked 
|  22|0x0000000781600000, 0x0000000781600000, 0x0000000781700000|  0%| F|  |TAMS 0x0000000781600000, 0x0000000781600000| Untracked 
|  23|0x0000000781700000, 0x0000000781700000, 0x0000000781800000|  0%| F|  |TAMS 0x0000000781700000, 0x0000000781700000| Untracked 
|  24|0x0000000781800000, 0x0000000781800000, 0x0000000781900000|  0%| F|  |TAMS 0x0000000781800000, 0x0000000781800000| Untracked 
|  25|0x0000000781900000, 0x0000000781900000, 0x0000000781a00000|  0%| F|  |TAMS 0x0000000781900000, 0x0000000781900000| Untracked 
|  26|0x0000000781a00000, 0x0000000781a00000, 0x0000000781b00000|  0%| F|  |TAMS 0x0000000781a00000, 0x0000000781a00000| Untracked 
|  27|0x0000000781b00000, 0x0000000781b00000, 0x0000000781c00000|  0%| F|  |TAMS 0x0000000781b00000, 0x0000000781b00000| Untracked 
|  28|0x0000000781c00000, 0x0000000781c00000, 0x0000000781d00000|  0%| F|  |TAMS 0x0000000781c00000, 0x0000000781c00000| Untracked 
|  29|0x0000000781d00000, 0x0000000781d00000, 0x0000000781e00000|  0%| F|  |TAMS 0x0000000781d00000, 0x0000000781d00000| Untracked 
|  30|0x0000000781e00000, 0x0000000781e00000, 0x0000000781f00000|  0%| F|  |TAMS 0x0000000781e00000, 0x0000000781e00000| Untracked 
|  31|0x0000000781f00000, 0x0000000781f00000, 0x0000000782000000|  0%| F|  |TAMS 0x0000000781f00000, 0x0000000781f00000| Untracked 
|  32|0x0000000782000000, 0x0000000782000000, 0x0000000782100000|  0%| F|  |TAMS 0x0000000782000000, 0x0000000782000000| Untracked 
|  33|0x0000000782100000, 0x0000000782100000, 0x0000000782200000|  0%| F|  |TAMS 0x0000000782100000, 0x0000000782100000| Untracked 
|  34|0x0000000782200000, 0x0000000782200000, 0x0000000782300000|  0%| F|  |TAMS 0x0000000782200000, 0x0000000782200000| Untracked 
|  35|0x0000000782300000, 0x0000000782300000, 0x0000000782400000|  0%| F|  |TAMS 0x0000000782300000, 0x0000000782300000| Untracked 
|  36|0x0000000782400000, 0x0000000782400000, 0x0000000782500000|  0%| F|  |TAMS 0x0000000782400000, 0x0000000782400000| Untracked 
|  37|0x0000000782500000, 0x0000000782500000, 0x0000000782600000|  0%| F|  |TAMS 0x0000000782500000, 0x0000000782500000| Untracked 
|  38|0x0000000782600000, 0x0000000782600000, 0x0000000782700000|  0%| F|  |TAMS 0x0000000782600000, 0x0000000782600000| Untracked 
|  39|0x0000000782700000, 0x0000000782700000, 0x0000000782800000|  0%| F|  |TAMS 0x0000000782700000, 0x0000000782700000| Untracked 
|  40|0x0000000782800000, 0x0000000782800000, 0x0000000782900000|  0%| F|  |TAMS 0x0000000782800000, 0x0000000782800000| Untracked 
|  41|0x0000000782900000, 0x0000000782900000, 0x0000000782a00000|  0%| F|  |TAMS 0x0000000782900000, 0x0000000782900000| Untracked 
|  42|0x0000000782a00000, 0x0000000782a00000, 0x0000000782b00000|  0%| F|  |TAMS 0x0000000782a00000, 0x0000000782a00000| Untracked 
|  43|0x0000000782b00000, 0x0000000782b00000, 0x0000000782c00000|  0%| F|  |TAMS 0x0000000782b00000, 0x0000000782b00000| Untracked 
|  44|0x0000000782c00000, 0x0000000782c00000, 0x0000000782d00000|  0%| F|  |TAMS 0x0000000782c00000, 0x0000000782c00000| Untracked 
|  45|0x0000000782d00000, 0x0000000782d00000, 0x0000000782e00000|  0%| F|  |TAMS 0x0000000782d00000, 0x0000000782d00000| Untracked 
|  46|0x0000000782e00000, 0x0000000782e00000, 0x0000000782f00000|  0%| F|  |TAMS 0x0000000782e00000, 0x0000000782e00000| Untracked 
|  47|0x0000000782f00000, 0x0000000782f00000, 0x0000000783000000|  0%| F|  |TAMS 0x0000000782f00000, 0x0000000782f00000| Untracked 
|  48|0x0000000783000000, 0x0000000783000000, 0x0000000783100000|  0%| F|  |TAMS 0x0000000783000000, 0x0000000783000000| Untracked 
|  49|0x0000000783100000, 0x0000000783166f40, 0x0000000783200000| 40%| S|CS|TAMS 0x0000000783100000, 0x0000000783100000| Complete 
|  50|0x0000000783200000, 0x0000000783300000, 0x0000000783300000|100%| S|CS|TAMS 0x0000000783200000, 0x0000000783200000| Complete 
|  51|0x0000000783300000, 0x0000000783400000, 0x0000000783400000|100%| S|CS|TAMS 0x0000000783300000, 0x0000000783300000| Complete 
|  52|0x0000000783400000, 0x0000000783400000, 0x0000000783500000|  0%| F|  |TAMS 0x0000000783400000, 0x0000000783400000| Untracked 
|  53|0x0000000783500000, 0x0000000783500000, 0x0000000783600000|  0%| F|  |TAMS 0x0000000783500000, 0x0000000783500000| Untracked 
|  54|0x0000000783600000, 0x0000000783600000, 0x0000000783700000|  0%| F|  |TAMS 0x0000000783600000, 0x0000000783600000| Untracked 
|  55|0x0000000783700000, 0x0000000783700000, 0x0000000783800000|  0%| F|  |TAMS 0x0000000783700000, 0x0000000783700000| Untracked 
|  56|0x0000000783800000, 0x0000000783800000, 0x0000000783900000|  0%| F|  |TAMS 0x0000000783800000, 0x0000000783800000| Untracked 
|  57|0x0000000783900000, 0x0000000783900000, 0x0000000783a00000|  0%| F|  |TAMS 0x0000000783900000, 0x0000000783900000| Untracked 
|  58|0x0000000783a00000, 0x0000000783a00000, 0x0000000783b00000|  0%| F|  |TAMS 0x0000000783a00000, 0x0000000783a00000| Untracked 
|  59|0x0000000783b00000, 0x0000000783b00000, 0x0000000783c00000|  0%| F|  |TAMS 0x0000000783b00000, 0x0000000783b00000| Untracked 
|  60|0x0000000783c00000, 0x0000000783c00000, 0x0000000783d00000|  0%| F|  |TAMS 0x0000000783c00000, 0x0000000783c00000| Untracked 
|  61|0x0000000783d00000, 0x0000000783d00000, 0x0000000783e00000|  0%| F|  |TAMS 0x0000000783d00000, 0x0000000783d00000| Untracked 
|  62|0x0000000783e00000, 0x0000000783e00000, 0x0000000783f00000|  0%| F|  |TAMS 0x0000000783e00000, 0x0000000783e00000| Untracked 
|  63|0x0000000783f00000, 0x0000000783f00000, 0x0000000784000000|  0%| F|  |TAMS 0x0000000783f00000, 0x0000000783f00000| Untracked 
|  64|0x0000000784000000, 0x0000000784000000, 0x0000000784100000|  0%| F|  |TAMS 0x0000000784000000, 0x0000000784000000| Untracked 
|  65|0x0000000784100000, 0x0000000784100000, 0x0000000784200000|  0%| F|  |TAMS 0x0000000784100000, 0x0000000784100000| Untracked 
|  66|0x0000000784200000, 0x0000000784200000, 0x0000000784300000|  0%| F|  |TAMS 0x0000000784200000, 0x0000000784200000| Untracked 
|  67|0x0000000784300000, 0x0000000784300000, 0x0000000784400000|  0%| F|  |TAMS 0x0000000784300000, 0x0000000784300000| Untracked 
|  68|0x0000000784400000, 0x0000000784400000, 0x0000000784500000|  0%| F|  |TAMS 0x0000000784400000, 0x0000000784400000| Untracked 
|  69|0x0000000784500000, 0x0000000784500000, 0x0000000784600000|  0%| F|  |TAMS 0x0000000784500000, 0x0000000784500000| Untracked 
|  70|0x0000000784600000, 0x0000000784600000, 0x0000000784700000|  0%| F|  |TAMS 0x0000000784600000, 0x0000000784600000| Untracked 
|  71|0x0000000784700000, 0x0000000784700000, 0x0000000784800000|  0%| F|  |TAMS 0x0000000784700000, 0x0000000784700000| Untracked 
|  72|0x0000000784800000, 0x0000000784800000, 0x0000000784900000|  0%| F|  |TAMS 0x0000000784800000, 0x0000000784800000| Untracked 
|  73|0x0000000784900000, 0x0000000784900000, 0x0000000784a00000|  0%| F|  |TAMS 0x0000000784900000, 0x0000000784900000| Untracked 
|  74|0x0000000784a00000, 0x0000000784af7500, 0x0000000784b00000| 96%| E|  |TAMS 0x0000000784a00000, 0x0000000784a00000| Complete 
|  75|0x0000000784b00000, 0x0000000784c00000, 0x0000000784c00000|100%| E|CS|TAMS 0x0000000784b00000, 0x0000000784b00000| Complete 
|  76|0x0000000784c00000, 0x0000000784d00000, 0x0000000784d00000|100%| E|CS|TAMS 0x0000000784c00000, 0x0000000784c00000| Complete 
|  77|0x0000000784d00000, 0x0000000784e00000, 0x0000000784e00000|100%| E|CS|TAMS 0x0000000784d00000, 0x0000000784d00000| Complete 
|  78|0x0000000784e00000, 0x0000000784f00000, 0x0000000784f00000|100%| E|CS|TAMS 0x0000000784e00000, 0x0000000784e00000| Complete 
|  79|0x0000000784f00000, 0x0000000785000000, 0x0000000785000000|100%| E|CS|TAMS 0x0000000784f00000, 0x0000000784f00000| Complete 
|  80|0x0000000785000000, 0x0000000785100000, 0x0000000785100000|100%| E|CS|TAMS 0x0000000785000000, 0x0000000785000000| Complete 
|  81|0x0000000785100000, 0x0000000785200000, 0x0000000785200000|100%| E|CS|TAMS 0x0000000785100000, 0x0000000785100000| Complete 
|  82|0x0000000785200000, 0x0000000785300000, 0x0000000785300000|100%| E|CS|TAMS 0x0000000785200000, 0x0000000785200000| Complete 
|  83|0x0000000785300000, 0x0000000785400000, 0x0000000785400000|100%| E|CS|TAMS 0x0000000785300000, 0x0000000785300000| Complete 
|  84|0x0000000785400000, 0x0000000785500000, 0x0000000785500000|100%| E|CS|TAMS 0x0000000785400000, 0x0000000785400000| Complete 
|  85|0x0000000785500000, 0x0000000785600000, 0x0000000785600000|100%| E|CS|TAMS 0x0000000785500000, 0x0000000785500000| Complete 
|  86|0x0000000785600000, 0x0000000785700000, 0x0000000785700000|100%| E|CS|TAMS 0x0000000785600000, 0x0000000785600000| Complete 
|  87|0x0000000785700000, 0x0000000785800000, 0x0000000785800000|100%| E|CS|TAMS 0x0000000785700000, 0x0000000785700000| Complete 
|  88|0x0000000785800000, 0x0000000785900000, 0x0000000785900000|100%| E|CS|TAMS 0x0000000785800000, 0x0000000785800000| Complete 
|  89|0x0000000785900000, 0x0000000785a00000, 0x0000000785a00000|100%| E|CS|TAMS 0x0000000785900000, 0x0000000785900000| Complete 
|  90|0x0000000785a00000, 0x0000000785b00000, 0x0000000785b00000|100%| E|CS|TAMS 0x0000000785a00000, 0x0000000785a00000| Complete 
|  91|0x0000000785b00000, 0x0000000785c00000, 0x0000000785c00000|100%| E|CS|TAMS 0x0000000785b00000, 0x0000000785b00000| Complete 
|  92|0x0000000785c00000, 0x0000000785d00000, 0x0000000785d00000|100%| E|CS|TAMS 0x0000000785c00000, 0x0000000785c00000| Complete 
|  93|0x0000000785d00000, 0x0000000785e00000, 0x0000000785e00000|100%| E|CS|TAMS 0x0000000785d00000, 0x0000000785d00000| Complete 
|  94|0x0000000785e00000, 0x0000000785f00000, 0x0000000785f00000|100%| E|CS|TAMS 0x0000000785e00000, 0x0000000785e00000| Complete 
|  95|0x0000000785f00000, 0x0000000786000000, 0x0000000786000000|100%| E|CS|TAMS 0x0000000785f00000, 0x0000000785f00000| Complete 
|  96|0x0000000786000000, 0x0000000786100000, 0x0000000786100000|100%| E|CS|TAMS 0x0000000786000000, 0x0000000786000000| Complete 
|  97|0x0000000786100000, 0x0000000786200000, 0x0000000786200000|100%| E|CS|TAMS 0x0000000786100000, 0x0000000786100000| Complete 
|  98|0x0000000786200000, 0x0000000786300000, 0x0000000786300000|100%| E|CS|TAMS 0x0000000786200000, 0x0000000786200000| Complete 
|  99|0x0000000786300000, 0x0000000786400000, 0x0000000786400000|100%| E|CS|TAMS 0x0000000786300000, 0x0000000786300000| Complete 
| 100|0x0000000786400000, 0x0000000786500000, 0x0000000786500000|100%| E|CS|TAMS 0x0000000786400000, 0x0000000786400000| Complete 
| 101|0x0000000786500000, 0x0000000786600000, 0x0000000786600000|100%| E|CS|TAMS 0x0000000786500000, 0x0000000786500000| Complete 
| 102|0x0000000786600000, 0x0000000786700000, 0x0000000786700000|100%| E|CS|TAMS 0x0000000786600000, 0x0000000786600000| Complete 
| 103|0x0000000786700000, 0x0000000786800000, 0x0000000786800000|100%| E|CS|TAMS 0x0000000786700000, 0x0000000786700000| Complete 
| 104|0x0000000786800000, 0x0000000786900000, 0x0000000786900000|100%| E|CS|TAMS 0x0000000786800000, 0x0000000786800000| Complete 
| 105|0x0000000786900000, 0x0000000786a00000, 0x0000000786a00000|100%| E|CS|TAMS 0x0000000786900000, 0x0000000786900000| Complete 
| 106|0x0000000786a00000, 0x0000000786b00000, 0x0000000786b00000|100%| E|CS|TAMS 0x0000000786a00000, 0x0000000786a00000| Complete 
| 107|0x0000000786b00000, 0x0000000786c00000, 0x0000000786c00000|100%| E|CS|TAMS 0x0000000786b00000, 0x0000000786b00000| Complete 
| 108|0x0000000786c00000, 0x0000000786d00000, 0x0000000786d00000|100%| E|CS|TAMS 0x0000000786c00000, 0x0000000786c00000| Complete 
| 109|0x0000000786d00000, 0x0000000786e00000, 0x0000000786e00000|100%| E|CS|TAMS 0x0000000786d00000, 0x0000000786d00000| Complete 
| 110|0x0000000786e00000, 0x0000000786f00000, 0x0000000786f00000|100%| E|CS|TAMS 0x0000000786e00000, 0x0000000786e00000| Complete 
| 111|0x0000000786f00000, 0x0000000787000000, 0x0000000787000000|100%| E|CS|TAMS 0x0000000786f00000, 0x0000000786f00000| Complete 
| 112|0x0000000787000000, 0x0000000787100000, 0x0000000787100000|100%| E|CS|TAMS 0x0000000787000000, 0x0000000787000000| Complete 
| 113|0x0000000787100000, 0x0000000787200000, 0x0000000787200000|100%| E|CS|TAMS 0x0000000787100000, 0x0000000787100000| Complete 
| 114|0x0000000787200000, 0x0000000787300000, 0x0000000787300000|100%| E|CS|TAMS 0x0000000787200000, 0x0000000787200000| Complete 
| 115|0x0000000787300000, 0x0000000787400000, 0x0000000787400000|100%| E|CS|TAMS 0x0000000787300000, 0x0000000787300000| Complete 
| 116|0x0000000787400000, 0x0000000787500000, 0x0000000787500000|100%| E|CS|TAMS 0x0000000787400000, 0x0000000787400000| Complete 
| 117|0x0000000787500000, 0x0000000787600000, 0x0000000787600000|100%| E|CS|TAMS 0x0000000787500000, 0x0000000787500000| Complete 
| 118|0x0000000787600000, 0x0000000787700000, 0x0000000787700000|100%| E|CS|TAMS 0x0000000787600000, 0x0000000787600000| Complete 
| 119|0x0000000787700000, 0x0000000787800000, 0x0000000787800000|100%| E|CS|TAMS 0x0000000787700000, 0x0000000787700000| Complete 
| 120|0x0000000787800000, 0x0000000787900000, 0x0000000787900000|100%| E|CS|TAMS 0x0000000787800000, 0x0000000787800000| Complete 
| 121|0x0000000787900000, 0x0000000787a00000, 0x0000000787a00000|100%| E|CS|TAMS 0x0000000787900000, 0x0000000787900000| Complete 
| 122|0x0000000787a00000, 0x0000000787b00000, 0x0000000787b00000|100%| E|CS|TAMS 0x0000000787a00000, 0x0000000787a00000| Complete 
| 123|0x0000000787b00000, 0x0000000787c00000, 0x0000000787c00000|100%| E|CS|TAMS 0x0000000787b00000, 0x0000000787b00000| Complete 
| 124|0x0000000787c00000, 0x0000000787d00000, 0x0000000787d00000|100%| E|CS|TAMS 0x0000000787c00000, 0x0000000787c00000| Complete 
| 125|0x0000000787d00000, 0x0000000787e00000, 0x0000000787e00000|100%| E|CS|TAMS 0x0000000787d00000, 0x0000000787d00000| Complete 
| 126|0x0000000787e00000, 0x0000000787f00000, 0x0000000787f00000|100%| E|CS|TAMS 0x0000000787e00000, 0x0000000787e00000| Complete 
| 127|0x0000000787f00000, 0x0000000788000000, 0x0000000788000000|100%| E|CS|TAMS 0x0000000787f00000, 0x0000000787f00000| Complete 

Card table byte_map: [0x0000000104b22000,0x0000000104f22000] _byte_map_base: 0x0000000100f22000

Marking Bits (Prev, Next): (CMBitMap*) 0x00007f816f034e50, (CMBitMap*) 0x00007f816f034e18
 Prev Bits: [0x000000012032a000, 0x000000012232a000)
 Next Bits: [0x000000011e32a000, 0x000000012032a000)

Polling page: 0x0000000104495000

Metaspace:

Usage:
  Non-class:     29.97 MB capacity,    29.15 MB ( 97%) used,   670.51 KB (  2%) free+waste,   172.56 KB ( <1%) overhead. 
      Class:      4.91 MB capacity,     4.26 MB ( 87%) used,   581.27 KB ( 12%) free+waste,    90.12 KB (  2%) overhead. 
       Both:     34.88 MB capacity,    33.40 MB ( 96%) used,     1.22 MB (  4%) free+waste,   262.69 KB ( <1%) overhead. 

Virtual space:
  Non-class space:       30.00 MB reserved,      30.00 MB (100%) committed 
      Class space:        1.00 GB reserved,       5.00 MB ( <1%) committed 
             Both:        1.03 GB reserved,      35.00 MB (  3%) committed 

Chunk freelists:
   Non-Class:  4.00 KB
       Class:  0 bytes
        Both:  4.00 KB

CodeHeap 'non-profiled nmethods': size=120032Kb used=2050Kb max_used=2050Kb free=117981Kb
 bounds [0x0000000116df2000, 0x0000000117062000, 0x000000011e32a000]
CodeHeap 'profiled nmethods': size=120032Kb used=10037Kb max_used=10037Kb free=109994Kb
 bounds [0x000000010f8ba000, 0x000000011028a000, 0x0000000116df2000]
CodeHeap 'non-nmethods': size=5696Kb used=1402Kb max_used=1439Kb free=4293Kb
 bounds [0x000000010f32a000, 0x000000010f59a000, 0x000000010f8ba000]
 total_blobs=5687 nmethods=4810 adapters=788
 compilation: enabled
              stopped_count=0, restarted_count=0
 full_count=0

Compilation events (10 events):
Event: 32.300 Thread 0x00007f816e855000 nmethod 4820 0x0000000116ff2710 code [0x0000000116ff28a0, 0x0000000116ff2938]
Event: 36.084 Thread 0x00007f817000d800 4822   !   3       com.sun.javafx.tk.quantum.GlassViewEventHandler::handleBeginTouchEvent (113 bytes)
Event: 36.088 Thread 0x00007f817000d800 nmethod 4822 0x0000000110279d90 code [0x0000000110279fc0, 0x000000011027a860]
Event: 36.088 Thread 0x00007f817000d800 4826       3       com.sun.javafx.sg.prism.NGText::renderText (523 bytes)
Event: 36.096 Thread 0x00007f817000d800 nmethod 4826 0x000000011027ad10 code [0x000000011027b200, 0x000000011027e440]
Event: 36.096 Thread 0x00007f817000d800 4823       3       com.sun.javafx.tk.quantum.GlassViewEventHandler$$Lambda$764/0x00000008004d3040::get$Lambda (15 bytes)
Event: 36.097 Thread 0x00007f817000d800 nmethod 4823 0x000000011027f610 code [0x000000011027f7c0, 0x000000011027fa50]
Event: 36.098 Thread 0x00007f817000d800 4824       3       com.sun.javafx.tk.quantum.GlassViewEventHandler$$Lambda$764/0x00000008004d3040::<init> (33 bytes)
Event: 36.098 Thread 0x00007f817000d800 nmethod 4824 0x000000011027fb90 code [0x000000011027fd40, 0x000000011027ff10]
Event: 36.098 Thread 0x00007f817000d800 4825       3       com.sun.javafx.tk.quantum.GlassViewEventHandler$$Lambda$764/0x00000008004d3040::get (24 bytes)

GC Heap History (10 events):
Event: 11.371 GC heap before
{Heap before GC invocations=8 (full 0):
 garbage-first heap   total 131072K, used 91218K [0x0000000780000000, 0x0000000800000000)
  region size 1024K, 76 young (77824K), 3 survivors (3072K)
 Metaspace       used 33430K, capacity 34912K, committed 34944K, reserved 1079296K
  class space    used 4340K, capacity 4980K, committed 4992K, reserved 1048576K
}
Event: 11.376 GC heap after
{Heap after GC invocations=9 (full 0):
 garbage-first heap   total 131072K, used 16448K [0x0000000780000000, 0x0000000800000000)
  region size 1024K, 3 young (3072K), 3 survivors (3072K)
 Metaspace       used 33430K, capacity 34912K, committed 34944K, reserved 1079296K
  class space    used 4340K, capacity 4980K, committed 4992K, reserved 1048576K
}
Event: 16.062 GC heap before
{Heap before GC invocations=9 (full 0):
 garbage-first heap   total 131072K, used 91200K [0x0000000780000000, 0x0000000800000000)
  region size 1024K, 76 young (77824K), 3 survivors (3072K)
 Metaspace       used 33747K, capacity 35259K, committed 35584K, reserved 1079296K
  class space    used 4359K, capacity 5031K, committed 5120K, reserved 1048576K
}
Event: 16.070 GC heap after
{Heap after GC invocations=10 (full 0):
 garbage-first heap   total 131072K, used 16777K [0x0000000780000000, 0x0000000800000000)
  region size 1024K, 3 young (3072K), 3 survivors (3072K)
 Metaspace       used 33747K, capacity 35259K, committed 35584K, reserved 1079296K
  class space    used 4359K, capacity 5031K, committed 5120K, reserved 1048576K
}
Event: 17.028 GC heap before
{Heap before GC invocations=10 (full 0):
 garbage-first heap   total 131072K, used 91529K [0x0000000780000000, 0x0000000800000000)
  region size 1024K, 76 young (77824K), 3 survivors (3072K)
 Metaspace       used 33830K, capacity 35324K, committed 35584K, reserved 1079296K
  class space    used 4359K, capacity 5031K, committed 5120K, reserved 1048576K
}
Event: 17.036 GC heap after
{Heap after GC invocations=11 (full 0):
 garbage-first heap   total 131072K, used 16756K [0x0000000780000000, 0x0000000800000000)
  region size 1024K, 3 young (3072K), 3 survivors (3072K)
 Metaspace       used 33830K, capacity 35324K, committed 35584K, reserved 1079296K
  class space    used 4359K, capacity 5031K, committed 5120K, reserved 1048576K
}
Event: 20.267 GC heap before
{Heap before GC invocations=11 (full 0):
 garbage-first heap   total 131072K, used 91508K [0x0000000780000000, 0x0000000800000000)
  region size 1024K, 76 young (77824K), 3 survivors (3072K)
 Metaspace       used 33929K, capacity 35453K, committed 35584K, reserved 1079296K
  class space    used 4359K, capacity 5031K, committed 5120K, reserved 1048576K
}
Event: 20.271 GC heap after
{Heap after GC invocations=12 (full 0):
 garbage-first heap   total 131072K, used 16665K [0x0000000780000000, 0x0000000800000000)
  region size 1024K, 3 young (3072K), 3 survivors (3072K)
 Metaspace       used 33929K, capacity 35453K, committed 35584K, reserved 1079296K
  class space    used 4359K, capacity 5031K, committed 5120K, reserved 1048576K
}
Event: 25.940 GC heap before
{Heap before GC invocations=12 (full 0):
 garbage-first heap   total 131072K, used 91417K [0x0000000780000000, 0x0000000800000000)
  region size 1024K, 76 young (77824K), 3 survivors (3072K)
 Metaspace       used 34136K, capacity 35646K, committed 35840K, reserved 1079296K
  class space    used 4359K, capacity 5031K, committed 5120K, reserved 1048576K
}
Event: 25.946 GC heap after
{Heap after GC invocations=13 (full 0):
 garbage-first heap   total 131072K, used 16548K [0x0000000780000000, 0x0000000800000000)
  region size 1024K, 3 young (3072K), 3 survivors (3072K)
 Metaspace       used 34136K, capacity 35646K, committed 35840K, reserved 1079296K
  class space    used 4359K, capacity 5031K, committed 5120K, reserved 1048576K
}

Deoptimization events (10 events):
Event: 6.906 Thread 0x00007f817022e000 Uncommon trap: reason=unstable_if action=reinterpret pc=0x0000000116eded6c method=java.net.URL.<init>(Ljava/net/URL;Ljava/lang/String;Ljava/net/URLStreamHandler;)V @ 347 c2
Event: 10.958 Thread 0x00007f817022e000 Uncommon trap: reason=profile_predicate action=maybe_recompile pc=0x0000000116e7ddbc method=java.lang.PublicMethods$MethodList.filter([Ljava/lang/reflect/Method;Ljava/lang/String;[Ljava/lang/Class;Z)Ljava/lang/PublicMethods$MethodList; @ 17 c2
Event: 15.149 Thread 0x00007f817022e000 Uncommon trap: reason=unstable_if action=reinterpret pc=0x0000000116f82de4 method=javafx.scene.Parent.pickChildrenNode(Lcom/sun/javafx/geom/PickRay;Lcom/sun/javafx/scene/input/PickResultChooser;)Z @ 17 c2
Event: 15.164 Thread 0x00007f817022e000 Uncommon trap: reason=unstable_if action=reinterpret pc=0x0000000116f7cdc4 method=javafx.scene.Node.intersectsBounds(Lcom/sun/javafx/geom/PickRay;)D @ 95 c2
Event: 17.036 Thread 0x00007f817022e000 Uncommon trap: reason=unstable_if action=reinterpret pc=0x0000000116f7bb30 method=java.util.WeakHashMap$HashIterator.hasNext()Z @ 76 c2
Event: 23.666 Thread 0x00007f817022e000 Uncommon trap: reason=unstable_if action=reinterpret pc=0x0000000116f6fd08 method=com.sun.javafx.geom.RectBounds.deriveWithNewBounds(Lcom/sun/javafx/geom/BaseBounds;)Lcom/sun/javafx/geom/BaseBounds; @ 4 c2
Event: 23.666 Thread 0x00007f817022e000 Uncommon trap: reason=unstable_if action=reinterpret pc=0x0000000116f5c94c method=com.sun.javafx.geom.RectBounds.deriveWithNewBounds(Lcom/sun/javafx/geom/BaseBounds;)Lcom/sun/javafx/geom/BaseBounds; @ 4 c2
Event: 23.666 Thread 0x00007f817022e000 Uncommon trap: reason=unstable_if action=reinterpret pc=0x0000000116f47cc8 method=com.sun.javafx.geom.RectBounds.deriveWithNewBounds(Lcom/sun/javafx/geom/BaseBounds;)Lcom/sun/javafx/geom/BaseBounds; @ 4 c2
Event: 23.667 Thread 0x00007f81710ee800 Uncommon trap: reason=unstable_if action=reinterpret pc=0x0000000116fb2d90 method=com.sun.javafx.sg.prism.NGGroup.computeRenderRoot(Lcom/sun/javafx/sg/prism/NodePath;Lcom/sun/javafx/geom/RectBounds;ILcom/sun/javafx/geom/transform/BaseTransform;Lcom/sun/ja
Event: 36.086 Thread 0x00007f817022e000 Uncommon trap: reason=unstable_if action=reinterpret pc=0x0000000116f7629c method=java.lang.Math.round(F)I @ 23 c2

Classes redefined (0 events):
No events

Internal exceptions (10 events):
Event: 4.100 Thread 0x00007f817022e000 Exception <a 'java/io/FileNotFoundException'{0x000000078773f828}> (0x000000078773f828) thrown at [./open/src/hotspot/share/prims/jni.cpp, line 611]
Event: 4.364 Thread 0x00007f817022e000 Exception <a 'java/lang/NoSuchMethodError'{0x000000078726f1c8}: java.lang.invoke.DirectMethodHandle$Holder.invokeStaticInit(Ljava/lang/Object;Ljava/lang/Object;Ljava/lang/Object;)J> (0x000000078726f1c8) thrown at [./open/src/hotspot/share/interpreter/link
Event: 4.366 Thread 0x00007f817022e000 Exception <a 'java/lang/NoSuchMethodError'{0x0000000787107a60}: java.lang.invoke.DirectMethodHandle$Holder.invokeStatic(Ljava/lang/Object;Ljava/lang/Object;J)Ljava/lang/Object;> (0x0000000787107a60) thrown at [./open/src/hotspot/share/interpreter/linkReso
Event: 4.366 Thread 0x00007f817022e000 Exception <a 'java/lang/NoSuchMethodError'{0x000000078710dbd8}: java.lang.invoke.Invokers$Holder.linkToTargetMethod(Ljava/lang/Object;JLjava/lang/Object;)Ljava/lang/Object;> (0x000000078710dbd8) thrown at [./open/src/hotspot/share/interpreter/linkResolver
Event: 6.812 Thread 0x00007f817022e000 Implicit null exception at 0x0000000116e12cf4 to 0x0000000116e13204
Event: 6.812 Thread 0x00007f817022e000 Implicit null exception at 0x0000000116e29374 to 0x0000000116e29860
Event: 6.914 Thread 0x00007f817022e000 Exception <a 'java/lang/NoSuchMethodError'{0x0000000785fb2028}: java.lang.invoke.DirectMethodHandle$Holder.invokeSpecial(Ljava/lang/Object;Ljava/lang/Object;D)V> (0x0000000785fb2028) thrown at [./open/src/hotspot/share/interpreter/linkResolver.cpp, line 7
Event: 6.914 Thread 0x00007f817022e000 Exception <a 'java/lang/NoSuchMethodError'{0x0000000785fb7ae8}: java.lang.invoke.DirectMethodHandle$Holder.invokeStatic(Ljava/lang/Object;Ljava/lang/Object;D)Ljava/lang/Object;> (0x0000000785fb7ae8) thrown at [./open/src/hotspot/share/interpreter/linkReso
Event: 12.800 Thread 0x00007f817022e000 Exception <a 'java/lang/NoSuchMethodError'{0x0000000786b17b50}: java.lang.invoke.DirectMethodHandle$Holder.invokeStatic(Ljava/lang/Object;Ljava/lang/Object;JIII)Ljava/lang/Object;> (0x0000000786b17b50) thrown at [./open/src/hotspot/share/interpreter/linkR
Event: 12.801 Thread 0x00007f817022e000 Exception <a 'java/lang/NoSuchMethodError'{0x0000000786b2b910}: java.lang.invoke.DirectMethodHandle$Holder.invokeStatic(Ljava/lang/Object;Ljava/lang/Object;ILjava/lang/Object;JIIII)Ljava/lang/Object;> (0x0000000786b2b910) thrown at [./open/src/hotspot/sha

Events (10 events):
Event: 27.483 Thread 0x00007f816f464800 Thread exited: 0x00007f816f464800
Event: 27.517 Thread 0x00007f817122a000 Thread added: 0x00007f817122a000
Event: 27.517 Thread 0x00007f817122a000 Thread exited: 0x00007f817122a000
Event: 27.709 Thread 0x00007f81732ce000 Thread added: 0x00007f81732ce000
Event: 27.709 Thread 0x00007f81732ce000 Thread exited: 0x00007f81732ce000
Event: 28.010 Thread 0x00007f81701f5800 Thread added: 0x00007f81701f5800
Event: 28.010 Thread 0x00007f81701f5800 Thread exited: 0x00007f81701f5800
Event: 36.086 Thread 0x00007f817022e000 Uncommon trap: trap_request=0xffffff4d fr.pc=0x0000000116f7629c relative=0x000000000000007c
Event: 36.086 Thread 0x00007f817022e000 DEOPT PACKING pc=0x0000000116f7629c sp=0x00007ff7bbba5d90
Event: 36.086 Thread 0x00007f817022e000 DEOPT UNPACKING pc=0x000000010f34f925 sp=0x00007ff7bbba5d30 mode 2


Dynamic libraries:
0x0000000104476000 	/Users/sheryl/Downloads/jdk-11.0.13.jdk/Contents/Home/lib/jli/libjli.dylib
0x00007ff826818000 	/System/Library/Frameworks/Cocoa.framework/Versions/A/Cocoa
0x00007ff81246c000 	/System/Library/Frameworks/AppKit.framework/Versions/C/AppKit
0x00007ff815983000 	/System/Library/Frameworks/CoreData.framework/Versions/A/CoreData
0x00007ff81086f000 	/System/Library/Frameworks/Foundation.framework/Versions/C/Foundation
0x00007ff81a7a6000 	/usr/lib/libSystem.B.dylib
0x00007ff8132fc000 	/System/Library/PrivateFrameworks/UIFoundation.framework/Versions/A/UIFoundation
0x00007ff820719000 	/System/Library/PrivateFrameworks/RemoteViewServices.framework/Versions/A/RemoteViewServices
0x00007ff8189fa000 	/System/Library/PrivateFrameworks/XCTTargetBootstrap.framework/Versions/A/XCTTargetBootstrap
0x00007ff81c5af000 	/System/Library/PrivateFrameworks/InternationalSupport.framework/Versions/A/InternationalSupport
0x00007ff81c639000 	/System/Library/PrivateFrameworks/UserActivity.framework/Versions/A/UserActivity
0x00007ff81b98d000 	/usr/lib/libspindump.dylib
0x00007ff81358b000 	/System/Library/Frameworks/UniformTypeIdentifiers.framework/Versions/A/UniformTypeIdentifiers
0x00007ff81711e000 	/usr/lib/libapp_launch_measurement.dylib
0x00007ff816355000 	/System/Library/PrivateFrameworks/CoreAnalytics.framework/Versions/A/CoreAnalytics
0x00007ff817121000 	/System/Library/PrivateFrameworks/CoreAutoLayout.framework/Versions/A/CoreAutoLayout
0x00007ff818351000 	/System/Library/Frameworks/Metal.framework/Versions/A/Metal
0x00007ff819080000 	/usr/lib/liblangid.dylib
0x00007ff8189ff000 	/System/Library/PrivateFrameworks/CoreSVG.framework/Versions/A/CoreSVG
0x00007ff814977000 	/System/Library/PrivateFrameworks/SkyLight.framework/Versions/A/SkyLight
0x00007ff814d16000 	/System/Library/Frameworks/CoreGraphics.framework/Versions/A/CoreGraphics
0x00007ff820dd9000 	/System/Library/Frameworks/Accelerate.framework/Versions/A/Accelerate
0x00007ff81b40c000 	/System/Library/PrivateFrameworks/IconServices.framework/Versions/A/IconServices
0x00007ff818336000 	/System/Library/Frameworks/IOSurface.framework/Versions/A/IOSurface
0x00007ff816383000 	/usr/lib/libDiagnosticMessagesClient.dylib
0x00007ff81a6c6000 	/usr/lib/libz.1.dylib
0x00007ff8244bc000 	/System/Library/Frameworks/ApplicationServices.framework/Versions/A/ApplicationServices
0x00007ff8189e6000 	/System/Library/PrivateFrameworks/DFRFoundation.framework/Versions/A/DFRFoundation
0x00007ff811d54000 	/usr/lib/libicucore.A.dylib
0x00007ff81d3a5000 	/System/Library/Frameworks/AudioToolbox.framework/Versions/A/AudioToolbox
0x00007ff81c5bb000 	/System/Library/PrivateFrameworks/DataDetectorsCore.framework/Versions/A/DataDetectorsCore
0x00007ff918ab6000 	/System/Library/PrivateFrameworks/TextInput.framework/Versions/A/TextInput
0x00007ff8148fa000 	/usr/lib/libMobileGestalt.dylib
0x00007ff8186f2000 	/System/Library/Frameworks/Carbon.framework/Versions/A/Frameworks/HIToolbox.framework/Versions/A/HIToolbox
0x00007ff816b20000 	/System/Library/Frameworks/QuartzCore.framework/Versions/A/QuartzCore
0x00007ff8119f9000 	/System/Library/Frameworks/Security.framework/Versions/A/Security
0x00007ff820751000 	/System/Library/Frameworks/Carbon.framework/Versions/A/Frameworks/SpeechRecognition.framework/Versions/A/SpeechRecognition
0x00007ff816e7e000 	/System/Library/PrivateFrameworks/CoreUI.framework/Versions/A/CoreUI
0x00007ff8112c3000 	/System/Library/Frameworks/CoreAudio.framework/Versions/A/CoreAudio
0x00007ff816472000 	/System/Library/Frameworks/DiskArbitration.framework/Versions/A/DiskArbitration
0x00007ff81bd7b000 	/System/Library/PrivateFrameworks/MultitouchSupport.framework/Versions/A/MultitouchSupport
0x00007ff8148f9000 	/usr/lib/libenergytrace.dylib
0x00007ff812358000 	/System/Library/Frameworks/IOKit.framework/Versions/A/IOKit
0x00007ff820b41000 	/System/Library/Frameworks/CoreServices.framework/Versions/A/CoreServices
0x00007ff8170b8000 	/System/Library/PrivateFrameworks/PerformanceAnalysis.framework/Versions/A/PerformanceAnalysis
0x00007ffa28798000 	/System/Library/Frameworks/OpenGL.framework/Versions/A/OpenGL
0x00007ff819ce2000 	/System/Library/PrivateFrameworks/MobileKeyBag.framework/Versions/A/MobileKeyBag
0x00007ff80f839000 	/usr/lib/libobjc.A.dylib
0x00007ff8153e2000 	/System/Library/Frameworks/ColorSync.framework/Versions/A/ColorSync
0x00007ff80f9f3000 	/System/Library/Frameworks/CoreFoundation.framework/Versions/A/CoreFoundation
0x00007ff818c76000 	/System/Library/Frameworks/CoreImage.framework/Versions/A/CoreImage
0x00007ff8110d7000 	/System/Library/Frameworks/CoreText.framework/Versions/A/CoreText
0x00007ff818a2f000 	/System/Library/Frameworks/ImageIO.framework/Versions/A/ImageIO
0x00007ff81a7ac000 	/System/Library/PrivateFrameworks/SoftLinking.framework/Versions/A/SoftLinking
0x00007ff817169000 	/usr/lib/libxml2.2.dylib
0x00007ff80f8ff000 	/usr/lib/libc++.1.dylib
0x00007ff81aa30000 	/usr/lib/libcompression.dylib
0x00007ff81c4e2000 	/System/Library/PrivateFrameworks/TextureIO.framework/Versions/A/TextureIO
0x00007ff81b11e000 	/usr/lib/libate.dylib
0x00007ff81a7a1000 	/usr/lib/system/libcache.dylib
0x00007ff81a75d000 	/usr/lib/system/libcommonCrypto.dylib
0x00007ff81a786000 	/usr/lib/system/libcompiler_rt.dylib
0x00007ff81a77c000 	/usr/lib/system/libcopyfile.dylib
0x00007ff80f734000 	/usr/lib/system/libcorecrypto.dylib
0x00007ff80f7f2000 	/usr/lib/system/libdispatch.dylib
0x00007ff80f9b2000 	/usr/lib/system/libdyld.dylib
0x00007ff81a798000 	/usr/lib/system/libkeymgr.dylib
0x00007ff81a73b000 	/usr/lib/system/libmacho.dylib
0x00007ff819dbc000 	/usr/lib/system/libquarantine.dylib
0x00007ff81a796000 	/usr/lib/system/libremovefile.dylib
0x00007ff814947000 	/usr/lib/system/libsystem_asl.dylib
0x00007ff80f6dd000 	/usr/lib/system/libsystem_blocks.dylib
0x00007ff80f876000 	/usr/lib/system/libsystem_c.dylib
0x00007ff81a78e000 	/usr/lib/system/libsystem_collections.dylib
0x00007ff819070000 	/usr/lib/system/libsystem_configuration.dylib
0x00007ff818319000 	/usr/lib/system/libsystem_containermanager.dylib
0x00007ff81a473000 	/usr/lib/system/libsystem_coreservices.dylib
0x00007ff811fe8000 	/usr/lib/system/libsystem_darwin.dylib
0x00007ff81a799000 	/usr/lib/system/libsystem_dnssd.dylib
0x00007ff80f873000 	/usr/lib/system/libsystem_featureflags.dylib
0x00007ff80f9c8000 	/usr/lib/system/libsystem_info.dylib
0x00007ff81a6d9000 	/usr/lib/system/libsystem_m.dylib
0x00007ff80f7c6000 	/usr/lib/system/libsystem_malloc.dylib
0x00007ff8148e2000 	/usr/lib/system/libsystem_networkextension.dylib
0x00007ff81240e000 	/usr/lib/system/libsystem_notify.dylib
0x00007ff820a16000 	/usr/lib/system/libsystem_product_info_filter.dylib
0x00007ff819074000 	/usr/lib/system/libsystem_sandbox.dylib
0x00007ff81a793000 	/usr/lib/system/libsystem_secinit.dylib
0x00007ff80f96e000 	/usr/lib/system/libsystem_kernel.dylib
0x00007ff80f9be000 	/usr/lib/system/libsystem_platform.dylib
0x00007ff80f9a6000 	/usr/lib/system/libsystem_pthread.dylib
0x00007ff816195000 	/usr/lib/system/libsystem_symptoms.dylib
0x00007ff80f71b000 	/usr/lib/system/libsystem_trace.dylib
0x00007ff81a769000 	/usr/lib/system/libunwind.dylib
0x00007ff80f6df000 	/usr/lib/system/libxpc.dylib
0x00007ff80f958000 	/usr/lib/libc++abi.dylib
0x00007ff81a774000 	/usr/lib/liboah.dylib
0x00007ff81aefa000 	/usr/lib/liblzma.5.dylib
0x00007ff810581000 	/System/Library/Frameworks/SystemConfiguration.framework/Versions/A/SystemConfiguration
0x00007ff81a7a8000 	/usr/lib/libfakelink.dylib
0x00007ff814452000 	/System/Library/Frameworks/CFNetwork.framework/Versions/A/CFNetwork
0x00007ff81a8e9000 	/usr/lib/libarchive.2.dylib
0x00007ff81907c000 	/System/Library/PrivateFrameworks/AppleSystemInfo.framework/Versions/A/AppleSystemInfo
0x00007ff819de3000 	/usr/lib/libbsm.0.dylib
0x00007ff813a61000 	/usr/lib/libnetwork.dylib
0x00007ff81a741000 	/usr/lib/system/libkxld.dylib
0x00007ff819a16000 	/System/Library/PrivateFrameworks/IOMobileFramebuffer.framework/Versions/A/IOMobileFramebuffer
0x00007ffb28167000 	/usr/lib/libCoreEntitlements.dylib
0x00007ff81a455000 	/System/Library/PrivateFrameworks/AppleFSCompression.framework/Versions/A/AppleFSCompression
0x00007ff819dcb000 	/usr/lib/libcoretls.dylib
0x00007ff81af14000 	/usr/lib/libcoretls_cfhelpers.dylib
0x00007ff81aa2b000 	/usr/lib/libpam.2.dylib
0x00007ff815db4000 	/usr/lib/libsqlite3.dylib
0x00007ff81af83000 	/usr/lib/libxar.1.dylib
0x00007ff81a465000 	/usr/lib/libbz2.1.0.dylib
0x00007ff81a7ad000 	/usr/lib/libpcap.A.dylib
0x00007ff81618d000 	/usr/lib/libdns_services.dylib
0x00007ff81a9fb000 	/usr/lib/libapple_nghttp2.dylib
0x00007ff81a7e7000 	/usr/lib/libiconv.2.dylib
0x00007ff81a73a000 	/usr/lib/libcharset.1.dylib
0x00007ff8170ec000 	/System/Library/Frameworks/CoreServices.framework/Versions/A/Frameworks/FSEvents.framework/Versions/A/FSEvents
0x00007ff811ff2000 	/System/Library/Frameworks/CoreServices.framework/Versions/A/Frameworks/CarbonCore.framework/Versions/A/CarbonCore
0x00007ff8163d6000 	/System/Library/Frameworks/CoreServices.framework/Versions/A/Frameworks/Metadata.framework/Versions/A/Metadata
0x00007ff81a478000 	/System/Library/Frameworks/CoreServices.framework/Versions/A/Frameworks/OSServices.framework/Versions/A/OSServices
0x00007ff81a970000 	/System/Library/Frameworks/CoreServices.framework/Versions/A/Frameworks/SearchKit.framework/Versions/A/SearchKit
0x00007ff81611f000 	/System/Library/Frameworks/CoreServices.framework/Versions/A/Frameworks/AE.framework/Versions/A/AE
0x00007ff80fef6000 	/System/Library/Frameworks/CoreServices.framework/Versions/A/Frameworks/LaunchServices.framework/Versions/A/LaunchServices
0x00007ff81aeab000 	/System/Library/Frameworks/CoreServices.framework/Versions/A/Frameworks/DictionaryServices.framework/Versions/A/DictionaryServices
0x00007ff8170f9000 	/System/Library/Frameworks/CoreServices.framework/Versions/A/Frameworks/SharedFileList.framework/Versions/A/SharedFileList
0x00007ff819dbf000 	/usr/lib/libCheckFix.dylib
0x00007ff81495e000 	/System/Library/PrivateFrameworks/TCC.framework/Versions/A/TCC
0x00007ff819082000 	/System/Library/PrivateFrameworks/CoreNLP.framework/Versions/A/CoreNLP
0x00007ff816386000 	/System/Library/PrivateFrameworks/MetadataUtilities.framework/Versions/A/MetadataUtilities
0x00007ff810632000 	/usr/lib/libmecabra.dylib
0x00007ff819df3000 	/usr/lib/libmecab.dylib
0x00007ff8105fd000 	/usr/lib/libCRFSuite.dylib
0x00007ff819e4d000 	/usr/lib/libgermantok.dylib
0x00007ff81a9d6000 	/usr/lib/libThaiTokenizer.dylib
0x00007ff816479000 	/System/Library/Frameworks/Accelerate.framework/Versions/A/Frameworks/vImage.framework/Versions/A/vImage
0x00007ff820b18000 	/System/Library/Frameworks/Accelerate.framework/Versions/A/Frameworks/vecLib.framework/Versions/A/vecLib
0x00007ff81afc4000 	/System/Library/Frameworks/Accelerate.framework/Versions/A/Frameworks/vecLib.framework/Versions/A/libvMisc.dylib
0x00007ff819841000 	/System/Library/Frameworks/Accelerate.framework/Versions/A/Frameworks/vecLib.framework/Versions/A/libvDSP.dylib
0x00007ff810271000 	/System/Library/Frameworks/Accelerate.framework/Versions/A/Frameworks/vecLib.framework/Versions/A/libBLAS.dylib
0x00007ff81ab0d000 	/System/Library/Frameworks/Accelerate.framework/Versions/A/Frameworks/vecLib.framework/Versions/A/libLAPACK.dylib
0x00007ff819e50000 	/System/Library/Frameworks/Accelerate.framework/Versions/A/Frameworks/vecLib.framework/Versions/A/libLinearAlgebra.dylib
0x00007ff81aa13000 	/System/Library/Frameworks/Accelerate.framework/Versions/A/Frameworks/vecLib.framework/Versions/A/libSparseBLAS.dylib
0x00007ff81ab07000 	/System/Library/Frameworks/Accelerate.framework/Versions/A/Frameworks/vecLib.framework/Versions/A/libQuadrature.dylib
0x00007ff81916d000 	/System/Library/Frameworks/Accelerate.framework/Versions/A/Frameworks/vecLib.framework/Versions/A/libBNNS.dylib
0x00007ff81050b000 	/System/Library/Frameworks/Accelerate.framework/Versions/A/Frameworks/vecLib.framework/Versions/A/libSparse.dylib
0x00007ff819166000 	/System/Library/PrivateFrameworks/LinguisticData.framework/Versions/A/LinguisticData
0x00007ff8104c1000 	/System/Library/PrivateFrameworks/Lexicon.framework/Versions/A/Lexicon
0x00007ff81afbd000 	/usr/lib/libChineseTokenizer.dylib
0x00007ff810c2c000 	/System/Library/PrivateFrameworks/LanguageModeling.framework/Versions/A/LanguageModeling
0x00007ff81a9d8000 	/System/Library/PrivateFrameworks/AppleSauce.framework/Versions/A/AppleSauce
0x00007ff819a04000 	/System/Library/PrivateFrameworks/CoreEmoji.framework/Versions/A/CoreEmoji
0x00007ff81a8d8000 	/usr/lib/libcmph.dylib
0x00007ff8170d0000 	/System/Library/Frameworks/OpenDirectory.framework/Versions/A/Frameworks/CFOpenDirectory.framework/Versions/A/CFOpenDirectory
0x00007ff8170c4000 	/System/Library/Frameworks/OpenDirectory.framework/Versions/A/OpenDirectory
0x00007ff81af16000 	/System/Library/PrivateFrameworks/APFS.framework/Versions/A/APFS
0x00007ff819d1a000 	/System/Library/Frameworks/SecurityFoundation.framework/Versions/A/SecurityFoundation
0x00007ff81af91000 	/usr/lib/libutil.dylib
0x00007ff81231c000 	/System/Library/PrivateFrameworks/CoreServicesStore.framework/Versions/A/CoreServicesStore
0x00007ff81af95000 	/usr/lib/libxslt.1.dylib
0x00007ff819da7000 	/System/Library/PrivateFrameworks/BackgroundTaskManagement.framework/Versions/A/BackgroundTaskManagement
0x00007ff81c402000 	/System/Library/Frameworks/ImageIO.framework/Versions/A/Resources/libRadiance.dylib
0x00007ff81c40b000 	/System/Library/Frameworks/ImageIO.framework/Versions/A/Resources/libJPEG.dylib
0x00007ff81c35a000 	/System/Library/Frameworks/ImageIO.framework/Versions/A/Resources/libPng.dylib
0x00007ff81c37b000 	/System/Library/Frameworks/ImageIO.framework/Versions/A/Resources/libTIFF.dylib
0x00007ff81c46b000 	/System/Library/Frameworks/ImageIO.framework/Versions/A/Resources/libGIF.dylib
0x00007ff81bc95000 	/System/Library/Frameworks/ImageIO.framework/Versions/A/Resources/libJP2.dylib
0x00007ff81b3d3000 	/usr/lib/libexpat.1.dylib
0x00007ff81bc4a000 	/System/Library/PrivateFrameworks/AppleJPEG.framework/Versions/A/AppleJPEG
0x00007ff8185b6000 	/System/Library/PrivateFrameworks/FontServices.framework/libFontParser.dylib
0x00007ff8160c9000 	/System/Library/PrivateFrameworks/RunningBoardServices.framework/Versions/A/RunningBoardServices
0x00007ff826dd3000 	/System/Library/PrivateFrameworks/IOSurfaceAccelerator.framework/Versions/A/IOSurfaceAccelerator
0x00007ff81bd77000 	/System/Library/PrivateFrameworks/WatchdogClient.framework/Versions/A/WatchdogClient
0x00007ff810d1a000 	/System/Library/Frameworks/CoreDisplay.framework/Versions/A/CoreDisplay
0x00007ff8184b4000 	/System/Library/Frameworks/CoreMedia.framework/Versions/A/CoreMedia
0x00007ff818348000 	/System/Library/PrivateFrameworks/IOAccelerator.framework/Versions/A/IOAccelerator
0x00007ff81724d000 	/System/Library/Frameworks/CoreVideo.framework/Versions/A/CoreVideo
0x00007ff81aa29000 	/System/Library/Frameworks/MetalPerformanceShaders.framework/Versions/A/MetalPerformanceShaders
0x00007ff81bdb4000 	/System/Library/Frameworks/VideoToolbox.framework/Versions/A/VideoToolbox
0x00007ff816013000 	/System/Library/PrivateFrameworks/BaseBoard.framework/Versions/A/BaseBoard
0x00007ff815d9a000 	/System/Library/PrivateFrameworks/ProtocolBuffer.framework/Versions/A/ProtocolBuffer
0x00007ff81c3fb000 	/System/Library/PrivateFrameworks/GPUWrangler.framework/Versions/A/GPUWrangler
0x00007ff81c3df000 	/System/Library/PrivateFrameworks/IOPresentment.framework/Versions/A/IOPresentment
0x00007ff81c405000 	/System/Library/PrivateFrameworks/DSExternalDisplay.framework/Versions/A/DSExternalDisplay
0x00007ffa2878c000 	/System/Library/Frameworks/OpenGL.framework/Versions/A/Libraries/libCoreFSCache.dylib
0x00007ffb15863000 	/System/Library/PrivateFrameworks/GPUCompiler.framework/Versions/31001/Libraries/libGPUCompilerUtils.dylib
0x00007ff81c470000 	/System/Library/PrivateFrameworks/CMCaptureCore.framework/Versions/A/CMCaptureCore
0x00007ff81b97b000 	/System/Library/PrivateFrameworks/AppServerSupport.framework/Versions/A/AppServerSupport
0x00007ff81dc3e000 	/System/Library/PrivateFrameworks/perfdata.framework/Versions/A/perfdata
0x00007ff810e46000 	/System/Library/PrivateFrameworks/AudioToolboxCore.framework/Versions/A/AudioToolboxCore
0x00007ff818492000 	/System/Library/PrivateFrameworks/caulk.framework/Versions/A/caulk
0x00007ff81d550000 	/usr/lib/libAudioStatistics.dylib
0x00007ff915244000 	/System/Library/PrivateFrameworks/SystemPolicy.framework/Versions/A/SystemPolicy
0x00007ff81d7ab000 	/usr/lib/libSMC.dylib
0x00007ff8266cb000 	/System/Library/Frameworks/CoreMIDI.framework/Versions/A/CoreMIDI
0x00007ff81c329000 	/usr/lib/libAudioToolboxUtility.dylib
0x00007ff911470000 	/System/Library/PrivateFrameworks/OSAServicesClient.framework/Versions/A/OSAServicesClient
0x00007ff81dc4b000 	/usr/lib/libperfcheck.dylib
0x00007ff915cf1000 	/usr/lib/libmis.dylib
0x00007ffa287e7000 	/System/Library/Frameworks/OpenGL.framework/Versions/A/Libraries/libGLU.dylib
0x00007ffa287ab000 	/System/Library/Frameworks/OpenGL.framework/Versions/A/Libraries/libGFXShared.dylib
0x00007ffa289b4000 	/System/Library/Frameworks/OpenGL.framework/Versions/A/Libraries/libGL.dylib
0x00007ffa287b4000 	/System/Library/Frameworks/OpenGL.framework/Versions/A/Libraries/libGLImage.dylib
0x00007ffa287a8000 	/System/Library/Frameworks/OpenGL.framework/Versions/A/Libraries/libCVMSPluginSupport.dylib
0x00007ffa28793000 	/System/Library/Frameworks/OpenGL.framework/Versions/A/Libraries/libCoreVMClient.dylib
0x00007ff818ffe000 	/System/Library/Frameworks/MetalPerformanceShaders.framework/Versions/A/Frameworks/MPSCore.framework/Versions/A/MPSCore
0x00007ff81a3c0000 	/System/Library/Frameworks/MetalPerformanceShaders.framework/Versions/A/Frameworks/MPSImage.framework/Versions/A/MPSImage
0x00007ff819e66000 	/System/Library/Frameworks/MetalPerformanceShaders.framework/Versions/A/Frameworks/MPSNeuralNetwork.framework/Versions/A/MPSNeuralNetwork
0x00007ff81a2da000 	/System/Library/Frameworks/MetalPerformanceShaders.framework/Versions/A/Frameworks/MPSMatrix.framework/Versions/A/MPSMatrix
0x00007ff81a095000 	/System/Library/Frameworks/MetalPerformanceShaders.framework/Versions/A/Frameworks/MPSRayIntersector.framework/Versions/A/MPSRayIntersector
0x00007ff81a312000 	/System/Library/Frameworks/MetalPerformanceShaders.framework/Versions/A/Frameworks/MPSNDArray.framework/Versions/A/MPSNDArray
0x00007ffa2e26c000 	/System/Library/Frameworks/MetalPerformanceShaders.framework/Versions/A/Frameworks/MPSFunctions.framework/Versions/A/MPSFunctions
0x00007ff81014d000 	/System/Library/PrivateFrameworks/MetalTools.framework/Versions/A/MetalTools
0x00007ff81907a000 	/System/Library/PrivateFrameworks/AggregateDictionary.framework/Versions/A/AggregateDictionary
0x00007ff81b1b5000 	/usr/lib/libIOReport.dylib
0x00007ffa29dc3000 	/System/Library/Frameworks/OpenCL.framework/Versions/A/OpenCL
0x00007ff81b519000 	/System/Library/PrivateFrameworks/FaceCore.framework/Versions/A/FaceCore
0x00007ff81b50a000 	/System/Library/PrivateFrameworks/GraphVisualizer.framework/Versions/A/GraphVisualizer
0x00007ffb1576e000 	/System/Library/PrivateFrameworks/FontServices.framework/Versions/A/FontServices
0x00007ff81b933000 	/System/Library/PrivateFrameworks/OTSVG.framework/Versions/A/OTSVG
0x00007ff816e33000 	/System/Library/Frameworks/ApplicationServices.framework/Versions/A/Frameworks/ATS.framework/Versions/A/Resources/libFontRegistry.dylib
0x00007ff81b983000 	/System/Library/PrivateFrameworks/FontServices.framework/libhvf.dylib
0x00007ffb1576f000 	/System/Library/PrivateFrameworks/FontServices.framework/libXTFontStaticRegistryData.dylib
0x00007ff81b383000 	/System/Library/PrivateFrameworks/AppleVA.framework/Versions/A/AppleVA
0x00007ff81d570000 	/System/Library/Frameworks/ApplicationServices.framework/Versions/A/Frameworks/ATS.framework/Versions/A/ATS
0x00007ff8154e0000 	/System/Library/Frameworks/ApplicationServices.framework/Versions/A/Frameworks/HIServices.framework/Versions/A/HIServices
0x00007ff81c47a000 	/System/Library/Frameworks/ApplicationServices.framework/Versions/A/Frameworks/PrintCore.framework/Versions/A/PrintCore
0x00007ff81d8fe000 	/System/Library/Frameworks/ApplicationServices.framework/Versions/A/Frameworks/QD.framework/Versions/A/QD
0x00007ff81d8f6000 	/System/Library/Frameworks/ApplicationServices.framework/Versions/A/Frameworks/ColorSyncLegacy.framework/Versions/A/ColorSyncLegacy
0x00007ff81d560000 	/System/Library/Frameworks/ApplicationServices.framework/Versions/A/Frameworks/SpeechSynthesis.framework/Versions/A/SpeechSynthesis
0x00007ff81c43b000 	/System/Library/Frameworks/ApplicationServices.framework/Versions/A/Frameworks/ATSUI.framework/Versions/A/ATSUI
0x00007ff81d88b000 	/usr/lib/libcups.2.dylib
0x00007ff81dc5a000 	/System/Library/Frameworks/Kerberos.framework/Versions/A/Kerberos
0x00007ff81dc69000 	/System/Library/Frameworks/GSS.framework/Versions/A/GSS
0x00007ff81d5dc000 	/usr/lib/libresolv.9.dylib
0x00007ff81b992000 	/System/Library/PrivateFrameworks/Heimdal.framework/Versions/A/Heimdal
0x00007ff82484e000 	/System/Library/Frameworks/Kerberos.framework/Versions/A/Libraries/libHeimdalProxy.dylib
0x00007ff81619d000 	/System/Library/Frameworks/Network.framework/Versions/A/Network
0x00007ff81b3ed000 	/usr/lib/libheimdal-asn1.dylib
0x00007ff81dcb4000 	/System/Library/PrivateFrameworks/CommonAuth.framework/Versions/A/CommonAuth
0x00007ff81d4e2000 	/System/Library/PrivateFrameworks/AudioSession.framework/Versions/A/AudioSession
0x00007ff81b47d000 	/System/Library/PrivateFrameworks/MediaExperience.framework/Versions/A/MediaExperience
0x00007ff81d374000 	/System/Library/PrivateFrameworks/AudioSession.framework/libSessionUtility.dylib
0x00007ff81d90a000 	/System/Library/PrivateFrameworks/AudioResourceArbitration.framework/Versions/A/AudioResourceArbitration
0x00007ff82198b000 	/System/Library/PrivateFrameworks/PowerLog.framework/Versions/A/PowerLog
0x00007ff81b3f6000 	/System/Library/PrivateFrameworks/IconFoundation.framework/Versions/A/IconFoundation
0x00007ff820741000 	/System/Library/PrivateFrameworks/SpeechRecognitionCore.framework/Versions/A/SpeechRecognitionCore
0x00000001051ef000 	/Users/sheryl/Downloads/jdk-11.0.13.jdk/Contents/Home/lib/server/libjvm.dylib
0x00000001044a4000 	/Users/sheryl/Downloads/jdk-11.0.13.jdk/Contents/Home/lib/libverify.dylib
0x00000001044e0000 	/Users/sheryl/Downloads/jdk-11.0.13.jdk/Contents/Home/lib/libjava.dylib
0x00000001044b4000 	/Users/sheryl/Downloads/jdk-11.0.13.jdk/Contents/Home/lib/libjimage.dylib
0x00000001044cd000 	/Users/sheryl/Downloads/jdk-11.0.13.jdk/Contents/Home/lib/libzip.dylib
0x0000000104f85000 	/Users/sheryl/Downloads/jdk-11.0.13.jdk/Contents/Home/lib/libnio.dylib
0x0000000104fb0000 	/Users/sheryl/Downloads/jdk-11.0.13.jdk/Contents/Home/lib/libnet.dylib
0x0000000104f97000 	/Users/sheryl/.openjfx/cache/11.0.2/libprism_es2.dylib
0x00007ff8122de000 	/System/Library/PrivateFrameworks/CoreServicesInternal.framework/Versions/A/CoreServicesInternal
0x00007ffa289bf000 	/System/Library/Frameworks/OpenGL.framework/Versions/A/Resources/GLEngine.bundle/GLEngine
0x00007ffa28825000 	/System/Library/Frameworks/OpenGL.framework/Versions/A/Libraries/libGLProgrammability.dylib
0x00007ffa1d83b000 	/System/Library/Extensions/AppleIntelKBLGraphicsGLDriver.bundle/Contents/MacOS/AppleIntelKBLGraphicsGLDriver
0x00007ff91fe8c000 	/System/Library/PrivateFrameworks/GPUSupport.framework/Versions/A/Libraries/libGPUSupportMercury.dylib
0x00007ffa28b49000 	/System/Library/Frameworks/OpenGL.framework/Versions/A/Resources/GLRendererFloat.bundle/GLRendererFloat
0x00000001074a2000 	/Users/sheryl/.openjfx/cache/11.0.2/libglass.dylib
0x00007ff821f7c000 	/System/Library/Frameworks/FileProvider.framework/Versions/A/FileProvider
0x00007ff815f80000 	/System/Library/Frameworks/Accounts.framework/Versions/A/Accounts
0x00007ff8220f5000 	/System/Library/PrivateFrameworks/GenerationalStorage.framework/Versions/A/GenerationalStorage
0x00007ff822c05000 	/System/Library/PrivateFrameworks/CoreSymbolication.framework/Versions/A/CoreSymbolication
0x00007ff821980000 	/System/Library/PrivateFrameworks/SymptomDiagnosticReporter.framework/Versions/A/SymptomDiagnosticReporter
0x00007ff81359f000 	/System/Library/PrivateFrameworks/DesktopServicesPriv.framework/Versions/A/DesktopServicesPriv
0x00007ff81241d000 	/usr/lib/libsandbox.1.dylib
0x00007ff8172cc000 	/System/Library/PrivateFrameworks/UserManagement.framework/Versions/A/UserManagement
0x00007ff822bca000 	/System/Library/PrivateFrameworks/DebugSymbols.framework/Versions/A/DebugSymbols
0x00007ff81d8eb000 	/System/Library/PrivateFrameworks/NetAuth.framework/Versions/A/NetAuth
0x00007ff81e7fa000 	/System/Library/PrivateFrameworks/Sharing.framework/Versions/A/Sharing
0x00007ff81729f000 	/System/Library/PrivateFrameworks/login.framework/Versions/A/Frameworks/loginsupport.framework/Versions/A/loginsupport
0x00007ff823d68000 	/System/Library/PrivateFrameworks/Apple80211.framework/Versions/A/Apple80211
0x00007ff81a4a5000 	/System/Library/PrivateFrameworks/AuthKit.framework/Versions/A/AuthKit
0x00007ff819afa000 	/System/Library/PrivateFrameworks/CoreUtils.framework/Versions/A/CoreUtils
0x00007ff819a21000 	/System/Library/Frameworks/CoreWLAN.framework/Versions/A/CoreWLAN
0x00007ff81e959000 	/System/Library/Frameworks/IOBluetooth.framework/Versions/A/IOBluetooth
0x00007ff823dd0000 	/System/Library/PrivateFrameworks/CoreWiFi.framework/Versions/A/CoreWiFi
0x00007ff82279f000 	/System/Library/PrivateFrameworks/FrontBoardServices.framework/Versions/A/FrontBoardServices
0x00007ff822830000 	/System/Library/PrivateFrameworks/BoardServices.framework/Versions/A/BoardServices
0x00007ff819d09000 	/System/Library/PrivateFrameworks/AssertionServices.framework/Versions/A/AssertionServices
0x00007ff823f53000 	/System/Library/PrivateFrameworks/BackBoardServices.framework/Versions/A/BackBoardServices
0x00007ff81dd45000 	/System/Library/PrivateFrameworks/CorePhoneNumbers.framework/Versions/A/CorePhoneNumbers
0x00007ff81d609000 	/System/Library/PrivateFrameworks/MultiverseSupport.framework/Versions/A/MultiverseSupport
0x00007ff8241c7000 	/System/Library/PrivateFrameworks/RemoteServiceDiscovery.framework/Versions/A/RemoteServiceDiscovery
0x00007ff821a9d000 	/System/Library/PrivateFrameworks/DiskManagement.framework/Versions/A/DiskManagement
0x00007ff8219b1000 	/System/Library/PrivateFrameworks/AppleIDAuthSupport.framework/Versions/A/AppleIDAuthSupport
0x00007ffb100e9000 	/System/Library/PrivateFrameworks/AAAFoundation.framework/Versions/A/AAAFoundation
0x00007ff81dd26000 	/System/Library/PrivateFrameworks/KeychainCircle.framework/Versions/A/KeychainCircle
0x00007ff8241d7000 	/System/Library/PrivateFrameworks/RemoteXPC.framework/Versions/A/RemoteXPC
0x00007ff821a69000 	/System/Library/PrivateFrameworks/MediaKit.framework/Versions/A/MediaKit
0x00007ff8219bd000 	/System/Library/Frameworks/DiscRecording.framework/Versions/A/DiscRecording
0x00007ff81b2fb000 	/usr/lib/libCoreStorage.dylib
0x00007ff824242000 	/usr/lib/libcsfde.dylib
0x00007ff81ea26000 	/System/Library/PrivateFrameworks/ProtectedCloudStorage.framework/Versions/A/ProtectedCloudStorage
0x00007ff82423e000 	/System/Library/PrivateFrameworks/EFILogin.framework/Versions/A/EFILogin
0x00007ff82211b000 	/System/Library/PrivateFrameworks/OctagonTrust.framework/Versions/A/OctagonTrust
0x00007ffb149d1000 	/System/Library/PrivateFrameworks/CoreUtilsExtras.framework/Versions/A/CoreUtilsExtras
0x00007ff8218e4000 	/System/Library/Frameworks/CoreBluetooth.framework/Versions/A/CoreBluetooth
0x00007ff8248d3000 	/System/Library/Frameworks/AudioUnit.framework/Versions/A/AudioUnit
0x00007ff81b2f3000 	/usr/lib/libMatch.1.dylib
0x00007ff91a315000 	/System/Library/Frameworks/Accelerate.framework/Versions/A/Frameworks/vImage.framework/Versions/A/Libraries/libCGInterfaces.dylib
0x0000000107c55000 	/usr/lib/libobjc-trampolines.dylib
0x00007ff816fc4000 	/System/Library/PrivateFrameworks/ViewBridge.framework/Versions/A/ViewBridge
0x00007ff81ba49000 	/System/Library/PrivateFrameworks/login.framework/Versions/A/login
0x0000000129f8c000 	/Users/sheryl/.openjfx/cache/11.0.2/libjavafx_font.dylib
0x000000012a3c8000 	/System/Library/Frameworks/FileProvider.framework/OverrideBundles/CloudDocsFileProvider.bundle/Contents/MacOS/CloudDocsFileProvider
0x00007ff8174e3000 	/System/Library/PrivateFrameworks/CloudDocs.framework/Versions/A/CloudDocs
0x00007ff824572000 	/System/Library/PrivateFrameworks/AppleAccount.framework/Versions/A/AppleAccount
0x00007ff81ea0d000 	/System/Library/PrivateFrameworks/AppContainer.framework/Versions/A/AppContainer
0x00007ff81e4c9000 	/System/Library/PrivateFrameworks/IDS.framework/Versions/A/IDS
0x00007ff8246ca000 	/System/Library/PrivateFrameworks/AppleIDSSOAuthentication.framework/Versions/A/AppleIDSSOAuthentication
0x00007ff8172a2000 	/System/Library/PrivateFrameworks/ApplePushService.framework/Versions/A/ApplePushService
0x00007ff8242c4000 	/System/Library/PrivateFrameworks/AppSupport.framework/Versions/A/AppSupport
0x00007ff81d2d9000 	/System/Library/PrivateFrameworks/IMFoundation.framework/Versions/A/IMFoundation
0x00007ff910cb4000 	/System/Library/PrivateFrameworks/Marco.framework/Versions/A/Marco
0x00007ff81e63d000 	/System/Library/PrivateFrameworks/IDSFoundation.framework/Versions/A/IDSFoundation
0x00007ff815ffb000 	/System/Library/PrivateFrameworks/CommonUtilities.framework/Versions/A/CommonUtilities
0x00007ff915901000 	/System/Library/PrivateFrameworks/FTServices.framework/Versions/A/FTServices
0x00007ff828128000 	/System/Library/PrivateFrameworks/Engram.framework/Versions/A/Engram
0x00007ff8280cf000 	/usr/lib/libtidy.A.dylib
0x00007ff81bbf6000 	/System/Library/PrivateFrameworks/Bom.framework/Versions/A/Bom
0x00007ff81d619000 	/usr/lib/libParallelCompression.dylib
0x00007ff81b1be000 	/System/Library/PrivateFrameworks/CrashReporterSupport.framework/Versions/A/CrashReporterSupport
0x00007ff91fc55000 	/System/Library/PrivateFrameworks/FTAWD.framework/Versions/A/FTAWD
0x00007ff921d2d000 	/System/Library/PrivateFrameworks/OSAnalytics.framework/Versions/A/OSAnalytics
0x00007ff92cedf000 	/System/Library/PrivateFrameworks/Symbolication.framework/Versions/A/Symbolication
0x00007ff915cce000 	/System/Library/PrivateFrameworks/MallocStackLogging.framework/Versions/A/MallocStackLogging
0x00007ff820e51000 	/System/Library/PrivateFrameworks/CoreDaemon.framework/Versions/B/CoreDaemon
0x00007ff820e4c000 	/System/Library/PrivateFrameworks/AppleSRP.framework/Versions/A/AppleSRP
0x00007ff819db1000 	/System/Library/Frameworks/ServiceManagement.framework/Versions/A/ServiceManagement
0x00007ff81ea22000 	/System/Library/PrivateFrameworks/SecCodeWrapper.framework/Versions/A/SecCodeWrapper
0x000000012a396000 	/System/Library/Frameworks/FileProvider.framework/OverrideBundles/FileProviderOverride.bundle/Contents/MacOS/FileProviderOverride
0x000000012a461000 	/System/Library/Frameworks/FileProvider.framework/OverrideBundles/FinderSyncCollaborationFileProviderOverride.bundle/Contents/MacOS/FinderSyncCollaborationFileProviderOverride
0x00007ff926408000 	/System/Library/PrivateFrameworks/FinderSyncPriv.framework/Versions/A/FinderSyncPriv
0x00007ff913afb000 	/usr/lib/libFosl_dynamic.dylib
0x00007ff919abc000 	/usr/lib/libncurses.5.4.dylib
0x00007ffa1b9bf000 	/System/Library/Extensions/AppleIntelKBLGraphicsMTLDriver.bundle/Contents/MacOS/AppleIntelKBLGraphicsMTLDriver
0x00007ff915d0c000 	/System/Library/PrivateFrameworks/GPURawCounter.framework/Versions/A/GPURawCounter
0x00007ffb28256000 	/usr/lib/libRosetta.dylib
0x00007ff820e5d000 	/System/Library/PrivateFrameworks/SystemAdministration.framework/Versions/A/SystemAdministration
0x00007ff81c6a4000 	/System/Library/Frameworks/MediaToolbox.framework/Versions/A/MediaToolbox
0x00007ff82070d000 	/System/Library/Frameworks/DirectoryService.framework/Versions/A/DirectoryService
0x00007ff8240df000 	/System/Library/PrivateFrameworks/DiskImages.framework/Versions/A/DiskImages
0x00007ff8242bc000 	/System/Library/PrivateFrameworks/LoginUIKit.framework/Versions/A/Frameworks/LoginUICore.framework/Versions/A/LoginUICore
0x00007ff81bbf2000 	/usr/lib/libodfde.dylib
0x00007ff821f4c000 	/System/Library/PrivateFrameworks/CoreAVCHD.framework/Versions/A/CoreAVCHD
0x00007ff820e21000 	/System/Library/Frameworks/MediaAccessibility.framework/Versions/A/MediaAccessibility
0x00007ff821f48000 	/System/Library/PrivateFrameworks/Mangrove.framework/Versions/A/Mangrove
0x00007ff820e2c000 	/System/Library/PrivateFrameworks/AlgosScoreFramework.framework/Versions/A/AlgosScoreFramework
0x00007ffb11cc5000 	/System/Library/PrivateFrameworks/CMPhoto.framework/Versions/A/CMPhoto
0x00007ff822aa0000 	/System/Library/PrivateFrameworks/AppleVPA.framework/Versions/A/AppleVPA
0x00007ff821b8d000 	/System/Library/PrivateFrameworks/CoreAUC.framework/Versions/A/CoreAUC
0x00007ff82424e000 	/usr/lib/libcurl.4.dylib
0x00007ffb286c2000 	/usr/lib/libcrypto.46.dylib
0x00007ffb28bb7000 	/usr/lib/libssl.48.dylib
0x00007ff823f71000 	/System/Library/Frameworks/LDAP.framework/Versions/A/LDAP
0x00007ff823fa9000 	/System/Library/PrivateFrameworks/TrustEvaluationAgent.framework/Versions/A/TrustEvaluationAgent
0x00007ff81d5f5000 	/usr/lib/libsasl2.2.dylib
0x0000000130408000 	/Users/sheryl/.openjfx/cache/11.0.2/libglib-lite.dylib
0x00007ff81de95000 	/usr/lib/libffi.dylib
0x00000001306d5000 	/Users/sheryl/.openjfx/cache/11.0.2/libgstreamer-lite.dylib
0x000000012dad2000 	/Users/sheryl/.openjfx/cache/11.0.2/libjfxmedia.dylib
0x000000012db07000 	/Users/sheryl/.openjfx/cache/11.0.2/libjfxmedia_avf.dylib
0x00007ff91505c000 	/System/Library/Frameworks/AVFoundation.framework/Versions/A/AVFoundation
0x00007ffa2ce83000 	/System/Library/Frameworks/AVFAudio.framework/Versions/A/AVFAudio
0x00007ff8225af000 	/System/Library/PrivateFrameworks/AVFCore.framework/Versions/A/AVFCore
0x00007ff82982a000 	/System/Library/PrivateFrameworks/AVFCapture.framework/Versions/A/AVFCapture
0x00007ff913ccf000 	/System/Library/PrivateFrameworks/AirPlaySync.framework/Versions/A/AirPlaySync
0x00007ffb11cae000 	/System/Library/PrivateFrameworks/CMImaging.framework/Versions/A/CMImaging
0x00007ff82997c000 	/System/Library/PrivateFrameworks/Quagga.framework/Versions/A/Quagga
0x00007ff90f6dd000 	/System/Library/PrivateFrameworks/CMCapture.framework/Versions/A/CMCapture
0x00007ff81d6cb000 	/System/Library/Frameworks/CoreMediaIO.framework/Versions/A/CoreMediaIO
0x00007ff8249fb000 	/System/Library/PrivateFrameworks/Espresso.framework/Versions/A/Espresso
0x00007ffa1b3fb000 	/System/Library/PrivateFrameworks/ANECompiler.framework/Versions/A/ANECompiler
0x00007ff82664b000 	/System/Library/PrivateFrameworks/AppleNeuralEngine.framework/Versions/A/AppleNeuralEngine
0x00007ffb18284000 	/System/Library/PrivateFrameworks/MIL.framework/Versions/A/MIL
0x00007ffa2e27f000 	/System/Library/Frameworks/MetalPerformanceShadersGraph.framework/Versions/A/MetalPerformanceShadersGraph
0x00007ff82559a000 	/System/Library/PrivateFrameworks/ANEServices.framework/Versions/A/ANEServices
0x000000012daae000 	/Users/sheryl/.openjfx/cache/11.0.2/libfxplugins.dylib
0x00007ffb0fbc8000 	/System/Library/Frameworks/VideoDecodeAcceleration.framework/Versions/A/VideoDecodeAcceleration
0x00000001302d5000 	/System/Library/Extensions/AppleHDA.kext/Contents/PlugIns/AppleHDAHALPlugIn.bundle/Contents/MacOS/AppleHDAHALPlugIn
0x000000013053c000 	/System/Library/Components/CoreAudio.component/Contents/MacOS/CoreAudio
0x0000000132365000 	/System/Library/Components/AudioCodecs.component/Contents/MacOS/AudioCodecs


VM Arguments:
jvm_args: -Dfile.encoding=UTF-8 -Duser.country=SG -Duser.language=en -Duser.variant 
java_command: seedu.address.Main
java_class_path (initial): /Users/sheryl/tp/build/classes/java/main:/Users/sheryl/tp/build/resources/main:/Users/sheryl/.gradle/caches/modules-2/files-2.1/org.controlsfx/controlsfx/11.0.3/4b8f0388de0b3a7169f4bcca38bbe7163ad0b414/controlsfx-11.0.3.jar:/Users/sheryl/.gradle/caches/modules-2/files-2.1/org.openjfx/javafx-media/11.0.2/a9d052aba5dc676f26b5cfcd33a68e381f08a47a/javafx-media-11.0.2-win.jar:/Users/sheryl/.gradle/caches/modules-2/files-2.1/org.openjfx/javafx-media/11.0.2/183246bfc1704cced6bdda2e7ba1c368694f10bd/javafx-media-11.0.2-mac.jar:/Users/sheryl/.gradle/caches/modules-2/files-2.1/org.openjfx/javafx-media/11.0.2/8bc5daaa19f2ff103cd85f751ad021eb71ba7db7/javafx-media-11.0.2-linux.jar:/Users/sheryl/.gradle/caches/modules-2/files-2.1/org.openjfx/javafx-fxml/11/d5ff9262ef49d166db658d15f37e3ecff38fde4b/javafx-fxml-11-win.jar:/Users/sheryl/.gradle/caches/modules-2/files-2.1/org.openjfx/javafx-fxml/11/e0f5bb81e21054b59f2ebfa727d40a90ee0260d3/javafx-fxml-11-mac.jar:/Users/sheryl/.gradle/caches/modules-2/files-2.1/org.openjfx/javafx-fxml/11/e7a757b580fc3e2e1a121768606c7836eef418c/javafx-fxml-11-linux.jar:/Users/sheryl/.gradle/caches/modules-2/files-2.1/org.openjfx/javafx-controls/11.0.2/6c763707769c18adce406904c771c2ad1fcc370b/javafx-controls-11.0.2-win.jar:/Users/sheryl/.gradle/caches/modules-2/files-2.1/org.openjfx/javafx-controls/11.0.2/996371d2868035845572cdb19179dca2bfd1139f/javafx-controls-11.0.2-mac.jar:/Users/sheryl/.gradle/caches/modules-2/files-2.1/org.openjfx/javafx-controls/11.0.2/5f6929050a744aab39ebfc1e8e5dd03bcd2ad47b/javafx-controls-11.0.2-linux.jar:/Users/sheryl/.gradle/caches/modules-2/files-2.1/org.openjfx/javafx-controls/11.0.2/4ab633cf1eea60f76e2ae9905aedac862da88b08/javafx-controls-11.0.2.jar:/Users/sheryl/.gradle/caches/modules-2/files-2.1/org.openjfx/javafx-graphics/11.0.2/20459ea2cf714942bcbeb78a7f70ba3531dc1a44/javafx-graphics-11.0.2-win.jar:/Users/sheryl/.gradle/caches/modules-2/files-2.1/org.openjfx/javafx-graphics/11.0.2/c1d99ae5bc48
Launcher Type: SUN_STANDARD

[Global flags]
     intx CICompilerCount                          = 3                                         {product} {ergonomic}
     uint ConcGCThreads                            = 1                                         {product} {ergonomic}
     uint G1ConcRefinementThreads                  = 4                                         {product} {ergonomic}
   size_t G1HeapRegionSize                         = 1048576                                   {product} {ergonomic}
    uintx GCDrainStackTargetSize                   = 64                                        {product} {ergonomic}
   size_t InitialHeapSize                          = 134217728                                 {product} {ergonomic}
   size_t MarkStackSize                            = 4194304                                   {product} {ergonomic}
   size_t MaxHeapSize                              = 2147483648                                {product} {ergonomic}
   size_t MaxNewSize                               = 1287651328                                {product} {ergonomic}
   size_t MinHeapDeltaBytes                        = 1048576                                   {product} {ergonomic}
    uintx NonNMethodCodeHeapSize                   = 5830732                                {pd product} {ergonomic}
    uintx NonProfiledCodeHeapSize                  = 122913754                              {pd product} {ergonomic}
    uintx ProfiledCodeHeapSize                     = 122913754                              {pd product} {ergonomic}
    uintx ReservedCodeCacheSize                    = 251658240                              {pd product} {ergonomic}
     bool SegmentedCodeCache                       = true                                      {product} {ergonomic}
     bool UseCompressedClassPointers               = true                                 {lp64_product} {ergonomic}
     bool UseCompressedOops                        = true                                 {lp64_product} {ergonomic}
     bool UseG1GC                                  = true                                      {product} {ergonomic}

Logging:
Log output configuration:
 #0: stdout all=warning uptime,level,tags
 #1: stderr all=off uptime,level,tags

Environment Variables:
PATH=/Library/Frameworks/Python.framework/Versions/3.10/bin:/usr/local/bin:/usr/bin:/bin:/usr/sbin:/sbin
SHELL=/bin/zsh

Signal Handlers:
SIGSEGV: [libjvm.dylib+0x787cc8], sa_mask[0]=11111111011111110111111111111111, sa_flags=SA_ONSTACK|SA_RESTART|SA_SIGINFO
SIGBUS: [libjvm.dylib+0x787cc8], sa_mask[0]=11111111011111110111111111111111, sa_flags=SA_RESTART|SA_SIGINFO
SIGFPE: [libjvm.dylib+0x787cc8], sa_mask[0]=11111111011111110111111111111111, sa_flags=SA_RESTART|SA_SIGINFO
SIGPIPE: [libjvm.dylib+0x63aa37], sa_mask[0]=11111111011111110111111111111111, sa_flags=SA_RESTART|SA_SIGINFO
SIGXFSZ: [libjvm.dylib+0x63aa37], sa_mask[0]=11111111011111110111111111111111, sa_flags=SA_RESTART|SA_SIGINFO
SIGILL: [libjvm.dylib+0x787cc8], sa_mask[0]=11111111011111110111111111111111, sa_flags=SA_RESTART|SA_SIGINFO
SIGUSR2: [libjvm.dylib+0x63b00c], sa_mask[0]=00100000000000000000000000000000, sa_flags=SA_RESTART|SA_SIGINFO
SIGHUP: [libjvm.dylib+0x639b0f], sa_mask[0]=11111111011111110111111111111111, sa_flags=SA_RESTART|SA_SIGINFO
SIGINT: [libjvm.dylib+0x639b0f], sa_mask[0]=11111111011111110111111111111111, sa_flags=SA_RESTART|SA_SIGINFO
SIGTERM: [libjvm.dylib+0x639b0f], sa_mask[0]=11111111011111110111111111111111, sa_flags=SA_RESTART|SA_SIGINFO
SIGQUIT: [libjvm.dylib+0x639b0f], sa_mask[0]=11111111011111110111111111111111, sa_flags=SA_RESTART|SA_SIGINFO


---------------  S Y S T E M  ---------------

OS:uname:Darwin 21.6.0 Darwin Kernel Version 21.6.0: Mon Aug 22 20:17:10 PDT 2022; root:xnu-8020.140.49~2/RELEASE_X86_64 x86_64
rlimit: STACK 8192k, CORE 0k, NPROC 1392, NOFILE 10240, AS infinity, DATA infinity, FSIZE infinity
load average:3.39 8.62 12.15

CPU:total 4 (initial active 4) (2 cores per cpu, 2 threads per core) family 6 model 142 stepping 9 microcode 0xf0, cmov, cx8, fxsr, mmx, sse, sse2, sse3, ssse3, sse4.1, sse4.2, popcnt, avx, avx2, aes, clmul, erms, 3dnowpref, lzcnt, ht, tsc, tscinvbit, bmi1, bmi2, adx, fma

Memory: 4k page, physical 8388608k(341804k free)

vm_info: Java HotSpot(TM) 64-Bit Server VM (11.0.13+10-LTS-370) for bsd-amd64 JRE (11.0.13+10-LTS-370), built on Sep 15 2021 21:10:43 by "mach5one" with gcc 4.2.1 Compatible Apple LLVM 11.0.0 (clang-1100.0.33.17)

END.
