#
# A fatal error has been detected by the Java Runtime Environment:
#
#  SIGBUS (0xa) at pc=0x000000010bbfe370, pid=5820, tid=173831
#
# JRE version: OpenJDK Runtime Environment Zulu11.58+23-CA (11.0.16.1+1) (build 11.0.16.1+1-LTS)
# Java VM: OpenJDK 64-Bit Server VM Zulu11.58+23-CA (11.0.16.1+1-LTS, mixed mode, tiered, compressed oops, g1 gc, bsd-aarch64)
# Problematic frame:
# j  com.sun.javafx.tk.quantum.GlassScene.getAccessControlContext()Ljava/security/AccessControlContext;+21 javafx.graphics@11.0.16.1
#
# No core dump will be written. Core dumps have been disabled. To enable core dumping, try "ulimit -c unlimited" before starting Java again
#
# If you would like to submit a bug report, please visit:
#   http://www.azul.com/support/
# The crash happened outside the Java Virtual Machine in native code.
# See problematic frame for where to report the bug.
#

---------------  S U M M A R Y ------------

Command Line: -Dfile.encoding=UTF-8 -Duser.country=US -Duser.language=en -Duser.variant seedu.address.MainApp

Host: MacBookAir10,1 arm64 1 MHz, 8 cores, 8G, Darwin 21.6.0
Time: Tue Oct 25 17:44:08 2022 +08 elapsed time: 4.348127 seconds (0d 0h 0m 4s)

---------------  T H R E A D  ---------------

Current thread (0x000000014b016000):  JavaThread "Timer-1" [_thread_in_native, id=173831, stack(0x0000000280f24000,0x0000000281127000)]

Stack: [0x0000000280f24000,0x0000000281127000],  sp=0x0000000281125450,  free space=2053k
Native frames: (J=compiled Java code, A=aot compiled Java code, j=interpreted, Vv=VM code, C=native code)
j  com.sun.javafx.tk.quantum.GlassScene.getAccessControlContext()Ljava/security/AccessControlContext;+21 javafx.graphics@11.0.16.1
j  javafx.scene.Node$19.getAccessControlContext()Ljava/security/AccessControlContext;+33 javafx.graphics@11.0.16.1
j  com.sun.glass.ui.Accessible.getAccessControlContext()Ljava/security/AccessControlContext;+6 javafx.graphics@11.0.16.1
j  com.sun.glass.ui.Accessible.getAttribute(Ljavafx/scene/AccessibleAttribute;[Ljava/lang/Object;)Ljava/lang/Object;+1 javafx.graphics@11.0.16.1
j  com.sun.glass.ui.Accessible.isIgnored()Z+8 javafx.graphics@11.0.16.1
j  com.sun.glass.ui.mac.MacAccessible.accessibilityIsIgnored()Z+1 javafx.graphics@11.0.16.1
v  ~StubRoutines::call_stub
V  [libjvm.dylib+0x3378f8]  _ZN9JavaCalls11call_helperEP9JavaValueRK12methodHandleP17JavaCallArgumentsP6Thread+0x2e4
V  [libjvm.dylib+0x37ec48]  _ZL20jni_invoke_nonstaticP7JNIEnv_P9JavaValueP8_jobject11JNICallTypeP10_jmethodIDP18JNI_ArgumentPusherP6Thread+0x288
V  [libjvm.dylib+0x37fd20]  jni_CallBooleanMethod+0x188
C  [libglass.dylib+0x1fed0]  jStringToNSString+0x350
C  [AppKit+0x65a6d0]  __NSAccessibilityEntryPointIsAccessibilityElement_block_invoke+0x1c0
C  [AppKit+0x65a4cc]  NSAccessibilityPerformEntryPointBOOL+0x2c
C  [AppKit+0xde3e0]  NSAccessibilityEntryPointIsAccessibilityElement+0x8c
C  [AppKit+0x31a180]  NSAccessibilityPostNotificationForObservedElementWithUserInfo+0xd0
C  0x895080010bbffbfc
j  com.sun.glass.ui.mac.MacAccessible.sendNotification(Ljavafx/scene/AccessibleAttribute;)V+694 javafx.graphics@11.0.16.1
J 3216 c1 javafx.scene.Node.notifyAccessibleAttributeChanged(Ljavafx/scene/AccessibleAttribute;)V javafx.graphics@11.0.16.1 (41 bytes) @ 0x000000010c87b78c [0x000000010c87af80+0x000000000000080c]
j  javafx.scene.control.TextInputControl$TextProperty.controlContentHasChanged()V+11 javafx.controls@11.0.16.1
j  javafx.scene.control.TextInputControl.lambda$new$0(Ljavafx/scene/control/TextInputControl$Content;Ljavafx/beans/Observable;)V+21 javafx.controls@11.0.16.1
j  javafx.scene.control.TextInputControl$$Lambda$398.invalidated(Ljavafx/beans/Observable;)V+9 javafx.controls@11.0.16.1
J 3212 c1 com.sun.javafx.binding.ExpressionHelper$SingleInvalidation.fireValueChangedEvent()V javafx.base@11.0.16.1 (33 bytes) @ 0x000000010c879384 [0x000000010c879240+0x0000000000000144]
J 2026 c1 com.sun.javafx.binding.ExpressionHelper.fireValueChangedEvent(Lcom/sun/javafx/binding/ExpressionHelper;)V javafx.base@11.0.16.1 (9 bytes) @ 0x000000010c5bd714 [0x000000010c5bd6c0+0x0000000000000054]
j  javafx.scene.control.TextField$TextFieldContent.delete(IIZ)V+23 javafx.controls@11.0.16.1
j  javafx.scene.control.TextInputControl.replaceText(IILjava/lang/String;II)I+29 javafx.controls@11.0.16.1
j  javafx.scene.control.TextInputControl.filterAndSet(Ljava/lang/String;)Z+117 javafx.controls@11.0.16.1
j  javafx.scene.control.TextInputControl$TextProperty.doSet(Ljava/lang/String;)V+25 javafx.controls@11.0.16.1
j  javafx.scene.control.TextInputControl$TextProperty.set(Ljava/lang/String;)V+19 javafx.controls@11.0.16.1
j  javafx.scene.control.TextInputControl.setText(Ljava/lang/String;)V+5 javafx.controls@11.0.16.1
j  seedu.address.ui.CommandBox.clear()V+6
j  seedu.address.ui.MainWindow$1.run()V+7
j  java.util.TimerThread.mainLoop()V+221 java.base@11.0.16.1
j  java.util.TimerThread.run()V+1 java.base@11.0.16.1
v  ~StubRoutines::call_stub
V  [libjvm.dylib+0x3378f8]  _ZN9JavaCalls11call_helperEP9JavaValueRK12methodHandleP17JavaCallArgumentsP6Thread+0x2e4
V  [libjvm.dylib+0x336c54]  _ZN9JavaCalls12call_virtualEP9JavaValueP5KlassP6SymbolS5_P17JavaCallArgumentsP6Thread+0xec
V  [libjvm.dylib+0x336d1c]  _ZN9JavaCalls12call_virtualEP9JavaValue6HandleP5KlassP6SymbolS6_P6Thread+0x64
V  [libjvm.dylib+0x3d6e30]  _ZL12thread_entryP10JavaThreadP6Thread+0x78
V  [libjvm.dylib+0x6fd300]  _ZN10JavaThread17thread_main_innerEv+0x80
V  [libjvm.dylib+0x6fd12c]  _ZN10JavaThread3runEv+0x128
V  [libjvm.dylib+0x6fae84]  _ZN6Thread8call_runEv+0x7c
V  [libjvm.dylib+0x5a1ba0]  _ZL19thread_native_entryP6Thread+0x11c
C  [libsystem_pthread.dylib+0x726c]  _pthread_start+0x94

Java frames: (J=compiled Java code, j=interpreted, Vv=VM code)
j  com.sun.glass.ui.mac.MacAccessible.NSAccessibilityPostNotification(JJ)V+0 javafx.graphics@11.0.16.1
j  com.sun.glass.ui.mac.MacAccessible.sendNotification(Ljavafx/scene/AccessibleAttribute;)V+694 javafx.graphics@11.0.16.1
J 3216 c1 javafx.scene.Node.notifyAccessibleAttributeChanged(Ljavafx/scene/AccessibleAttribute;)V javafx.graphics@11.0.16.1 (41 bytes) @ 0x000000010c87b78c [0x000000010c87af80+0x000000000000080c]
j  javafx.scene.control.TextInputControl$TextProperty.controlContentHasChanged()V+11 javafx.controls@11.0.16.1
j  javafx.scene.control.TextInputControl.lambda$new$0(Ljavafx/scene/control/TextInputControl$Content;Ljavafx/beans/Observable;)V+21 javafx.controls@11.0.16.1
j  javafx.scene.control.TextInputControl$$Lambda$398.invalidated(Ljavafx/beans/Observable;)V+9 javafx.controls@11.0.16.1
J 3212 c1 com.sun.javafx.binding.ExpressionHelper$SingleInvalidation.fireValueChangedEvent()V javafx.base@11.0.16.1 (33 bytes) @ 0x000000010c879384 [0x000000010c879240+0x0000000000000144]
J 2026 c1 com.sun.javafx.binding.ExpressionHelper.fireValueChangedEvent(Lcom/sun/javafx/binding/ExpressionHelper;)V javafx.base@11.0.16.1 (9 bytes) @ 0x000000010c5bd714 [0x000000010c5bd6c0+0x0000000000000054]
j  javafx.scene.control.TextField$TextFieldContent.delete(IIZ)V+23 javafx.controls@11.0.16.1
j  javafx.scene.control.TextInputControl.replaceText(IILjava/lang/String;II)I+29 javafx.controls@11.0.16.1
j  javafx.scene.control.TextInputControl.filterAndSet(Ljava/lang/String;)Z+117 javafx.controls@11.0.16.1
j  javafx.scene.control.TextInputControl$TextProperty.doSet(Ljava/lang/String;)V+25 javafx.controls@11.0.16.1
j  javafx.scene.control.TextInputControl$TextProperty.set(Ljava/lang/String;)V+19 javafx.controls@11.0.16.1
j  javafx.scene.control.TextInputControl.setText(Ljava/lang/String;)V+5 javafx.controls@11.0.16.1
j  seedu.address.ui.CommandBox.clear()V+6
j  seedu.address.ui.MainWindow$1.run()V+7
j  java.util.TimerThread.mainLoop()V+221 java.base@11.0.16.1
j  java.util.TimerThread.run()V+1 java.base@11.0.16.1
v  ~StubRoutines::call_stub

siginfo: si_signo: 10 (SIGBUS), si_code: 1 (BUS_ADRALN), si_addr: 0x000000010bbfe370

Register to memory mapping:

 x0=
[error occurred during error reporting (printing register info), id 0xa, SIGBUS (0xa) at pc=0x000000010bc2fdac]

Registers:
 x0=0x0000000281125418  x1=0x0000000000000000  x2=0x0000000000000000  x3=0x0000000121013548
 x4=0x00000001c4858cf7  x5=0x0000000281125360  x6=0x000000000000005d  x7=0x000000012196f800
 x8=0x0000000000000001  x9=0x0000000000000008 x10=0x0000000000000200 x11=0x0000000281124e40
x12=0x0000000000000003 x13=0x0000000281125005 x14=0x0000000101ebf491 x15=0x0000000120ba5ea0
x16=0x00000001c472abc8 x17=0x000000021ea39c98 x18=0x0000000000000000 x19=0x00000002811254b0
x20=0x00000002811254b0 x21=0x000000010201ed88 x22=0x000000011f694a8d x23=0x0000000281125ad0
x24=0x0000000281125518 x25=0x000000000000000a x26=0x000000014cdc84d0 x27=0x0000000000000000
x28=0x000000012196f800  fp=0x0000000281125500  lr=0x000000010bbfe370  sp=0x0000000281125450
pc=0x000000010bbfe370 cpsr=0x0000000060001000
Top of Stack: (sp=0x0000000281125450)
0x0000000281125450:   
[error occurred during error reporting (printing registers, top of stack, instructions near pc), id 0xa, SIGBUS (0xa) at pc=0x000000010bc2fdac]


[error occurred during error reporting (inspecting top of stack), id 0xa, SIGBUS (0xa) at pc=0x000000010bc2fdac]

exception handling  [0x000000010bbfd880, 0x000000010bbfe480]  3072 bytes

---------------  P R O C E S S  ---------------

Threads class SMR info:
_java_thread_list=0x0000600003eec600, length=17, elements={
0x0000000121811000, 0x0000000121037000, 0x000000012103a000, 0x000000011f810000,
0x000000011f813000, 0x00000001218ec000, 0x00000001218f1800, 0x00000001218f2800,
0x00000001210e7000, 0x000000011f832800, 0x000000012117c000, 0x000000012196f800,
0x0000000121261800, 0x0000000126707800, 0x0000000121f31000, 0x000000014da43800,
0x000000014b016000
}

Java Threads: ( => current thread )
  0x0000000121811000 JavaThread "main" [_thread_blocked, id=5891, stack(0x000000016f698000,0x000000016f89b000)]
  0x0000000121037000 JavaThread "Reference Handler" daemon [_thread_blocked, id=13571, stack(0x00000001704ec000,0x00000001706ef000)]
  0x000000012103a000 JavaThread "Finalizer" daemon [_thread_blocked, id=14339, stack(0x00000001706f8000,0x00000001708fb000)]
  0x000000011f810000 JavaThread "Signal Dispatcher" daemon [_thread_blocked, id=15875, stack(0x0000000170a1c000,0x0000000170c1f000)]
  0x000000011f813000 JavaThread "Service Thread" daemon [_thread_blocked, id=22019, stack(0x0000000170c28000,0x0000000170e2b000)]
  0x00000001218ec000 JavaThread "C2 CompilerThread0" daemon [_thread_blocked, id=43011, stack(0x0000000170e34000,0x0000000171037000)]
  0x00000001218f1800 JavaThread "C1 CompilerThread0" daemon [_thread_blocked, id=22787, stack(0x0000000171040000,0x0000000171243000)]
  0x00000001218f2800 JavaThread "Sweeper thread" daemon [_thread_blocked, id=41987, stack(0x000000017124c000,0x000000017144f000)]
  0x00000001210e7000 JavaThread "Common-Cleaner" daemon [_thread_blocked, id=23555, stack(0x0000000171664000,0x0000000171867000)]
  0x000000011f832800 JavaThread "QuantumRenderer-0" daemon [_thread_blocked, id=24067, stack(0x0000000171870000,0x0000000171a73000)]
  0x000000012117c000 JavaThread "InvokeLaterDispatcher" daemon [_thread_blocked, id=36103, stack(0x0000000171a7c000,0x0000000171c7f000)]
  0x000000012196f800 JavaThread "JavaFX Application Thread" [_thread_in_native, id=259, stack(0x000000016ee10000,0x000000016f60c000)]
  0x0000000121261800 JavaThread "JavaFX-Launcher" [_thread_blocked, id=49923, stack(0x0000000171f20000,0x0000000172123000)]
  0x0000000126707800 JavaThread "PulseTimer-CVDisplayLink thread" daemon [_thread_in_native, id=58659, stack(0x0000000171d14000,0x0000000171d97000)]
  0x0000000121f31000 JavaThread "Prism Font Disposer" daemon [_thread_blocked, id=60427, stack(0x00000001777e0000,0x00000001779e3000)]
  0x000000014da43800 JavaThread "Cleaner-0" daemon [_thread_blocked, id=62219, stack(0x0000000177b90000,0x0000000177d93000)]
=>0x000000014b016000 JavaThread "Timer-1" [_thread_in_native, id=173831, stack(0x0000000280f24000,0x0000000281127000)]

Other Threads:
  0x000000012102f800 VMThread "VM Thread" [stack: 0x00000001702e0000,0x00000001704e3000] [id=13059]
  0x0000000121041000 WatcherThread [stack: 0x0000000171458000,0x000000017165b000] [id=41731]
  0x000000012181f800 GCTaskThread "GC Thread#0" [stack: 0x000000016f8a4000,0x000000016faa7000] [id=11011]
  0x000000011f95b000 GCTaskThread "GC Thread#1" [stack: 0x000000017212c000,0x000000017232f000] [id=74535]
  0x000000011f959800 GCTaskThread "GC Thread#2" [stack: 0x0000000172338000,0x000000017253b000] [id=73987]
  0x0000000126244800 GCTaskThread "GC Thread#3" [stack: 0x0000000172544000,0x0000000172747000] [id=73731]
  0x000000012624f800 GCTaskThread "GC Thread#4" [stack: 0x0000000172750000,0x0000000172953000] [id=55555]
  0x000000011f972000 GCTaskThread "GC Thread#5" [stack: 0x000000017295c000,0x0000000172b5f000] [id=56067]
  0x000000014da68000 GCTaskThread "GC Thread#6" [stack: 0x000000028090c000,0x0000000280b0f000] [id=63235]
  0x000000014da68800 GCTaskThread "GC Thread#7" [stack: 0x0000000280b18000,0x0000000280d1b000] [id=87299]
  0x0000000121841000 ConcurrentGCThread "G1 Main Marker" [stack: 0x000000016fab0000,0x000000016fcb3000] [id=19971]
  0x0000000121841800 ConcurrentGCThread "G1 Conc#0" [stack: 0x000000016fcbc000,0x000000016febf000] [id=19459]
  0x00000001266f7000 ConcurrentGCThread "G1 Conc#1" [stack: 0x0000000172d74000,0x0000000172f77000] [id=78863]
  0x00000001218a2800 ConcurrentGCThread "G1 Refine#0" [stack: 0x000000016fec8000,0x00000001700cb000] [id=12035]
  0x000000011fa2e000 ConcurrentGCThread "G1 Refine#1" [stack: 0x0000000172b68000,0x0000000172d6b000] [id=71427]
  0x00000001218a3000 ConcurrentGCThread "G1 Young RemSet Sampling" [stack: 0x00000001700d4000,0x00000001702d7000] [id=12291]

Threads with active compile tasks:

VM state:not at safepoint (normal execution)

VM Mutex/Monitor currently owned by a thread: None

OutOfMemory and StackOverflow Exception counts:
StackOverflowErrors=3423
LinkageErrors=71

Heap address: 0x0000000740000000, size: 2048 MB, Compressed Oops mode: Zero based, Oop shift amount: 3
Narrow klass base: 0x0000000800000000, Narrow klass shift: 0
Compressed class space size: 1073741824 Address: 0x0000000800000000

Heap:
 garbage-first heap   total 131072K, used 22393K [0x0000000740000000, 0x00000007c0000000)
  region size 1024K, 14 young (14336K), 8 survivors (8192K)
 Metaspace       used 35001K, capacity 36311K, committed 36528K, reserved 1081344K
  class space    used 4430K, capacity 5070K, committed 5120K, reserved 1048576K
Heap Regions: E=young(eden), S=young(survivor), O=old, HS=humongous(starts), HC=humongous(continues), CS=collection set, F=free, A=archive, TAMS=top-at-mark-start (previous, next)
|   0|0x0000000740000000, 0x0000000740100000, 0x0000000740100000|100%| O|  |TAMS 0x0000000740100000, 0x0000000740000000| Untracked 
|   1|0x0000000740100000, 0x0000000740200000, 0x0000000740200000|100%| O|  |TAMS 0x0000000740200000, 0x0000000740100000| Untracked 
|   2|0x0000000740200000, 0x0000000740300000, 0x0000000740300000|100%| O|  |TAMS 0x0000000740300000, 0x0000000740200000| Untracked 
|   3|0x0000000740300000, 0x00000007403de400, 0x0000000740400000| 86%| O|  |TAMS 0x00000007403de400, 0x0000000740300000| Untracked 
|   4|0x0000000740400000, 0x0000000740500000, 0x0000000740500000|100%| O|  |TAMS 0x0000000740500000, 0x0000000740400000| Untracked 
|   5|0x0000000740500000, 0x0000000740600000, 0x0000000740600000|100%| O|  |TAMS 0x0000000740600000, 0x0000000740500000| Untracked 
|   6|0x0000000740600000, 0x0000000740700000, 0x0000000740700000|100%| O|  |TAMS 0x0000000740700000, 0x0000000740600000| Untracked 
|   7|0x0000000740700000, 0x0000000740800000, 0x0000000740800000|100%|HS|  |TAMS 0x0000000740800000, 0x0000000740700000| Complete 
|   8|0x0000000740800000, 0x0000000740900000, 0x0000000740900000|100%|HC|  |TAMS 0x0000000740900000, 0x0000000740800000| Complete 
|   9|0x0000000740900000, 0x0000000740900000, 0x0000000740a00000|  0%| F|  |TAMS 0x0000000740900000, 0x0000000740900000| Untracked 
|  10|0x0000000740a00000, 0x0000000740a00000, 0x0000000740b00000|  0%| F|  |TAMS 0x0000000740a00000, 0x0000000740a00000| Untracked 
|  11|0x0000000740b00000, 0x0000000740b00000, 0x0000000740c00000|  0%| F|  |TAMS 0x0000000740b00000, 0x0000000740b00000| Untracked 
|  12|0x0000000740c00000, 0x0000000740c00000, 0x0000000740d00000|  0%| F|  |TAMS 0x0000000740c00000, 0x0000000740c00000| Untracked 
|  13|0x0000000740d00000, 0x0000000740d00000, 0x0000000740e00000|  0%| F|  |TAMS 0x0000000740d00000, 0x0000000740d00000| Untracked 
|  14|0x0000000740e00000, 0x0000000740e00000, 0x0000000740f00000|  0%| F|  |TAMS 0x0000000740e00000, 0x0000000740e00000| Untracked 
|  15|0x0000000740f00000, 0x0000000740f00000, 0x0000000741000000|  0%| F|  |TAMS 0x0000000740f00000, 0x0000000740f00000| Untracked 
|  16|0x0000000741000000, 0x0000000741000000, 0x0000000741100000|  0%| F|  |TAMS 0x0000000741000000, 0x0000000741000000| Untracked 
|  17|0x0000000741100000, 0x0000000741100000, 0x0000000741200000|  0%| F|  |TAMS 0x0000000741100000, 0x0000000741100000| Untracked 
|  18|0x0000000741200000, 0x0000000741200000, 0x0000000741300000|  0%| F|  |TAMS 0x0000000741200000, 0x0000000741200000| Untracked 
|  19|0x0000000741300000, 0x0000000741300000, 0x0000000741400000|  0%| F|  |TAMS 0x0000000741300000, 0x0000000741300000| Untracked 
|  20|0x0000000741400000, 0x0000000741400000, 0x0000000741500000|  0%| F|  |TAMS 0x0000000741400000, 0x0000000741400000| Untracked 
|  21|0x0000000741500000, 0x0000000741500000, 0x0000000741600000|  0%| F|  |TAMS 0x0000000741500000, 0x0000000741500000| Untracked 
|  22|0x0000000741600000, 0x0000000741600000, 0x0000000741700000|  0%| F|  |TAMS 0x0000000741600000, 0x0000000741600000| Untracked 
|  23|0x0000000741700000, 0x0000000741700000, 0x0000000741800000|  0%| F|  |TAMS 0x0000000741700000, 0x0000000741700000| Untracked 
|  24|0x0000000741800000, 0x0000000741800000, 0x0000000741900000|  0%| F|  |TAMS 0x0000000741800000, 0x0000000741800000| Untracked 
|  25|0x0000000741900000, 0x0000000741900000, 0x0000000741a00000|  0%| F|  |TAMS 0x0000000741900000, 0x0000000741900000| Untracked 
|  26|0x0000000741a00000, 0x0000000741a00000, 0x0000000741b00000|  0%| F|  |TAMS 0x0000000741a00000, 0x0000000741a00000| Untracked 
|  27|0x0000000741b00000, 0x0000000741b00000, 0x0000000741c00000|  0%| F|  |TAMS 0x0000000741b00000, 0x0000000741b00000| Untracked 
|  28|0x0000000741c00000, 0x0000000741c00000, 0x0000000741d00000|  0%| F|  |TAMS 0x0000000741c00000, 0x0000000741c00000| Untracked 
|  29|0x0000000741d00000, 0x0000000741d00000, 0x0000000741e00000|  0%| F|  |TAMS 0x0000000741d00000, 0x0000000741d00000| Untracked 
|  30|0x0000000741e00000, 0x0000000741e00000, 0x0000000741f00000|  0%| F|  |TAMS 0x0000000741e00000, 0x0000000741e00000| Untracked 
|  31|0x0000000741f00000, 0x0000000741f00000, 0x0000000742000000|  0%| F|  |TAMS 0x0000000741f00000, 0x0000000741f00000| Untracked 
|  32|0x0000000742000000, 0x0000000742000000, 0x0000000742100000|  0%| F|  |TAMS 0x0000000742000000, 0x0000000742000000| Untracked 
|  33|0x0000000742100000, 0x0000000742100000, 0x0000000742200000|  0%| F|  |TAMS 0x0000000742100000, 0x0000000742100000| Untracked 
|  34|0x0000000742200000, 0x0000000742200000, 0x0000000742300000|  0%| F|  |TAMS 0x0000000742200000, 0x0000000742200000| Untracked 
|  35|0x0000000742300000, 0x0000000742300000, 0x0000000742400000|  0%| F|  |TAMS 0x0000000742300000, 0x0000000742300000| Untracked 
|  36|0x0000000742400000, 0x0000000742400000, 0x0000000742500000|  0%| F|  |TAMS 0x0000000742400000, 0x0000000742400000| Untracked 
|  37|0x0000000742500000, 0x0000000742500000, 0x0000000742600000|  0%| F|  |TAMS 0x0000000742500000, 0x0000000742500000| Untracked 
|  38|0x0000000742600000, 0x0000000742600000, 0x0000000742700000|  0%| F|  |TAMS 0x0000000742600000, 0x0000000742600000| Untracked 
|  39|0x0000000742700000, 0x0000000742700000, 0x0000000742800000|  0%| F|  |TAMS 0x0000000742700000, 0x0000000742700000| Untracked 
|  40|0x0000000742800000, 0x0000000742800000, 0x0000000742900000|  0%| F|  |TAMS 0x0000000742800000, 0x0000000742800000| Untracked 
|  41|0x0000000742900000, 0x0000000742900000, 0x0000000742a00000|  0%| F|  |TAMS 0x0000000742900000, 0x0000000742900000| Untracked 
|  42|0x0000000742a00000, 0x0000000742a00000, 0x0000000742b00000|  0%| F|  |TAMS 0x0000000742a00000, 0x0000000742a00000| Untracked 
|  43|0x0000000742b00000, 0x0000000742b00000, 0x0000000742c00000|  0%| F|  |TAMS 0x0000000742b00000, 0x0000000742b00000| Untracked 
|  44|0x0000000742c00000, 0x0000000742c00000, 0x0000000742d00000|  0%| F|  |TAMS 0x0000000742c00000, 0x0000000742c00000| Untracked 
|  45|0x0000000742d00000, 0x0000000742d00000, 0x0000000742e00000|  0%| F|  |TAMS 0x0000000742d00000, 0x0000000742d00000| Untracked 
|  46|0x0000000742e00000, 0x0000000742e00000, 0x0000000742f00000|  0%| F|  |TAMS 0x0000000742e00000, 0x0000000742e00000| Untracked 
|  47|0x0000000742f00000, 0x0000000742f00000, 0x0000000743000000|  0%| F|  |TAMS 0x0000000742f00000, 0x0000000742f00000| Untracked 
|  48|0x0000000743000000, 0x0000000743000000, 0x0000000743100000|  0%| F|  |TAMS 0x0000000743000000, 0x0000000743000000| Untracked 
|  49|0x0000000743100000, 0x0000000743100000, 0x0000000743200000|  0%| F|  |TAMS 0x0000000743100000, 0x0000000743100000| Untracked 
|  50|0x0000000743200000, 0x0000000743200000, 0x0000000743300000|  0%| F|  |TAMS 0x0000000743200000, 0x0000000743200000| Untracked 
|  51|0x0000000743300000, 0x0000000743300000, 0x0000000743400000|  0%| F|  |TAMS 0x0000000743300000, 0x0000000743300000| Untracked 
|  52|0x0000000743400000, 0x0000000743400000, 0x0000000743500000|  0%| F|  |TAMS 0x0000000743400000, 0x0000000743400000| Untracked 
|  53|0x0000000743500000, 0x0000000743500000, 0x0000000743600000|  0%| F|  |TAMS 0x0000000743500000, 0x0000000743500000| Untracked 
|  54|0x0000000743600000, 0x0000000743600000, 0x0000000743700000|  0%| F|  |TAMS 0x0000000743600000, 0x0000000743600000| Untracked 
|  55|0x0000000743700000, 0x0000000743700000, 0x0000000743800000|  0%| F|  |TAMS 0x0000000743700000, 0x0000000743700000| Untracked 
|  56|0x0000000743800000, 0x0000000743800000, 0x0000000743900000|  0%| F|  |TAMS 0x0000000743800000, 0x0000000743800000| Untracked 
|  57|0x0000000743900000, 0x0000000743900000, 0x0000000743a00000|  0%| F|  |TAMS 0x0000000743900000, 0x0000000743900000| Untracked 
|  58|0x0000000743a00000, 0x0000000743a00000, 0x0000000743b00000|  0%| F|  |TAMS 0x0000000743a00000, 0x0000000743a00000| Untracked 
|  59|0x0000000743b00000, 0x0000000743b00000, 0x0000000743c00000|  0%| F|  |TAMS 0x0000000743b00000, 0x0000000743b00000| Untracked 
|  60|0x0000000743c00000, 0x0000000743c00000, 0x0000000743d00000|  0%| F|  |TAMS 0x0000000743c00000, 0x0000000743c00000| Untracked 
|  61|0x0000000743d00000, 0x0000000743d00000, 0x0000000743e00000|  0%| F|  |TAMS 0x0000000743d00000, 0x0000000743d00000| Untracked 
|  62|0x0000000743e00000, 0x0000000743e00000, 0x0000000743f00000|  0%| F|  |TAMS 0x0000000743e00000, 0x0000000743e00000| Untracked 
|  63|0x0000000743f00000, 0x0000000743f00000, 0x0000000744000000|  0%| F|  |TAMS 0x0000000743f00000, 0x0000000743f00000| Untracked 
|  64|0x0000000744000000, 0x0000000744000000, 0x0000000744100000|  0%| F|  |TAMS 0x0000000744000000, 0x0000000744000000| Untracked 
|  65|0x0000000744100000, 0x0000000744100000, 0x0000000744200000|  0%| F|  |TAMS 0x0000000744100000, 0x0000000744100000| Untracked 
|  66|0x0000000744200000, 0x0000000744200000, 0x0000000744300000|  0%| F|  |TAMS 0x0000000744200000, 0x0000000744200000| Untracked 
|  67|0x0000000744300000, 0x0000000744300000, 0x0000000744400000|  0%| F|  |TAMS 0x0000000744300000, 0x0000000744300000| Untracked 
|  68|0x0000000744400000, 0x0000000744400000, 0x0000000744500000|  0%| F|  |TAMS 0x0000000744400000, 0x0000000744400000| Untracked 
|  69|0x0000000744500000, 0x0000000744500000, 0x0000000744600000|  0%| F|  |TAMS 0x0000000744500000, 0x0000000744500000| Untracked 
|  70|0x0000000744600000, 0x0000000744600000, 0x0000000744700000|  0%| F|  |TAMS 0x0000000744600000, 0x0000000744600000| Untracked 
|  71|0x0000000744700000, 0x0000000744700000, 0x0000000744800000|  0%| F|  |TAMS 0x0000000744700000, 0x0000000744700000| Untracked 
|  72|0x0000000744800000, 0x0000000744800000, 0x0000000744900000|  0%| F|  |TAMS 0x0000000744800000, 0x0000000744800000| Untracked 
|  73|0x0000000744900000, 0x0000000744900000, 0x0000000744a00000|  0%| F|  |TAMS 0x0000000744900000, 0x0000000744900000| Untracked 
|  74|0x0000000744a00000, 0x0000000744a00000, 0x0000000744b00000|  0%| F|  |TAMS 0x0000000744a00000, 0x0000000744a00000| Untracked 
|  75|0x0000000744b00000, 0x0000000744b00000, 0x0000000744c00000|  0%| F|  |TAMS 0x0000000744b00000, 0x0000000744b00000| Untracked 
|  76|0x0000000744c00000, 0x0000000744c00000, 0x0000000744d00000|  0%| F|  |TAMS 0x0000000744c00000, 0x0000000744c00000| Untracked 
|  77|0x0000000744d00000, 0x0000000744d00000, 0x0000000744e00000|  0%| F|  |TAMS 0x0000000744d00000, 0x0000000744d00000| Untracked 
|  78|0x0000000744e00000, 0x0000000744e00000, 0x0000000744f00000|  0%| F|  |TAMS 0x0000000744e00000, 0x0000000744e00000| Untracked 
|  79|0x0000000744f00000, 0x0000000744f00000, 0x0000000745000000|  0%| F|  |TAMS 0x0000000744f00000, 0x0000000744f00000| Untracked 
|  80|0x0000000745000000, 0x0000000745000000, 0x0000000745100000|  0%| F|  |TAMS 0x0000000745000000, 0x0000000745000000| Untracked 
|  81|0x0000000745100000, 0x0000000745100000, 0x0000000745200000|  0%| F|  |TAMS 0x0000000745100000, 0x0000000745100000| Untracked 
|  82|0x0000000745200000, 0x0000000745200000, 0x0000000745300000|  0%| F|  |TAMS 0x0000000745200000, 0x0000000745200000| Untracked 
|  83|0x0000000745300000, 0x0000000745300000, 0x0000000745400000|  0%| F|  |TAMS 0x0000000745300000, 0x0000000745300000| Untracked 
|  84|0x0000000745400000, 0x0000000745500000, 0x0000000745500000|100%| S|CS|TAMS 0x0000000745400000, 0x0000000745400000| Complete 
|  85|0x0000000745500000, 0x0000000745600000, 0x0000000745600000|100%| S|CS|TAMS 0x0000000745500000, 0x0000000745500000| Complete 
|  86|0x0000000745600000, 0x0000000745700000, 0x0000000745700000|100%| S|CS|TAMS 0x0000000745600000, 0x0000000745600000| Complete 
|  87|0x0000000745700000, 0x0000000745800000, 0x0000000745800000|100%| S|CS|TAMS 0x0000000745700000, 0x0000000745700000| Complete 
|  88|0x0000000745800000, 0x0000000745900000, 0x0000000745900000|100%| S|CS|TAMS 0x0000000745800000, 0x0000000745800000| Complete 
|  89|0x0000000745900000, 0x0000000745a00000, 0x0000000745a00000|100%| S|CS|TAMS 0x0000000745900000, 0x0000000745900000| Complete 
|  90|0x0000000745a00000, 0x0000000745b00000, 0x0000000745b00000|100%| S|CS|TAMS 0x0000000745a00000, 0x0000000745a00000| Complete 
|  91|0x0000000745b00000, 0x0000000745c00000, 0x0000000745c00000|100%| S|CS|TAMS 0x0000000745b00000, 0x0000000745b00000| Complete 
|  92|0x0000000745c00000, 0x0000000745c00000, 0x0000000745d00000|  0%| F|  |TAMS 0x0000000745c00000, 0x0000000745c00000| Untracked 
|  93|0x0000000745d00000, 0x0000000745d00000, 0x0000000745e00000|  0%| F|  |TAMS 0x0000000745d00000, 0x0000000745d00000| Untracked 
|  94|0x0000000745e00000, 0x0000000745e00000, 0x0000000745f00000|  0%| F|  |TAMS 0x0000000745e00000, 0x0000000745e00000| Untracked 
|  95|0x0000000745f00000, 0x0000000745f00000, 0x0000000746000000|  0%| F|  |TAMS 0x0000000745f00000, 0x0000000745f00000| Untracked 
|  96|0x0000000746000000, 0x0000000746000000, 0x0000000746100000|  0%| F|  |TAMS 0x0000000746000000, 0x0000000746000000| Untracked 
|  97|0x0000000746100000, 0x0000000746100000, 0x0000000746200000|  0%| F|  |TAMS 0x0000000746100000, 0x0000000746100000| Untracked 
|  98|0x0000000746200000, 0x0000000746200000, 0x0000000746300000|  0%| F|  |TAMS 0x0000000746200000, 0x0000000746200000| Untracked 
|  99|0x0000000746300000, 0x0000000746300000, 0x0000000746400000|  0%| F|  |TAMS 0x0000000746300000, 0x0000000746300000| Untracked 
| 100|0x0000000746400000, 0x0000000746400000, 0x0000000746500000|  0%| F|  |TAMS 0x0000000746400000, 0x0000000746400000| Untracked 
| 101|0x0000000746500000, 0x0000000746500000, 0x0000000746600000|  0%| F|  |TAMS 0x0000000746500000, 0x0000000746500000| Untracked 
| 102|0x0000000746600000, 0x0000000746600000, 0x0000000746700000|  0%| F|  |TAMS 0x0000000746600000, 0x0000000746600000| Untracked 
| 103|0x0000000746700000, 0x0000000746700000, 0x0000000746800000|  0%| F|  |TAMS 0x0000000746700000, 0x0000000746700000| Untracked 
| 104|0x0000000746800000, 0x0000000746800000, 0x0000000746900000|  0%| F|  |TAMS 0x0000000746800000, 0x0000000746800000| Untracked 
| 105|0x0000000746900000, 0x0000000746900000, 0x0000000746a00000|  0%| F|  |TAMS 0x0000000746900000, 0x0000000746900000| Untracked 
| 106|0x0000000746a00000, 0x0000000746a00000, 0x0000000746b00000|  0%| F|  |TAMS 0x0000000746a00000, 0x0000000746a00000| Untracked 
| 107|0x0000000746b00000, 0x0000000746b00000, 0x0000000746c00000|  0%| F|  |TAMS 0x0000000746b00000, 0x0000000746b00000| Untracked 
| 108|0x0000000746c00000, 0x0000000746c00000, 0x0000000746d00000|  0%| F|  |TAMS 0x0000000746c00000, 0x0000000746c00000| Untracked 
| 109|0x0000000746d00000, 0x0000000746d00000, 0x0000000746e00000|  0%| F|  |TAMS 0x0000000746d00000, 0x0000000746d00000| Untracked 
| 110|0x0000000746e00000, 0x0000000746e00000, 0x0000000746f00000|  0%| F|  |TAMS 0x0000000746e00000, 0x0000000746e00000| Untracked 
| 111|0x0000000746f00000, 0x0000000746f00000, 0x0000000747000000|  0%| F|  |TAMS 0x0000000746f00000, 0x0000000746f00000| Untracked 
| 112|0x0000000747000000, 0x0000000747000000, 0x0000000747100000|  0%| F|  |TAMS 0x0000000747000000, 0x0000000747000000| Untracked 
| 113|0x0000000747100000, 0x0000000747100000, 0x0000000747200000|  0%| F|  |TAMS 0x0000000747100000, 0x0000000747100000| Untracked 
| 114|0x0000000747200000, 0x0000000747200000, 0x0000000747300000|  0%| F|  |TAMS 0x0000000747200000, 0x0000000747200000| Untracked 
| 115|0x0000000747300000, 0x0000000747300000, 0x0000000747400000|  0%| F|  |TAMS 0x0000000747300000, 0x0000000747300000| Untracked 
| 116|0x0000000747400000, 0x0000000747400000, 0x0000000747500000|  0%| F|  |TAMS 0x0000000747400000, 0x0000000747400000| Untracked 
| 117|0x0000000747500000, 0x0000000747500000, 0x0000000747600000|  0%| F|  |TAMS 0x0000000747500000, 0x0000000747500000| Untracked 
| 118|0x0000000747600000, 0x0000000747600000, 0x0000000747700000|  0%| F|  |TAMS 0x0000000747600000, 0x0000000747600000| Untracked 
| 119|0x0000000747700000, 0x0000000747700000, 0x0000000747800000|  0%| F|  |TAMS 0x0000000747700000, 0x0000000747700000| Untracked 
| 120|0x0000000747800000, 0x0000000747800000, 0x0000000747900000|  0%| F|  |TAMS 0x0000000747800000, 0x0000000747800000| Untracked 
| 121|0x0000000747900000, 0x0000000747900000, 0x0000000747a00000|  0%| F|  |TAMS 0x0000000747900000, 0x0000000747900000| Untracked 
| 122|0x0000000747a00000, 0x0000000747a30a98, 0x0000000747b00000| 19%| E|  |TAMS 0x0000000747a00000, 0x0000000747a00000| Complete 
| 123|0x0000000747b00000, 0x0000000747c00000, 0x0000000747c00000|100%| E|CS|TAMS 0x0000000747b00000, 0x0000000747b00000| Complete 
| 124|0x0000000747c00000, 0x0000000747d00000, 0x0000000747d00000|100%| E|CS|TAMS 0x0000000747c00000, 0x0000000747c00000| Complete 
| 125|0x0000000747d00000, 0x0000000747e00000, 0x0000000747e00000|100%| E|CS|TAMS 0x0000000747d00000, 0x0000000747d00000| Complete 
| 126|0x0000000747e00000, 0x0000000747f00000, 0x0000000747f00000|100%| E|CS|TAMS 0x0000000747e00000, 0x0000000747e00000| Complete 
| 127|0x0000000747f00000, 0x0000000748000000, 0x0000000748000000|100%| E|CS|TAMS 0x0000000747f00000, 0x0000000747f00000| Complete 

Card table byte_map: [0x0000000101104000,0x0000000101504000] _byte_map_base: 0x00000000fd704000

Marking Bits (Prev, Next): (CMBitMap*) 0x0000000121838418, (CMBitMap*) 0x0000000121838450
 Prev Bits: [0x000000011aff4000, 0x000000011cff4000)
 Next Bits: [0x000000011cff4000, 0x000000011eff4000)

Polling page: 0x0000000100980000

Metaspace:

Usage:
  Non-class:     30.51 MB capacity,    29.85 MB ( 98%) used,   511.67 KB (  2%) free+waste,   159.06 KB ( <1%) overhead. 
      Class:      4.95 MB capacity,     4.33 MB ( 87%) used,   554.38 KB ( 11%) free+waste,    84.81 KB (  2%) overhead. 
       Both:     35.46 MB capacity,    34.18 MB ( 96%) used,     1.04 MB (  3%) free+waste,   243.88 KB ( <1%) overhead. 

Virtual space:
  Non-class space:       32.00 MB reserved,      30.67 MB ( 96%) committed 
      Class space:        1.00 GB reserved,       5.00 MB ( <1%) committed 
             Both:        1.03 GB reserved,      35.67 MB (  3%) committed 

Chunk freelists:
   Non-Class:  39.00 KB
       Class:  18.00 KB
        Both:  57.00 KB

MaxMetaspaceSize: unlimited
CompressedClassSpaceSize: 1.00 GB
Initial GC threshold: 20.80 MB
Current GC threshold: 58.42 MB
CDS: off

CodeHeap 'non-profiled nmethods': size=120032Kb used=1466Kb max_used=1466Kb free=118565Kb
 bounds [0x00000001136bc000, 0x000000011392c000, 0x000000011abf4000]
CodeHeap 'profiled nmethods': size=120016Kb used=8002Kb max_used=8002Kb free=112013Kb
 bounds [0x000000010c188000, 0x000000010c968000, 0x00000001136bc000]
CodeHeap 'non-nmethods': size=5712Kb used=1439Kb max_used=1484Kb free=4273Kb
 bounds [0x000000010bbf4000, 0x000000010be64000, 0x000000010c188000]
 total_blobs=4337 nmethods=3513 adapters=740
 compilation: enabled
              stopped_count=0, restarted_count=0
 full_count=0

Compilation events (20 events):
Event: 3.894 Thread 0x00000001218f1800 3517       3       javafx.scene.input.KeyEvent::getEventType (5 bytes)
Event: 3.894 Thread 0x00000001218f1800 nmethod 3517 0x000000010c94fb90 code [0x000000010c94fd40, 0x000000010c94ff50]
Event: 3.997 Thread 0x00000001218f1800 3518       3       com.sun.javafx.tk.Toolkit$$Lambda$408/0x00000008003f6840::run (8 bytes)
Event: 3.997 Thread 0x00000001218f1800 nmethod 3518 0x000000010c950010 code [0x000000010c9501c0, 0x000000010c9504c0]
Event: 3.997 Thread 0x00000001218f1800 3519       3       com.sun.javafx.tk.Toolkit::lambda$runPulse$2 (8 bytes)
Event: 3.997 Thread 0x00000001218f1800 nmethod 3519 0x000000010c950610 code [0x000000010c9507c0, 0x000000010c950a00]
Event: 4.031 Thread 0x00000001218f1800 3520       3       java.util.concurrent.atomic.AtomicBoolean::getAndSet (25 bytes)
Event: 4.032 Thread 0x00000001218f1800 nmethod 3520 0x000000010c950b10 code [0x000000010c950d80, 0x000000010c9515f0]
Event: 4.032 Thread 0x00000001218f1800 3521       3       java.lang.invoke.VarHandleGuards::guard_LI_I (63 bytes)
Event: 4.033 Thread 0x00000001218f1800 nmethod 3521 0x000000010c951890 code [0x000000010c951b80, 0x000000010c952d00]
Event: 4.333 Thread 0x00000001218f1800 3523   !   3       java.nio.CharBuffer::wrap (20 bytes)
Event: 4.334 Thread 0x00000001218f1800 nmethod 3523 0x000000010c953210 code [0x000000010c953400, 0x000000010c953830]
Event: 4.334 Thread 0x00000001218f1800 3524       3       java.nio.HeapCharBuffer::<init> (21 bytes)
Event: 4.334 Thread 0x00000001218f1800 nmethod 3524 0x000000010c953a90 code [0x000000010c953c40, 0x000000010c953f00]
Event: 4.334 Thread 0x00000001218f1800 3525       3       java.io.PrintStream::ensureOpen (18 bytes)
Event: 4.334 Thread 0x00000001218f1800 nmethod 3525 0x000000010c954090 code [0x000000010c954240, 0x000000010c9544c0]
Event: 4.334 Thread 0x00000001218f1800 3526       3       java.io.BufferedWriter::ensureOpen (18 bytes)
Event: 4.334 Thread 0x00000001218f1800 nmethod 3526 0x000000010c954590 code [0x000000010c954740, 0x000000010c9549c0]
Event: 4.334 Thread 0x00000001218f1800 3527       3       java.nio.ByteBuffer::flip (7 bytes)
Event: 4.335 Thread 0x00000001218f1800 nmethod 3527 0x000000010c954a90 code [0x000000010c954c40, 0x000000010c954e50]

GC Heap History (8 events):
Event: 0.512 GC heap before
{Heap before GC invocations=0 (full 0):
 garbage-first heap   total 131072K, used 23552K [0x0000000740000000, 0x00000007c0000000)
  region size 1024K, 24 young (24576K), 0 survivors (0K)
 Metaspace       used 14928K, capacity 15204K, committed 15488K, reserved 1062912K
  class space    used 1488K, capacity 1629K, committed 1664K, reserved 1048576K
}
Event: 0.516 GC heap after
{Heap after GC invocations=1 (full 0):
 garbage-first heap   total 131072K, used 5761K [0x0000000740000000, 0x00000007c0000000)
  region size 1024K, 3 young (3072K), 3 survivors (3072K)
 Metaspace       used 14928K, capacity 15204K, committed 15488K, reserved 1062912K
  class space    used 1488K, capacity 1629K, committed 1664K, reserved 1048576K
}
Event: 0.698 GC heap before
{Heap before GC invocations=1 (full 0):
 garbage-first heap   total 131072K, used 18049K [0x0000000740000000, 0x00000007c0000000)
  region size 1024K, 15 young (15360K), 3 survivors (3072K)
 Metaspace       used 18549K, capacity 18929K, committed 19200K, reserved 1067008K
  class space    used 1832K, capacity 2040K, committed 2048K, reserved 1048576K
}
Event: 0.701 GC heap after
{Heap after GC invocations=2 (full 0):
 garbage-first heap   total 131072K, used 6752K [0x0000000740000000, 0x00000007c0000000)
  region size 1024K, 2 young (2048K), 2 survivors (2048K)
 Metaspace       used 18549K, capacity 18929K, committed 19200K, reserved 1067008K
  class space    used 1832K, capacity 2040K, committed 2048K, reserved 1048576K
}
Event: 0.913 GC heap before
{Heap before GC invocations=2 (full 0):
 garbage-first heap   total 131072K, used 15968K [0x0000000740000000, 0x00000007c0000000)
  region size 1024K, 13 young (13312K), 2 survivors (2048K)
 Metaspace       used 20547K, capacity 21026K, committed 21248K, reserved 1069056K
  class space    used 2101K, capacity 2297K, committed 2304K, reserved 1048576K
}
Event: 0.914 GC heap after
{Heap after GC invocations=3 (full 0):
 garbage-first heap   total 131072K, used 8209K [0x0000000740000000, 0x00000007c0000000)
  region size 1024K, 3 young (3072K), 3 survivors (3072K)
 Metaspace       used 20547K, capacity 21026K, committed 21248K, reserved 1069056K
  class space    used 2101K, capacity 2297K, committed 2304K, reserved 1048576K
}
Event: 2.449 GC heap before
{Heap before GC invocations=4 (full 0):
 garbage-first heap   total 131072K, used 43025K [0x0000000740000000, 0x00000007c0000000)
  region size 1024K, 36 young (36864K), 3 survivors (3072K)
 Metaspace       used 34233K, capacity 35509K, committed 35632K, reserved 1079296K
  class space    used 4324K, capacity 4933K, committed 4992K, reserved 1048576K
}
Event: 2.460 GC heap after
{Heap after GC invocations=5 (full 0):
 garbage-first heap   total 131072K, used 17273K [0x0000000740000000, 0x00000007c0000000)
  region size 1024K, 8 young (8192K), 8 survivors (8192K)
 Metaspace       used 34233K, capacity 35509K, committed 35632K, reserved 1079296K
  class space    used 4324K, capacity 4933K, committed 4992K, reserved 1048576K
}

Deoptimization events (20 events):
Event: 1.649 Thread 0x000000011f832800 DEOPT PACKING pc=0x000000010c7fdcf0 sp=0x0000000171a6e8e0
Event: 1.649 Thread 0x000000011f832800 DEOPT UNPACKING pc=0x000000010bc2927c sp=0x0000000171a6e630 mode 0
Event: 1.650 Thread 0x000000011f832800 DEOPT PACKING pc=0x000000010c7fddb4 sp=0x0000000171a6e8e0
Event: 1.650 Thread 0x000000011f832800 DEOPT UNPACKING pc=0x000000010bc2927c sp=0x0000000171a6e630 mode 0
Event: 1.654 Thread 0x000000011f832800 DEOPT PACKING pc=0x000000010c7fddb4 sp=0x0000000171a6e8e0
Event: 1.654 Thread 0x000000011f832800 DEOPT UNPACKING pc=0x000000010bc2927c sp=0x0000000171a6e630 mode 0
Event: 2.440 Thread 0x000000012196f800 Uncommon trap: trap_request=0xffffff4d fr.pc=0x00000001136f4278 relative=0x00000000000000b8
Event: 2.440 Thread 0x000000012196f800 Uncommon trap: reason=unstable_if action=reinterpret pc=0x00000001136f4278 method=java.lang.String.getBytes([BIB)V @ 5 c2
Event: 2.440 Thread 0x000000012196f800 DEOPT PACKING pc=0x00000001136f4278 sp=0x000000016f604a20
Event: 2.440 Thread 0x000000012196f800 DEOPT UNPACKING pc=0x000000010bc28d9c sp=0x000000016f6049a0 mode 2
Event: 2.443 Thread 0x000000012196f800 Uncommon trap: trap_request=0xffffff4d fr.pc=0x0000000113805bc8 relative=0x0000000000000708
Event: 2.443 Thread 0x000000012196f800 Uncommon trap: reason=unstable_if action=reinterpret pc=0x0000000113805bc8 method=javafx.scene.CssStyleHelper.lookup(Ljavafx/css/Styleable;Ljavafx/css/CssMetaData;Lcom/sun/javafx/css/StyleMap;Ljava/util/Set;Ljavafx/css/Styleable;Lcom/sun/javafx/css/Calcul
Event: 2.443 Thread 0x000000012196f800 DEOPT PACKING pc=0x0000000113805bc8 sp=0x000000016f604350
Event: 2.443 Thread 0x000000012196f800 DEOPT UNPACKING pc=0x000000010bc28d9c sp=0x000000016f6042a0 mode 2
Event: 2.495 Thread 0x000000011f832800 DEOPT PACKING pc=0x000000010c81bf1c sp=0x0000000171a70660
Event: 2.495 Thread 0x000000011f832800 DEOPT UNPACKING pc=0x000000010bc2927c sp=0x0000000171a70420 mode 0
Event: 2.946 Thread 0x000000014a015800 DEOPT PACKING pc=0x000000010c7401bc sp=0x0000000177f9dce0
Event: 2.946 Thread 0x000000014a015800 DEOPT UNPACKING pc=0x000000010bc2927c sp=0x0000000177f9db10 mode 3
Event: 3.847 Thread 0x000000011f832800 DEOPT PACKING pc=0x000000010c8d0320 sp=0x0000000171a70990
Event: 3.847 Thread 0x000000011f832800 DEOPT UNPACKING pc=0x000000010bc2927c sp=0x0000000171a70670 mode 0

Classes redefined (0 events):
No events

Internal exceptions (20 events):
Event: 4.348 Thread 0x000000012196f800 Exception <a 'java/lang/StackOverflowError'{0x0000000747ca2dc0}> (0x0000000747ca2dc0) thrown at [src/hotspot/share/interpreter/interpreterRuntime.cpp, line 403]
Event: 4.348 Thread 0x000000012196f800 Exception <a 'java/lang/StackOverflowError'{0x0000000747ca2de8}> (0x0000000747ca2de8) thrown at [src/hotspot/share/interpreter/interpreterRuntime.cpp, line 403]
Event: 4.348 Thread 0x000000012196f800 Exception <a 'java/lang/StackOverflowError'{0x0000000747ca2e10}> (0x0000000747ca2e10) thrown at [src/hotspot/share/interpreter/interpreterRuntime.cpp, line 403]
Event: 4.348 Thread 0x000000012196f800 Exception <a 'java/lang/StackOverflowError'{0x0000000747ca2e38}> (0x0000000747ca2e38) thrown at [src/hotspot/share/interpreter/interpreterRuntime.cpp, line 403]
Event: 4.348 Thread 0x000000012196f800 Exception <a 'java/lang/StackOverflowError'{0x0000000747ca2e60}> (0x0000000747ca2e60) thrown at [src/hotspot/share/interpreter/interpreterRuntime.cpp, line 403]
Event: 4.348 Thread 0x000000012196f800 Exception <a 'java/lang/StackOverflowError'{0x0000000747ca2e88}> (0x0000000747ca2e88) thrown at [src/hotspot/share/interpreter/interpreterRuntime.cpp, line 403]
Event: 4.348 Thread 0x000000012196f800 Exception <a 'java/lang/StackOverflowError'{0x0000000747ca2eb0}> (0x0000000747ca2eb0) thrown at [src/hotspot/share/interpreter/interpreterRuntime.cpp, line 403]
Event: 4.348 Thread 0x000000012196f800 Exception <a 'java/lang/StackOverflowError'{0x0000000747ca2ed8}> (0x0000000747ca2ed8) thrown at [src/hotspot/share/interpreter/interpreterRuntime.cpp, line 403]
Event: 4.348 Thread 0x000000012196f800 Exception <a 'java/lang/StackOverflowError'{0x0000000747ca2f00}> (0x0000000747ca2f00) thrown at [src/hotspot/share/interpreter/interpreterRuntime.cpp, line 403]
Event: 4.348 Thread 0x000000012196f800 Exception <a 'java/lang/StackOverflowError'{0x0000000747ca2f28}> (0x0000000747ca2f28) thrown at [src/hotspot/share/interpreter/interpreterRuntime.cpp, line 403]
Event: 4.348 Thread 0x000000012196f800 Exception <a 'java/lang/StackOverflowError'{0x0000000747ca2f50}> (0x0000000747ca2f50) thrown at [src/hotspot/share/interpreter/interpreterRuntime.cpp, line 403]
Event: 4.348 Thread 0x000000012196f800 Exception <a 'java/lang/StackOverflowError'{0x0000000747ca2f78}> (0x0000000747ca2f78) thrown at [src/hotspot/share/interpreter/interpreterRuntime.cpp, line 403]
Event: 4.348 Thread 0x000000012196f800 Exception <a 'java/lang/StackOverflowError'{0x0000000747ca2fa0}> (0x0000000747ca2fa0) thrown at [src/hotspot/share/interpreter/interpreterRuntime.cpp, line 403]
Event: 4.348 Thread 0x000000012196f800 Exception <a 'java/lang/StackOverflowError'{0x0000000747ca2fc8}> (0x0000000747ca2fc8) thrown at [src/hotspot/share/interpreter/interpreterRuntime.cpp, line 403]
Event: 4.348 Thread 0x000000012196f800 Exception <a 'java/lang/StackOverflowError'{0x0000000747ca2ff0}> (0x0000000747ca2ff0) thrown at [src/hotspot/share/interpreter/interpreterRuntime.cpp, line 403]
Event: 4.348 Thread 0x000000012196f800 Exception <a 'java/lang/StackOverflowError'{0x0000000747ca3018}> (0x0000000747ca3018) thrown at [src/hotspot/share/interpreter/interpreterRuntime.cpp, line 403]
Event: 4.348 Thread 0x000000012196f800 Exception <a 'java/lang/StackOverflowError'{0x0000000747ca3040}> (0x0000000747ca3040) thrown at [src/hotspot/share/interpreter/interpreterRuntime.cpp, line 403]
Event: 4.348 Thread 0x000000012196f800 Exception <a 'java/lang/StackOverflowError'{0x0000000747ca3068}> (0x0000000747ca3068) thrown at [src/hotspot/share/interpreter/interpreterRuntime.cpp, line 403]
Event: 4.348 Thread 0x000000012196f800 Exception <a 'java/lang/StackOverflowError'{0x0000000747ca3090}> (0x0000000747ca3090) thrown at [src/hotspot/share/interpreter/interpreterRuntime.cpp, line 403]
Event: 4.348 Thread 0x000000012196f800 Exception <a 'java/lang/StackOverflowError'{0x0000000747ca30b8}> (0x0000000747ca30b8) thrown at [src/hotspot/share/interpreter/interpreterRuntime.cpp, line 403]

Events (20 events):
Event: 3.131 loading class com/sun/javafx/tk/quantum/WindowStage
Event: 3.131 loading class com/sun/javafx/tk/quantum/WindowStage done
Event: 3.132 loading class com/sun/prism/GraphicsResource
Event: 3.132 loading class com/sun/prism/GraphicsResource done
Event: 3.132 loading class com/sun/prism/GraphicsResource
Event: 3.132 loading class com/sun/prism/GraphicsResource done
Event: 3.132 loading class com/sun/javafx/tk/quantum/ViewScene
Event: 3.132 loading class com/sun/javafx/tk/quantum/ViewScene done
Event: 3.133 loading class com/sun/javafx/tk/quantum/WindowStage
Event: 3.133 loading class com/sun/javafx/tk/quantum/WindowStage done
Event: 3.830 Thread 0x000000014b016000 Thread added: 0x000000014b016000
Event: 3.830 Protecting memory [0x0000000280f24000,0x0000000280f30000] with protection modes 0
Event: 3.830 Executing VM operation: RevokeBias
Event: 3.831 Executing VM operation: RevokeBias done
Event: 3.832 loading class java/util/IdentityHashMap$KeyIterator
Event: 3.832 loading class java/util/IdentityHashMap$IdentityHashMapIterator
Event: 3.832 loading class java/util/IdentityHashMap$IdentityHashMapIterator done
Event: 3.832 loading class java/util/IdentityHashMap$KeyIterator done
Event: 3.845 Executing VM operation: RevokeBias
Event: 3.845 Executing VM operation: RevokeBias done


Dynamic libraries:
0x000000010092c000 	/Library/Java/JavaVirtualMachines/zulu-11.jdk/Contents/Home/lib/jli/libjli.dylib
0x00000001db304000 	/System/Library/Frameworks/Cocoa.framework/Versions/A/Cocoa
0x00000001c750d000 	/System/Library/Frameworks/AppKit.framework/Versions/C/AppKit
0x00000001caa24000 	/System/Library/Frameworks/CoreData.framework/Versions/A/CoreData
0x00000001c5868000 	/System/Library/Frameworks/Foundation.framework/Versions/C/Foundation
0x00000001cf481000 	/usr/lib/libSystem.B.dylib
0x00000001c83c6000 	/System/Library/PrivateFrameworks/UIFoundation.framework/Versions/A/UIFoundation
0x00000001d54cf000 	/System/Library/PrivateFrameworks/RemoteViewServices.framework/Versions/A/RemoteViewServices
0x00000001cd940000 	/System/Library/PrivateFrameworks/XCTTargetBootstrap.framework/Versions/A/XCTTargetBootstrap
0x00000001d11c3000 	/System/Library/PrivateFrameworks/InternationalSupport.framework/Versions/A/InternationalSupport
0x00000001d124c000 	/System/Library/PrivateFrameworks/UserActivity.framework/Versions/A/UserActivity
0x00000001d06b8000 	/usr/lib/libspindump.dylib
0x00000001c8637000 	/System/Library/Frameworks/UniformTypeIdentifiers.framework/Versions/A/UniformTypeIdentifiers
0x00000001cbe88000 	/usr/lib/libapp_launch_measurement.dylib
0x00000001cb3b0000 	/System/Library/PrivateFrameworks/CoreAnalytics.framework/Versions/A/CoreAnalytics
0x00000001cbe8b000 	/System/Library/PrivateFrameworks/CoreAutoLayout.framework/Versions/A/CoreAutoLayout
0x00000001cd22f000 	/System/Library/Frameworks/Metal.framework/Versions/A/Metal
0x00000001cdfa9000 	/usr/lib/liblangid.dylib
0x00000001cd945000 	/System/Library/PrivateFrameworks/CoreSVG.framework/Versions/A/CoreSVG
0x00000001c9ace000 	/System/Library/PrivateFrameworks/SkyLight.framework/Versions/A/SkyLight
0x00000001c9eaa000 	/System/Library/Frameworks/CoreGraphics.framework/Versions/A/CoreGraphics
0x00000001d5b9b000 	/System/Library/Frameworks/Accelerate.framework/Versions/A/Accelerate
0x00000001d012f000 	/System/Library/PrivateFrameworks/IconServices.framework/Versions/A/IconServices
0x00000001cd211000 	/System/Library/Frameworks/IOSurface.framework/Versions/A/IOSurface
0x00000001cb3e1000 	/usr/lib/libDiagnosticMessagesClient.dylib
0x00000001cf3ca000 	/usr/lib/libz.1.dylib
0x00000001d90a1000 	/System/Library/Frameworks/ApplicationServices.framework/Versions/A/ApplicationServices
0x00000001cd928000 	/System/Library/PrivateFrameworks/DFRFoundation.framework/Versions/A/DFRFoundation
0x00000001c6d9d000 	/usr/lib/libicucore.A.dylib
0x00000001d2071000 	/System/Library/Frameworks/AudioToolbox.framework/Versions/A/AudioToolbox
0x00000001d11cf000 	/System/Library/PrivateFrameworks/DataDetectorsCore.framework/Versions/A/DataDetectorsCore
0x00000001e7bed000 	/System/Library/PrivateFrameworks/TextInput.framework/Versions/A/TextInput
0x00000001c9a43000 	/usr/lib/libMobileGestalt.dylib
0x00000001cd5f4000 	/System/Library/Frameworks/Carbon.framework/Versions/A/Frameworks/HIToolbox.framework/Versions/A/HIToolbox
0x00000001cb861000 	/System/Library/Frameworks/QuartzCore.framework/Versions/A/QuartzCore
0x00000001c6a1e000 	/System/Library/Frameworks/Security.framework/Versions/A/Security
0x00000001d550f000 	/System/Library/Frameworks/Carbon.framework/Versions/A/Frameworks/SpeechRecognition.framework/Versions/A/SpeechRecognition
0x00000001cbbdd000 	/System/Library/PrivateFrameworks/CoreUI.framework/Versions/A/CoreUI
0x00000001c62fa000 	/System/Library/Frameworks/CoreAudio.framework/Versions/A/CoreAudio
0x00000001cb4d5000 	/System/Library/Frameworks/DiskArbitration.framework/Versions/A/DiskArbitration
0x00000001d0ac2000 	/System/Library/PrivateFrameworks/MultitouchSupport.framework/Versions/A/MultitouchSupport
0x00000001c9a41000 	/usr/lib/libenergytrace.dylib
0x00000001c73d5000 	/System/Library/Frameworks/IOKit.framework/Versions/A/IOKit
0x00000001d58fe000 	/System/Library/Frameworks/CoreServices.framework/Versions/A/CoreServices
0x00000001cbe18000 	/System/Library/PrivateFrameworks/PerformanceAnalysis.framework/Versions/A/PerformanceAnalysis
0x0000000226097000 	/System/Library/Frameworks/OpenGL.framework/Versions/A/OpenGL
0x00000001cea1c000 	/System/Library/PrivateFrameworks/MobileKeyBag.framework/Versions/A/MobileKeyBag
0x00000001c479b000 	/usr/lib/libobjc.A.dylib
0x00000001ca4b8000 	/System/Library/Frameworks/ColorSync.framework/Versions/A/ColorSync
0x00000001c4964000 	/System/Library/Frameworks/CoreFoundation.framework/Versions/A/CoreFoundation
0x00000001cdbc5000 	/System/Library/Frameworks/CoreImage.framework/Versions/A/CoreImage
0x00000001c611e000 	/System/Library/Frameworks/CoreText.framework/Versions/A/CoreText
0x00000001cd975000 	/System/Library/Frameworks/ImageIO.framework/Versions/A/ImageIO
0x00000001cf487000 	/System/Library/PrivateFrameworks/SoftLinking.framework/Versions/A/SoftLinking
0x00000001cbed6000 	/usr/lib/libxml2.2.dylib
0x00000001c485e000 	/usr/lib/libc++.1.dylib
0x00000001cf720000 	/usr/lib/libcompression.dylib
0x00000001d111f000 	/System/Library/PrivateFrameworks/TextureIO.framework/Versions/A/TextureIO
0x00000001cfe48000 	/usr/lib/libate.dylib
0x00000001cf47b000 	/usr/lib/system/libcache.dylib
0x00000001cf439000 	/usr/lib/system/libcommonCrypto.dylib
0x00000001cf462000 	/usr/lib/system/libcompiler_rt.dylib
0x00000001cf459000 	/usr/lib/system/libcopyfile.dylib
0x00000001c469f000 	/usr/lib/system/libcorecrypto.dylib
0x00000001c4754000 	/usr/lib/system/libdispatch.dylib
0x00000001c4922000 	/usr/lib/system/libdyld.dylib
0x00000001cf471000 	/usr/lib/system/libkeymgr.dylib
0x00000001cf414000 	/usr/lib/system/libmacho.dylib
0x00000001ceb04000 	/usr/lib/system/libquarantine.dylib
0x00000001cf46e000 	/usr/lib/system/libremovefile.dylib
0x00000001c9a9a000 	/usr/lib/system/libsystem_asl.dylib
0x00000001c4641000 	/usr/lib/system/libsystem_blocks.dylib
0x00000001c47dc000 	/usr/lib/system/libsystem_c.dylib
0x00000001cf466000 	/usr/lib/system/libsystem_collections.dylib
0x00000001cdf99000 	/usr/lib/system/libsystem_configuration.dylib
0x00000001cd1f2000 	/usr/lib/system/libsystem_containermanager.dylib
0x00000001cf171000 	/usr/lib/system/libsystem_coreservices.dylib
0x00000001c7053000 	/usr/lib/system/libsystem_darwin.dylib
0x00000001cf472000 	/usr/lib/system/libsystem_dnssd.dylib
0x00000001c47d9000 	/usr/lib/system/libsystem_featureflags.dylib
0x00000001c4937000 	/usr/lib/system/libsystem_info.dylib
0x00000001cf3dc000 	/usr/lib/system/libsystem_m.dylib
0x00000001c4729000 	/usr/lib/system/libsystem_malloc.dylib
0x00000001c9a28000 	/usr/lib/system/libsystem_networkextension.dylib
0x00000001c74ac000 	/usr/lib/system/libsystem_notify.dylib
0x00000001d57d5000 	/usr/lib/system/libsystem_product_info_filter.dylib
0x00000001cdf9e000 	/usr/lib/system/libsystem_sandbox.dylib
0x00000001cf46b000 	/usr/lib/system/libsystem_secinit.dylib
0x00000001c48dd000 	/usr/lib/system/libsystem_kernel.dylib
0x00000001c492f000 	/usr/lib/system/libsystem_platform.dylib
0x00000001c4915000 	/usr/lib/system/libsystem_pthread.dylib
0x00000001cb1fe000 	/usr/lib/system/libsystem_symptoms.dylib
0x00000001c4685000 	/usr/lib/system/libsystem_trace.dylib
0x00000001cf446000 	/usr/lib/system/libunwind.dylib
0x00000001c4643000 	/usr/lib/system/libxpc.dylib
0x00000001c48c5000 	/usr/lib/libc++abi.dylib
0x00000001cf451000 	/usr/lib/liboah.dylib
0x00000001cfd0d000 	/usr/lib/liblzma.5.dylib
0x00000001c555b000 	/System/Library/Frameworks/SystemConfiguration.framework/Versions/A/SystemConfiguration
0x00000001cf483000 	/usr/lib/libfakelink.dylib
0x00000001c9573000 	/System/Library/Frameworks/CFNetwork.framework/Versions/A/CFNetwork
0x00000001cf5c9000 	/usr/lib/libarchive.2.dylib
0x00000001cdfa5000 	/System/Library/PrivateFrameworks/AppleSystemInfo.framework/Versions/A/AppleSystemInfo
0x00000001ceb2f000 	/usr/lib/libbsm.0.dylib
0x00000001c8ae0000 	/usr/lib/libnetwork.dylib
0x00000001cf41d000 	/usr/lib/system/libkxld.dylib
0x00000001ce749000 	/System/Library/PrivateFrameworks/IOMobileFramebuffer.framework/Versions/A/IOMobileFramebuffer
0x0000000244486000 	/usr/lib/libCoreEntitlements.dylib
0x00000001cf153000 	/System/Library/PrivateFrameworks/AppleFSCompression.framework/Versions/A/AppleFSCompression
0x00000001ceb17000 	/usr/lib/libcoretls.dylib
0x00000001cfd26000 	/usr/lib/libcoretls_cfhelpers.dylib
0x00000001cf71b000 	/usr/lib/libpam.2.dylib
0x00000001cae14000 	/usr/lib/libsqlite3.dylib
0x00000001cfd8f000 	/usr/lib/libxar.1.dylib
0x00000001cf164000 	/usr/lib/libbz2.1.0.dylib
0x00000001cf488000 	/usr/lib/libpcap.A.dylib
0x00000001cb1f5000 	/usr/lib/libdns_services.dylib
0x00000001cf6ee000 	/usr/lib/libapple_nghttp2.dylib
0x00000001cf4c5000 	/usr/lib/libiconv.2.dylib
0x00000001cf413000 	/usr/lib/libcharset.1.dylib
0x00000001cbe54000 	/System/Library/Frameworks/CoreServices.framework/Versions/A/Frameworks/FSEvents.framework/Versions/A/FSEvents
0x00000001c705e000 	/System/Library/Frameworks/CoreServices.framework/Versions/A/Frameworks/CarbonCore.framework/Versions/A/CarbonCore
0x00000001cb435000 	/System/Library/Frameworks/CoreServices.framework/Versions/A/Frameworks/Metadata.framework/Versions/A/Metadata
0x00000001cf177000 	/System/Library/Frameworks/CoreServices.framework/Versions/A/Frameworks/OSServices.framework/Versions/A/OSServices
0x00000001cf64f000 	/System/Library/Frameworks/CoreServices.framework/Versions/A/Frameworks/SearchKit.framework/Versions/A/SearchKit
0x00000001cb183000 	/System/Library/Frameworks/CoreServices.framework/Versions/A/Frameworks/AE.framework/Versions/A/AE
0x00000001c4eab000 	/System/Library/Frameworks/CoreServices.framework/Versions/A/Frameworks/LaunchServices.framework/Versions/A/LaunchServices
0x00000001cfcb6000 	/System/Library/Frameworks/CoreServices.framework/Versions/A/Frameworks/DictionaryServices.framework/Versions/A/DictionaryServices
0x00000001cbe61000 	/System/Library/Frameworks/CoreServices.framework/Versions/A/Frameworks/SharedFileList.framework/Versions/A/SharedFileList
0x00000001ceb07000 	/usr/lib/libCheckFix.dylib
0x00000001c9ab2000 	/System/Library/PrivateFrameworks/TCC.framework/Versions/A/TCC
0x00000001cdfab000 	/System/Library/PrivateFrameworks/CoreNLP.framework/Versions/A/CoreNLP
0x00000001cb3e4000 	/System/Library/PrivateFrameworks/MetadataUtilities.framework/Versions/A/MetadataUtilities
0x00000001c5615000 	/usr/lib/libmecabra.dylib
0x00000001ceb40000 	/usr/lib/libmecab.dylib
0x00000001c55e1000 	/usr/lib/libCRFSuite.dylib
0x00000001ceb9d000 	/usr/lib/libgermantok.dylib
0x00000001cf6c7000 	/usr/lib/libThaiTokenizer.dylib
0x00000001cb4dd000 	/System/Library/Frameworks/Accelerate.framework/Versions/A/Frameworks/vImage.framework/Versions/A/vImage
0x00000001d58d5000 	/System/Library/Frameworks/Accelerate.framework/Versions/A/Frameworks/vecLib.framework/Versions/A/vecLib
0x00000001cfdd4000 	/System/Library/Frameworks/Accelerate.framework/Versions/A/Frameworks/vecLib.framework/Versions/A/libvMisc.dylib
0x00000001ce650000 	/System/Library/Frameworks/Accelerate.framework/Versions/A/Frameworks/vecLib.framework/Versions/A/libvDSP.dylib
0x00000001c5236000 	/System/Library/Frameworks/Accelerate.framework/Versions/A/Frameworks/vecLib.framework/Versions/A/libBLAS.dylib
0x00000001cf7f1000 	/System/Library/Frameworks/Accelerate.framework/Versions/A/Frameworks/vecLib.framework/Versions/A/libLAPACK.dylib
0x00000001ceba0000 	/System/Library/Frameworks/Accelerate.framework/Versions/A/Frameworks/vecLib.framework/Versions/A/libLinearAlgebra.dylib
0x00000001cf706000 	/System/Library/Frameworks/Accelerate.framework/Versions/A/Frameworks/vecLib.framework/Versions/A/libSparseBLAS.dylib
0x00000001cf7ec000 	/System/Library/Frameworks/Accelerate.framework/Versions/A/Frameworks/vecLib.framework/Versions/A/libQuadrature.dylib
0x00000001ce0a4000 	/System/Library/Frameworks/Accelerate.framework/Versions/A/Frameworks/vecLib.framework/Versions/A/libBNNS.dylib
0x00000001c54f4000 	/System/Library/Frameworks/Accelerate.framework/Versions/A/Frameworks/vecLib.framework/Versions/A/libSparse.dylib
0x00000001ce09c000 	/System/Library/PrivateFrameworks/LinguisticData.framework/Versions/A/LinguisticData
0x00000001c54ac000 	/System/Library/PrivateFrameworks/Lexicon.framework/Versions/A/Lexicon
0x00000001cfdcc000 	/usr/lib/libChineseTokenizer.dylib
0x00000001c5c5a000 	/System/Library/PrivateFrameworks/LanguageModeling.framework/Versions/A/LanguageModeling
0x00000001cf6c9000 	/System/Library/PrivateFrameworks/AppleSauce.framework/Versions/A/AppleSauce
0x00000001ce736000 	/System/Library/PrivateFrameworks/CoreEmoji.framework/Versions/A/CoreEmoji
0x00000001cf5b7000 	/usr/lib/libcmph.dylib
0x00000001cbe34000 	/System/Library/Frameworks/OpenDirectory.framework/Versions/A/Frameworks/CFOpenDirectory.framework/Versions/A/CFOpenDirectory
0x00000001cbe24000 	/System/Library/Frameworks/OpenDirectory.framework/Versions/A/OpenDirectory
0x00000001cfd28000 	/System/Library/PrivateFrameworks/APFS.framework/Versions/A/APFS
0x00000001cea57000 	/System/Library/Frameworks/SecurityFoundation.framework/Versions/A/SecurityFoundation
0x00000001cfd9e000 	/usr/lib/libutil.dylib
0x00000001c7397000 	/System/Library/PrivateFrameworks/CoreServicesStore.framework/Versions/A/CoreServicesStore
0x00000001cfda2000 	/usr/lib/libxslt.1.dylib
0x00000001ceaeb000 	/System/Library/PrivateFrameworks/BackgroundTaskManagement.framework/Versions/A/BackgroundTaskManagement
0x00000001d1040000 	/System/Library/Frameworks/ImageIO.framework/Versions/A/Resources/libRadiance.dylib
0x00000001d1049000 	/System/Library/Frameworks/ImageIO.framework/Versions/A/Resources/libJPEG.dylib
0x00000001d0f9a000 	/System/Library/Frameworks/ImageIO.framework/Versions/A/Resources/libPng.dylib
0x00000001d0fbc000 	/System/Library/Frameworks/ImageIO.framework/Versions/A/Resources/libTIFF.dylib
0x00000001d10a4000 	/System/Library/Frameworks/ImageIO.framework/Versions/A/Resources/libGIF.dylib
0x00000001d09d2000 	/System/Library/Frameworks/ImageIO.framework/Versions/A/Resources/libJP2.dylib
0x00000001d00f4000 	/usr/lib/libexpat.1.dylib
0x00000001d098d000 	/System/Library/PrivateFrameworks/AppleJPEG.framework/Versions/A/AppleJPEG
0x00000001cd4b0000 	/System/Library/PrivateFrameworks/FontServices.framework/libFontParser.dylib
0x00000001cb128000 	/System/Library/PrivateFrameworks/RunningBoardServices.framework/Versions/A/RunningBoardServices
0x00000001db9db000 	/System/Library/PrivateFrameworks/IOSurfaceAccelerator.framework/Versions/A/IOSurfaceAccelerator
0x00000001d0abe000 	/System/Library/PrivateFrameworks/WatchdogClient.framework/Versions/A/WatchdogClient
0x00000001c5d5a000 	/System/Library/Frameworks/CoreDisplay.framework/Versions/A/CoreDisplay
0x00000001cd39a000 	/System/Library/Frameworks/CoreMedia.framework/Versions/A/CoreMedia
0x00000001cd225000 	/System/Library/PrivateFrameworks/IOAccelerator.framework/Versions/A/IOAccelerator
0x00000001cbfc4000 	/System/Library/Frameworks/CoreVideo.framework/Versions/A/CoreVideo
0x00000001cf719000 	/System/Library/Frameworks/MetalPerformanceShaders.framework/Versions/A/MetalPerformanceShaders
0x00000001d0afd000 	/System/Library/Frameworks/VideoToolbox.framework/Versions/A/VideoToolbox
0x00000001cb06c000 	/System/Library/PrivateFrameworks/BaseBoard.framework/Versions/A/BaseBoard
0x00000001cadfa000 	/System/Library/PrivateFrameworks/ProtocolBuffer.framework/Versions/A/ProtocolBuffer
0x00000001d103b000 	/System/Library/PrivateFrameworks/GPUWrangler.framework/Versions/A/GPUWrangler
0x00000001d101b000 	/System/Library/PrivateFrameworks/IOPresentment.framework/Versions/A/IOPresentment
0x00000001d1043000 	/System/Library/PrivateFrameworks/DSExternalDisplay.framework/Versions/A/DSExternalDisplay
0x000000022608a000 	/System/Library/Frameworks/OpenGL.framework/Versions/A/Libraries/libCoreFSCache.dylib
0x0000000230f54000 	/System/Library/PrivateFrameworks/GPUCompiler.framework/Versions/31001/Libraries/libGPUCompilerUtils.dylib
0x00000001d10a9000 	/System/Library/PrivateFrameworks/CMCaptureCore.framework/Versions/A/CMCaptureCore
0x00000001d06a5000 	/System/Library/PrivateFrameworks/AppServerSupport.framework/Versions/A/AppServerSupport
0x00000001d292f000 	/System/Library/PrivateFrameworks/perfdata.framework/Versions/A/perfdata
0x00000001c5e7a000 	/System/Library/PrivateFrameworks/AudioToolboxCore.framework/Versions/A/AudioToolboxCore
0x00000001cd373000 	/System/Library/PrivateFrameworks/caulk.framework/Versions/A/caulk
0x00000001d2224000 	/usr/lib/libAudioStatistics.dylib
0x00000001e4240000 	/System/Library/PrivateFrameworks/SystemPolicy.framework/Versions/A/SystemPolicy
0x00000001d2490000 	/usr/lib/libSMC.dylib
0x00000001db1e2000 	/System/Library/Frameworks/CoreMIDI.framework/Versions/A/CoreMIDI
0x00000001d0f68000 	/usr/lib/libAudioToolboxUtility.dylib
0x00000001e03a3000 	/System/Library/PrivateFrameworks/OSAServicesClient.framework/Versions/A/OSAServicesClient
0x00000001d293c000 	/usr/lib/libperfcheck.dylib
0x00000001e4d5f000 	/usr/lib/libmis.dylib
0x00000002260ec000 	/System/Library/Frameworks/OpenGL.framework/Versions/A/Libraries/libGLU.dylib
0x00000002260ab000 	/System/Library/Frameworks/OpenGL.framework/Versions/A/Libraries/libGFXShared.dylib
0x0000000226298000 	/System/Library/Frameworks/OpenGL.framework/Versions/A/Libraries/libGL.dylib
0x00000002260b4000 	/System/Library/Frameworks/OpenGL.framework/Versions/A/Libraries/libGLImage.dylib
0x00000002260a8000 	/System/Library/Frameworks/OpenGL.framework/Versions/A/Libraries/libCVMSPluginSupport.dylib
0x0000000226091000 	/System/Library/Frameworks/OpenGL.framework/Versions/A/Libraries/libCoreVMClient.dylib
0x00000001cdf25000 	/System/Library/Frameworks/MetalPerformanceShaders.framework/Versions/A/Frameworks/MPSCore.framework/Versions/A/MPSCore
0x00000001cf0c6000 	/System/Library/Frameworks/MetalPerformanceShaders.framework/Versions/A/Frameworks/MPSImage.framework/Versions/A/MPSImage
0x00000001cebb5000 	/System/Library/Frameworks/MetalPerformanceShaders.framework/Versions/A/Frameworks/MPSNeuralNetwork.framework/Versions/A/MPSNeuralNetwork
0x00000001cefee000 	/System/Library/Frameworks/MetalPerformanceShaders.framework/Versions/A/Frameworks/MPSMatrix.framework/Versions/A/MPSMatrix
0x00000001cedc7000 	/System/Library/Frameworks/MetalPerformanceShaders.framework/Versions/A/Frameworks/MPSRayIntersector.framework/Versions/A/MPSRayIntersector
0x00000001cf01f000 	/System/Library/Frameworks/MetalPerformanceShaders.framework/Versions/A/Frameworks/MPSNDArray.framework/Versions/A/MPSNDArray
0x0000000228b93000 	/System/Library/Frameworks/MetalPerformanceShaders.framework/Versions/A/Frameworks/MPSFunctions.framework/Versions/A/MPSFunctions
0x00000001c510c000 	/System/Library/PrivateFrameworks/MetalTools.framework/Versions/A/MetalTools
0x00000001cdfa3000 	/System/Library/PrivateFrameworks/AggregateDictionary.framework/Versions/A/AggregateDictionary
0x00000001cfed9000 	/usr/lib/libIOReport.dylib
0x00000001da1fb000 	/System/Library/PrivateFrameworks/ASEProcessing.framework/Versions/A/ASEProcessing
0x00000001d024e000 	/System/Library/PrivateFrameworks/FaceCore.framework/Versions/A/FaceCore
0x00000001d0240000 	/System/Library/PrivateFrameworks/GraphVisualizer.framework/Versions/A/GraphVisualizer
0x0000000230e6b000 	/System/Library/PrivateFrameworks/FontServices.framework/Versions/A/FontServices
0x00000001d0661000 	/System/Library/PrivateFrameworks/OTSVG.framework/Versions/A/OTSVG
0x00000001cbb8d000 	/System/Library/Frameworks/ApplicationServices.framework/Versions/A/Frameworks/ATS.framework/Versions/A/Resources/libFontRegistry.dylib
0x00000001d06ae000 	/System/Library/PrivateFrameworks/FontServices.framework/libhvf.dylib
0x0000000230e6c000 	/System/Library/PrivateFrameworks/FontServices.framework/libXTFontStaticRegistryData.dylib
0x0000000226439000 	/System/Library/Frameworks/OpenCL.framework/Versions/A/OpenCL
0x00000001d00a8000 	/System/Library/PrivateFrameworks/AppleVA.framework/Versions/A/AppleVA
0x00000001d224c000 	/System/Library/Frameworks/ApplicationServices.framework/Versions/A/Frameworks/ATS.framework/Versions/A/ATS
0x00000001ca5b7000 	/System/Library/Frameworks/ApplicationServices.framework/Versions/A/Frameworks/HIServices.framework/Versions/A/HIServices
0x00000001d10b3000 	/System/Library/Frameworks/ApplicationServices.framework/Versions/A/Frameworks/PrintCore.framework/Versions/A/PrintCore
0x00000001d25e3000 	/System/Library/Frameworks/ApplicationServices.framework/Versions/A/Frameworks/QD.framework/Versions/A/QD
0x00000001d25db000 	/System/Library/Frameworks/ApplicationServices.framework/Versions/A/Frameworks/ColorSyncLegacy.framework/Versions/A/ColorSyncLegacy
0x00000001d2238000 	/System/Library/Frameworks/ApplicationServices.framework/Versions/A/Frameworks/SpeechSynthesis.framework/Versions/A/SpeechSynthesis
0x00000001d1074000 	/System/Library/Frameworks/ApplicationServices.framework/Versions/A/Frameworks/ATSUI.framework/Versions/A/ATSUI
0x00000001d2570000 	/usr/lib/libcups.2.dylib
0x00000001d294a000 	/System/Library/Frameworks/Kerberos.framework/Versions/A/Kerberos
0x00000001d295b000 	/System/Library/Frameworks/GSS.framework/Versions/A/GSS
0x00000001d22bc000 	/usr/lib/libresolv.9.dylib
0x00000001d06bd000 	/System/Library/PrivateFrameworks/Heimdal.framework/Versions/A/Heimdal
0x00000001d9431000 	/System/Library/Frameworks/Kerberos.framework/Versions/A/Libraries/libHeimdalProxy.dylib
0x00000001cb207000 	/System/Library/Frameworks/Network.framework/Versions/A/Network
0x00000001d010f000 	/usr/lib/libheimdal-asn1.dylib
0x00000001d29ab000 	/System/Library/PrivateFrameworks/CommonAuth.framework/Versions/A/CommonAuth
0x00000001d21b2000 	/System/Library/PrivateFrameworks/AudioSession.framework/Versions/A/AudioSession
0x00000001d01a1000 	/System/Library/PrivateFrameworks/MediaExperience.framework/Versions/A/MediaExperience
0x00000001d2037000 	/System/Library/PrivateFrameworks/AudioSession.framework/libSessionUtility.dylib
0x00000001d25ef000 	/System/Library/PrivateFrameworks/AudioResourceArbitration.framework/Versions/A/AudioResourceArbitration
0x00000001d67b2000 	/System/Library/PrivateFrameworks/PowerLog.framework/Versions/A/PowerLog
0x00000001d0119000 	/System/Library/PrivateFrameworks/IconFoundation.framework/Versions/A/IconFoundation
0x00000001d54fb000 	/System/Library/PrivateFrameworks/SpeechRecognitionCore.framework/Versions/A/SpeechRecognitionCore
0x0000000101714000 	/Library/Java/JavaVirtualMachines/zulu-11.jdk/Contents/Home/lib/server/libjvm.dylib
0x0000000100994000 	/Library/Java/JavaVirtualMachines/zulu-11.jdk/Contents/Home/lib/libverify.dylib
0x00000001009e0000 	/Library/Java/JavaVirtualMachines/zulu-11.jdk/Contents/Home/lib/libjava.dylib
0x00000001009ac000 	/Library/Java/JavaVirtualMachines/zulu-11.jdk/Contents/Home/lib/libjimage.dylib
0x0000000100b14000 	/Library/Java/JavaVirtualMachines/zulu-11.jdk/Contents/Home/lib/libzip.dylib
0x000000010158c000 	/Library/Java/JavaVirtualMachines/zulu-11.jdk/Contents/Home/lib/libnio.dylib
0x00000001015d0000 	/Library/Java/JavaVirtualMachines/zulu-11.jdk/Contents/Home/lib/libnet.dylib
0x00000001015ac000 	/Library/Java/JavaVirtualMachines/zulu-11.jdk/Contents/Home/lib/libprism_es2.dylib
0x00000001c735a000 	/System/Library/PrivateFrameworks/CoreServicesInternal.framework/Versions/A/CoreServicesInternal
0x00000002262a2000 	/System/Library/Frameworks/OpenGL.framework/Versions/A/Resources/GLEngine.bundle/GLEngine
0x000000022612a000 	/System/Library/Frameworks/OpenGL.framework/Versions/A/Libraries/libGLProgrammability.dylib
0x0000000120ac8000 	/System/Library/Extensions/AppleMetalOpenGLRenderer.bundle/Contents/MacOS/AppleMetalOpenGLRenderer
0x0000000226411000 	/System/Library/Frameworks/OpenGL.framework/Versions/A/Resources/GLRendererFloat.bundle/GLRendererFloat
0x0000000226511000 	/System/Library/Extensions/AGXMetal13_3.bundle/Contents/MacOS/AGXMetal13_3
0x00000001e4d7b000 	/System/Library/PrivateFrameworks/GPURawCounter.framework/Versions/A/GPURawCounter
0x00000001df50c000 	/System/Library/PrivateFrameworks/IOGPU.framework/Versions/A/IOGPU
0x0000000120b64000 	/Library/Java/JavaVirtualMachines/zulu-11.jdk/Contents/Home/lib/libglass.dylib
0x00000001d6a0a000 	/System/Library/Frameworks/FileProvider.framework/Versions/A/FileProvider
0x00000001cafd4000 	/System/Library/Frameworks/Accounts.framework/Versions/A/Accounts
0x00000001d6b8e000 	/System/Library/PrivateFrameworks/GenerationalStorage.framework/Versions/A/GenerationalStorage
0x00000001d7751000 	/System/Library/PrivateFrameworks/CoreSymbolication.framework/Versions/A/CoreSymbolication
0x00000001d67a6000 	/System/Library/PrivateFrameworks/SymptomDiagnosticReporter.framework/Versions/A/SymptomDiagnosticReporter
0x00000001c864b000 	/System/Library/PrivateFrameworks/DesktopServicesPriv.framework/Versions/A/DesktopServicesPriv
0x00000001c74bc000 	/usr/lib/libsandbox.1.dylib
0x00000001cc052000 	/System/Library/PrivateFrameworks/UserManagement.framework/Versions/A/UserManagement
0x00000001d770e000 	/System/Library/PrivateFrameworks/DebugSymbols.framework/Versions/A/DebugSymbols
0x00000001d25ce000 	/System/Library/PrivateFrameworks/NetAuth.framework/Versions/A/NetAuth
0x00000001d34ec000 	/System/Library/PrivateFrameworks/Sharing.framework/Versions/A/Sharing
0x00000001cc022000 	/System/Library/PrivateFrameworks/login.framework/Versions/A/Frameworks/loginsupport.framework/Versions/A/loginsupport
0x00000001d8945000 	/System/Library/PrivateFrameworks/Apple80211.framework/Versions/A/Apple80211
0x00000001cf1aa000 	/System/Library/PrivateFrameworks/AuthKit.framework/Versions/A/AuthKit
0x00000001ce832000 	/System/Library/PrivateFrameworks/CoreUtils.framework/Versions/A/CoreUtils
0x00000001ce755000 	/System/Library/Frameworks/CoreWLAN.framework/Versions/A/CoreWLAN
0x00000001d365c000 	/System/Library/Frameworks/IOBluetooth.framework/Versions/A/IOBluetooth
0x00000001d89a5000 	/System/Library/PrivateFrameworks/CoreWiFi.framework/Versions/A/CoreWiFi
0x00000001d72ee000 	/System/Library/PrivateFrameworks/FrontBoardServices.framework/Versions/A/FrontBoardServices
0x00000001d7386000 	/System/Library/PrivateFrameworks/BoardServices.framework/Versions/A/BoardServices
0x00000001cea45000 	/System/Library/PrivateFrameworks/AssertionServices.framework/Versions/A/AssertionServices
0x00000001d8b22000 	/System/Library/PrivateFrameworks/BackBoardServices.framework/Versions/A/BackBoardServices
0x00000001d2a42000 	/System/Library/PrivateFrameworks/CorePhoneNumbers.framework/Versions/A/CorePhoneNumbers
0x00000001d22e9000 	/System/Library/PrivateFrameworks/MultiverseSupport.framework/Versions/A/MultiverseSupport
0x00000001d8da4000 	/System/Library/PrivateFrameworks/RemoteServiceDiscovery.framework/Versions/A/RemoteServiceDiscovery
0x00000001d68d6000 	/System/Library/PrivateFrameworks/DiskManagement.framework/Versions/A/DiskManagement
0x00000001d67d9000 	/System/Library/PrivateFrameworks/AppleIDAuthSupport.framework/Versions/A/AppleIDAuthSupport
0x000000022b3d0000 	/System/Library/PrivateFrameworks/AAAFoundation.framework/Versions/A/AAAFoundation
0x00000001d2a21000 	/System/Library/PrivateFrameworks/KeychainCircle.framework/Versions/A/KeychainCircle
0x00000001d8db4000 	/System/Library/PrivateFrameworks/RemoteXPC.framework/Versions/A/RemoteXPC
0x00000001d68a2000 	/System/Library/PrivateFrameworks/MediaKit.framework/Versions/A/MediaKit
0x00000001d67e6000 	/System/Library/Frameworks/DiscRecording.framework/Versions/A/DiscRecording
0x00000001d0024000 	/usr/lib/libCoreStorage.dylib
0x00000001d8e20000 	/usr/lib/libcsfde.dylib
0x00000001d3731000 	/System/Library/PrivateFrameworks/ProtectedCloudStorage.framework/Versions/A/ProtectedCloudStorage
0x00000001d8e18000 	/System/Library/PrivateFrameworks/EFILogin.framework/Versions/A/EFILogin
0x00000001d6bb5000 	/System/Library/PrivateFrameworks/OctagonTrust.framework/Versions/A/OctagonTrust
0x000000022fff2000 	/System/Library/PrivateFrameworks/CoreUtilsExtras.framework/Versions/A/CoreUtilsExtras
0x00000001d670b000 	/System/Library/Frameworks/CoreBluetooth.framework/Versions/A/CoreBluetooth
0x00000001d94b6000 	/System/Library/Frameworks/AudioUnit.framework/Versions/A/AudioUnit
0x00000001d001c000 	/usr/lib/libMatch.1.dylib
0x00000001e9263000 	/System/Library/Frameworks/Accelerate.framework/Versions/A/Frameworks/vImage.framework/Versions/A/Libraries/libCGInterfaces.dylib
0x0000000127b74000 	/usr/lib/libobjc-trampolines.dylib
0x00000001cbd1c000 	/System/Library/PrivateFrameworks/ViewBridge.framework/Versions/A/ViewBridge
0x000000022ba84000 	/System/Library/PrivateFrameworks/AccessibilityBundles.framework/Versions/A/AccessibilityBundles
0x00000001cfee2000 	/System/Library/PrivateFrameworks/CrashReporterSupport.framework/Versions/A/CrashReporterSupport
0x00000001f0d1a000 	/System/Library/PrivateFrameworks/OSAnalytics.framework/Versions/A/OSAnalytics
0x00000001fc087000 	/System/Library/PrivateFrameworks/Symbolication.framework/Versions/A/Symbolication
0x00000001e4d3c000 	/System/Library/PrivateFrameworks/MallocStackLogging.framework/Versions/A/MallocStackLogging
0x00000002445e3000 	/usr/lib/libRosetta.dylib
0x000000014aee4000 	/Library/Java/JavaVirtualMachines/zulu-11.jdk/Contents/Home/lib/libjavafx_font.dylib
0x00000001d0780000 	/System/Library/PrivateFrameworks/login.framework/Versions/A/login
0x000000014aec8000 	/System/Library/Frameworks/FileProvider.framework/OverrideBundles/CloudDocsFileProvider.bundle/Contents/MacOS/CloudDocsFileProvider
0x00000001cc278000 	/System/Library/PrivateFrameworks/CloudDocs.framework/Versions/A/CloudDocs
0x00000001d915f000 	/System/Library/PrivateFrameworks/AppleAccount.framework/Versions/A/AppleAccount
0x00000001d3718000 	/System/Library/PrivateFrameworks/AppContainer.framework/Versions/A/AppContainer
0x00000001d31c4000 	/System/Library/PrivateFrameworks/IDS.framework/Versions/A/IDS
0x00000001d92aa000 	/System/Library/PrivateFrameworks/AppleIDSSOAuthentication.framework/Versions/A/AppleIDSSOAuthentication
0x00000001cc025000 	/System/Library/PrivateFrameworks/ApplePushService.framework/Versions/A/ApplePushService
0x00000001d8e9e000 	/System/Library/PrivateFrameworks/AppSupport.framework/Versions/A/AppSupport
0x00000001d1f96000 	/System/Library/PrivateFrameworks/IMFoundation.framework/Versions/A/IMFoundation
0x00000001dfbb3000 	/System/Library/PrivateFrameworks/Marco.framework/Versions/A/Marco
0x00000001d333e000 	/System/Library/PrivateFrameworks/IDSFoundation.framework/Versions/A/IDSFoundation
0x00000001cb052000 	/System/Library/PrivateFrameworks/CommonUtilities.framework/Versions/A/CommonUtilities
0x00000001e4947000 	/System/Library/PrivateFrameworks/FTServices.framework/Versions/A/FTServices
0x00000001dcdd2000 	/System/Library/PrivateFrameworks/Engram.framework/Versions/A/Engram
0x00000001dcd74000 	/usr/lib/libtidy.A.dylib
0x00000001d093a000 	/System/Library/PrivateFrameworks/Bom.framework/Versions/A/Bom
0x00000001d22f9000 	/usr/lib/libParallelCompression.dylib
0x00000001eec42000 	/System/Library/PrivateFrameworks/FTAWD.framework/Versions/A/FTAWD
0x00000001d5c19000 	/System/Library/PrivateFrameworks/CoreDaemon.framework/Versions/B/CoreDaemon
0x00000001d5c13000 	/System/Library/PrivateFrameworks/AppleSRP.framework/Versions/A/AppleSRP
0x00000001ceaf6000 	/System/Library/Frameworks/ServiceManagement.framework/Versions/A/ServiceManagement
0x00000001d372d000 	/System/Library/PrivateFrameworks/SecCodeWrapper.framework/Versions/A/SecCodeWrapper
0x000000014cfd4000 	/System/Library/Frameworks/FileProvider.framework/OverrideBundles/FileProviderOverride.bundle/Contents/MacOS/FileProviderOverride
0x000000014e4bc000 	/System/Library/Frameworks/FileProvider.framework/OverrideBundles/FinderSyncCollaborationFileProviderOverride.bundle/Contents/MacOS/FinderSyncCollaborationFileProviderOverride
0x00000001f550d000 	/System/Library/PrivateFrameworks/FinderSyncPriv.framework/Versions/A/FinderSyncPriv
0x00000001e2a2e000 	/usr/lib/libFosl_dynamic.dylib
0x00000001e8b0f000 	/usr/lib/libncurses.5.4.dylib
0x00000001d5c24000 	/System/Library/PrivateFrameworks/SystemAdministration.framework/Versions/A/SystemAdministration
0x00000001d12ba000 	/System/Library/Frameworks/MediaToolbox.framework/Versions/A/MediaToolbox
0x00000001d54c3000 	/System/Library/Frameworks/DirectoryService.framework/Versions/A/DirectoryService
0x00000001d8cac000 	/System/Library/PrivateFrameworks/DiskImages.framework/Versions/A/DiskImages
0x00000001d8e96000 	/System/Library/PrivateFrameworks/LoginUIKit.framework/Versions/A/Frameworks/LoginUICore.framework/Versions/A/LoginUICore
0x00000001d0936000 	/usr/lib/libodfde.dylib
0x00000001d69d6000 	/System/Library/PrivateFrameworks/CoreAVCHD.framework/Versions/A/CoreAVCHD
0x00000001d5be6000 	/System/Library/Frameworks/MediaAccessibility.framework/Versions/A/MediaAccessibility
0x00000001d69d2000 	/System/Library/PrivateFrameworks/Mangrove.framework/Versions/A/Mangrove
0x00000001d5bf3000 	/System/Library/PrivateFrameworks/AlgosScoreFramework.framework/Versions/A/AlgosScoreFramework
0x000000022d0d5000 	/System/Library/PrivateFrameworks/CMPhoto.framework/Versions/A/CMPhoto
0x00000001d69c6000 	/System/Library/PrivateFrameworks/CoreAUC.framework/Versions/A/CoreAUC
0x00000001d8e2c000 	/usr/lib/libcurl.4.dylib
0x000000024498b000 	/usr/lib/libcrypto.46.dylib
0x0000000244e34000 	/usr/lib/libssl.48.dylib
0x00000001d8b42000 	/System/Library/Frameworks/LDAP.framework/Versions/A/LDAP
0x00000001d8b7e000 	/System/Library/PrivateFrameworks/TrustEvaluationAgent.framework/Versions/A/TrustEvaluationAgent
0x00000001d22d5000 	/usr/lib/libsasl2.2.dylib


VM Arguments:
jvm_args: -Dfile.encoding=UTF-8 -Duser.country=US -Duser.language=en -Duser.variant 
java_command: seedu.address.MainApp
java_class_path (initial): /Users/kianseong/Library/CloudStorage/OneDrive-NationalUniversityofSingapore/NUS/Y2S1/CS2103T/tp/build/classes/java/main:/Users/kianseong/Library/CloudStorage/OneDrive-NationalUniversityofSingapore/NUS/Y2S1/CS2103T/tp/build/resources/main:/Users/kianseong/.gradle/caches/modules-2/files-2.1/org.ocpsoft.prettytime/prettytime-nlp/5.0.4.Final/331b7b6ee159b8789f83b491cb0f0686ddc621e8/prettytime-nlp-5.0.4.Final.jar:/Users/kianseong/.gradle/caches/modules-2/files-2.1/org.openjfx/javafx-fxml/11/d5ff9262ef49d166db658d15f37e3ecff38fde4b/javafx-fxml-11-win.jar:/Users/kianseong/.gradle/caches/modules-2/files-2.1/org.openjfx/javafx-fxml/11/e0f5bb81e21054b59f2ebfa727d40a90ee0260d3/javafx-fxml-11-mac.jar:/Users/kianseong/.gradle/caches/modules-2/files-2.1/org.openjfx/javafx-fxml/11/e7a757b580fc3e2e1a121768606c7836eef418c/javafx-fxml-11-linux.jar:/Users/kianseong/.gradle/caches/modules-2/files-2.1/org.openjfx/javafx-controls/11/af8d24de44e16a19ae959028eb23a48c145fb682/javafx-controls-11-win.jar:/Users/kianseong/.gradle/caches/modules-2/files-2.1/org.openjfx/javafx-controls/11/e3a24a14e8732abc6dc173f15872dc63e2a32e16/javafx-controls-11-mac.jar:/Users/kianseong/.gradle/caches/modules-2/files-2.1/org.openjfx/javafx-controls/11/794488e3b1f4635d9a1b842bdc872a5eb8fd54ca/javafx-controls-11-linux.jar:/Users/kianseong/.gradle/caches/modules-2/files-2.1/org.openjfx/javafx-controls/11/58d961774262ec972bf304e16c154a8e18c2050b/javafx-controls-11.jar:/Users/kianseong/.gradle/caches/modules-2/files-2.1/org.openjfx/javafx-graphics/11/9345c7ea43dbcc73a62eca5332717b4ce617e6c6/javafx-graphics-11-win.jar:/Users/kianseong/.gradle/caches/modules-2/files-2.1/org.openjfx/javafx-graphics/11/af47a6d3668d3ce1c61e1fe13c44471b6f8d469/javafx-graphics-11-mac.jar:/Users/kianseong/.gradle/caches/modules-2/files-2.1/org.openjfx/javafx-graphics/11/4ab9edd8d481a420044c473fdb5718ccdd35c836/javafx-graphics-11-linux.jar:/Users/kianseong/.gradle/caches/modules-2/files-2.1/org.openjfx/javafx-g
Launcher Type: SUN_STANDARD

[Global flags]
     intx CICompilerCount                          = 4                                         {product} {ergonomic}
     uint ConcGCThreads                            = 2                                         {product} {ergonomic}
     uint G1ConcRefinementThreads                  = 8                                         {product} {ergonomic}
   size_t G1HeapRegionSize                         = 1048576                                   {product} {ergonomic}
    uintx GCDrainStackTargetSize                   = 64                                        {product} {ergonomic}
   size_t InitialHeapSize                          = 134217728                                 {product} {ergonomic}
   size_t MarkStackSize                            = 4194304                                   {product} {ergonomic}
   size_t MaxHeapSize                              = 2147483648                                {product} {ergonomic}
   size_t MaxNewSize                               = 1287651328                                {product} {ergonomic}
   size_t MinHeapDeltaBytes                        = 1048576                                   {product} {ergonomic}
    uintx NonNMethodCodeHeapSize                   = 5836492                                {pd product} {ergonomic}
    uintx NonProfiledCodeHeapSize                  = 122910874                              {pd product} {ergonomic}
    uintx ProfiledCodeHeapSize                     = 122910874                              {pd product} {ergonomic}
    uintx ReservedCodeCacheSize                    = 251658240                              {pd product} {ergonomic}
     bool SegmentedCodeCache                       = true                                      {product} {ergonomic}
     bool UseCompressedClassPointers               = true                                 {lp64_product} {ergonomic}
     bool UseCompressedOops                        = true                                 {lp64_product} {ergonomic}
     bool UseG1GC                                  = true                                      {product} {ergonomic}

Logging:
Log output configuration:
 #0: stdout all=warning uptime,level,tags
 #1: stderr all=off uptime,level,tags

Environment Variables:
PATH=/usr/local/bin:/usr/bin:/bin:/usr/sbin:/sbin:/Library/Apple/usr/bin
SHELL=/opt/homebrew/bin/fish
LC_CTYPE=en_US.UTF-8

Signal Handlers:
SIGSEGV: [libjvm.dylib+0x748a20], sa_mask[0]=11111111011111110111111111111111, sa_flags=SA_ONSTACK|SA_RESTART|SA_SIGINFO
SIGBUS: [libjvm.dylib+0x748a20], sa_mask[0]=11111111011111110111111111111111, sa_flags=SA_RESTART|SA_SIGINFO
SIGFPE: [libjvm.dylib+0x748a20], sa_mask[0]=11111111011111110111111111111111, sa_flags=SA_RESTART|SA_SIGINFO
SIGPIPE: [libjvm.dylib+0x5a4084], sa_mask[0]=11111111011111110111111111111111, sa_flags=SA_RESTART|SA_SIGINFO
SIGXFSZ: [libjvm.dylib+0x5a4084], sa_mask[0]=11111111011111110111111111111111, sa_flags=SA_RESTART|SA_SIGINFO
SIGILL: [libjvm.dylib+0x748a20], sa_mask[0]=11111111011111110111111111111111, sa_flags=SA_RESTART|SA_SIGINFO
SIGUSR2: [libjvm.dylib+0x5a4684], sa_mask[0]=00100000000000000000000000000000, sa_flags=SA_RESTART|SA_SIGINFO
SIGHUP: [libjvm.dylib+0x5a2e30], sa_mask[0]=11111111011111110111111111111111, sa_flags=SA_RESTART|SA_SIGINFO
SIGINT: [libjvm.dylib+0x5a2e30], sa_mask[0]=11111111011111110111111111111111, sa_flags=SA_RESTART|SA_SIGINFO
SIGTERM: [libjvm.dylib+0x5a2e30], sa_mask[0]=11111111011111110111111111111111, sa_flags=SA_RESTART|SA_SIGINFO
SIGQUIT: [libjvm.dylib+0x5a2e30], sa_mask[0]=11111111011111110111111111111111, sa_flags=SA_RESTART|SA_SIGINFO


---------------  S Y S T E M  ---------------

OS:uname:Darwin 21.6.0 Darwin Kernel Version 21.6.0: Mon Aug 22 20:20:05 PDT 2022; root:xnu-8020.140.49~2/RELEASE_ARM64_T8101 arm64
OS uptime: 0 days 8:21 hours
rlimit (soft/hard): STACK 8176k/65520k , CORE 0k/infinity , NPROC 1333/2000 , NOFILE 10240/infinity , AS infinity/infinity , CPU infinity/infinity , DATA infinity/infinity , FSIZE infinity/infinity , MEMLOCK infinity/infinity , RSS infinity/infinity
load average:3.20 2.54 2.30

CPU:total 8 (initial active 8) 0x61:0x0:0x1b588bb3:0, simd, crc, lse

Memory: 16k page, physical 8388608k(94016k free), swap 1048576k(793920k free)

vm_info: OpenJDK 64-Bit Server VM (11.0.16.1+1-LTS) for bsd-aarch64 JRE (Zulu11.58+23-CA) (11.0.16.1+1-LTS), built on Aug 13 2022 18:50:44 by "zulu_re" with clang Apple LLVM 12.0.0 (clang-1200.0.32.28)

END.
