#
# A fatal error has been detected by the Java Runtime Environment:
#
#  Internal Error (safepoint.cpp:919), pid=2313, tid=27651
#  fatal error: Illegal threadstate encountered: 4
#
# JRE version: Java(TM) SE Runtime Environment 18.9 (11.0.13+10) (build 11.0.13+10-LTS-370)
# Java VM: Java HotSpot(TM) 64-Bit Server VM 18.9 (11.0.13+10-LTS-370, mixed mode, tiered, compressed oops, g1 gc, bsd-amd64)
# No core dump will be written. Core dumps have been disabled. To enable core dumping, try "ulimit -c unlimited" before starting Java again
#
# If you would like to submit a bug report, please visit:
#   https://bugreport.java.com/bugreport/crash.jsp
# The crash happened outside the Java Virtual Machine in native code.
# See problematic frame for where to report the bug.
#

---------------  S U M M A R Y ------------

Command Line: -Dfile.encoding=UTF-8 -Duser.country=SG -Duser.language=en -Duser.variant seedu.address.Main

Host: MacBookPro14,2 x86_64 3100 MHz, 4 cores, 8G, Darwin 21.6.0
Time: Mon Oct 31 11:59:15 2022 +08 elapsed time: 12.825034 seconds (0d 0h 0m 12s)

---------------  T H R E A D  ---------------

Current thread (0x00007fea652a3000):  JavaThread "InvokeLaterDispatcher" daemon [_thread_in_native, id=27651, stack(0x0000700004c5b000,0x0000700004d5b000)]

Stack: [0x0000700004c5b000,0x0000700004d5b000],  sp=0x0000700004d592e0,  free space=1016k
Native frames: (J=compiled Java code, j=interpreted, Vv=VM code, C=native code)
V  [libjvm.dylib+0x786e36]  _ZN7VMError14report_and_dieEiPKcS1_P13__va_list_tagP6ThreadPhPvS7_S1_im+0x54c
V  [libjvm.dylib+0x25569c]  _Z12report_fatal11VMErrorTypePKciS1_z+0xbc
V  [libjvm.dylib+0x6a723c]  _ZN20SafepointSynchronize5blockEP10JavaThread+0x1d8
V  [libjvm.dylib+0x6a8da5]  _ZN18SafepointMechanism23block_if_requested_slowEP10JavaThread+0x1d
V  [libjvm.dylib+0x736692]  _ZN10JavaThread44check_safepoint_and_suspend_for_native_transEPS_+0x9c
V  [libjvm.dylib+0x3ce004]  jni_DeleteGlobalRef+0x91
C  [libglass.dylib+0x8851]  -[GlassRunnable dealloc]+0x31
C  [Foundation+0x818be]  -[_NSThreadPerformInfo dealloc]+0x2a
C  [Foundation+0x4e446]  -[NSObject(NSThreadPerformAdditions) performSelectorOnMainThread:withObject:waitUntilDone:]+0x7c
J 3165  com.sun.glass.ui.mac.MacApplication._submitForLaterInvocation(Ljava/lang/Runnable;)V (0 bytes) @ 0x000000011da8d38f [0x000000011da8d2c0+0x00000000000000cf]
J 3164 c1 com.sun.glass.ui.mac.MacApplication.submitForLaterInvocation(Ljava/lang/Runnable;)V (6 bytes) @ 0x0000000116a1c734 [0x0000000116a1c6c0+0x0000000000000074]
j  com.sun.glass.ui.InvokeLaterDispatcher.run()V+82
v  ~StubRoutines::call_stub
V  [libjvm.dylib+0x38f493]  _ZN9JavaCalls11call_helperEP9JavaValueRK12methodHandleP17JavaCallArgumentsP6Thread+0x207
V  [libjvm.dylib+0x38e90b]  _ZN9JavaCalls12call_virtualEP9JavaValueP5KlassP6SymbolS5_P17JavaCallArgumentsP6Thread+0xe9
V  [libjvm.dylib+0x38e9c6]  _ZN9JavaCalls12call_virtualEP9JavaValue6HandleP5KlassP6SymbolS6_P6Thread+0x62
V  [libjvm.dylib+0x4168d3]  _ZL12thread_entryP10JavaThreadP6Thread+0x78
V  [libjvm.dylib+0x7350f6]  _ZN10JavaThread17thread_main_innerEv+0x82
V  [libjvm.dylib+0x734f47]  _ZN10JavaThread3runEv+0x121
V  [libjvm.dylib+0x732e0a]  _ZN6Thread8call_runEv+0x68
V  [libjvm.dylib+0x638a52]  _ZL19thread_native_entryP6Thread+0x136
C  [libsystem_pthread.dylib+0x64e1]  _pthread_start+0x7d
C  [libsystem_pthread.dylib+0x1f6b]  thread_start+0xf

Java frames: (J=compiled Java code, j=interpreted, Vv=VM code)
J 3165  com.sun.glass.ui.mac.MacApplication._submitForLaterInvocation(Ljava/lang/Runnable;)V (0 bytes) @ 0x000000011da8d31c [0x000000011da8d2c0+0x000000000000005c]
J 3164 c1 com.sun.glass.ui.mac.MacApplication.submitForLaterInvocation(Ljava/lang/Runnable;)V (6 bytes) @ 0x0000000116a1c734 [0x0000000116a1c6c0+0x0000000000000074]
j  com.sun.glass.ui.InvokeLaterDispatcher.run()V+82
v  ~StubRoutines::call_stub

---------------  P R O C E S S  ---------------

Threads class SMR info:
_java_thread_list=0x0000600003f5ff60, length=23, elements={
0x00007fea6501b800, 0x00007fea65837000, 0x00007fea65053000, 0x00007fea66825000,
0x00007fea65056000, 0x00007fea65844000, 0x00007fea6583d000, 0x00007fea6400f800,
0x00007fea6407a000, 0x00007fea6504a000, 0x00007fea650f3000, 0x00007fea652a3000,
0x00007fea652a4000, 0x00007fea65b98800, 0x00007fea65343000, 0x00007fea65ebf800,
0x00007fea6aa56000, 0x00007fea6aa54800, 0x00007fea6a2f6000, 0x00007fea6bca8000,
0x00007fea6a32b800, 0x00007fea6aa56800, 0x00007fea6aa58800
}

Java Threads: ( => current thread )
  0x00007fea6501b800 JavaThread "main" [_thread_blocked, id=6147, stack(0x000070000391f000,0x0000700003a1f000)]
  0x00007fea65837000 JavaThread "Reference Handler" daemon [_thread_blocked, id=18947, stack(0x0000700004034000,0x0000700004134000)]
  0x00007fea65053000 JavaThread "Finalizer" daemon [_thread_blocked, id=18691, stack(0x0000700004137000,0x0000700004237000)]
  0x00007fea66825000 JavaThread "Signal Dispatcher" daemon [_thread_blocked, id=16899, stack(0x0000700004340000,0x0000700004440000)]
  0x00007fea65056000 JavaThread "Service Thread" daemon [_thread_blocked, id=21763, stack(0x0000700004443000,0x0000700004543000)]
  0x00007fea65844000 JavaThread "C2 CompilerThread0" daemon [_thread_blocked, id=43267, stack(0x0000700004546000,0x0000700004646000)]
  0x00007fea6583d000 JavaThread "C1 CompilerThread0" daemon [_thread_blocked, id=22531, stack(0x0000700004649000,0x0000700004749000)]
  0x00007fea6400f800 JavaThread "Sweeper thread" daemon [_thread_blocked, id=41987, stack(0x000070000474c000,0x000070000484c000)]
  0x00007fea6407a000 JavaThread "Common-Cleaner" daemon [_thread_blocked, id=23299, stack(0x0000700004952000,0x0000700004a52000)]
  0x00007fea6504a000 JavaThread "JavaFX-Launcher" [_thread_blocked, id=24067, stack(0x0000700004a55000,0x0000700004b55000)]
  0x00007fea650f3000 JavaThread "QuantumRenderer-0" daemon [_thread_blocked, id=24835, stack(0x0000700004b58000,0x0000700004c58000)]
=>0x00007fea652a3000 JavaThread "InvokeLaterDispatcher" daemon [_thread_in_native, id=27651, stack(0x0000700004c5b000,0x0000700004d5b000)]
  0x00007fea652a4000 JavaThread "JavaFX Application Thread" [_thread_in_native_trans, id=259, stack(0x00007ff7b373f000,0x00007ff7b3f3f000)]
  0x00007fea65b98800 JavaThread "Thread-3" daemon [_thread_in_native, id=85255, stack(0x0000700004e64000,0x0000700004ee4000)]
  0x00007fea65343000 JavaThread "Prism Font Disposer" daemon [_thread_blocked, id=67851, stack(0x00007000053fc000,0x00007000054fc000)]
  0x00007fea65ebf800 JavaThread "Cleaner-0" daemon [_thread_blocked, id=87315, stack(0x00007000054ff000,0x00007000055ff000)]
  0x00007fea6aa56000 JavaThread "Media Resource Disposer" daemon [_thread_in_native, id=100387, stack(0x0000700005911000,0x0000700005a11000)]
  0x00007fea6aa54800 JavaThread "Timer-0" daemon [_thread_blocked, id=101383, stack(0x0000700005a97000,0x0000700005b97000)]
  0x00007fea6a2f6000 JavaThread "JFXMedia Player EventQueueThread" daemon [_thread_blocked, id=128275, stack(0x0000700005685000,0x0000700005785000)]
  0x00007fea6bca8000 JavaThread "Timer-1" daemon [_thread_blocked, id=102155, stack(0x0000700005b9a000,0x0000700005c9a000)]
  0x00007fea6a32b800 JavaThread "JFXMedia Player EventQueueThread" daemon [_thread_blocked, id=114235, stack(0x0000700005c9d000,0x0000700005d9d000)]
  0x00007fea6aa56800 JavaThread "Timer-2" daemon [_thread_blocked, id=102403, stack(0x0000700005da0000,0x0000700005ea0000)]
  0x00007fea6aa58800 JavaThread "JFXMedia Player EventQueueThread" daemon [_thread_blocked, id=110863, stack(0x0000700005ea3000,0x0000700005fa3000)]

Other Threads:
  0x00007fea66827800 VMThread "VM Thread" [stack: 0x0000700003f31000,0x0000700004031000] [id=19459] _threads_hazard_ptr=0x0000600003f5ff60
  0x00007fea66826000 WatcherThread [stack: 0x000070000484f000,0x000070000494f000] [id=41731]
  0x00007fea65015800 GCTaskThread "GC Thread#0" [stack: 0x0000700003a22000,0x0000700003b22000] [id=11779]
  0x00007fea65ba2800 GCTaskThread "GC Thread#1" [stack: 0x0000700004ee7000,0x0000700004fe7000] [id=82435]
  0x00007fea65ba3000 GCTaskThread "GC Thread#2" [stack: 0x0000700004fea000,0x00007000050ea000] [id=82183]
  0x00007fea6418a800 GCTaskThread "GC Thread#3" [stack: 0x00007000050ed000,0x00007000051ed000] [id=81923]
  0x00007fea65045800 ConcurrentGCThread "G1 Main Marker" [stack: 0x0000700003b25000,0x0000700003c25000] [id=21251]
  0x00007fea65046000 ConcurrentGCThread "G1 Conc#0" [stack: 0x0000700003c28000,0x0000700003d28000] [id=12803]
  0x00007fea6405e000 ConcurrentGCThread "G1 Refine#0" [stack: 0x0000700003d2b000,0x0000700003e2b000] [id=13315]
  0x00007fea6405f000 ConcurrentGCThread "G1 Young RemSet Sampling" [stack: 0x0000700003e2e000,0x0000700003f2e000] [id=20483]

Threads with active compile tasks:
C1 CompilerThread0  12833 3454       3       com.sun.javafx.geom.RectBounds::makeEmpty (23 bytes)

VM state:synchronizing (normal execution)

VM Mutex/Monitor currently owned by a thread:  ([mutex/lock_event])
[0x000060000104e800] Safepoint_lock - owner thread: 0x00007fea66827800
[0x000060000104e880] Threads_lock - owner thread: 0x00007fea66827800

Heap address: 0x0000000780000000, size: 2048 MB, Compressed Oops mode: Zero based, Oop shift amount: 3
Narrow klass base: 0x0000000800000000, Narrow klass shift: 0
Compressed class space size: 1073741824 Address: 0x0000000800000000

Heap:
 garbage-first heap   total 157696K, used 20444K [0x0000000780000000, 0x0000000800000000)
  region size 1024K, 7 young (7168K), 2 survivors (2048K)
 Metaspace       used 32949K, capacity 34458K, committed 34688K, reserved 1079296K
  class space    used 4308K, capacity 4983K, committed 4992K, reserved 1048576K
Heap Regions: E=young(eden), S=young(survivor), O=old, HS=humongous(starts), HC=humongous(continues), CS=collection set, F=free, A=archive, TAMS=top-at-mark-start (previous, next)
|   0|0x0000000780000000, 0x0000000780100000, 0x0000000780100000|100%| O|  |TAMS 0x0000000780100000, 0x0000000780000000| Untracked 
|   1|0x0000000780100000, 0x0000000780200000, 0x0000000780200000|100%| O|  |TAMS 0x0000000780200000, 0x0000000780100000| Untracked 
|   2|0x0000000780200000, 0x0000000780300000, 0x0000000780300000|100%| O|  |TAMS 0x0000000780300000, 0x0000000780200000| Untracked 
|   3|0x0000000780300000, 0x0000000780400000, 0x0000000780400000|100%| O|  |TAMS 0x00000007803fee00, 0x0000000780300000| Untracked 
|   4|0x0000000780400000, 0x0000000780500000, 0x0000000780500000|100%| O|  |TAMS 0x0000000780400000, 0x0000000780400000| Untracked 
|   5|0x0000000780500000, 0x0000000780600000, 0x0000000780600000|100%| O|  |TAMS 0x0000000780500000, 0x0000000780500000| Untracked 
|   6|0x0000000780600000, 0x0000000780700000, 0x0000000780700000|100%| O|  |TAMS 0x0000000780600000, 0x0000000780600000| Untracked 
|   7|0x0000000780700000, 0x0000000780800000, 0x0000000780800000|100%|HS|  |TAMS 0x0000000780700000, 0x0000000780700000| Complete 
|   8|0x0000000780800000, 0x0000000780900000, 0x0000000780900000|100%|HC|  |TAMS 0x0000000780800000, 0x0000000780800000| Complete 
|   9|0x0000000780900000, 0x0000000780a00000, 0x0000000780a00000|100%|HS|  |TAMS 0x0000000780900000, 0x0000000780900000| Complete 
|  10|0x0000000780a00000, 0x0000000780b00000, 0x0000000780b00000|100%| O|  |TAMS 0x0000000780a00000, 0x0000000780a00000| Untracked 
|  11|0x0000000780b00000, 0x0000000780c00000, 0x0000000780c00000|100%| O|  |TAMS 0x0000000780b00000, 0x0000000780b00000| Untracked 
|  12|0x0000000780c00000, 0x0000000780d00000, 0x0000000780d00000|100%| O|  |TAMS 0x0000000780c00000, 0x0000000780c00000| Untracked 
|  13|0x0000000780d00000, 0x0000000780e00000, 0x0000000780e00000|100%| O|  |TAMS 0x0000000780d00000, 0x0000000780d00000| Untracked 
|  14|0x0000000780e00000, 0x0000000780e11400, 0x0000000780f00000|  6%| O|  |TAMS 0x0000000780e00000, 0x0000000780e00000| Untracked 
|  15|0x0000000780f00000, 0x0000000780f00000, 0x0000000781000000|  0%| F|  |TAMS 0x0000000780f00000, 0x0000000780f00000| Untracked 
|  16|0x0000000781000000, 0x0000000781000000, 0x0000000781100000|  0%| F|  |TAMS 0x0000000781000000, 0x0000000781000000| Untracked 
|  17|0x0000000781100000, 0x0000000781100000, 0x0000000781200000|  0%| F|  |TAMS 0x0000000781100000, 0x0000000781100000| Untracked 
|  18|0x0000000781200000, 0x0000000781200000, 0x0000000781300000|  0%| F|  |TAMS 0x0000000781200000, 0x0000000781200000| Untracked 
|  19|0x0000000781300000, 0x0000000781300000, 0x0000000781400000|  0%| F|  |TAMS 0x0000000781300000, 0x0000000781300000| Untracked 
|  20|0x0000000781400000, 0x0000000781400000, 0x0000000781500000|  0%| F|  |TAMS 0x0000000781400000, 0x0000000781400000| Untracked 
|  21|0x0000000781500000, 0x0000000781500000, 0x0000000781600000|  0%| F|  |TAMS 0x0000000781500000, 0x0000000781500000| Untracked 
|  22|0x0000000781600000, 0x0000000781600000, 0x0000000781700000|  0%| F|  |TAMS 0x0000000781600000, 0x0000000781600000| Untracked 
|  23|0x0000000781700000, 0x0000000781700000, 0x0000000781800000|  0%| F|  |TAMS 0x0000000781700000, 0x0000000781700000| Untracked 
|  24|0x0000000781800000, 0x0000000781800000, 0x0000000781900000|  0%| F|  |TAMS 0x0000000781800000, 0x0000000781800000| Untracked 
|  25|0x0000000781900000, 0x0000000781900000, 0x0000000781a00000|  0%| F|  |TAMS 0x0000000781900000, 0x0000000781900000| Untracked 
|  26|0x0000000781a00000, 0x0000000781a00000, 0x0000000781b00000|  0%| F|  |TAMS 0x0000000781a00000, 0x0000000781a00000| Untracked 
|  27|0x0000000781b00000, 0x0000000781b00000, 0x0000000781c00000|  0%| F|  |TAMS 0x0000000781b00000, 0x0000000781b00000| Untracked 
|  28|0x0000000781c00000, 0x0000000781c00000, 0x0000000781d00000|  0%| F|  |TAMS 0x0000000781c00000, 0x0000000781c00000| Untracked 
|  29|0x0000000781d00000, 0x0000000781d00000, 0x0000000781e00000|  0%| F|  |TAMS 0x0000000781d00000, 0x0000000781d00000| Untracked 
|  30|0x0000000781e00000, 0x0000000781e00000, 0x0000000781f00000|  0%| F|  |TAMS 0x0000000781e00000, 0x0000000781e00000| Untracked 
|  31|0x0000000781f00000, 0x0000000781f00000, 0x0000000782000000|  0%| F|  |TAMS 0x0000000781f00000, 0x0000000781f00000| Untracked 
|  32|0x0000000782000000, 0x0000000782000000, 0x0000000782100000|  0%| F|  |TAMS 0x0000000782000000, 0x0000000782000000| Untracked 
|  33|0x0000000782100000, 0x0000000782100000, 0x0000000782200000|  0%| F|  |TAMS 0x0000000782100000, 0x0000000782100000| Untracked 
|  34|0x0000000782200000, 0x0000000782200000, 0x0000000782300000|  0%| F|  |TAMS 0x0000000782200000, 0x0000000782200000| Untracked 
|  35|0x0000000782300000, 0x0000000782300000, 0x0000000782400000|  0%| F|  |TAMS 0x0000000782300000, 0x0000000782300000| Untracked 
|  36|0x0000000782400000, 0x0000000782400000, 0x0000000782500000|  0%| F|  |TAMS 0x0000000782400000, 0x0000000782400000| Untracked 
|  37|0x0000000782500000, 0x0000000782500000, 0x0000000782600000|  0%| F|  |TAMS 0x0000000782500000, 0x0000000782500000| Untracked 
|  38|0x0000000782600000, 0x0000000782600000, 0x0000000782700000|  0%| F|  |TAMS 0x0000000782600000, 0x0000000782600000| Untracked 
|  39|0x0000000782700000, 0x0000000782700000, 0x0000000782800000|  0%| F|  |TAMS 0x0000000782700000, 0x0000000782700000| Untracked 
|  40|0x0000000782800000, 0x0000000782800000, 0x0000000782900000|  0%| F|  |TAMS 0x0000000782800000, 0x0000000782800000| Untracked 
|  41|0x0000000782900000, 0x0000000782900000, 0x0000000782a00000|  0%| F|  |TAMS 0x0000000782900000, 0x0000000782900000| Untracked 
|  42|0x0000000782a00000, 0x0000000782a00000, 0x0000000782b00000|  0%| F|  |TAMS 0x0000000782a00000, 0x0000000782a00000| Untracked 
|  43|0x0000000782b00000, 0x0000000782b00000, 0x0000000782c00000|  0%| F|  |TAMS 0x0000000782b00000, 0x0000000782b00000| Untracked 
|  44|0x0000000782c00000, 0x0000000782c00000, 0x0000000782d00000|  0%| F|  |TAMS 0x0000000782c00000, 0x0000000782c00000| Untracked 
|  45|0x0000000782d00000, 0x0000000782d00000, 0x0000000782e00000|  0%| F|  |TAMS 0x0000000782d00000, 0x0000000782d00000| Untracked 
|  46|0x0000000782e00000, 0x0000000782e00000, 0x0000000782f00000|  0%| F|  |TAMS 0x0000000782e00000, 0x0000000782e00000| Untracked 
|  47|0x0000000782f00000, 0x0000000782f00000, 0x0000000783000000|  0%| F|  |TAMS 0x0000000782f00000, 0x0000000782f00000| Untracked 
|  48|0x0000000783000000, 0x0000000783000000, 0x0000000783100000|  0%| F|  |TAMS 0x0000000783000000, 0x0000000783000000| Untracked 
|  49|0x0000000783100000, 0x0000000783100000, 0x0000000783200000|  0%| F|  |TAMS 0x0000000783100000, 0x0000000783100000| Untracked 
|  50|0x0000000783200000, 0x0000000783200000, 0x0000000783300000|  0%| F|  |TAMS 0x0000000783200000, 0x0000000783200000| Untracked 
|  51|0x0000000783300000, 0x0000000783300000, 0x0000000783400000|  0%| F|  |TAMS 0x0000000783300000, 0x0000000783300000| Untracked 
|  52|0x0000000783400000, 0x0000000783400000, 0x0000000783500000|  0%| F|  |TAMS 0x0000000783400000, 0x0000000783400000| Untracked 
|  53|0x0000000783500000, 0x0000000783500000, 0x0000000783600000|  0%| F|  |TAMS 0x0000000783500000, 0x0000000783500000| Untracked 
|  54|0x0000000783600000, 0x0000000783600000, 0x0000000783700000|  0%| F|  |TAMS 0x0000000783600000, 0x0000000783600000| Untracked 
|  55|0x0000000783700000, 0x0000000783700000, 0x0000000783800000|  0%| F|  |TAMS 0x0000000783700000, 0x0000000783700000| Untracked 
|  56|0x0000000783800000, 0x0000000783800000, 0x0000000783900000|  0%| F|  |TAMS 0x0000000783800000, 0x0000000783800000| Untracked 
|  57|0x0000000783900000, 0x0000000783900000, 0x0000000783a00000|  0%| F|  |TAMS 0x0000000783900000, 0x0000000783900000| Untracked 
|  58|0x0000000783a00000, 0x0000000783a00000, 0x0000000783b00000|  0%| F|  |TAMS 0x0000000783a00000, 0x0000000783a00000| Untracked 
|  59|0x0000000783b00000, 0x0000000783b00000, 0x0000000783c00000|  0%| F|  |TAMS 0x0000000783b00000, 0x0000000783b00000| Untracked 
|  60|0x0000000783c00000, 0x0000000783c00000, 0x0000000783d00000|  0%| F|  |TAMS 0x0000000783c00000, 0x0000000783c00000| Untracked 
|  61|0x0000000783d00000, 0x0000000783d00000, 0x0000000783e00000|  0%| F|  |TAMS 0x0000000783d00000, 0x0000000783d00000| Untracked 
|  62|0x0000000783e00000, 0x0000000783e00000, 0x0000000783f00000|  0%| F|  |TAMS 0x0000000783e00000, 0x0000000783e00000| Untracked 
|  63|0x0000000783f00000, 0x0000000783f00000, 0x0000000784000000|  0%| F|  |TAMS 0x0000000783f00000, 0x0000000783f00000| Untracked 
|  64|0x0000000784000000, 0x0000000784000000, 0x0000000784100000|  0%| F|  |TAMS 0x0000000784000000, 0x0000000784000000| Untracked 
|  65|0x0000000784100000, 0x0000000784100000, 0x0000000784200000|  0%| F|  |TAMS 0x0000000784100000, 0x0000000784100000| Untracked 
|  66|0x0000000784200000, 0x0000000784200000, 0x0000000784300000|  0%| F|  |TAMS 0x0000000784200000, 0x0000000784200000| Untracked 
|  67|0x0000000784300000, 0x0000000784300000, 0x0000000784400000|  0%| F|  |TAMS 0x0000000784300000, 0x0000000784300000| Untracked 
|  68|0x0000000784400000, 0x0000000784400000, 0x0000000784500000|  0%| F|  |TAMS 0x0000000784400000, 0x0000000784400000| Untracked 
|  69|0x0000000784500000, 0x0000000784500000, 0x0000000784600000|  0%| F|  |TAMS 0x0000000784500000, 0x0000000784500000| Untracked 
|  70|0x0000000784600000, 0x0000000784600000, 0x0000000784700000|  0%| F|  |TAMS 0x0000000784600000, 0x0000000784600000| Untracked 
|  71|0x0000000784700000, 0x0000000784700000, 0x0000000784800000|  0%| F|  |TAMS 0x0000000784700000, 0x0000000784700000| Untracked 
|  72|0x0000000784800000, 0x0000000784800000, 0x0000000784900000|  0%| F|  |TAMS 0x0000000784800000, 0x0000000784800000| Untracked 
|  73|0x0000000784900000, 0x0000000784900000, 0x0000000784a00000|  0%| F|  |TAMS 0x0000000784900000, 0x0000000784900000| Untracked 
|  74|0x0000000784a00000, 0x0000000784a00000, 0x0000000784b00000|  0%| F|  |TAMS 0x0000000784a00000, 0x0000000784a00000| Untracked 
|  75|0x0000000784b00000, 0x0000000784b00000, 0x0000000784c00000|  0%| F|  |TAMS 0x0000000784b00000, 0x0000000784b00000| Untracked 
|  76|0x0000000784c00000, 0x0000000784c00000, 0x0000000784d00000|  0%| F|  |TAMS 0x0000000784c00000, 0x0000000784c00000| Untracked 
|  77|0x0000000784d00000, 0x0000000784d00000, 0x0000000784e00000|  0%| F|  |TAMS 0x0000000784d00000, 0x0000000784d00000| Untracked 
|  78|0x0000000784e00000, 0x0000000784e00000, 0x0000000784f00000|  0%| F|  |TAMS 0x0000000784e00000, 0x0000000784e00000| Untracked 
|  79|0x0000000784f00000, 0x0000000784f00000, 0x0000000785000000|  0%| F|  |TAMS 0x0000000784f00000, 0x0000000784f00000| Untracked 
|  80|0x0000000785000000, 0x0000000785000000, 0x0000000785100000|  0%| F|  |TAMS 0x0000000785000000, 0x0000000785000000| Untracked 
|  81|0x0000000785100000, 0x0000000785100000, 0x0000000785200000|  0%| F|  |TAMS 0x0000000785100000, 0x0000000785100000| Untracked 
|  82|0x0000000785200000, 0x0000000785200000, 0x0000000785300000|  0%| F|  |TAMS 0x0000000785200000, 0x0000000785200000| Untracked 
|  83|0x0000000785300000, 0x0000000785300000, 0x0000000785400000|  0%| F|  |TAMS 0x0000000785300000, 0x0000000785300000| Untracked 
|  84|0x0000000785400000, 0x0000000785400000, 0x0000000785500000|  0%| F|  |TAMS 0x0000000785400000, 0x0000000785400000| Untracked 
|  85|0x0000000785500000, 0x0000000785500000, 0x0000000785600000|  0%| F|  |TAMS 0x0000000785500000, 0x0000000785500000| Untracked 
|  86|0x0000000785600000, 0x0000000785600000, 0x0000000785700000|  0%| F|  |TAMS 0x0000000785600000, 0x0000000785600000| Untracked 
|  87|0x0000000785700000, 0x0000000785700000, 0x0000000785800000|  0%| F|  |TAMS 0x0000000785700000, 0x0000000785700000| Untracked 
|  88|0x0000000785800000, 0x0000000785800000, 0x0000000785900000|  0%| F|  |TAMS 0x0000000785800000, 0x0000000785800000| Untracked 
|  89|0x0000000785900000, 0x0000000785900000, 0x0000000785a00000|  0%| F|  |TAMS 0x0000000785900000, 0x0000000785900000| Untracked 
|  90|0x0000000785a00000, 0x0000000785ae5fd0, 0x0000000785b00000| 89%| S|CS|TAMS 0x0000000785a00000, 0x0000000785a00000| Complete 
|  91|0x0000000785b00000, 0x0000000785c00000, 0x0000000785c00000|100%| S|CS|TAMS 0x0000000785b00000, 0x0000000785b00000| Complete 
|  92|0x0000000785c00000, 0x0000000785c00000, 0x0000000785d00000|  0%| F|  |TAMS 0x0000000785c00000, 0x0000000785c00000| Untracked 
|  93|0x0000000785d00000, 0x0000000785d00000, 0x0000000785e00000|  0%| F|  |TAMS 0x0000000785d00000, 0x0000000785d00000| Untracked 
|  94|0x0000000785e00000, 0x0000000785e00000, 0x0000000785f00000|  0%| F|  |TAMS 0x0000000785e00000, 0x0000000785e00000| Untracked 
|  95|0x0000000785f00000, 0x0000000785f00000, 0x0000000786000000|  0%| F|  |TAMS 0x0000000785f00000, 0x0000000785f00000| Untracked 
|  96|0x0000000786000000, 0x0000000786000000, 0x0000000786100000|  0%| F|  |TAMS 0x0000000786000000, 0x0000000786000000| Untracked 
|  97|0x0000000786100000, 0x0000000786100000, 0x0000000786200000|  0%| F|  |TAMS 0x0000000786100000, 0x0000000786100000| Untracked 
|  98|0x0000000786200000, 0x0000000786200000, 0x0000000786300000|  0%| F|  |TAMS 0x0000000786200000, 0x0000000786200000| Untracked 
|  99|0x0000000786300000, 0x0000000786300000, 0x0000000786400000|  0%| F|  |TAMS 0x0000000786300000, 0x0000000786300000| Untracked 
| 100|0x0000000786400000, 0x0000000786400000, 0x0000000786500000|  0%| F|  |TAMS 0x0000000786400000, 0x0000000786400000| Untracked 
| 101|0x0000000786500000, 0x0000000786500000, 0x0000000786600000|  0%| F|  |TAMS 0x0000000786500000, 0x0000000786500000| Untracked 
| 102|0x0000000786600000, 0x0000000786600000, 0x0000000786700000|  0%| F|  |TAMS 0x0000000786600000, 0x0000000786600000| Untracked 
| 103|0x0000000786700000, 0x0000000786700000, 0x0000000786800000|  0%| F|  |TAMS 0x0000000786700000, 0x0000000786700000| Untracked 
| 104|0x0000000786800000, 0x0000000786800000, 0x0000000786900000|  0%| F|  |TAMS 0x0000000786800000, 0x0000000786800000| Untracked 
| 105|0x0000000786900000, 0x0000000786900000, 0x0000000786a00000|  0%| F|  |TAMS 0x0000000786900000, 0x0000000786900000| Untracked 
| 106|0x0000000786a00000, 0x0000000786a00000, 0x0000000786b00000|  0%| F|  |TAMS 0x0000000786a00000, 0x0000000786a00000| Untracked 
| 107|0x0000000786b00000, 0x0000000786b00000, 0x0000000786c00000|  0%| F|  |TAMS 0x0000000786b00000, 0x0000000786b00000| Untracked 
| 108|0x0000000786c00000, 0x0000000786c00000, 0x0000000786d00000|  0%| F|  |TAMS 0x0000000786c00000, 0x0000000786c00000| Untracked 
| 109|0x0000000786d00000, 0x0000000786d00000, 0x0000000786e00000|  0%| F|  |TAMS 0x0000000786d00000, 0x0000000786d00000| Untracked 
| 110|0x0000000786e00000, 0x0000000786e00000, 0x0000000786f00000|  0%| F|  |TAMS 0x0000000786e00000, 0x0000000786e00000| Untracked 
| 111|0x0000000786f00000, 0x0000000786f00000, 0x0000000787000000|  0%| F|  |TAMS 0x0000000786f00000, 0x0000000786f00000| Untracked 
| 112|0x0000000787000000, 0x0000000787000000, 0x0000000787100000|  0%| F|  |TAMS 0x0000000787000000, 0x0000000787000000| Untracked 
| 113|0x0000000787100000, 0x0000000787100000, 0x0000000787200000|  0%| F|  |TAMS 0x0000000787100000, 0x0000000787100000| Untracked 
| 114|0x0000000787200000, 0x0000000787200000, 0x0000000787300000|  0%| F|  |TAMS 0x0000000787200000, 0x0000000787200000| Untracked 
| 115|0x0000000787300000, 0x0000000787300000, 0x0000000787400000|  0%| F|  |TAMS 0x0000000787300000, 0x0000000787300000| Untracked 
| 116|0x0000000787400000, 0x0000000787400000, 0x0000000787500000|  0%| F|  |TAMS 0x0000000787400000, 0x0000000787400000| Untracked 
| 117|0x0000000787500000, 0x0000000787500000, 0x0000000787600000|  0%| F|  |TAMS 0x0000000787500000, 0x0000000787500000| Untracked 
| 118|0x0000000787600000, 0x0000000787600000, 0x0000000787700000|  0%| F|  |TAMS 0x0000000787600000, 0x0000000787600000| Untracked 
| 119|0x0000000787700000, 0x0000000787700000, 0x0000000787800000|  0%| F|  |TAMS 0x0000000787700000, 0x0000000787700000| Untracked 
| 120|0x0000000787800000, 0x0000000787800000, 0x0000000787900000|  0%| F|  |TAMS 0x0000000787800000, 0x0000000787800000| Untracked 
| 121|0x0000000787900000, 0x0000000787900000, 0x0000000787a00000|  0%| F|  |TAMS 0x0000000787900000, 0x0000000787900000| Untracked 
| 122|0x0000000787a00000, 0x0000000787a00000, 0x0000000787b00000|  0%| F|  |TAMS 0x0000000787a00000, 0x0000000787a00000| Untracked 
| 123|0x0000000787b00000, 0x0000000787b00000, 0x0000000787c00000|  0%| F|  |TAMS 0x0000000787b00000, 0x0000000787b00000| Untracked 
| 124|0x0000000787c00000, 0x0000000787c00000, 0x0000000787d00000|  0%| F|  |TAMS 0x0000000787c00000, 0x0000000787c00000| Untracked 
| 125|0x0000000787d00000, 0x0000000787d00000, 0x0000000787e00000|  0%| F|  |TAMS 0x0000000787d00000, 0x0000000787d00000| Untracked 
| 126|0x0000000787e00000, 0x0000000787e00000, 0x0000000787f00000|  0%| F|  |TAMS 0x0000000787e00000, 0x0000000787e00000| Untracked 
| 127|0x0000000787f00000, 0x0000000787f00000, 0x0000000788000000|  0%| F|  |TAMS 0x0000000787f00000, 0x0000000787f00000| Untracked 
| 128|0x0000000788000000, 0x0000000788000000, 0x0000000788100000|  0%| F|  |TAMS 0x0000000788000000, 0x0000000788000000| Untracked 
| 129|0x0000000788100000, 0x0000000788100000, 0x0000000788200000|  0%| F|  |TAMS 0x0000000788100000, 0x0000000788100000| Untracked 
| 130|0x0000000788200000, 0x0000000788200000, 0x0000000788300000|  0%| F|  |TAMS 0x0000000788200000, 0x0000000788200000| Untracked 
| 131|0x0000000788300000, 0x0000000788300000, 0x0000000788400000|  0%| F|  |TAMS 0x0000000788300000, 0x0000000788300000| Untracked 
| 132|0x0000000788400000, 0x0000000788400000, 0x0000000788500000|  0%| F|  |TAMS 0x0000000788400000, 0x0000000788400000| Untracked 
| 133|0x0000000788500000, 0x0000000788500000, 0x0000000788600000|  0%| F|  |TAMS 0x0000000788500000, 0x0000000788500000| Untracked 
| 134|0x0000000788600000, 0x0000000788600000, 0x0000000788700000|  0%| F|  |TAMS 0x0000000788600000, 0x0000000788600000| Untracked 
| 135|0x0000000788700000, 0x0000000788700000, 0x0000000788800000|  0%| F|  |TAMS 0x0000000788700000, 0x0000000788700000| Untracked 
| 136|0x0000000788800000, 0x0000000788800000, 0x0000000788900000|  0%| F|  |TAMS 0x0000000788800000, 0x0000000788800000| Untracked 
| 137|0x0000000788900000, 0x0000000788900000, 0x0000000788a00000|  0%| F|  |TAMS 0x0000000788900000, 0x0000000788900000| Untracked 
| 138|0x0000000788a00000, 0x0000000788a00000, 0x0000000788b00000|  0%| F|  |TAMS 0x0000000788a00000, 0x0000000788a00000| Untracked 
| 139|0x0000000788b00000, 0x0000000788b00000, 0x0000000788c00000|  0%| F|  |TAMS 0x0000000788b00000, 0x0000000788b00000| Untracked 
| 140|0x0000000788c00000, 0x0000000788c00000, 0x0000000788d00000|  0%| F|  |TAMS 0x0000000788c00000, 0x0000000788c00000| Untracked 
| 141|0x0000000788d00000, 0x0000000788d00000, 0x0000000788e00000|  0%| F|  |TAMS 0x0000000788d00000, 0x0000000788d00000| Untracked 
| 142|0x0000000788e00000, 0x0000000788e00000, 0x0000000788f00000|  0%| F|  |TAMS 0x0000000788e00000, 0x0000000788e00000| Untracked 
| 143|0x0000000788f00000, 0x0000000788f00000, 0x0000000789000000|  0%| F|  |TAMS 0x0000000788f00000, 0x0000000788f00000| Untracked 
| 144|0x0000000789000000, 0x0000000789000000, 0x0000000789100000|  0%| F|  |TAMS 0x0000000789000000, 0x0000000789000000| Untracked 
| 145|0x0000000789100000, 0x0000000789100000, 0x0000000789200000|  0%| F|  |TAMS 0x0000000789100000, 0x0000000789100000| Untracked 
| 146|0x0000000789200000, 0x0000000789200000, 0x0000000789300000|  0%| F|  |TAMS 0x0000000789200000, 0x0000000789200000| Untracked 
| 147|0x0000000789300000, 0x0000000789300000, 0x0000000789400000|  0%| F|  |TAMS 0x0000000789300000, 0x0000000789300000| Untracked 
| 148|0x0000000789400000, 0x0000000789400000, 0x0000000789500000|  0%| F|  |TAMS 0x0000000789400000, 0x0000000789400000| Untracked 
| 149|0x0000000789500000, 0x0000000789500800, 0x0000000789600000|  0%| E|  |TAMS 0x0000000789500000, 0x0000000789500000| Complete 
| 150|0x0000000789600000, 0x0000000789700000, 0x0000000789700000|100%| E|CS|TAMS 0x0000000789600000, 0x0000000789600000| Complete 
| 151|0x0000000789700000, 0x0000000789800000, 0x0000000789800000|100%| E|CS|TAMS 0x0000000789700000, 0x0000000789700000| Complete 
| 152|0x0000000789800000, 0x0000000789900000, 0x0000000789900000|100%| E|CS|TAMS 0x0000000789800000, 0x0000000789800000| Complete 
| 153|0x0000000789900000, 0x0000000789a00000, 0x0000000789a00000|100%| E|CS|TAMS 0x0000000789900000, 0x0000000789900000| Complete 

Card table byte_map: [0x000000010c78d000,0x000000010cb8d000] _byte_map_base: 0x0000000108b8d000

Marking Bits (Prev, Next): (CMBitMap*) 0x00007fea6503cc50, (CMBitMap*) 0x00007fea6503cc18
 Prev Bits: [0x0000000126e8b000, 0x0000000128e8b000)
 Next Bits: [0x0000000124e8b000, 0x0000000126e8b000)

Polling page: 0x000000010c100000

Metaspace:

Usage:
  Non-class:     28.78 MB capacity,    27.97 MB ( 97%) used,   665.57 KB (  2%) free+waste,   168.38 KB ( <1%) overhead. 
      Class:      4.87 MB capacity,     4.21 MB ( 86%) used,   585.38 KB ( 12%) free+waste,    89.06 KB (  2%) overhead. 
       Both:     33.65 MB capacity,    32.18 MB ( 96%) used,     1.22 MB (  4%) free+waste,   257.44 KB ( <1%) overhead. 

Virtual space:
  Non-class space:       30.00 MB reserved,      29.00 MB ( 97%) committed 
      Class space:        1.00 GB reserved,       4.88 MB ( <1%) committed 
             Both:        1.03 GB reserved,      33.88 MB (  3%) committed 

Chunk freelists:
   Non-Class:  3.62 KB
       Class:  1.12 KB
        Both:  4.75 KB

CodeHeap 'non-profiled nmethods': size=120032Kb used=1348Kb max_used=1348Kb free=118683Kb
 bounds [0x000000011d953000, 0x000000011dbc3000, 0x0000000124e8b000]
CodeHeap 'profiled nmethods': size=120032Kb used=6746Kb max_used=6746Kb free=113285Kb
 bounds [0x000000011641b000, 0x0000000116abb000, 0x000000011d953000]
CodeHeap 'non-nmethods': size=5696Kb used=1400Kb max_used=1439Kb free=4295Kb
 bounds [0x0000000115e8b000, 0x00000001160fb000, 0x000000011641b000]
 total_blobs=4305 nmethods=3429 adapters=788
 compilation: enabled
              stopped_count=0, restarted_count=0
 full_count=0

Compilation events (10 events):
Event: 12.803 Thread 0x00007fea6583d000 nmethod 3442 0x0000000116aa6c90 code [0x0000000116aa6f40, 0x0000000116aa7b40]
Event: 12.803 Thread 0x00007fea6583d000 3443       3       java.lang.StackStreamFactory$AbstractStackWalker::skipReflectionFrames (32 bytes)
Event: 12.803 Thread 0x00007fea6583d000 nmethod 3443 0x0000000116aa7f10 code [0x0000000116aa80e0, 0x0000000116aa8510]
Event: 12.803 Thread 0x00007fea6583d000 3445       3       java.lang.AbstractStringBuilder::append (67 bytes)
Event: 12.804 Thread 0x00007fea6583d000 nmethod 3445 0x0000000116aa8690 code [0x0000000116aa88a0, 0x0000000116aa8da0]
Event: 12.808 Thread 0x00007fea6583d000 3446       3       com.sun.javafx.util.WeakReferenceQueue::cleanup (33 bytes)
Event: 12.809 Thread 0x00007fea6583d000 nmethod 3446 0x0000000116aa8f10 code [0x0000000116aa9100, 0x0000000116aa9920]
Event: 12.809 Thread 0x00007fea6583d000 3448       3       javafx.collections.ListChangeBuilder::commit (517 bytes)
Event: 12.816 Thread 0x00007fea6583d000 nmethod 3448 0x0000000116aa9b90 code [0x0000000116aaa0a0, 0x0000000116aad550]
Event: 12.816 Thread 0x00007fea6583d000 3447   !   3       com.sun.javafx.css.StyleManager::processStylesheets (263 bytes)

GC Heap History (10 events):
Event: 1.424 GC heap before
{Heap before GC invocations=1 (full 0):
 garbage-first heap   total 131072K, used 14217K [0x0000000780000000, 0x0000000800000000)
  region size 1024K, 12 young (12288K), 2 survivors (2048K)
 Metaspace       used 13888K, capacity 14250K, committed 14592K, reserved 1062912K
  class space    used 1359K, capacity 1514K, committed 1536K, reserved 1048576K
}
Event: 1.432 GC heap after
{Heap after GC invocations=2 (full 0):
 garbage-first heap   total 131072K, used 5630K [0x0000000780000000, 0x0000000800000000)
  region size 1024K, 2 young (2048K), 2 survivors (2048K)
 Metaspace       used 13888K, capacity 14250K, committed 14592K, reserved 1062912K
  class space    used 1359K, capacity 1514K, committed 1536K, reserved 1048576K
}
Event: 2.093 GC heap before
{Heap before GC invocations=2 (full 0):
 garbage-first heap   total 131072K, used 26110K [0x0000000780000000, 0x0000000800000000)
  region size 1024K, 23 young (23552K), 2 survivors (2048K)
 Metaspace       used 20569K, capacity 21054K, committed 21248K, reserved 1069056K
  class space    used 2247K, capacity 2480K, committed 2560K, reserved 1048576K
}
Event: 2.106 GC heap after
{Heap after GC invocations=3 (full 0):
 garbage-first heap   total 131072K, used 7055K [0x0000000780000000, 0x0000000800000000)
  region size 1024K, 3 young (3072K), 3 survivors (3072K)
 Metaspace       used 20569K, capacity 21054K, committed 21248K, reserved 1069056K
  class space    used 2247K, capacity 2480K, committed 2560K, reserved 1048576K
}
Event: 3.313 GC heap before
{Heap before GC invocations=4 (full 0):
 garbage-first heap   total 131072K, used 41871K [0x0000000780000000, 0x0000000800000000)
  region size 1024K, 37 young (37888K), 3 survivors (3072K)
 Metaspace       used 27813K, capacity 28879K, committed 29184K, reserved 1075200K
  class space    used 3567K, capacity 4049K, committed 4096K, reserved 1048576K
}
Event: 3.325 GC heap after
{Heap after GC invocations=5 (full 0):
 garbage-first heap   total 131072K, used 11430K [0x0000000780000000, 0x0000000800000000)
  region size 1024K, 5 young (5120K), 5 survivors (5120K)
 Metaspace       used 27813K, capacity 28879K, committed 29184K, reserved 1075200K
  class space    used 3567K, capacity 4049K, committed 4096K, reserved 1048576K
}
Event: 8.399 GC heap before
{Heap before GC invocations=5 (full 0):
 garbage-first heap   total 131072K, used 61606K [0x0000000780000000, 0x0000000800000000)
  region size 1024K, 51 young (52224K), 5 survivors (5120K)
 Metaspace       used 32618K, capacity 34134K, committed 34176K, reserved 1079296K
  class space    used 4308K, capacity 4982K, committed 4992K, reserved 1048576K
}
Event: 8.410 GC heap after
{Heap after GC invocations=6 (full 0):
 garbage-first heap   total 157696K, used 16453K [0x0000000780000000, 0x0000000800000000)
  region size 1024K, 2 young (2048K), 2 survivors (2048K)
 Metaspace       used 32618K, capacity 34134K, committed 34176K, reserved 1079296K
  class space    used 4308K, capacity 4982K, committed 4992K, reserved 1048576K
}
Event: 12.811 GC heap before
{Heap before GC invocations=6 (full 0):
 garbage-first heap   total 157696K, used 79941K [0x0000000780000000, 0x0000000800000000)
  region size 1024K, 64 young (65536K), 2 survivors (2048K)
 Metaspace       used 32944K, capacity 34458K, committed 34688K, reserved 1079296K
  class space    used 4308K, capacity 4983K, committed 4992K, reserved 1048576K
}
Event: 12.816 GC heap after
{Heap after GC invocations=7 (full 0):
 garbage-first heap   total 157696K, used 16348K [0x0000000780000000, 0x0000000800000000)
  region size 1024K, 2 young (2048K), 2 survivors (2048K)
 Metaspace       used 32944K, capacity 34458K, committed 34688K, reserved 1079296K
  class space    used 4308K, capacity 4983K, committed 4992K, reserved 1048576K
}

Deoptimization events (10 events):
Event: 3.055 Thread 0x00007fea652a4000 Uncommon trap: reason=profile_predicate action=maybe_recompile pc=0x000000011d9d3f3c method=java.lang.PublicMethods$MethodList.filter([Ljava/lang/reflect/Method;Ljava/lang/String;[Ljava/lang/Class;Z)Ljava/lang/PublicMethods$MethodList; @ 21 c2
Event: 3.331 Thread 0x00007fea652a4000 Uncommon trap: reason=unstable_if action=reinterpret pc=0x000000011d9edbbc method=java.net.URL.<init>(Ljava/net/URL;Ljava/lang/String;Ljava/net/URLStreamHandler;)V @ 347 c2
Event: 3.353 Thread 0x00007fea652a4000 Uncommon trap: reason=unstable_if action=reinterpret pc=0x000000011d9de72c method=java.lang.ClassLoader.checkName(Ljava/lang/String;)Z @ 20 c2
Event: 3.524 Thread 0x00007fea652a4000 Uncommon trap: reason=intrinsic_or_type_checked_inlining action=make_not_entrant pc=0x000000011d9fdf7c method=java.util.Arrays.copyOf([Ljava/lang/Object;ILjava/lang/Class;)[Ljava/lang/Object; @ 35 c2
Event: 3.640 Thread 0x00007fea650f3000 Uncommon trap: reason=unstable_if action=reinterpret pc=0x000000011d9fbf2c method=java.util.Arrays.equals([Ljava/lang/Object;[Ljava/lang/Object;)Z @ 23 c2
Event: 3.730 Thread 0x00007fea650f3000 Uncommon trap: reason=unstable_fused_if action=reinterpret pc=0x000000011d9b6274 method=jdk.internal.org.objectweb.asm.Frame.execute(IILjdk/internal/org/objectweb/asm/ClassWriter;Ljdk/internal/org/objectweb/asm/Item;)V @ 1 c2
Event: 5.510 Thread 0x00007fea652a4000 Uncommon trap: reason=unstable_if action=reinterpret pc=0x000000011da1c188 method=javafx.beans.property.ObjectPropertyBase.get()Ljava/lang/Object; @ 9 c2
Event: 6.153 Thread 0x00007fea652a4000 Uncommon trap: reason=unstable_if action=reinterpret pc=0x000000011da14668 method=java.net.URLStreamHandler.parseURL(Ljava/net/URL;Ljava/lang/String;II)V @ 155 c2
Event: 6.155 Thread 0x00007fea652a4000 Uncommon trap: reason=unstable_if action=reinterpret pc=0x000000011d973f9c method=java.lang.AbstractStringBuilder.append(Ljava/lang/String;)Ljava/lang/AbstractStringBuilder; @ 1 c2
Event: 6.156 Thread 0x00007fea652a4000 Uncommon trap: reason=unstable_if action=reinterpret pc=0x000000011d98be78 method=java.lang.AbstractStringBuilder.append(Ljava/lang/String;)Ljava/lang/AbstractStringBuilder; @ 1 c2

Classes redefined (0 events):
No events

Internal exceptions (10 events):
Event: 3.529 Thread 0x00007fea652a4000 Exception <a 'java/lang/AssertionError'{0x00000007877d6da0}> (0x00000007877d6da0) thrown at [./open/src/hotspot/share/prims/jvm.cpp, line 1309]
Event: 3.581 Thread 0x00007fea652a4000 Exception <a 'java/lang/NoSuchMethodError'{0x000000078766b018}: java.lang.invoke.DirectMethodHandle$Holder.invokeStaticInit(Ljava/lang/Object;Ljava/lang/Object;Ljava/lang/Object;)J> (0x000000078766b018) thrown at [./open/src/hotspot/share/interpreter/link
Event: 3.582 Thread 0x00007fea652a4000 Exception <a 'java/lang/NoSuchMethodError'{0x0000000787683658}: java.lang.invoke.DirectMethodHandle$Holder.invokeStatic(Ljava/lang/Object;Ljava/lang/Object;J)Ljava/lang/Object;> (0x0000000787683658) thrown at [./open/src/hotspot/share/interpreter/linkReso
Event: 3.583 Thread 0x00007fea652a4000 Exception <a 'java/lang/NoSuchMethodError'{0x00000007876897d0}: java.lang.invoke.Invokers$Holder.linkToTargetMethod(Ljava/lang/Object;JLjava/lang/Object;)Ljava/lang/Object;> (0x00000007876897d0) thrown at [./open/src/hotspot/share/interpreter/linkResolver
Event: 5.182 Thread 0x00007fea652a4000 Exception <a 'java/lang/NoSuchMethodError'{0x00000007870376c0}: java.lang.invoke.DirectMethodHandle$Holder.invokeStatic(Ljava/lang/Object;Ljava/lang/Object;JIII)Ljava/lang/Object;> (0x00000007870376c0) thrown at [./open/src/hotspot/share/interpreter/linkR
Event: 5.184 Thread 0x00007fea652a4000 Exception <a 'java/lang/NoSuchMethodError'{0x000000078704bb08}: java.lang.invoke.DirectMethodHandle$Holder.invokeStatic(Ljava/lang/Object;Ljava/lang/Object;ILjava/lang/Object;JIIII)Ljava/lang/Object;> (0x000000078704bb08) thrown at [./open/src/hotspot/sha
Event: 6.155 Thread 0x00007fea652a4000 Implicit null exception at 0x000000011d973a74 to 0x000000011d973f84
Event: 6.156 Thread 0x00007fea652a4000 Implicit null exception at 0x000000011d98b974 to 0x000000011d98be60
Event: 6.258 Thread 0x00007fea652a4000 Exception <a 'java/lang/NoSuchMethodError'{0x00000007863fede8}: java.lang.invoke.DirectMethodHandle$Holder.invokeSpecial(Ljava/lang/Object;Ljava/lang/Object;D)V> (0x00000007863fede8) thrown at [./open/src/hotspot/share/interpreter/linkResolver.cpp, line 7
Event: 6.259 Thread 0x00007fea652a4000 Exception <a 'java/lang/NoSuchMethodError'{0x00000007861bdb98}: java.lang.invoke.DirectMethodHandle$Holder.invokeStatic(Ljava/lang/Object;Ljava/lang/Object;D)Ljava/lang/Object;> (0x00000007861bdb98) thrown at [./open/src/hotspot/share/interpreter/linkReso

Events (10 events):
Event: 12.817 Thread 0x00007fea6a0b5000 Thread exited: 0x00007fea6a0b5000
Event: 12.817 Thread 0x00007fea6a0b5000 Thread added: 0x00007fea6a0b5000
Event: 12.817 Thread 0x00007fea6a0b5000 Thread exited: 0x00007fea6a0b5000
Event: 12.817 Thread 0x00007fea6a0b5000 Thread added: 0x00007fea6a0b5000
Event: 12.817 Thread 0x00007fea6a0b5000 Thread exited: 0x00007fea6a0b5000
Event: 12.817 Thread 0x00007fea6a0b5000 Thread added: 0x00007fea6a0b5000
Event: 12.817 Thread 0x00007fea6a0b5000 Thread exited: 0x00007fea6a0b5000
Event: 12.818 Thread 0x00007fea6a0b5000 Thread added: 0x00007fea6a0b5000
Event: 12.818 Thread 0x00007fea6a0b5000 Thread exited: 0x00007fea6a0b5000
Event: 12.818 Executing VM operation: RevokeBias


Dynamic libraries:
0x000000010c0e1000 	/Users/sheryl/Downloads/jdk-11.0.13.jdk/Contents/Home/lib/jli/libjli.dylib
0x00007ff826818000 	/System/Library/Frameworks/Cocoa.framework/Versions/A/Cocoa
0x00007ff81246c000 	/System/Library/Frameworks/AppKit.framework/Versions/C/AppKit
0x00007ff815983000 	/System/Library/Frameworks/CoreData.framework/Versions/A/CoreData
0x00007ff81086f000 	/System/Library/Frameworks/Foundation.framework/Versions/C/Foundation
0x00007ff81a7a6000 	/usr/lib/libSystem.B.dylib
0x00007ff8132fc000 	/System/Library/PrivateFrameworks/UIFoundation.framework/Versions/A/UIFoundation
0x00007ff820719000 	/System/Library/PrivateFrameworks/RemoteViewServices.framework/Versions/A/RemoteViewServices
0x00007ff8189fa000 	/System/Library/PrivateFrameworks/XCTTargetBootstrap.framework/Versions/A/XCTTargetBootstrap
0x00007ff81c5af000 	/System/Library/PrivateFrameworks/InternationalSupport.framework/Versions/A/InternationalSupport
0x00007ff81c639000 	/System/Library/PrivateFrameworks/UserActivity.framework/Versions/A/UserActivity
0x00007ff81b98d000 	/usr/lib/libspindump.dylib
0x00007ff81358b000 	/System/Library/Frameworks/UniformTypeIdentifiers.framework/Versions/A/UniformTypeIdentifiers
0x00007ff81711e000 	/usr/lib/libapp_launch_measurement.dylib
0x00007ff816355000 	/System/Library/PrivateFrameworks/CoreAnalytics.framework/Versions/A/CoreAnalytics
0x00007ff817121000 	/System/Library/PrivateFrameworks/CoreAutoLayout.framework/Versions/A/CoreAutoLayout
0x00007ff818351000 	/System/Library/Frameworks/Metal.framework/Versions/A/Metal
0x00007ff819080000 	/usr/lib/liblangid.dylib
0x00007ff8189ff000 	/System/Library/PrivateFrameworks/CoreSVG.framework/Versions/A/CoreSVG
0x00007ff814977000 	/System/Library/PrivateFrameworks/SkyLight.framework/Versions/A/SkyLight
0x00007ff814d16000 	/System/Library/Frameworks/CoreGraphics.framework/Versions/A/CoreGraphics
0x00007ff820dd9000 	/System/Library/Frameworks/Accelerate.framework/Versions/A/Accelerate
0x00007ff81b40c000 	/System/Library/PrivateFrameworks/IconServices.framework/Versions/A/IconServices
0x00007ff818336000 	/System/Library/Frameworks/IOSurface.framework/Versions/A/IOSurface
0x00007ff816383000 	/usr/lib/libDiagnosticMessagesClient.dylib
0x00007ff81a6c6000 	/usr/lib/libz.1.dylib
0x00007ff8244bc000 	/System/Library/Frameworks/ApplicationServices.framework/Versions/A/ApplicationServices
0x00007ff8189e6000 	/System/Library/PrivateFrameworks/DFRFoundation.framework/Versions/A/DFRFoundation
0x00007ff811d54000 	/usr/lib/libicucore.A.dylib
0x00007ff81d3a5000 	/System/Library/Frameworks/AudioToolbox.framework/Versions/A/AudioToolbox
0x00007ff81c5bb000 	/System/Library/PrivateFrameworks/DataDetectorsCore.framework/Versions/A/DataDetectorsCore
0x00007ff918ab6000 	/System/Library/PrivateFrameworks/TextInput.framework/Versions/A/TextInput
0x00007ff8148fa000 	/usr/lib/libMobileGestalt.dylib
0x00007ff8186f2000 	/System/Library/Frameworks/Carbon.framework/Versions/A/Frameworks/HIToolbox.framework/Versions/A/HIToolbox
0x00007ff816b20000 	/System/Library/Frameworks/QuartzCore.framework/Versions/A/QuartzCore
0x00007ff8119f9000 	/System/Library/Frameworks/Security.framework/Versions/A/Security
0x00007ff820751000 	/System/Library/Frameworks/Carbon.framework/Versions/A/Frameworks/SpeechRecognition.framework/Versions/A/SpeechRecognition
0x00007ff816e7e000 	/System/Library/PrivateFrameworks/CoreUI.framework/Versions/A/CoreUI
0x00007ff8112c3000 	/System/Library/Frameworks/CoreAudio.framework/Versions/A/CoreAudio
0x00007ff816472000 	/System/Library/Frameworks/DiskArbitration.framework/Versions/A/DiskArbitration
0x00007ff81bd7b000 	/System/Library/PrivateFrameworks/MultitouchSupport.framework/Versions/A/MultitouchSupport
0x00007ff8148f9000 	/usr/lib/libenergytrace.dylib
0x00007ff812358000 	/System/Library/Frameworks/IOKit.framework/Versions/A/IOKit
0x00007ff820b41000 	/System/Library/Frameworks/CoreServices.framework/Versions/A/CoreServices
0x00007ff8170b8000 	/System/Library/PrivateFrameworks/PerformanceAnalysis.framework/Versions/A/PerformanceAnalysis
0x00007ffa28798000 	/System/Library/Frameworks/OpenGL.framework/Versions/A/OpenGL
0x00007ff819ce2000 	/System/Library/PrivateFrameworks/MobileKeyBag.framework/Versions/A/MobileKeyBag
0x00007ff80f839000 	/usr/lib/libobjc.A.dylib
0x00007ff8153e2000 	/System/Library/Frameworks/ColorSync.framework/Versions/A/ColorSync
0x00007ff80f9f3000 	/System/Library/Frameworks/CoreFoundation.framework/Versions/A/CoreFoundation
0x00007ff818c76000 	/System/Library/Frameworks/CoreImage.framework/Versions/A/CoreImage
0x00007ff8110d7000 	/System/Library/Frameworks/CoreText.framework/Versions/A/CoreText
0x00007ff818a2f000 	/System/Library/Frameworks/ImageIO.framework/Versions/A/ImageIO
0x00007ff81a7ac000 	/System/Library/PrivateFrameworks/SoftLinking.framework/Versions/A/SoftLinking
0x00007ff817169000 	/usr/lib/libxml2.2.dylib
0x00007ff80f8ff000 	/usr/lib/libc++.1.dylib
0x00007ff81aa30000 	/usr/lib/libcompression.dylib
0x00007ff81c4e2000 	/System/Library/PrivateFrameworks/TextureIO.framework/Versions/A/TextureIO
0x00007ff81b11e000 	/usr/lib/libate.dylib
0x00007ff81a7a1000 	/usr/lib/system/libcache.dylib
0x00007ff81a75d000 	/usr/lib/system/libcommonCrypto.dylib
0x00007ff81a786000 	/usr/lib/system/libcompiler_rt.dylib
0x00007ff81a77c000 	/usr/lib/system/libcopyfile.dylib
0x00007ff80f734000 	/usr/lib/system/libcorecrypto.dylib
0x00007ff80f7f2000 	/usr/lib/system/libdispatch.dylib
0x00007ff80f9b2000 	/usr/lib/system/libdyld.dylib
0x00007ff81a798000 	/usr/lib/system/libkeymgr.dylib
0x00007ff81a73b000 	/usr/lib/system/libmacho.dylib
0x00007ff819dbc000 	/usr/lib/system/libquarantine.dylib
0x00007ff81a796000 	/usr/lib/system/libremovefile.dylib
0x00007ff814947000 	/usr/lib/system/libsystem_asl.dylib
0x00007ff80f6dd000 	/usr/lib/system/libsystem_blocks.dylib
0x00007ff80f876000 	/usr/lib/system/libsystem_c.dylib
0x00007ff81a78e000 	/usr/lib/system/libsystem_collections.dylib
0x00007ff819070000 	/usr/lib/system/libsystem_configuration.dylib
0x00007ff818319000 	/usr/lib/system/libsystem_containermanager.dylib
0x00007ff81a473000 	/usr/lib/system/libsystem_coreservices.dylib
0x00007ff811fe8000 	/usr/lib/system/libsystem_darwin.dylib
0x00007ff81a799000 	/usr/lib/system/libsystem_dnssd.dylib
0x00007ff80f873000 	/usr/lib/system/libsystem_featureflags.dylib
0x00007ff80f9c8000 	/usr/lib/system/libsystem_info.dylib
0x00007ff81a6d9000 	/usr/lib/system/libsystem_m.dylib
0x00007ff80f7c6000 	/usr/lib/system/libsystem_malloc.dylib
0x00007ff8148e2000 	/usr/lib/system/libsystem_networkextension.dylib
0x00007ff81240e000 	/usr/lib/system/libsystem_notify.dylib
0x00007ff820a16000 	/usr/lib/system/libsystem_product_info_filter.dylib
0x00007ff819074000 	/usr/lib/system/libsystem_sandbox.dylib
0x00007ff81a793000 	/usr/lib/system/libsystem_secinit.dylib
0x00007ff80f96e000 	/usr/lib/system/libsystem_kernel.dylib
0x00007ff80f9be000 	/usr/lib/system/libsystem_platform.dylib
0x00007ff80f9a6000 	/usr/lib/system/libsystem_pthread.dylib
0x00007ff816195000 	/usr/lib/system/libsystem_symptoms.dylib
0x00007ff80f71b000 	/usr/lib/system/libsystem_trace.dylib
0x00007ff81a769000 	/usr/lib/system/libunwind.dylib
0x00007ff80f6df000 	/usr/lib/system/libxpc.dylib
0x00007ff80f958000 	/usr/lib/libc++abi.dylib
0x00007ff81a774000 	/usr/lib/liboah.dylib
0x00007ff81aefa000 	/usr/lib/liblzma.5.dylib
0x00007ff810581000 	/System/Library/Frameworks/SystemConfiguration.framework/Versions/A/SystemConfiguration
0x00007ff81a7a8000 	/usr/lib/libfakelink.dylib
0x00007ff814452000 	/System/Library/Frameworks/CFNetwork.framework/Versions/A/CFNetwork
0x00007ff81a8e9000 	/usr/lib/libarchive.2.dylib
0x00007ff81907c000 	/System/Library/PrivateFrameworks/AppleSystemInfo.framework/Versions/A/AppleSystemInfo
0x00007ff819de3000 	/usr/lib/libbsm.0.dylib
0x00007ff813a61000 	/usr/lib/libnetwork.dylib
0x00007ff81a741000 	/usr/lib/system/libkxld.dylib
0x00007ff819a16000 	/System/Library/PrivateFrameworks/IOMobileFramebuffer.framework/Versions/A/IOMobileFramebuffer
0x00007ffb28167000 	/usr/lib/libCoreEntitlements.dylib
0x00007ff81a455000 	/System/Library/PrivateFrameworks/AppleFSCompression.framework/Versions/A/AppleFSCompression
0x00007ff819dcb000 	/usr/lib/libcoretls.dylib
0x00007ff81af14000 	/usr/lib/libcoretls_cfhelpers.dylib
0x00007ff81aa2b000 	/usr/lib/libpam.2.dylib
0x00007ff815db4000 	/usr/lib/libsqlite3.dylib
0x00007ff81af83000 	/usr/lib/libxar.1.dylib
0x00007ff81a465000 	/usr/lib/libbz2.1.0.dylib
0x00007ff81a7ad000 	/usr/lib/libpcap.A.dylib
0x00007ff81618d000 	/usr/lib/libdns_services.dylib
0x00007ff81a9fb000 	/usr/lib/libapple_nghttp2.dylib
0x00007ff81a7e7000 	/usr/lib/libiconv.2.dylib
0x00007ff81a73a000 	/usr/lib/libcharset.1.dylib
0x00007ff8170ec000 	/System/Library/Frameworks/CoreServices.framework/Versions/A/Frameworks/FSEvents.framework/Versions/A/FSEvents
0x00007ff811ff2000 	/System/Library/Frameworks/CoreServices.framework/Versions/A/Frameworks/CarbonCore.framework/Versions/A/CarbonCore
0x00007ff8163d6000 	/System/Library/Frameworks/CoreServices.framework/Versions/A/Frameworks/Metadata.framework/Versions/A/Metadata
0x00007ff81a478000 	/System/Library/Frameworks/CoreServices.framework/Versions/A/Frameworks/OSServices.framework/Versions/A/OSServices
0x00007ff81a970000 	/System/Library/Frameworks/CoreServices.framework/Versions/A/Frameworks/SearchKit.framework/Versions/A/SearchKit
0x00007ff81611f000 	/System/Library/Frameworks/CoreServices.framework/Versions/A/Frameworks/AE.framework/Versions/A/AE
0x00007ff80fef6000 	/System/Library/Frameworks/CoreServices.framework/Versions/A/Frameworks/LaunchServices.framework/Versions/A/LaunchServices
0x00007ff81aeab000 	/System/Library/Frameworks/CoreServices.framework/Versions/A/Frameworks/DictionaryServices.framework/Versions/A/DictionaryServices
0x00007ff8170f9000 	/System/Library/Frameworks/CoreServices.framework/Versions/A/Frameworks/SharedFileList.framework/Versions/A/SharedFileList
0x00007ff819dbf000 	/usr/lib/libCheckFix.dylib
0x00007ff81495e000 	/System/Library/PrivateFrameworks/TCC.framework/Versions/A/TCC
0x00007ff819082000 	/System/Library/PrivateFrameworks/CoreNLP.framework/Versions/A/CoreNLP
0x00007ff816386000 	/System/Library/PrivateFrameworks/MetadataUtilities.framework/Versions/A/MetadataUtilities
0x00007ff810632000 	/usr/lib/libmecabra.dylib
0x00007ff819df3000 	/usr/lib/libmecab.dylib
0x00007ff8105fd000 	/usr/lib/libCRFSuite.dylib
0x00007ff819e4d000 	/usr/lib/libgermantok.dylib
0x00007ff81a9d6000 	/usr/lib/libThaiTokenizer.dylib
0x00007ff816479000 	/System/Library/Frameworks/Accelerate.framework/Versions/A/Frameworks/vImage.framework/Versions/A/vImage
0x00007ff820b18000 	/System/Library/Frameworks/Accelerate.framework/Versions/A/Frameworks/vecLib.framework/Versions/A/vecLib
0x00007ff81afc4000 	/System/Library/Frameworks/Accelerate.framework/Versions/A/Frameworks/vecLib.framework/Versions/A/libvMisc.dylib
0x00007ff819841000 	/System/Library/Frameworks/Accelerate.framework/Versions/A/Frameworks/vecLib.framework/Versions/A/libvDSP.dylib
0x00007ff810271000 	/System/Library/Frameworks/Accelerate.framework/Versions/A/Frameworks/vecLib.framework/Versions/A/libBLAS.dylib
0x00007ff81ab0d000 	/System/Library/Frameworks/Accelerate.framework/Versions/A/Frameworks/vecLib.framework/Versions/A/libLAPACK.dylib
0x00007ff819e50000 	/System/Library/Frameworks/Accelerate.framework/Versions/A/Frameworks/vecLib.framework/Versions/A/libLinearAlgebra.dylib
0x00007ff81aa13000 	/System/Library/Frameworks/Accelerate.framework/Versions/A/Frameworks/vecLib.framework/Versions/A/libSparseBLAS.dylib
0x00007ff81ab07000 	/System/Library/Frameworks/Accelerate.framework/Versions/A/Frameworks/vecLib.framework/Versions/A/libQuadrature.dylib
0x00007ff81916d000 	/System/Library/Frameworks/Accelerate.framework/Versions/A/Frameworks/vecLib.framework/Versions/A/libBNNS.dylib
0x00007ff81050b000 	/System/Library/Frameworks/Accelerate.framework/Versions/A/Frameworks/vecLib.framework/Versions/A/libSparse.dylib
0x00007ff819166000 	/System/Library/PrivateFrameworks/LinguisticData.framework/Versions/A/LinguisticData
0x00007ff8104c1000 	/System/Library/PrivateFrameworks/Lexicon.framework/Versions/A/Lexicon
0x00007ff81afbd000 	/usr/lib/libChineseTokenizer.dylib
0x00007ff810c2c000 	/System/Library/PrivateFrameworks/LanguageModeling.framework/Versions/A/LanguageModeling
0x00007ff81a9d8000 	/System/Library/PrivateFrameworks/AppleSauce.framework/Versions/A/AppleSauce
0x00007ff819a04000 	/System/Library/PrivateFrameworks/CoreEmoji.framework/Versions/A/CoreEmoji
0x00007ff81a8d8000 	/usr/lib/libcmph.dylib
0x00007ff8170d0000 	/System/Library/Frameworks/OpenDirectory.framework/Versions/A/Frameworks/CFOpenDirectory.framework/Versions/A/CFOpenDirectory
0x00007ff8170c4000 	/System/Library/Frameworks/OpenDirectory.framework/Versions/A/OpenDirectory
0x00007ff81af16000 	/System/Library/PrivateFrameworks/APFS.framework/Versions/A/APFS
0x00007ff819d1a000 	/System/Library/Frameworks/SecurityFoundation.framework/Versions/A/SecurityFoundation
0x00007ff81af91000 	/usr/lib/libutil.dylib
0x00007ff81231c000 	/System/Library/PrivateFrameworks/CoreServicesStore.framework/Versions/A/CoreServicesStore
0x00007ff81af95000 	/usr/lib/libxslt.1.dylib
0x00007ff819da7000 	/System/Library/PrivateFrameworks/BackgroundTaskManagement.framework/Versions/A/BackgroundTaskManagement
0x00007ff81c402000 	/System/Library/Frameworks/ImageIO.framework/Versions/A/Resources/libRadiance.dylib
0x00007ff81c40b000 	/System/Library/Frameworks/ImageIO.framework/Versions/A/Resources/libJPEG.dylib
0x00007ff81c35a000 	/System/Library/Frameworks/ImageIO.framework/Versions/A/Resources/libPng.dylib
0x00007ff81c37b000 	/System/Library/Frameworks/ImageIO.framework/Versions/A/Resources/libTIFF.dylib
0x00007ff81c46b000 	/System/Library/Frameworks/ImageIO.framework/Versions/A/Resources/libGIF.dylib
0x00007ff81bc95000 	/System/Library/Frameworks/ImageIO.framework/Versions/A/Resources/libJP2.dylib
0x00007ff81b3d3000 	/usr/lib/libexpat.1.dylib
0x00007ff81bc4a000 	/System/Library/PrivateFrameworks/AppleJPEG.framework/Versions/A/AppleJPEG
0x00007ff8185b6000 	/System/Library/PrivateFrameworks/FontServices.framework/libFontParser.dylib
0x00007ff8160c9000 	/System/Library/PrivateFrameworks/RunningBoardServices.framework/Versions/A/RunningBoardServices
0x00007ff826dd3000 	/System/Library/PrivateFrameworks/IOSurfaceAccelerator.framework/Versions/A/IOSurfaceAccelerator
0x00007ff81bd77000 	/System/Library/PrivateFrameworks/WatchdogClient.framework/Versions/A/WatchdogClient
0x00007ff810d1a000 	/System/Library/Frameworks/CoreDisplay.framework/Versions/A/CoreDisplay
0x00007ff8184b4000 	/System/Library/Frameworks/CoreMedia.framework/Versions/A/CoreMedia
0x00007ff818348000 	/System/Library/PrivateFrameworks/IOAccelerator.framework/Versions/A/IOAccelerator
0x00007ff81724d000 	/System/Library/Frameworks/CoreVideo.framework/Versions/A/CoreVideo
0x00007ff81aa29000 	/System/Library/Frameworks/MetalPerformanceShaders.framework/Versions/A/MetalPerformanceShaders
0x00007ff81bdb4000 	/System/Library/Frameworks/VideoToolbox.framework/Versions/A/VideoToolbox
0x00007ff816013000 	/System/Library/PrivateFrameworks/BaseBoard.framework/Versions/A/BaseBoard
0x00007ff815d9a000 	/System/Library/PrivateFrameworks/ProtocolBuffer.framework/Versions/A/ProtocolBuffer
0x00007ff81c3fb000 	/System/Library/PrivateFrameworks/GPUWrangler.framework/Versions/A/GPUWrangler
0x00007ff81c3df000 	/System/Library/PrivateFrameworks/IOPresentment.framework/Versions/A/IOPresentment
0x00007ff81c405000 	/System/Library/PrivateFrameworks/DSExternalDisplay.framework/Versions/A/DSExternalDisplay
0x00007ffa2878c000 	/System/Library/Frameworks/OpenGL.framework/Versions/A/Libraries/libCoreFSCache.dylib
0x00007ffb15863000 	/System/Library/PrivateFrameworks/GPUCompiler.framework/Versions/31001/Libraries/libGPUCompilerUtils.dylib
0x00007ff81c470000 	/System/Library/PrivateFrameworks/CMCaptureCore.framework/Versions/A/CMCaptureCore
0x00007ff81b97b000 	/System/Library/PrivateFrameworks/AppServerSupport.framework/Versions/A/AppServerSupport
0x00007ff81dc3e000 	/System/Library/PrivateFrameworks/perfdata.framework/Versions/A/perfdata
0x00007ff810e46000 	/System/Library/PrivateFrameworks/AudioToolboxCore.framework/Versions/A/AudioToolboxCore
0x00007ff818492000 	/System/Library/PrivateFrameworks/caulk.framework/Versions/A/caulk
0x00007ff81d550000 	/usr/lib/libAudioStatistics.dylib
0x00007ff915244000 	/System/Library/PrivateFrameworks/SystemPolicy.framework/Versions/A/SystemPolicy
0x00007ff81d7ab000 	/usr/lib/libSMC.dylib
0x00007ff8266cb000 	/System/Library/Frameworks/CoreMIDI.framework/Versions/A/CoreMIDI
0x00007ff81c329000 	/usr/lib/libAudioToolboxUtility.dylib
0x00007ff911470000 	/System/Library/PrivateFrameworks/OSAServicesClient.framework/Versions/A/OSAServicesClient
0x00007ff81dc4b000 	/usr/lib/libperfcheck.dylib
0x00007ff915cf1000 	/usr/lib/libmis.dylib
0x00007ffa287e7000 	/System/Library/Frameworks/OpenGL.framework/Versions/A/Libraries/libGLU.dylib
0x00007ffa287ab000 	/System/Library/Frameworks/OpenGL.framework/Versions/A/Libraries/libGFXShared.dylib
0x00007ffa289b4000 	/System/Library/Frameworks/OpenGL.framework/Versions/A/Libraries/libGL.dylib
0x00007ffa287b4000 	/System/Library/Frameworks/OpenGL.framework/Versions/A/Libraries/libGLImage.dylib
0x00007ffa287a8000 	/System/Library/Frameworks/OpenGL.framework/Versions/A/Libraries/libCVMSPluginSupport.dylib
0x00007ffa28793000 	/System/Library/Frameworks/OpenGL.framework/Versions/A/Libraries/libCoreVMClient.dylib
0x00007ff818ffe000 	/System/Library/Frameworks/MetalPerformanceShaders.framework/Versions/A/Frameworks/MPSCore.framework/Versions/A/MPSCore
0x00007ff81a3c0000 	/System/Library/Frameworks/MetalPerformanceShaders.framework/Versions/A/Frameworks/MPSImage.framework/Versions/A/MPSImage
0x00007ff819e66000 	/System/Library/Frameworks/MetalPerformanceShaders.framework/Versions/A/Frameworks/MPSNeuralNetwork.framework/Versions/A/MPSNeuralNetwork
0x00007ff81a2da000 	/System/Library/Frameworks/MetalPerformanceShaders.framework/Versions/A/Frameworks/MPSMatrix.framework/Versions/A/MPSMatrix
0x00007ff81a095000 	/System/Library/Frameworks/MetalPerformanceShaders.framework/Versions/A/Frameworks/MPSRayIntersector.framework/Versions/A/MPSRayIntersector
0x00007ff81a312000 	/System/Library/Frameworks/MetalPerformanceShaders.framework/Versions/A/Frameworks/MPSNDArray.framework/Versions/A/MPSNDArray
0x00007ffa2e26c000 	/System/Library/Frameworks/MetalPerformanceShaders.framework/Versions/A/Frameworks/MPSFunctions.framework/Versions/A/MPSFunctions
0x00007ff81014d000 	/System/Library/PrivateFrameworks/MetalTools.framework/Versions/A/MetalTools
0x00007ff81907a000 	/System/Library/PrivateFrameworks/AggregateDictionary.framework/Versions/A/AggregateDictionary
0x00007ff81b1b5000 	/usr/lib/libIOReport.dylib
0x00007ffa29dc3000 	/System/Library/Frameworks/OpenCL.framework/Versions/A/OpenCL
0x00007ff81b519000 	/System/Library/PrivateFrameworks/FaceCore.framework/Versions/A/FaceCore
0x00007ff81b50a000 	/System/Library/PrivateFrameworks/GraphVisualizer.framework/Versions/A/GraphVisualizer
0x00007ffb1576e000 	/System/Library/PrivateFrameworks/FontServices.framework/Versions/A/FontServices
0x00007ff81b933000 	/System/Library/PrivateFrameworks/OTSVG.framework/Versions/A/OTSVG
0x00007ff816e33000 	/System/Library/Frameworks/ApplicationServices.framework/Versions/A/Frameworks/ATS.framework/Versions/A/Resources/libFontRegistry.dylib
0x00007ff81b983000 	/System/Library/PrivateFrameworks/FontServices.framework/libhvf.dylib
0x00007ffb1576f000 	/System/Library/PrivateFrameworks/FontServices.framework/libXTFontStaticRegistryData.dylib
0x00007ff81b383000 	/System/Library/PrivateFrameworks/AppleVA.framework/Versions/A/AppleVA
0x00007ff81d570000 	/System/Library/Frameworks/ApplicationServices.framework/Versions/A/Frameworks/ATS.framework/Versions/A/ATS
0x00007ff8154e0000 	/System/Library/Frameworks/ApplicationServices.framework/Versions/A/Frameworks/HIServices.framework/Versions/A/HIServices
0x00007ff81c47a000 	/System/Library/Frameworks/ApplicationServices.framework/Versions/A/Frameworks/PrintCore.framework/Versions/A/PrintCore
0x00007ff81d8fe000 	/System/Library/Frameworks/ApplicationServices.framework/Versions/A/Frameworks/QD.framework/Versions/A/QD
0x00007ff81d8f6000 	/System/Library/Frameworks/ApplicationServices.framework/Versions/A/Frameworks/ColorSyncLegacy.framework/Versions/A/ColorSyncLegacy
0x00007ff81d560000 	/System/Library/Frameworks/ApplicationServices.framework/Versions/A/Frameworks/SpeechSynthesis.framework/Versions/A/SpeechSynthesis
0x00007ff81c43b000 	/System/Library/Frameworks/ApplicationServices.framework/Versions/A/Frameworks/ATSUI.framework/Versions/A/ATSUI
0x00007ff81d88b000 	/usr/lib/libcups.2.dylib
0x00007ff81dc5a000 	/System/Library/Frameworks/Kerberos.framework/Versions/A/Kerberos
0x00007ff81dc69000 	/System/Library/Frameworks/GSS.framework/Versions/A/GSS
0x00007ff81d5dc000 	/usr/lib/libresolv.9.dylib
0x00007ff81b992000 	/System/Library/PrivateFrameworks/Heimdal.framework/Versions/A/Heimdal
0x00007ff82484e000 	/System/Library/Frameworks/Kerberos.framework/Versions/A/Libraries/libHeimdalProxy.dylib
0x00007ff81619d000 	/System/Library/Frameworks/Network.framework/Versions/A/Network
0x00007ff81b3ed000 	/usr/lib/libheimdal-asn1.dylib
0x00007ff81dcb4000 	/System/Library/PrivateFrameworks/CommonAuth.framework/Versions/A/CommonAuth
0x00007ff81d4e2000 	/System/Library/PrivateFrameworks/AudioSession.framework/Versions/A/AudioSession
0x00007ff81b47d000 	/System/Library/PrivateFrameworks/MediaExperience.framework/Versions/A/MediaExperience
0x00007ff81d374000 	/System/Library/PrivateFrameworks/AudioSession.framework/libSessionUtility.dylib
0x00007ff81d90a000 	/System/Library/PrivateFrameworks/AudioResourceArbitration.framework/Versions/A/AudioResourceArbitration
0x00007ff82198b000 	/System/Library/PrivateFrameworks/PowerLog.framework/Versions/A/PowerLog
0x00007ff81b3f6000 	/System/Library/PrivateFrameworks/IconFoundation.framework/Versions/A/IconFoundation
0x00007ff820741000 	/System/Library/PrivateFrameworks/SpeechRecognitionCore.framework/Versions/A/SpeechRecognitionCore
0x000000010dae2000 	/Users/sheryl/Downloads/jdk-11.0.13.jdk/Contents/Home/lib/server/libjvm.dylib
0x000000010c10f000 	/Users/sheryl/Downloads/jdk-11.0.13.jdk/Contents/Home/lib/libverify.dylib
0x000000010c14b000 	/Users/sheryl/Downloads/jdk-11.0.13.jdk/Contents/Home/lib/libjava.dylib
0x000000010c11f000 	/Users/sheryl/Downloads/jdk-11.0.13.jdk/Contents/Home/lib/libjimage.dylib
0x000000010c138000 	/Users/sheryl/Downloads/jdk-11.0.13.jdk/Contents/Home/lib/libzip.dylib
0x000000010d7f0000 	/Users/sheryl/Downloads/jdk-11.0.13.jdk/Contents/Home/lib/libnio.dylib
0x000000010d81b000 	/Users/sheryl/Downloads/jdk-11.0.13.jdk/Contents/Home/lib/libnet.dylib
0x000000010d802000 	/Users/sheryl/.openjfx/cache/11.0.2/libprism_es2.dylib
0x00007ff8122de000 	/System/Library/PrivateFrameworks/CoreServicesInternal.framework/Versions/A/CoreServicesInternal
0x00007ffa289bf000 	/System/Library/Frameworks/OpenGL.framework/Versions/A/Resources/GLEngine.bundle/GLEngine
0x00007ffa28825000 	/System/Library/Frameworks/OpenGL.framework/Versions/A/Libraries/libGLProgrammability.dylib
0x00007ffa1d83b000 	/System/Library/Extensions/AppleIntelKBLGraphicsGLDriver.bundle/Contents/MacOS/AppleIntelKBLGraphicsGLDriver
0x00007ff91fe8c000 	/System/Library/PrivateFrameworks/GPUSupport.framework/Versions/A/Libraries/libGPUSupportMercury.dylib
0x00007ffa28b49000 	/System/Library/Frameworks/OpenGL.framework/Versions/A/Resources/GLRendererFloat.bundle/GLRendererFloat
0x000000012d4f0000 	/Users/sheryl/.openjfx/cache/11.0.2/libglass.dylib
0x00007ff821f7c000 	/System/Library/Frameworks/FileProvider.framework/Versions/A/FileProvider
0x00007ff815f80000 	/System/Library/Frameworks/Accounts.framework/Versions/A/Accounts
0x00007ff8220f5000 	/System/Library/PrivateFrameworks/GenerationalStorage.framework/Versions/A/GenerationalStorage
0x00007ff822c05000 	/System/Library/PrivateFrameworks/CoreSymbolication.framework/Versions/A/CoreSymbolication
0x00007ff821980000 	/System/Library/PrivateFrameworks/SymptomDiagnosticReporter.framework/Versions/A/SymptomDiagnosticReporter
0x00007ff81359f000 	/System/Library/PrivateFrameworks/DesktopServicesPriv.framework/Versions/A/DesktopServicesPriv
0x00007ff81241d000 	/usr/lib/libsandbox.1.dylib
0x00007ff8172cc000 	/System/Library/PrivateFrameworks/UserManagement.framework/Versions/A/UserManagement
0x00007ff822bca000 	/System/Library/PrivateFrameworks/DebugSymbols.framework/Versions/A/DebugSymbols
0x00007ff81d8eb000 	/System/Library/PrivateFrameworks/NetAuth.framework/Versions/A/NetAuth
0x00007ff81e7fa000 	/System/Library/PrivateFrameworks/Sharing.framework/Versions/A/Sharing
0x00007ff81729f000 	/System/Library/PrivateFrameworks/login.framework/Versions/A/Frameworks/loginsupport.framework/Versions/A/loginsupport
0x00007ff823d68000 	/System/Library/PrivateFrameworks/Apple80211.framework/Versions/A/Apple80211
0x00007ff81a4a5000 	/System/Library/PrivateFrameworks/AuthKit.framework/Versions/A/AuthKit
0x00007ff819afa000 	/System/Library/PrivateFrameworks/CoreUtils.framework/Versions/A/CoreUtils
0x00007ff819a21000 	/System/Library/Frameworks/CoreWLAN.framework/Versions/A/CoreWLAN
0x00007ff81e959000 	/System/Library/Frameworks/IOBluetooth.framework/Versions/A/IOBluetooth
0x00007ff823dd0000 	/System/Library/PrivateFrameworks/CoreWiFi.framework/Versions/A/CoreWiFi
0x00007ff82279f000 	/System/Library/PrivateFrameworks/FrontBoardServices.framework/Versions/A/FrontBoardServices
0x00007ff822830000 	/System/Library/PrivateFrameworks/BoardServices.framework/Versions/A/BoardServices
0x00007ff819d09000 	/System/Library/PrivateFrameworks/AssertionServices.framework/Versions/A/AssertionServices
0x00007ff823f53000 	/System/Library/PrivateFrameworks/BackBoardServices.framework/Versions/A/BackBoardServices
0x00007ff81dd45000 	/System/Library/PrivateFrameworks/CorePhoneNumbers.framework/Versions/A/CorePhoneNumbers
0x00007ff81d609000 	/System/Library/PrivateFrameworks/MultiverseSupport.framework/Versions/A/MultiverseSupport
0x00007ff8241c7000 	/System/Library/PrivateFrameworks/RemoteServiceDiscovery.framework/Versions/A/RemoteServiceDiscovery
0x00007ff821a9d000 	/System/Library/PrivateFrameworks/DiskManagement.framework/Versions/A/DiskManagement
0x00007ff8219b1000 	/System/Library/PrivateFrameworks/AppleIDAuthSupport.framework/Versions/A/AppleIDAuthSupport
0x00007ffb100e9000 	/System/Library/PrivateFrameworks/AAAFoundation.framework/Versions/A/AAAFoundation
0x00007ff81dd26000 	/System/Library/PrivateFrameworks/KeychainCircle.framework/Versions/A/KeychainCircle
0x00007ff8241d7000 	/System/Library/PrivateFrameworks/RemoteXPC.framework/Versions/A/RemoteXPC
0x00007ff821a69000 	/System/Library/PrivateFrameworks/MediaKit.framework/Versions/A/MediaKit
0x00007ff8219bd000 	/System/Library/Frameworks/DiscRecording.framework/Versions/A/DiscRecording
0x00007ff81b2fb000 	/usr/lib/libCoreStorage.dylib
0x00007ff824242000 	/usr/lib/libcsfde.dylib
0x00007ff81ea26000 	/System/Library/PrivateFrameworks/ProtectedCloudStorage.framework/Versions/A/ProtectedCloudStorage
0x00007ff82423e000 	/System/Library/PrivateFrameworks/EFILogin.framework/Versions/A/EFILogin
0x00007ff82211b000 	/System/Library/PrivateFrameworks/OctagonTrust.framework/Versions/A/OctagonTrust
0x00007ffb149d1000 	/System/Library/PrivateFrameworks/CoreUtilsExtras.framework/Versions/A/CoreUtilsExtras
0x00007ff8218e4000 	/System/Library/Frameworks/CoreBluetooth.framework/Versions/A/CoreBluetooth
0x00007ff8248d3000 	/System/Library/Frameworks/AudioUnit.framework/Versions/A/AudioUnit
0x00007ff81b2f3000 	/usr/lib/libMatch.1.dylib
0x00007ff91a315000 	/System/Library/Frameworks/Accelerate.framework/Versions/A/Frameworks/vImage.framework/Versions/A/Libraries/libCGInterfaces.dylib
0x000000012e984000 	/usr/lib/libobjc-trampolines.dylib
0x00007ff816fc4000 	/System/Library/PrivateFrameworks/ViewBridge.framework/Versions/A/ViewBridge
0x00007ff81ba49000 	/System/Library/PrivateFrameworks/login.framework/Versions/A/login
0x0000000131bf6000 	/Users/sheryl/.openjfx/cache/11.0.2/libjavafx_font.dylib
0x0000000132032000 	/System/Library/Frameworks/FileProvider.framework/OverrideBundles/CloudDocsFileProvider.bundle/Contents/MacOS/CloudDocsFileProvider
0x00007ff8174e3000 	/System/Library/PrivateFrameworks/CloudDocs.framework/Versions/A/CloudDocs
0x00007ff824572000 	/System/Library/PrivateFrameworks/AppleAccount.framework/Versions/A/AppleAccount
0x00007ff81ea0d000 	/System/Library/PrivateFrameworks/AppContainer.framework/Versions/A/AppContainer
0x00007ff81e4c9000 	/System/Library/PrivateFrameworks/IDS.framework/Versions/A/IDS
0x00007ff8246ca000 	/System/Library/PrivateFrameworks/AppleIDSSOAuthentication.framework/Versions/A/AppleIDSSOAuthentication
0x00007ff8172a2000 	/System/Library/PrivateFrameworks/ApplePushService.framework/Versions/A/ApplePushService
0x00007ff8242c4000 	/System/Library/PrivateFrameworks/AppSupport.framework/Versions/A/AppSupport
0x00007ff81d2d9000 	/System/Library/PrivateFrameworks/IMFoundation.framework/Versions/A/IMFoundation
0x00007ff910cb4000 	/System/Library/PrivateFrameworks/Marco.framework/Versions/A/Marco
0x00007ff81e63d000 	/System/Library/PrivateFrameworks/IDSFoundation.framework/Versions/A/IDSFoundation
0x00007ff815ffb000 	/System/Library/PrivateFrameworks/CommonUtilities.framework/Versions/A/CommonUtilities
0x00007ff915901000 	/System/Library/PrivateFrameworks/FTServices.framework/Versions/A/FTServices
0x00007ff828128000 	/System/Library/PrivateFrameworks/Engram.framework/Versions/A/Engram
0x00007ff8280cf000 	/usr/lib/libtidy.A.dylib
0x00007ff81bbf6000 	/System/Library/PrivateFrameworks/Bom.framework/Versions/A/Bom
0x00007ff81d619000 	/usr/lib/libParallelCompression.dylib
0x00007ff81b1be000 	/System/Library/PrivateFrameworks/CrashReporterSupport.framework/Versions/A/CrashReporterSupport
0x00007ff91fc55000 	/System/Library/PrivateFrameworks/FTAWD.framework/Versions/A/FTAWD
0x00007ff921d2d000 	/System/Library/PrivateFrameworks/OSAnalytics.framework/Versions/A/OSAnalytics
0x00007ff92cedf000 	/System/Library/PrivateFrameworks/Symbolication.framework/Versions/A/Symbolication
0x00007ff915cce000 	/System/Library/PrivateFrameworks/MallocStackLogging.framework/Versions/A/MallocStackLogging
0x00007ff820e51000 	/System/Library/PrivateFrameworks/CoreDaemon.framework/Versions/B/CoreDaemon
0x00007ff820e4c000 	/System/Library/PrivateFrameworks/AppleSRP.framework/Versions/A/AppleSRP
0x00007ff819db1000 	/System/Library/Frameworks/ServiceManagement.framework/Versions/A/ServiceManagement
0x00007ff81ea22000 	/System/Library/PrivateFrameworks/SecCodeWrapper.framework/Versions/A/SecCodeWrapper
0x0000000132000000 	/System/Library/Frameworks/FileProvider.framework/OverrideBundles/FileProviderOverride.bundle/Contents/MacOS/FileProviderOverride
0x00000001320cb000 	/System/Library/Frameworks/FileProvider.framework/OverrideBundles/FinderSyncCollaborationFileProviderOverride.bundle/Contents/MacOS/FinderSyncCollaborationFileProviderOverride
0x00007ff926408000 	/System/Library/PrivateFrameworks/FinderSyncPriv.framework/Versions/A/FinderSyncPriv
0x00007ff913afb000 	/usr/lib/libFosl_dynamic.dylib
0x00007ff919abc000 	/usr/lib/libncurses.5.4.dylib
0x00007ffa1b9bf000 	/System/Library/Extensions/AppleIntelKBLGraphicsMTLDriver.bundle/Contents/MacOS/AppleIntelKBLGraphicsMTLDriver
0x00007ff915d0c000 	/System/Library/PrivateFrameworks/GPURawCounter.framework/Versions/A/GPURawCounter
0x00007ffb28256000 	/usr/lib/libRosetta.dylib
0x00007ff820e5d000 	/System/Library/PrivateFrameworks/SystemAdministration.framework/Versions/A/SystemAdministration
0x00007ff81c6a4000 	/System/Library/Frameworks/MediaToolbox.framework/Versions/A/MediaToolbox
0x00007ff82070d000 	/System/Library/Frameworks/DirectoryService.framework/Versions/A/DirectoryService
0x00007ff8240df000 	/System/Library/PrivateFrameworks/DiskImages.framework/Versions/A/DiskImages
0x00007ff8242bc000 	/System/Library/PrivateFrameworks/LoginUIKit.framework/Versions/A/Frameworks/LoginUICore.framework/Versions/A/LoginUICore
0x00007ff81bbf2000 	/usr/lib/libodfde.dylib
0x00007ff821f4c000 	/System/Library/PrivateFrameworks/CoreAVCHD.framework/Versions/A/CoreAVCHD
0x00007ff820e21000 	/System/Library/Frameworks/MediaAccessibility.framework/Versions/A/MediaAccessibility
0x00007ff821f48000 	/System/Library/PrivateFrameworks/Mangrove.framework/Versions/A/Mangrove
0x00007ff820e2c000 	/System/Library/PrivateFrameworks/AlgosScoreFramework.framework/Versions/A/AlgosScoreFramework
0x00007ffb11cc5000 	/System/Library/PrivateFrameworks/CMPhoto.framework/Versions/A/CMPhoto
0x00007ff822aa0000 	/System/Library/PrivateFrameworks/AppleVPA.framework/Versions/A/AppleVPA
0x00007ff821b8d000 	/System/Library/PrivateFrameworks/CoreAUC.framework/Versions/A/CoreAUC
0x00007ff82424e000 	/usr/lib/libcurl.4.dylib
0x00007ffb286c2000 	/usr/lib/libcrypto.46.dylib
0x00007ffb28bb7000 	/usr/lib/libssl.48.dylib
0x00007ff823f71000 	/System/Library/Frameworks/LDAP.framework/Versions/A/LDAP
0x00007ff823fa9000 	/System/Library/PrivateFrameworks/TrustEvaluationAgent.framework/Versions/A/TrustEvaluationAgent
0x00007ff81d5f5000 	/usr/lib/libsasl2.2.dylib
0x0000000137eb8000 	/Users/sheryl/.openjfx/cache/11.0.2/libglib-lite.dylib
0x00007ff81de95000 	/usr/lib/libffi.dylib
0x0000000138185000 	/Users/sheryl/.openjfx/cache/11.0.2/libgstreamer-lite.dylib
0x0000000137dba000 	/Users/sheryl/.openjfx/cache/11.0.2/libjfxmedia.dylib
0x0000000137def000 	/Users/sheryl/.openjfx/cache/11.0.2/libjfxmedia_avf.dylib
0x00007ff91505c000 	/System/Library/Frameworks/AVFoundation.framework/Versions/A/AVFoundation
0x00007ffa2ce83000 	/System/Library/Frameworks/AVFAudio.framework/Versions/A/AVFAudio
0x00007ff8225af000 	/System/Library/PrivateFrameworks/AVFCore.framework/Versions/A/AVFCore
0x00007ff82982a000 	/System/Library/PrivateFrameworks/AVFCapture.framework/Versions/A/AVFCapture
0x00007ff913ccf000 	/System/Library/PrivateFrameworks/AirPlaySync.framework/Versions/A/AirPlaySync
0x00007ffb11cae000 	/System/Library/PrivateFrameworks/CMImaging.framework/Versions/A/CMImaging
0x00007ff82997c000 	/System/Library/PrivateFrameworks/Quagga.framework/Versions/A/Quagga
0x00007ff90f6dd000 	/System/Library/PrivateFrameworks/CMCapture.framework/Versions/A/CMCapture
0x00007ff81d6cb000 	/System/Library/Frameworks/CoreMediaIO.framework/Versions/A/CoreMediaIO
0x00007ff8249fb000 	/System/Library/PrivateFrameworks/Espresso.framework/Versions/A/Espresso
0x00007ffa1b3fb000 	/System/Library/PrivateFrameworks/ANECompiler.framework/Versions/A/ANECompiler
0x00007ff82664b000 	/System/Library/PrivateFrameworks/AppleNeuralEngine.framework/Versions/A/AppleNeuralEngine
0x00007ffb18284000 	/System/Library/PrivateFrameworks/MIL.framework/Versions/A/MIL
0x00007ffa2e27f000 	/System/Library/Frameworks/MetalPerformanceShadersGraph.framework/Versions/A/MetalPerformanceShadersGraph
0x00007ff82559a000 	/System/Library/PrivateFrameworks/ANEServices.framework/Versions/A/ANEServices
0x0000000137d96000 	/Users/sheryl/.openjfx/cache/11.0.2/libfxplugins.dylib
0x00007ffb0fbc8000 	/System/Library/Frameworks/VideoDecodeAcceleration.framework/Versions/A/VideoDecodeAcceleration
0x0000000137e53000 	/System/Library/Extensions/AppleHDA.kext/Contents/PlugIns/AppleHDAHALPlugIn.bundle/Contents/MacOS/AppleHDAHALPlugIn
0x0000000137fec000 	/System/Library/Components/CoreAudio.component/Contents/MacOS/CoreAudio
0x0000000139e15000 	/System/Library/Components/AudioCodecs.component/Contents/MacOS/AudioCodecs


VM Arguments:
jvm_args: -Dfile.encoding=UTF-8 -Duser.country=SG -Duser.language=en -Duser.variant 
java_command: seedu.address.Main
java_class_path (initial): /Users/sheryl/tp/build/classes/java/main:/Users/sheryl/tp/build/resources/main:/Users/sheryl/.gradle/caches/modules-2/files-2.1/org.controlsfx/controlsfx/11.0.3/4b8f0388de0b3a7169f4bcca38bbe7163ad0b414/controlsfx-11.0.3.jar:/Users/sheryl/.gradle/caches/modules-2/files-2.1/org.openjfx/javafx-media/11.0.2/a9d052aba5dc676f26b5cfcd33a68e381f08a47a/javafx-media-11.0.2-win.jar:/Users/sheryl/.gradle/caches/modules-2/files-2.1/org.openjfx/javafx-media/11.0.2/183246bfc1704cced6bdda2e7ba1c368694f10bd/javafx-media-11.0.2-mac.jar:/Users/sheryl/.gradle/caches/modules-2/files-2.1/org.openjfx/javafx-media/11.0.2/8bc5daaa19f2ff103cd85f751ad021eb71ba7db7/javafx-media-11.0.2-linux.jar:/Users/sheryl/.gradle/caches/modules-2/files-2.1/org.openjfx/javafx-fxml/11/d5ff9262ef49d166db658d15f37e3ecff38fde4b/javafx-fxml-11-win.jar:/Users/sheryl/.gradle/caches/modules-2/files-2.1/org.openjfx/javafx-fxml/11/e0f5bb81e21054b59f2ebfa727d40a90ee0260d3/javafx-fxml-11-mac.jar:/Users/sheryl/.gradle/caches/modules-2/files-2.1/org.openjfx/javafx-fxml/11/e7a757b580fc3e2e1a121768606c7836eef418c/javafx-fxml-11-linux.jar:/Users/sheryl/.gradle/caches/modules-2/files-2.1/org.openjfx/javafx-controls/11.0.2/6c763707769c18adce406904c771c2ad1fcc370b/javafx-controls-11.0.2-win.jar:/Users/sheryl/.gradle/caches/modules-2/files-2.1/org.openjfx/javafx-controls/11.0.2/996371d2868035845572cdb19179dca2bfd1139f/javafx-controls-11.0.2-mac.jar:/Users/sheryl/.gradle/caches/modules-2/files-2.1/org.openjfx/javafx-controls/11.0.2/5f6929050a744aab39ebfc1e8e5dd03bcd2ad47b/javafx-controls-11.0.2-linux.jar:/Users/sheryl/.gradle/caches/modules-2/files-2.1/org.openjfx/javafx-controls/11.0.2/4ab633cf1eea60f76e2ae9905aedac862da88b08/javafx-controls-11.0.2.jar:/Users/sheryl/.gradle/caches/modules-2/files-2.1/org.openjfx/javafx-graphics/11.0.2/20459ea2cf714942bcbeb78a7f70ba3531dc1a44/javafx-graphics-11.0.2-win.jar:/Users/sheryl/.gradle/caches/modules-2/files-2.1/org.openjfx/javafx-graphics/11.0.2/c1d99ae5bc48
Launcher Type: SUN_STANDARD

[Global flags]
     intx CICompilerCount                          = 3                                         {product} {ergonomic}
     uint ConcGCThreads                            = 1                                         {product} {ergonomic}
     uint G1ConcRefinementThreads                  = 4                                         {product} {ergonomic}
   size_t G1HeapRegionSize                         = 1048576                                   {product} {ergonomic}
    uintx GCDrainStackTargetSize                   = 64                                        {product} {ergonomic}
   size_t InitialHeapSize                          = 134217728                                 {product} {ergonomic}
   size_t MarkStackSize                            = 4194304                                   {product} {ergonomic}
   size_t MaxHeapSize                              = 2147483648                                {product} {ergonomic}
   size_t MaxNewSize                               = 1287651328                                {product} {ergonomic}
   size_t MinHeapDeltaBytes                        = 1048576                                   {product} {ergonomic}
    uintx NonNMethodCodeHeapSize                   = 5830732                                {pd product} {ergonomic}
    uintx NonProfiledCodeHeapSize                  = 122913754                              {pd product} {ergonomic}
    uintx ProfiledCodeHeapSize                     = 122913754                              {pd product} {ergonomic}
    uintx ReservedCodeCacheSize                    = 251658240                              {pd product} {ergonomic}
     bool SegmentedCodeCache                       = true                                      {product} {ergonomic}
     bool UseCompressedClassPointers               = true                                 {lp64_product} {ergonomic}
     bool UseCompressedOops                        = true                                 {lp64_product} {ergonomic}
     bool UseG1GC                                  = true                                      {product} {ergonomic}

Logging:
Log output configuration:
 #0: stdout all=warning uptime,level,tags
 #1: stderr all=off uptime,level,tags

Environment Variables:
PATH=/Library/Frameworks/Python.framework/Versions/3.10/bin:/usr/local/bin:/usr/bin:/bin:/usr/sbin:/sbin
SHELL=/bin/zsh

Signal Handlers:
SIGSEGV: [libjvm.dylib+0x787cc8], sa_mask[0]=11111111011111110111111111111111, sa_flags=SA_ONSTACK|SA_RESTART|SA_SIGINFO
SIGBUS: [libjvm.dylib+0x787cc8], sa_mask[0]=11111111011111110111111111111111, sa_flags=SA_RESTART|SA_SIGINFO
SIGFPE: [libjvm.dylib+0x787cc8], sa_mask[0]=11111111011111110111111111111111, sa_flags=SA_RESTART|SA_SIGINFO
SIGPIPE: [libjvm.dylib+0x63aa37], sa_mask[0]=11111111011111110111111111111111, sa_flags=SA_RESTART|SA_SIGINFO
SIGXFSZ: [libjvm.dylib+0x63aa37], sa_mask[0]=11111111011111110111111111111111, sa_flags=SA_RESTART|SA_SIGINFO
SIGILL: [libjvm.dylib+0x787cc8], sa_mask[0]=11111111011111110111111111111111, sa_flags=SA_RESTART|SA_SIGINFO
SIGUSR2: [libjvm.dylib+0x63b00c], sa_mask[0]=00100000000000000000000000000000, sa_flags=SA_RESTART|SA_SIGINFO
SIGHUP: [libjvm.dylib+0x639b0f], sa_mask[0]=11111111011111110111111111111111, sa_flags=SA_RESTART|SA_SIGINFO
SIGINT: [libjvm.dylib+0x639b0f], sa_mask[0]=11111111011111110111111111111111, sa_flags=SA_RESTART|SA_SIGINFO
SIGTERM: [libjvm.dylib+0x639b0f], sa_mask[0]=11111111011111110111111111111111, sa_flags=SA_RESTART|SA_SIGINFO
SIGQUIT: [libjvm.dylib+0x639b0f], sa_mask[0]=11111111011111110111111111111111, sa_flags=SA_RESTART|SA_SIGINFO


---------------  S Y S T E M  ---------------

OS:uname:Darwin 21.6.0 Darwin Kernel Version 21.6.0: Mon Aug 22 20:17:10 PDT 2022; root:xnu-8020.140.49~2/RELEASE_X86_64 x86_64
rlimit: STACK 8192k, CORE 0k, NPROC 1392, NOFILE 10240, AS infinity, DATA infinity, FSIZE infinity
load average:7.30 4.25 4.04

CPU:total 4 (initial active 4) (2 cores per cpu, 2 threads per core) family 6 model 142 stepping 9 microcode 0xf0, cmov, cx8, fxsr, mmx, sse, sse2, sse3, ssse3, sse4.1, sse4.2, popcnt, avx, avx2, aes, clmul, erms, 3dnowpref, lzcnt, ht, tsc, tscinvbit, bmi1, bmi2, adx, fma

Memory: 4k page, physical 8388608k(75260k free)

vm_info: Java HotSpot(TM) 64-Bit Server VM (11.0.13+10-LTS-370) for bsd-amd64 JRE (11.0.13+10-LTS-370), built on Sep 15 2021 21:10:43 by "mach5one" with gcc 4.2.1 Compatible Apple LLVM 11.0.0 (clang-1100.0.33.17)

END.
