#
# A fatal error has been detected by the Java Runtime Environment:
#
#  Internal Error (safepoint.cpp:919), pid=1101, tid=37639
#  fatal error: Illegal threadstate encountered: 4
#
# JRE version: Java(TM) SE Runtime Environment 18.9 (11.0.13+10) (build 11.0.13+10-LTS-370)
# Java VM: Java HotSpot(TM) 64-Bit Server VM 18.9 (11.0.13+10-LTS-370, mixed mode, tiered, compressed oops, g1 gc, bsd-amd64)
# No core dump will be written. Core dumps have been disabled. To enable core dumping, try "ulimit -c unlimited" before starting Java again
#
# If you would like to submit a bug report, please visit:
#   https://bugreport.java.com/bugreport/crash.jsp
# The crash happened outside the Java Virtual Machine in native code.
# See problematic frame for where to report the bug.
#

---------------  S U M M A R Y ------------

Command Line: -Dfile.encoding=UTF-8 -Duser.country=SG -Duser.language=en -Duser.variant seedu.address.Main

Host: MacBookPro14,2 x86_64 3100 MHz, 4 cores, 8G, Darwin 21.6.0
Time: Mon Oct 31 10:56:00 2022 +08 elapsed time: 7.152667 seconds (0d 0h 0m 7s)

---------------  T H R E A D  ---------------

Current thread (0x00007fcc5a855800):  JavaThread "InvokeLaterDispatcher" daemon [_thread_in_native, id=37639, stack(0x00007000016a3000,0x00007000017a3000)]

Stack: [0x00007000016a3000,0x00007000017a3000],  sp=0x00007000017a1290,  free space=1016k
Native frames: (J=compiled Java code, j=interpreted, Vv=VM code, C=native code)
V  [libjvm.dylib+0x786e36]  _ZN7VMError14report_and_dieEiPKcS1_P13__va_list_tagP6ThreadPhPvS7_S1_im+0x54c
V  [libjvm.dylib+0x25569c]  _Z12report_fatal11VMErrorTypePKciS1_z+0xbc
V  [libjvm.dylib+0x6a723c]  _ZN20SafepointSynchronize5blockEP10JavaThread+0x1d8
V  [libjvm.dylib+0x6a8da5]  _ZN18SafepointMechanism23block_if_requested_slowEP10JavaThread+0x1d
V  [libjvm.dylib+0x736692]  _ZN10JavaThread44check_safepoint_and_suspend_for_native_transEPS_+0x9c
V  [libjvm.dylib+0x3ce004]  jni_DeleteGlobalRef+0x91
C  [libglass.dylib+0x8851]  -[GlassRunnable dealloc]+0x31
C  [Foundation+0x818be]  -[_NSThreadPerformInfo dealloc]+0x2a
C  [Foundation+0x4e446]  -[NSObject(NSThreadPerformAdditions) performSelectorOnMainThread:withObject:waitUntilDone:]+0x7c
j  com.sun.glass.ui.mac.MacApplication._submitForLaterInvocation(Ljava/lang/Runnable;)V+0
j  com.sun.glass.ui.mac.MacApplication.submitForLaterInvocation(Ljava/lang/Runnable;)V+2
j  com.sun.glass.ui.InvokeLaterDispatcher.run()V+82
v  ~StubRoutines::call_stub
V  [libjvm.dylib+0x38f493]  _ZN9JavaCalls11call_helperEP9JavaValueRK12methodHandleP17JavaCallArgumentsP6Thread+0x207
V  [libjvm.dylib+0x38e90b]  _ZN9JavaCalls12call_virtualEP9JavaValueP5KlassP6SymbolS5_P17JavaCallArgumentsP6Thread+0xe9
V  [libjvm.dylib+0x38e9c6]  _ZN9JavaCalls12call_virtualEP9JavaValue6HandleP5KlassP6SymbolS6_P6Thread+0x62
V  [libjvm.dylib+0x4168d3]  _ZL12thread_entryP10JavaThreadP6Thread+0x78
V  [libjvm.dylib+0x7350f6]  _ZN10JavaThread17thread_main_innerEv+0x82
V  [libjvm.dylib+0x734f47]  _ZN10JavaThread3runEv+0x121
V  [libjvm.dylib+0x732e0a]  _ZN6Thread8call_runEv+0x68
V  [libjvm.dylib+0x638a52]  _ZL19thread_native_entryP6Thread+0x136
C  [libsystem_pthread.dylib+0x64e1]  _pthread_start+0x7d
C  [libsystem_pthread.dylib+0x1f6b]  thread_start+0xf

Java frames: (J=compiled Java code, j=interpreted, Vv=VM code)
j  com.sun.glass.ui.mac.MacApplication._submitForLaterInvocation(Ljava/lang/Runnable;)V+0
j  com.sun.glass.ui.mac.MacApplication.submitForLaterInvocation(Ljava/lang/Runnable;)V+2
j  com.sun.glass.ui.InvokeLaterDispatcher.run()V+82
v  ~StubRoutines::call_stub

---------------  P R O C E S S  ---------------

Threads class SMR info:
_java_thread_list=0x00006000033fb600, length=19, elements={
0x00007fcc5981a800, 0x00007fcc5a814800, 0x00007fcc59052800, 0x00007fcc5801b000,
0x00007fcc59057800, 0x00007fcc59053800, 0x00007fcc5905e800, 0x00007fcc5905f000,
0x00007fcc598a3800, 0x00007fcc599a6800, 0x00007fcc5913a000, 0x00007fcc5a855800,
0x00007fcc591ce800, 0x00007fcc59b3b000, 0x00007fcc59d8d000, 0x00007fcc5ae78000,
0x00007fcc59ab4000, 0x00007fcc59305800, 0x00007fcc5846e800
}

Java Threads: ( => current thread )
  0x00007fcc5981a800 JavaThread "main" [_thread_blocked, id=6147, stack(0x0000700000367000,0x0000700000467000)]
  0x00007fcc5a814800 JavaThread "Reference Handler" daemon [_thread_blocked, id=14595, stack(0x0000700000a7c000,0x0000700000b7c000)]
  0x00007fcc59052800 JavaThread "Finalizer" daemon [_thread_blocked, id=18947, stack(0x0000700000b7f000,0x0000700000c7f000)]
  0x00007fcc5801b000 JavaThread "Signal Dispatcher" daemon [_thread_blocked, id=16387, stack(0x0000700000d88000,0x0000700000e88000)]
  0x00007fcc59057800 JavaThread "Service Thread" daemon [_thread_blocked, id=21763, stack(0x0000700000e8b000,0x0000700000f8b000)]
  0x00007fcc59053800 JavaThread "C2 CompilerThread0" daemon [_thread_in_native, id=22019, stack(0x0000700000f8e000,0x000070000108e000)]
  0x00007fcc5905e800 JavaThread "C1 CompilerThread0" daemon [_thread_blocked, id=42243, stack(0x0000700001091000,0x0000700001191000)]
  0x00007fcc5905f000 JavaThread "Sweeper thread" daemon [_thread_blocked, id=22531, stack(0x0000700001194000,0x0000700001294000)]
  0x00007fcc598a3800 JavaThread "Common-Cleaner" daemon [_thread_blocked, id=23299, stack(0x000070000139a000,0x000070000149a000)]
  0x00007fcc599a6800 JavaThread "JavaFX-Launcher" [_thread_blocked, id=24067, stack(0x000070000149d000,0x000070000159d000)]
  0x00007fcc5913a000 JavaThread "QuantumRenderer-0" daemon [_thread_blocked, id=40963, stack(0x00007000015a0000,0x00007000016a0000)]
=>0x00007fcc5a855800 JavaThread "InvokeLaterDispatcher" daemon [_thread_in_native, id=37639, stack(0x00007000016a3000,0x00007000017a3000)]
  0x00007fcc591ce800 JavaThread "JavaFX Application Thread" [_thread_in_native_trans, id=259, stack(0x00007ff7b05f3000,0x00007ff7b0df3000)]
  0x00007fcc59b3b000 JavaThread "Thread-3" daemon [_thread_in_native, id=84487, stack(0x00007000017a6000,0x0000700001826000)]
  0x00007fcc59d8d000 JavaThread "Prism Font Disposer" daemon [_thread_blocked, id=61959, stack(0x0000700001cbb000,0x0000700001dbb000)]
  0x00007fcc5ae78000 JavaThread "Cleaner-0" daemon [_thread_blocked, id=64519, stack(0x0000700001ec4000,0x0000700001fc4000)]
  0x00007fcc59ab4000 JavaThread "JFXMedia Player EventQueueThread" daemon [_thread_blocked, id=1815, stack(0x000070000204a000,0x000070000214a000)]
  0x00007fcc59305800 JavaThread "Media Resource Disposer" daemon [_thread_blocked, id=103171, stack(0x00007000022d6000,0x00007000023d6000)]
  0x00007fcc5846e800 JavaThread "Timer-0" daemon [_thread_blocked, id=104199, stack(0x000070000245c000,0x000070000255c000)]

Other Threads:
  0x00007fcc58012000 VMThread "VM Thread" [stack: 0x0000700000979000,0x0000700000a79000] [id=14083]
  0x00007fcc5904e800 WatcherThread [stack: 0x0000700001297000,0x0000700001397000] [id=23043]
  0x00007fcc59815000 GCTaskThread "GC Thread#0" [stack: 0x000070000046a000,0x000070000056a000] [id=11267]
  0x00007fcc59218800 GCTaskThread "GC Thread#1" [stack: 0x000070000192f000,0x0000700001a2f000] [id=81155]
  0x00007fcc5aaac000 GCTaskThread "GC Thread#2" [stack: 0x0000700001a32000,0x0000700001b32000] [id=50435]
  0x00007fcc5aaba000 GCTaskThread "GC Thread#3" [stack: 0x0000700001b35000,0x0000700001c35000] [id=80899]
  0x00007fcc59844800 ConcurrentGCThread "G1 Main Marker" [stack: 0x000070000056d000,0x000070000066d000] [id=11779]
  0x00007fcc59845000 ConcurrentGCThread "G1 Conc#0" [stack: 0x0000700000670000,0x0000700000770000] [id=20483]
  0x00007fcc59896000 ConcurrentGCThread "G1 Refine#0" [stack: 0x0000700000773000,0x0000700000873000] [id=19971]
  0x00007fcc5a808800 ConcurrentGCThread "G1 Young RemSet Sampling" [stack: 0x0000700000876000,0x0000700000976000] [id=12803]

Threads with active compile tasks:
C2 CompilerThread0   7204 3341       4       com.sun.marlin.MaskMarlinAlphaConsumer::setAndClearRelativeAlphas (641 bytes)

VM state:not at safepoint (normal execution)

VM Mutex/Monitor currently owned by a thread: None

Heap address: 0x0000000780000000, size: 2048 MB, Compressed Oops mode: Zero based, Oop shift amount: 3
Narrow klass base: 0x0000000800000000, Narrow klass shift: 0
Compressed class space size: 1073741824 Address: 0x0000000800000000

Heap:
 garbage-first heap   total 131072K, used 55113K [0x0000000780000000, 0x0000000800000000)
  region size 1024K, 46 young (47104K), 5 survivors (5120K)
 Metaspace       used 33096K, capacity 34579K, committed 34816K, reserved 1079296K
  class space    used 4394K, capacity 5071K, committed 5120K, reserved 1048576K
Heap Regions: E=young(eden), S=young(survivor), O=old, HS=humongous(starts), HC=humongous(continues), CS=collection set, F=free, A=archive, TAMS=top-at-mark-start (previous, next)
|   0|0x0000000780000000, 0x0000000780100000, 0x0000000780100000|100%| O|  |TAMS 0x0000000780100000, 0x0000000780000000| Untracked 
|   1|0x0000000780100000, 0x0000000780200000, 0x0000000780200000|100%| O|  |TAMS 0x0000000780200000, 0x0000000780100000| Untracked 
|   2|0x0000000780200000, 0x0000000780300000, 0x0000000780300000|100%| O|  |TAMS 0x0000000780300000, 0x0000000780200000| Untracked 
|   3|0x0000000780300000, 0x0000000780400000, 0x0000000780400000|100%| O|  |TAMS 0x00000007803bf400, 0x0000000780300000| Untracked 
|   4|0x0000000780400000, 0x0000000780500000, 0x0000000780500000|100%| O|  |TAMS 0x0000000780400000, 0x0000000780400000| Untracked 
|   5|0x0000000780500000, 0x00000007805d2400, 0x0000000780600000| 82%| O|  |TAMS 0x0000000780500000, 0x0000000780500000| Untracked 
|   6|0x0000000780600000, 0x0000000780700000, 0x0000000780700000|100%|HS|  |TAMS 0x0000000780600000, 0x0000000780600000| Complete 
|   7|0x0000000780700000, 0x0000000780800000, 0x0000000780800000|100%|HC|  |TAMS 0x0000000780700000, 0x0000000780700000| Complete 
|   8|0x0000000780800000, 0x0000000780900000, 0x0000000780900000|100%|HS|  |TAMS 0x0000000780800000, 0x0000000780800000| Complete 
|   9|0x0000000780900000, 0x0000000780900000, 0x0000000780a00000|  0%| F|  |TAMS 0x0000000780900000, 0x0000000780900000| Untracked 
|  10|0x0000000780a00000, 0x0000000780a00000, 0x0000000780b00000|  0%| F|  |TAMS 0x0000000780a00000, 0x0000000780a00000| Untracked 
|  11|0x0000000780b00000, 0x0000000780b00000, 0x0000000780c00000|  0%| F|  |TAMS 0x0000000780b00000, 0x0000000780b00000| Untracked 
|  12|0x0000000780c00000, 0x0000000780c00000, 0x0000000780d00000|  0%| F|  |TAMS 0x0000000780c00000, 0x0000000780c00000| Untracked 
|  13|0x0000000780d00000, 0x0000000780d00000, 0x0000000780e00000|  0%| F|  |TAMS 0x0000000780d00000, 0x0000000780d00000| Untracked 
|  14|0x0000000780e00000, 0x0000000780e00000, 0x0000000780f00000|  0%| F|  |TAMS 0x0000000780e00000, 0x0000000780e00000| Untracked 
|  15|0x0000000780f00000, 0x0000000780f00000, 0x0000000781000000|  0%| F|  |TAMS 0x0000000780f00000, 0x0000000780f00000| Untracked 
|  16|0x0000000781000000, 0x0000000781000000, 0x0000000781100000|  0%| F|  |TAMS 0x0000000781000000, 0x0000000781000000| Untracked 
|  17|0x0000000781100000, 0x0000000781100000, 0x0000000781200000|  0%| F|  |TAMS 0x0000000781100000, 0x0000000781100000| Untracked 
|  18|0x0000000781200000, 0x0000000781200000, 0x0000000781300000|  0%| F|  |TAMS 0x0000000781200000, 0x0000000781200000| Untracked 
|  19|0x0000000781300000, 0x0000000781300000, 0x0000000781400000|  0%| F|  |TAMS 0x0000000781300000, 0x0000000781300000| Untracked 
|  20|0x0000000781400000, 0x0000000781400000, 0x0000000781500000|  0%| F|  |TAMS 0x0000000781400000, 0x0000000781400000| Untracked 
|  21|0x0000000781500000, 0x0000000781500000, 0x0000000781600000|  0%| F|  |TAMS 0x0000000781500000, 0x0000000781500000| Untracked 
|  22|0x0000000781600000, 0x0000000781600000, 0x0000000781700000|  0%| F|  |TAMS 0x0000000781600000, 0x0000000781600000| Untracked 
|  23|0x0000000781700000, 0x0000000781700000, 0x0000000781800000|  0%| F|  |TAMS 0x0000000781700000, 0x0000000781700000| Untracked 
|  24|0x0000000781800000, 0x0000000781800000, 0x0000000781900000|  0%| F|  |TAMS 0x0000000781800000, 0x0000000781800000| Untracked 
|  25|0x0000000781900000, 0x0000000781900000, 0x0000000781a00000|  0%| F|  |TAMS 0x0000000781900000, 0x0000000781900000| Untracked 
|  26|0x0000000781a00000, 0x0000000781a00000, 0x0000000781b00000|  0%| F|  |TAMS 0x0000000781a00000, 0x0000000781a00000| Untracked 
|  27|0x0000000781b00000, 0x0000000781b00000, 0x0000000781c00000|  0%| F|  |TAMS 0x0000000781b00000, 0x0000000781b00000| Untracked 
|  28|0x0000000781c00000, 0x0000000781c00000, 0x0000000781d00000|  0%| F|  |TAMS 0x0000000781c00000, 0x0000000781c00000| Untracked 
|  29|0x0000000781d00000, 0x0000000781d00000, 0x0000000781e00000|  0%| F|  |TAMS 0x0000000781d00000, 0x0000000781d00000| Untracked 
|  30|0x0000000781e00000, 0x0000000781e00000, 0x0000000781f00000|  0%| F|  |TAMS 0x0000000781e00000, 0x0000000781e00000| Untracked 
|  31|0x0000000781f00000, 0x0000000781f00000, 0x0000000782000000|  0%| F|  |TAMS 0x0000000781f00000, 0x0000000781f00000| Untracked 
|  32|0x0000000782000000, 0x0000000782000000, 0x0000000782100000|  0%| F|  |TAMS 0x0000000782000000, 0x0000000782000000| Untracked 
|  33|0x0000000782100000, 0x0000000782100000, 0x0000000782200000|  0%| F|  |TAMS 0x0000000782100000, 0x0000000782100000| Untracked 
|  34|0x0000000782200000, 0x0000000782200000, 0x0000000782300000|  0%| F|  |TAMS 0x0000000782200000, 0x0000000782200000| Untracked 
|  35|0x0000000782300000, 0x0000000782300000, 0x0000000782400000|  0%| F|  |TAMS 0x0000000782300000, 0x0000000782300000| Untracked 
|  36|0x0000000782400000, 0x0000000782400000, 0x0000000782500000|  0%| F|  |TAMS 0x0000000782400000, 0x0000000782400000| Untracked 
|  37|0x0000000782500000, 0x0000000782500000, 0x0000000782600000|  0%| F|  |TAMS 0x0000000782500000, 0x0000000782500000| Untracked 
|  38|0x0000000782600000, 0x0000000782600000, 0x0000000782700000|  0%| F|  |TAMS 0x0000000782600000, 0x0000000782600000| Untracked 
|  39|0x0000000782700000, 0x0000000782700000, 0x0000000782800000|  0%| F|  |TAMS 0x0000000782700000, 0x0000000782700000| Untracked 
|  40|0x0000000782800000, 0x0000000782800000, 0x0000000782900000|  0%| F|  |TAMS 0x0000000782800000, 0x0000000782800000| Untracked 
|  41|0x0000000782900000, 0x0000000782900000, 0x0000000782a00000|  0%| F|  |TAMS 0x0000000782900000, 0x0000000782900000| Untracked 
|  42|0x0000000782a00000, 0x0000000782a00000, 0x0000000782b00000|  0%| F|  |TAMS 0x0000000782a00000, 0x0000000782a00000| Untracked 
|  43|0x0000000782b00000, 0x0000000782b00000, 0x0000000782c00000|  0%| F|  |TAMS 0x0000000782b00000, 0x0000000782b00000| Untracked 
|  44|0x0000000782c00000, 0x0000000782c00000, 0x0000000782d00000|  0%| F|  |TAMS 0x0000000782c00000, 0x0000000782c00000| Untracked 
|  45|0x0000000782d00000, 0x0000000782d00000, 0x0000000782e00000|  0%| F|  |TAMS 0x0000000782d00000, 0x0000000782d00000| Untracked 
|  46|0x0000000782e00000, 0x0000000782e00000, 0x0000000782f00000|  0%| F|  |TAMS 0x0000000782e00000, 0x0000000782e00000| Untracked 
|  47|0x0000000782f00000, 0x0000000782f00000, 0x0000000783000000|  0%| F|  |TAMS 0x0000000782f00000, 0x0000000782f00000| Untracked 
|  48|0x0000000783000000, 0x0000000783000000, 0x0000000783100000|  0%| F|  |TAMS 0x0000000783000000, 0x0000000783000000| Untracked 
|  49|0x0000000783100000, 0x0000000783100000, 0x0000000783200000|  0%| F|  |TAMS 0x0000000783100000, 0x0000000783100000| Untracked 
|  50|0x0000000783200000, 0x0000000783200000, 0x0000000783300000|  0%| F|  |TAMS 0x0000000783200000, 0x0000000783200000| Untracked 
|  51|0x0000000783300000, 0x0000000783300000, 0x0000000783400000|  0%| F|  |TAMS 0x0000000783300000, 0x0000000783300000| Untracked 
|  52|0x0000000783400000, 0x0000000783400000, 0x0000000783500000|  0%| F|  |TAMS 0x0000000783400000, 0x0000000783400000| Untracked 
|  53|0x0000000783500000, 0x0000000783500000, 0x0000000783600000|  0%| F|  |TAMS 0x0000000783500000, 0x0000000783500000| Untracked 
|  54|0x0000000783600000, 0x0000000783600000, 0x0000000783700000|  0%| F|  |TAMS 0x0000000783600000, 0x0000000783600000| Untracked 
|  55|0x0000000783700000, 0x0000000783700000, 0x0000000783800000|  0%| F|  |TAMS 0x0000000783700000, 0x0000000783700000| Untracked 
|  56|0x0000000783800000, 0x0000000783800000, 0x0000000783900000|  0%| F|  |TAMS 0x0000000783800000, 0x0000000783800000| Untracked 
|  57|0x0000000783900000, 0x0000000783900000, 0x0000000783a00000|  0%| F|  |TAMS 0x0000000783900000, 0x0000000783900000| Untracked 
|  58|0x0000000783a00000, 0x0000000783a00000, 0x0000000783b00000|  0%| F|  |TAMS 0x0000000783a00000, 0x0000000783a00000| Untracked 
|  59|0x0000000783b00000, 0x0000000783b00000, 0x0000000783c00000|  0%| F|  |TAMS 0x0000000783b00000, 0x0000000783b00000| Untracked 
|  60|0x0000000783c00000, 0x0000000783c00000, 0x0000000783d00000|  0%| F|  |TAMS 0x0000000783c00000, 0x0000000783c00000| Untracked 
|  61|0x0000000783d00000, 0x0000000783d00000, 0x0000000783e00000|  0%| F|  |TAMS 0x0000000783d00000, 0x0000000783d00000| Untracked 
|  62|0x0000000783e00000, 0x0000000783e00000, 0x0000000783f00000|  0%| F|  |TAMS 0x0000000783e00000, 0x0000000783e00000| Untracked 
|  63|0x0000000783f00000, 0x0000000783f00000, 0x0000000784000000|  0%| F|  |TAMS 0x0000000783f00000, 0x0000000783f00000| Untracked 
|  64|0x0000000784000000, 0x0000000784000000, 0x0000000784100000|  0%| F|  |TAMS 0x0000000784000000, 0x0000000784000000| Untracked 
|  65|0x0000000784100000, 0x0000000784100000, 0x0000000784200000|  0%| F|  |TAMS 0x0000000784100000, 0x0000000784100000| Untracked 
|  66|0x0000000784200000, 0x0000000784200000, 0x0000000784300000|  0%| F|  |TAMS 0x0000000784200000, 0x0000000784200000| Untracked 
|  67|0x0000000784300000, 0x0000000784300000, 0x0000000784400000|  0%| F|  |TAMS 0x0000000784300000, 0x0000000784300000| Untracked 
|  68|0x0000000784400000, 0x0000000784400000, 0x0000000784500000|  0%| F|  |TAMS 0x0000000784400000, 0x0000000784400000| Untracked 
|  69|0x0000000784500000, 0x0000000784500000, 0x0000000784600000|  0%| F|  |TAMS 0x0000000784500000, 0x0000000784500000| Untracked 
|  70|0x0000000784600000, 0x0000000784600000, 0x0000000784700000|  0%| F|  |TAMS 0x0000000784600000, 0x0000000784600000| Untracked 
|  71|0x0000000784700000, 0x0000000784700000, 0x0000000784800000|  0%| F|  |TAMS 0x0000000784700000, 0x0000000784700000| Untracked 
|  72|0x0000000784800000, 0x0000000784800000, 0x0000000784900000|  0%| F|  |TAMS 0x0000000784800000, 0x0000000784800000| Untracked 
|  73|0x0000000784900000, 0x0000000784900000, 0x0000000784a00000|  0%| F|  |TAMS 0x0000000784900000, 0x0000000784900000| Untracked 
|  74|0x0000000784a00000, 0x0000000784a00000, 0x0000000784b00000|  0%| F|  |TAMS 0x0000000784a00000, 0x0000000784a00000| Untracked 
|  75|0x0000000784b00000, 0x0000000784b00000, 0x0000000784c00000|  0%| F|  |TAMS 0x0000000784b00000, 0x0000000784b00000| Untracked 
|  76|0x0000000784c00000, 0x0000000784c00000, 0x0000000784d00000|  0%| F|  |TAMS 0x0000000784c00000, 0x0000000784c00000| Untracked 
|  77|0x0000000784d00000, 0x0000000784d00000, 0x0000000784e00000|  0%| F|  |TAMS 0x0000000784d00000, 0x0000000784d00000| Untracked 
|  78|0x0000000784e00000, 0x0000000784e00000, 0x0000000784f00000|  0%| F|  |TAMS 0x0000000784e00000, 0x0000000784e00000| Untracked 
|  79|0x0000000784f00000, 0x0000000784f00000, 0x0000000785000000|  0%| F|  |TAMS 0x0000000784f00000, 0x0000000784f00000| Untracked 
|  80|0x0000000785000000, 0x0000000785000000, 0x0000000785100000|  0%| F|  |TAMS 0x0000000785000000, 0x0000000785000000| Untracked 
|  81|0x0000000785100000, 0x0000000785100000, 0x0000000785200000|  0%| F|  |TAMS 0x0000000785100000, 0x0000000785100000| Untracked 
|  82|0x0000000785200000, 0x000000078523a1b0, 0x0000000785300000| 22%| E|  |TAMS 0x0000000785200000, 0x0000000785200000| Complete 
|  83|0x0000000785300000, 0x0000000785400000, 0x0000000785400000|100%| E|CS|TAMS 0x0000000785300000, 0x0000000785300000| Complete 
|  84|0x0000000785400000, 0x0000000785500000, 0x0000000785500000|100%| E|CS|TAMS 0x0000000785400000, 0x0000000785400000| Complete 
|  85|0x0000000785500000, 0x0000000785600000, 0x0000000785600000|100%| S|CS|TAMS 0x0000000785500000, 0x0000000785500000| Complete 
|  86|0x0000000785600000, 0x0000000785700000, 0x0000000785700000|100%| S|CS|TAMS 0x0000000785600000, 0x0000000785600000| Complete 
|  87|0x0000000785700000, 0x0000000785800000, 0x0000000785800000|100%| S|CS|TAMS 0x0000000785700000, 0x0000000785700000| Complete 
|  88|0x0000000785800000, 0x0000000785900000, 0x0000000785900000|100%| S|CS|TAMS 0x0000000785800000, 0x0000000785800000| Complete 
|  89|0x0000000785900000, 0x0000000785a00000, 0x0000000785a00000|100%| S|CS|TAMS 0x0000000785900000, 0x0000000785900000| Complete 
|  90|0x0000000785a00000, 0x0000000785b00000, 0x0000000785b00000|100%| E|CS|TAMS 0x0000000785a00000, 0x0000000785a00000| Complete 
|  91|0x0000000785b00000, 0x0000000785c00000, 0x0000000785c00000|100%| E|CS|TAMS 0x0000000785b00000, 0x0000000785b00000| Complete 
|  92|0x0000000785c00000, 0x0000000785d00000, 0x0000000785d00000|100%| E|CS|TAMS 0x0000000785c00000, 0x0000000785c00000| Complete 
|  93|0x0000000785d00000, 0x0000000785e00000, 0x0000000785e00000|100%| E|CS|TAMS 0x0000000785d00000, 0x0000000785d00000| Complete 
|  94|0x0000000785e00000, 0x0000000785f00000, 0x0000000785f00000|100%| E|CS|TAMS 0x0000000785e00000, 0x0000000785e00000| Complete 
|  95|0x0000000785f00000, 0x0000000786000000, 0x0000000786000000|100%| E|CS|TAMS 0x0000000785f00000, 0x0000000785f00000| Complete 
|  96|0x0000000786000000, 0x0000000786100000, 0x0000000786100000|100%| E|CS|TAMS 0x0000000786000000, 0x0000000786000000| Complete 
|  97|0x0000000786100000, 0x0000000786200000, 0x0000000786200000|100%| E|CS|TAMS 0x0000000786100000, 0x0000000786100000| Complete 
|  98|0x0000000786200000, 0x0000000786300000, 0x0000000786300000|100%| E|CS|TAMS 0x0000000786200000, 0x0000000786200000| Complete 
|  99|0x0000000786300000, 0x0000000786400000, 0x0000000786400000|100%| E|CS|TAMS 0x0000000786300000, 0x0000000786300000| Complete 
| 100|0x0000000786400000, 0x0000000786500000, 0x0000000786500000|100%| E|CS|TAMS 0x0000000786400000, 0x0000000786400000| Complete 
| 101|0x0000000786500000, 0x0000000786600000, 0x0000000786600000|100%| E|CS|TAMS 0x0000000786500000, 0x0000000786500000| Complete 
| 102|0x0000000786600000, 0x0000000786700000, 0x0000000786700000|100%| E|CS|TAMS 0x0000000786600000, 0x0000000786600000| Complete 
| 103|0x0000000786700000, 0x0000000786800000, 0x0000000786800000|100%| E|CS|TAMS 0x0000000786700000, 0x0000000786700000| Complete 
| 104|0x0000000786800000, 0x0000000786900000, 0x0000000786900000|100%| E|CS|TAMS 0x0000000786800000, 0x0000000786800000| Complete 
| 105|0x0000000786900000, 0x0000000786a00000, 0x0000000786a00000|100%| E|CS|TAMS 0x0000000786900000, 0x0000000786900000| Complete 
| 106|0x0000000786a00000, 0x0000000786b00000, 0x0000000786b00000|100%| E|CS|TAMS 0x0000000786a00000, 0x0000000786a00000| Complete 
| 107|0x0000000786b00000, 0x0000000786c00000, 0x0000000786c00000|100%| E|CS|TAMS 0x0000000786b00000, 0x0000000786b00000| Complete 
| 108|0x0000000786c00000, 0x0000000786d00000, 0x0000000786d00000|100%| E|CS|TAMS 0x0000000786c00000, 0x0000000786c00000| Complete 
| 109|0x0000000786d00000, 0x0000000786e00000, 0x0000000786e00000|100%| E|CS|TAMS 0x0000000786d00000, 0x0000000786d00000| Complete 
| 110|0x0000000786e00000, 0x0000000786f00000, 0x0000000786f00000|100%| E|CS|TAMS 0x0000000786e00000, 0x0000000786e00000| Complete 
| 111|0x0000000786f00000, 0x0000000787000000, 0x0000000787000000|100%| E|CS|TAMS 0x0000000786f00000, 0x0000000786f00000| Complete 
| 112|0x0000000787000000, 0x0000000787100000, 0x0000000787100000|100%| E|CS|TAMS 0x0000000787000000, 0x0000000787000000| Complete 
| 113|0x0000000787100000, 0x0000000787200000, 0x0000000787200000|100%| E|CS|TAMS 0x0000000787100000, 0x0000000787100000| Complete 
| 114|0x0000000787200000, 0x0000000787300000, 0x0000000787300000|100%| E|CS|TAMS 0x0000000787200000, 0x0000000787200000| Complete 
| 115|0x0000000787300000, 0x0000000787400000, 0x0000000787400000|100%| E|CS|TAMS 0x0000000787300000, 0x0000000787300000| Complete 
| 116|0x0000000787400000, 0x0000000787500000, 0x0000000787500000|100%| E|CS|TAMS 0x0000000787400000, 0x0000000787400000| Complete 
| 117|0x0000000787500000, 0x0000000787600000, 0x0000000787600000|100%| E|CS|TAMS 0x0000000787500000, 0x0000000787500000| Complete 
| 118|0x0000000787600000, 0x0000000787700000, 0x0000000787700000|100%| E|CS|TAMS 0x0000000787600000, 0x0000000787600000| Complete 
| 119|0x0000000787700000, 0x0000000787800000, 0x0000000787800000|100%| E|CS|TAMS 0x0000000787700000, 0x0000000787700000| Complete 
| 120|0x0000000787800000, 0x0000000787900000, 0x0000000787900000|100%| E|CS|TAMS 0x0000000787800000, 0x0000000787800000| Complete 
| 121|0x0000000787900000, 0x0000000787a00000, 0x0000000787a00000|100%| E|CS|TAMS 0x0000000787900000, 0x0000000787900000| Complete 
| 122|0x0000000787a00000, 0x0000000787b00000, 0x0000000787b00000|100%| E|CS|TAMS 0x0000000787a00000, 0x0000000787a00000| Complete 
| 123|0x0000000787b00000, 0x0000000787c00000, 0x0000000787c00000|100%| E|CS|TAMS 0x0000000787b00000, 0x0000000787b00000| Complete 
| 124|0x0000000787c00000, 0x0000000787d00000, 0x0000000787d00000|100%| E|CS|TAMS 0x0000000787c00000, 0x0000000787c00000| Complete 
| 125|0x0000000787d00000, 0x0000000787e00000, 0x0000000787e00000|100%| E|CS|TAMS 0x0000000787d00000, 0x0000000787d00000| Complete 
| 126|0x0000000787e00000, 0x0000000787f00000, 0x0000000787f00000|100%| E|CS|TAMS 0x0000000787e00000, 0x0000000787e00000| Complete 
| 127|0x0000000787f00000, 0x0000000788000000, 0x0000000788000000|100%| E|CS|TAMS 0x0000000787f00000, 0x0000000787f00000| Complete 

Card table byte_map: [0x000000010f8d9000,0x000000010fcd9000] _byte_map_base: 0x000000010bcd9000

Marking Bits (Prev, Next): (CMBitMap*) 0x00007fcc5983ba50, (CMBitMap*) 0x00007fcc5983ba18
 Prev Bits: [0x000000011a74f000, 0x000000011c74f000)
 Next Bits: [0x000000011874f000, 0x000000011a74f000)

Polling page: 0x000000010f24c000

Metaspace:

Usage:
  Non-class:     28.82 MB capacity,    28.03 MB ( 97%) used,   635.45 KB (  2%) free+waste,   170.81 KB ( <1%) overhead. 
      Class:      4.95 MB capacity,     4.29 MB ( 87%) used,   585.33 KB ( 12%) free+waste,    90.69 KB (  2%) overhead. 
       Both:     33.77 MB capacity,    32.32 MB ( 96%) used,     1.19 MB (  4%) free+waste,   261.50 KB ( <1%) overhead. 

Virtual space:
  Non-class space:       30.00 MB reserved,      29.00 MB ( 97%) committed 
      Class space:        1.00 GB reserved,       5.00 MB ( <1%) committed 
             Both:        1.03 GB reserved,      34.00 MB (  3%) committed 

Chunk freelists:
   Non-Class:  1.00 KB
       Class:  2.12 KB
        Both:  3.12 KB

CodeHeap 'non-profiled nmethods': size=120032Kb used=1276Kb max_used=1276Kb free=118755Kb
 bounds [0x00000001245b3000, 0x0000000124823000, 0x000000012baeb000]
CodeHeap 'profiled nmethods': size=120032Kb used=6025Kb max_used=6025Kb free=114006Kb
 bounds [0x000000011d07b000, 0x000000011d66b000, 0x00000001245b3000]
CodeHeap 'non-nmethods': size=5696Kb used=1401Kb max_used=1420Kb free=4294Kb
 bounds [0x000000011caeb000, 0x000000011cd5b000, 0x000000011d07b000]
 total_blobs=4214 nmethods=3334 adapters=792
 compilation: enabled
              stopped_count=0, restarted_count=0
 full_count=0

Compilation events (10 events):
Event: 7.113 Thread 0x00007fcc5905e800 nmethod 3354 0x00000001246ed990 code [0x00000001246edb40, 0x00000001246edbf0]
Event: 7.113 Thread 0x00007fcc5905e800 3355       1       com.sun.javafx.geom.transform.BaseTransform::getMxt (2 bytes)
Event: 7.113 Thread 0x00007fcc5905e800 nmethod 3355 0x00000001246edc90 code [0x00000001246ede20, 0x00000001246eded0]
Event: 7.113 Thread 0x00007fcc5905e800 3356       1       com.sun.javafx.geom.transform.BaseTransform::getMyt (2 bytes)
Event: 7.113 Thread 0x00007fcc5905e800 nmethod 3356 0x00000001246edf90 code [0x00000001246ee120, 0x00000001246ee1d0]
Event: 7.113 Thread 0x00007fcc5905e800 3359       1       com.sun.prism.paint.Color::getRed (5 bytes)
Event: 7.113 Thread 0x00007fcc5905e800 nmethod 3359 0x00000001246ee290 code [0x00000001246ee420, 0x00000001246ee4d0]
Event: 7.113 Thread 0x00007fcc5905e800 3360       1       com.sun.prism.paint.Color::getGreen (5 bytes)
Event: 7.113 Thread 0x00007fcc5905e800 nmethod 3360 0x00000001246ee590 code [0x00000001246ee720, 0x00000001246ee7d0]
Event: 7.113 Thread 0x00007fcc5905e800 3366 %     3       com.sun.marlin.DRenderer::_endRendering @ 235 (2473 bytes)

GC Heap History (8 events):
Event: 0.900 GC heap before
{Heap before GC invocations=0 (full 0):
 garbage-first heap   total 131072K, used 13312K [0x0000000780000000, 0x0000000800000000)
  region size 1024K, 14 young (14336K), 0 survivors (0K)
 Metaspace       used 9282K, capacity 9513K, committed 9728K, reserved 1058816K
  class space    used 905K, capacity 1001K, committed 1024K, reserved 1048576K
}
Event: 0.908 GC heap after
{Heap after GC invocations=1 (full 0):
 garbage-first heap   total 131072K, used 3666K [0x0000000780000000, 0x0000000800000000)
  region size 1024K, 2 young (2048K), 2 survivors (2048K)
 Metaspace       used 9282K, capacity 9513K, committed 9728K, reserved 1058816K
  class space    used 905K, capacity 1001K, committed 1024K, reserved 1048576K
}
Event: 1.538 GC heap before
{Heap before GC invocations=1 (full 0):
 garbage-first heap   total 131072K, used 12882K [0x0000000780000000, 0x0000000800000000)
  region size 1024K, 11 young (11264K), 2 survivors (2048K)
 Metaspace       used 13595K, capacity 13926K, committed 14336K, reserved 1062912K
  class space    used 1310K, capacity 1450K, committed 1536K, reserved 1048576K
}
Event: 1.542 GC heap after
{Heap after GC invocations=2 (full 0):
 garbage-first heap   total 131072K, used 5336K [0x0000000780000000, 0x0000000800000000)
  region size 1024K, 2 young (2048K), 2 survivors (2048K)
 Metaspace       used 13595K, capacity 13926K, committed 14336K, reserved 1062912K
  class space    used 1310K, capacity 1450K, committed 1536K, reserved 1048576K
}
Event: 2.317 GC heap before
{Heap before GC invocations=2 (full 0):
 garbage-first heap   total 131072K, used 26840K [0x0000000780000000, 0x0000000800000000)
  region size 1024K, 24 young (24576K), 2 survivors (2048K)
 Metaspace       used 20498K, capacity 21050K, committed 21248K, reserved 1069056K
  class space    used 2236K, capacity 2480K, committed 2560K, reserved 1048576K
}
Event: 2.335 GC heap after
{Heap after GC invocations=3 (full 0):
 garbage-first heap   total 131072K, used 6742K [0x0000000780000000, 0x0000000800000000)
  region size 1024K, 3 young (3072K), 3 survivors (3072K)
 Metaspace       used 20498K, capacity 21050K, committed 21248K, reserved 1069056K
  class space    used 2236K, capacity 2480K, committed 2560K, reserved 1048576K
}
Event: 3.605 GC heap before
{Heap before GC invocations=4 (full 0):
 garbage-first heap   total 131072K, used 42582K [0x0000000780000000, 0x0000000800000000)
  region size 1024K, 38 young (38912K), 3 survivors (3072K)
 Metaspace       used 28262K, capacity 29282K, committed 29568K, reserved 1075200K
  class space    used 3636K, capacity 4121K, committed 4224K, reserved 1048576K
}
Event: 3.628 GC heap after
{Heap after GC invocations=5 (full 0):
 garbage-first heap   total 131072K, used 11081K [0x0000000780000000, 0x0000000800000000)
  region size 1024K, 5 young (5120K), 5 survivors (5120K)
 Metaspace       used 28262K, capacity 29282K, committed 29568K, reserved 1075200K
  class space    used 3636K, capacity 4121K, committed 4224K, reserved 1048576K
}

Deoptimization events (10 events):
Event: 6.065 Thread 0x00007fcc591ce800 Uncommon trap: reason=array_check action=maybe_recompile pc=0x000000012469b914 method=javafx.css.SimpleSelector.applies(Ljavafx/css/Styleable;[Ljava/util/Set;I)Z @ 37 c2
Event: 6.074 Thread 0x00007fcc591ce800 Uncommon trap: reason=array_check action=maybe_recompile pc=0x000000012469b914 method=javafx.css.SimpleSelector.applies(Ljavafx/css/Styleable;[Ljava/util/Set;I)Z @ 37 c2
Event: 6.074 Thread 0x00007fcc591ce800 Uncommon trap: reason=array_check action=maybe_recompile pc=0x000000012469b914 method=javafx.css.SimpleSelector.applies(Ljavafx/css/Styleable;[Ljava/util/Set;I)Z @ 37 c2
Event: 6.074 Thread 0x00007fcc591ce800 Uncommon trap: reason=array_check action=maybe_recompile pc=0x000000012469b914 method=javafx.css.SimpleSelector.applies(Ljavafx/css/Styleable;[Ljava/util/Set;I)Z @ 37 c2
Event: 6.154 Thread 0x00007fcc5913a000 Uncommon trap: reason=unstable_if action=reinterpret pc=0x000000012463cb08 method=java.util.Arrays.equals([Ljava/lang/Object;[Ljava/lang/Object;)Z @ 23 c2
Event: 6.836 Thread 0x00007fcc591ce800 Uncommon trap: reason=unstable_if action=reinterpret pc=0x00000001246b0de8 method=java.net.URLStreamHandler.parseURL(Ljava/net/URL;Ljava/lang/String;II)V @ 155 c2
Event: 6.864 Thread 0x00007fcc591ce800 Uncommon trap: reason=unstable_if action=reinterpret pc=0x0000000124684010 method=java.lang.StringLatin1.trim([B)Ljava/lang/String; @ 19 c2
Event: 6.864 Thread 0x00007fcc591ce800 Uncommon trap: reason=unstable_if action=reinterpret pc=0x00000001245d3c1c method=java.lang.AbstractStringBuilder.append(Ljava/lang/String;)Ljava/lang/AbstractStringBuilder; @ 1 c2
Event: 6.864 Thread 0x00007fcc591ce800 Uncommon trap: reason=unstable_if action=reinterpret pc=0x00000001245e2278 method=java.lang.AbstractStringBuilder.append(Ljava/lang/String;)Ljava/lang/AbstractStringBuilder; @ 1 c2
Event: 7.096 Thread 0x00007fcc591ce800 Uncommon trap: reason=unstable_if action=reinterpret pc=0x00000001246d107c method=jdk.internal.org.objectweb.asm.MethodWriter.visitFieldInsn(ILjava/lang/String;Ljava/lang/String;Ljava/lang/String;)V @ 200 c2

Classes redefined (0 events):
No events

Internal exceptions (10 events):
Event: 3.935 Thread 0x00007fcc591ce800 Exception <a 'java/lang/NoSuchMethodError'{0x00000007873462b0}: java.lang.invoke.DirectMethodHandle$Holder.invokeStaticInit(Ljava/lang/Object;Ljava/lang/Object;Ljava/lang/Object;)J> (0x00000007873462b0) thrown at [./open/src/hotspot/share/interpreter/link
Event: 3.937 Thread 0x00007fcc591ce800 Exception <a 'java/lang/NoSuchMethodError'{0x000000078735e8f0}: java.lang.invoke.DirectMethodHandle$Holder.invokeStatic(Ljava/lang/Object;Ljava/lang/Object;J)Ljava/lang/Object;> (0x000000078735e8f0) thrown at [./open/src/hotspot/share/interpreter/linkReso
Event: 3.937 Thread 0x00007fcc591ce800 Exception <a 'java/lang/NoSuchMethodError'{0x0000000787364a68}: java.lang.invoke.Invokers$Holder.linkToTargetMethod(Ljava/lang/Object;JLjava/lang/Object;)Ljava/lang/Object;> (0x0000000787364a68) thrown at [./open/src/hotspot/share/interpreter/linkResolver
Event: 4.991 Thread 0x00007fcc591ce800 Exception <a 'java/lang/NoSuchMethodError'{0x0000000786e462e0}: java.lang.invoke.DirectMethodHandle$Holder.invokeStatic(Ljava/lang/Object;Ljava/lang/Object;JIII)Ljava/lang/Object;> (0x0000000786e462e0) thrown at [./open/src/hotspot/share/interpreter/linkR
Event: 4.992 Thread 0x00007fcc591ce800 Exception <a 'java/lang/NoSuchMethodError'{0x0000000786e59f30}: java.lang.invoke.DirectMethodHandle$Holder.invokeStatic(Ljava/lang/Object;Ljava/lang/Object;ILjava/lang/Object;JIIII)Ljava/lang/Object;> (0x0000000786e59f30) thrown at [./open/src/hotspot/sha
Event: 6.119 Thread 0x00007fcc5913a000 Exception <a 'java/lang/NoSuchMethodError'{0x0000000786fe1de0}: java.lang.invoke.DirectMethodHandle$Holder.invokeStaticInit(Ljava/lang/Object;I)Ljava/lang/Object;> (0x0000000786fe1de0) thrown at [./open/src/hotspot/share/interpreter/linkResolver.cpp, line
Event: 6.864 Thread 0x00007fcc591ce800 Implicit null exception at 0x00000001245d36f4 to 0x00000001245d3c04
Event: 6.864 Thread 0x00007fcc591ce800 Implicit null exception at 0x00000001245e1d74 to 0x00000001245e2260
Event: 7.095 Thread 0x00007fcc591ce800 Exception <a 'java/lang/NoSuchMethodError'{0x0000000785c2eb68}: java.lang.invoke.DirectMethodHandle$Holder.invokeSpecial(Ljava/lang/Object;Ljava/lang/Object;D)V> (0x0000000785c2eb68) thrown at [./open/src/hotspot/share/interpreter/linkResolver.cpp, line 7
Event: 7.096 Thread 0x00007fcc591ce800 Exception <a 'java/lang/NoSuchMethodError'{0x0000000785c34628}: java.lang.invoke.DirectMethodHandle$Holder.invokeStatic(Ljava/lang/Object;Ljava/lang/Object;D)Ljava/lang/Object;> (0x0000000785c34628) thrown at [./open/src/hotspot/share/interpreter/linkReso

Events (10 events):
Event: 7.107 loading class java/util/Timer$1 done
Event: 7.108 Thread 0x00007fcc5846e800 Thread added: 0x00007fcc5846e800
Event: 7.109 Executing VM operation: RevokeBias
Event: 7.111 Executing VM operation: RevokeBias done
Event: 7.111 Executing VM operation: RevokeBias
Event: 7.112 Executing VM operation: RevokeBias done
Event: 7.112 loading class javafx/scene/media/MediaPlayer
Event: 7.112 loading class javafx/scene/media/MediaPlayer done
Event: 7.112 loading class javafx/scene/media/MediaPlayer
Event: 7.112 loading class javafx/scene/media/MediaPlayer done


Dynamic libraries:
0x000000010f22d000 	/Users/sheryl/Downloads/jdk-11.0.13.jdk/Contents/Home/lib/jli/libjli.dylib
0x00007ff826818000 	/System/Library/Frameworks/Cocoa.framework/Versions/A/Cocoa
0x00007ff81246c000 	/System/Library/Frameworks/AppKit.framework/Versions/C/AppKit
0x00007ff815983000 	/System/Library/Frameworks/CoreData.framework/Versions/A/CoreData
0x00007ff81086f000 	/System/Library/Frameworks/Foundation.framework/Versions/C/Foundation
0x00007ff81a7a6000 	/usr/lib/libSystem.B.dylib
0x00007ff8132fc000 	/System/Library/PrivateFrameworks/UIFoundation.framework/Versions/A/UIFoundation
0x00007ff820719000 	/System/Library/PrivateFrameworks/RemoteViewServices.framework/Versions/A/RemoteViewServices
0x00007ff8189fa000 	/System/Library/PrivateFrameworks/XCTTargetBootstrap.framework/Versions/A/XCTTargetBootstrap
0x00007ff81c5af000 	/System/Library/PrivateFrameworks/InternationalSupport.framework/Versions/A/InternationalSupport
0x00007ff81c639000 	/System/Library/PrivateFrameworks/UserActivity.framework/Versions/A/UserActivity
0x00007ff81b98d000 	/usr/lib/libspindump.dylib
0x00007ff81358b000 	/System/Library/Frameworks/UniformTypeIdentifiers.framework/Versions/A/UniformTypeIdentifiers
0x00007ff81711e000 	/usr/lib/libapp_launch_measurement.dylib
0x00007ff816355000 	/System/Library/PrivateFrameworks/CoreAnalytics.framework/Versions/A/CoreAnalytics
0x00007ff817121000 	/System/Library/PrivateFrameworks/CoreAutoLayout.framework/Versions/A/CoreAutoLayout
0x00007ff818351000 	/System/Library/Frameworks/Metal.framework/Versions/A/Metal
0x00007ff819080000 	/usr/lib/liblangid.dylib
0x00007ff8189ff000 	/System/Library/PrivateFrameworks/CoreSVG.framework/Versions/A/CoreSVG
0x00007ff814977000 	/System/Library/PrivateFrameworks/SkyLight.framework/Versions/A/SkyLight
0x00007ff814d16000 	/System/Library/Frameworks/CoreGraphics.framework/Versions/A/CoreGraphics
0x00007ff820dd9000 	/System/Library/Frameworks/Accelerate.framework/Versions/A/Accelerate
0x00007ff81b40c000 	/System/Library/PrivateFrameworks/IconServices.framework/Versions/A/IconServices
0x00007ff818336000 	/System/Library/Frameworks/IOSurface.framework/Versions/A/IOSurface
0x00007ff816383000 	/usr/lib/libDiagnosticMessagesClient.dylib
0x00007ff81a6c6000 	/usr/lib/libz.1.dylib
0x00007ff8244bc000 	/System/Library/Frameworks/ApplicationServices.framework/Versions/A/ApplicationServices
0x00007ff8189e6000 	/System/Library/PrivateFrameworks/DFRFoundation.framework/Versions/A/DFRFoundation
0x00007ff811d54000 	/usr/lib/libicucore.A.dylib
0x00007ff81d3a5000 	/System/Library/Frameworks/AudioToolbox.framework/Versions/A/AudioToolbox
0x00007ff81c5bb000 	/System/Library/PrivateFrameworks/DataDetectorsCore.framework/Versions/A/DataDetectorsCore
0x00007ff918ab6000 	/System/Library/PrivateFrameworks/TextInput.framework/Versions/A/TextInput
0x00007ff8148fa000 	/usr/lib/libMobileGestalt.dylib
0x00007ff8186f2000 	/System/Library/Frameworks/Carbon.framework/Versions/A/Frameworks/HIToolbox.framework/Versions/A/HIToolbox
0x00007ff816b20000 	/System/Library/Frameworks/QuartzCore.framework/Versions/A/QuartzCore
0x00007ff8119f9000 	/System/Library/Frameworks/Security.framework/Versions/A/Security
0x00007ff820751000 	/System/Library/Frameworks/Carbon.framework/Versions/A/Frameworks/SpeechRecognition.framework/Versions/A/SpeechRecognition
0x00007ff816e7e000 	/System/Library/PrivateFrameworks/CoreUI.framework/Versions/A/CoreUI
0x00007ff8112c3000 	/System/Library/Frameworks/CoreAudio.framework/Versions/A/CoreAudio
0x00007ff816472000 	/System/Library/Frameworks/DiskArbitration.framework/Versions/A/DiskArbitration
0x00007ff81bd7b000 	/System/Library/PrivateFrameworks/MultitouchSupport.framework/Versions/A/MultitouchSupport
0x00007ff8148f9000 	/usr/lib/libenergytrace.dylib
0x00007ff812358000 	/System/Library/Frameworks/IOKit.framework/Versions/A/IOKit
0x00007ff820b41000 	/System/Library/Frameworks/CoreServices.framework/Versions/A/CoreServices
0x00007ff8170b8000 	/System/Library/PrivateFrameworks/PerformanceAnalysis.framework/Versions/A/PerformanceAnalysis
0x00007ffa28798000 	/System/Library/Frameworks/OpenGL.framework/Versions/A/OpenGL
0x00007ff819ce2000 	/System/Library/PrivateFrameworks/MobileKeyBag.framework/Versions/A/MobileKeyBag
0x00007ff80f839000 	/usr/lib/libobjc.A.dylib
0x00007ff8153e2000 	/System/Library/Frameworks/ColorSync.framework/Versions/A/ColorSync
0x00007ff80f9f3000 	/System/Library/Frameworks/CoreFoundation.framework/Versions/A/CoreFoundation
0x00007ff818c76000 	/System/Library/Frameworks/CoreImage.framework/Versions/A/CoreImage
0x00007ff8110d7000 	/System/Library/Frameworks/CoreText.framework/Versions/A/CoreText
0x00007ff818a2f000 	/System/Library/Frameworks/ImageIO.framework/Versions/A/ImageIO
0x00007ff81a7ac000 	/System/Library/PrivateFrameworks/SoftLinking.framework/Versions/A/SoftLinking
0x00007ff817169000 	/usr/lib/libxml2.2.dylib
0x00007ff80f8ff000 	/usr/lib/libc++.1.dylib
0x00007ff81aa30000 	/usr/lib/libcompression.dylib
0x00007ff81c4e2000 	/System/Library/PrivateFrameworks/TextureIO.framework/Versions/A/TextureIO
0x00007ff81b11e000 	/usr/lib/libate.dylib
0x00007ff81a7a1000 	/usr/lib/system/libcache.dylib
0x00007ff81a75d000 	/usr/lib/system/libcommonCrypto.dylib
0x00007ff81a786000 	/usr/lib/system/libcompiler_rt.dylib
0x00007ff81a77c000 	/usr/lib/system/libcopyfile.dylib
0x00007ff80f734000 	/usr/lib/system/libcorecrypto.dylib
0x00007ff80f7f2000 	/usr/lib/system/libdispatch.dylib
0x00007ff80f9b2000 	/usr/lib/system/libdyld.dylib
0x00007ff81a798000 	/usr/lib/system/libkeymgr.dylib
0x00007ff81a73b000 	/usr/lib/system/libmacho.dylib
0x00007ff819dbc000 	/usr/lib/system/libquarantine.dylib
0x00007ff81a796000 	/usr/lib/system/libremovefile.dylib
0x00007ff814947000 	/usr/lib/system/libsystem_asl.dylib
0x00007ff80f6dd000 	/usr/lib/system/libsystem_blocks.dylib
0x00007ff80f876000 	/usr/lib/system/libsystem_c.dylib
0x00007ff81a78e000 	/usr/lib/system/libsystem_collections.dylib
0x00007ff819070000 	/usr/lib/system/libsystem_configuration.dylib
0x00007ff818319000 	/usr/lib/system/libsystem_containermanager.dylib
0x00007ff81a473000 	/usr/lib/system/libsystem_coreservices.dylib
0x00007ff811fe8000 	/usr/lib/system/libsystem_darwin.dylib
0x00007ff81a799000 	/usr/lib/system/libsystem_dnssd.dylib
0x00007ff80f873000 	/usr/lib/system/libsystem_featureflags.dylib
0x00007ff80f9c8000 	/usr/lib/system/libsystem_info.dylib
0x00007ff81a6d9000 	/usr/lib/system/libsystem_m.dylib
0x00007ff80f7c6000 	/usr/lib/system/libsystem_malloc.dylib
0x00007ff8148e2000 	/usr/lib/system/libsystem_networkextension.dylib
0x00007ff81240e000 	/usr/lib/system/libsystem_notify.dylib
0x00007ff820a16000 	/usr/lib/system/libsystem_product_info_filter.dylib
0x00007ff819074000 	/usr/lib/system/libsystem_sandbox.dylib
0x00007ff81a793000 	/usr/lib/system/libsystem_secinit.dylib
0x00007ff80f96e000 	/usr/lib/system/libsystem_kernel.dylib
0x00007ff80f9be000 	/usr/lib/system/libsystem_platform.dylib
0x00007ff80f9a6000 	/usr/lib/system/libsystem_pthread.dylib
0x00007ff816195000 	/usr/lib/system/libsystem_symptoms.dylib
0x00007ff80f71b000 	/usr/lib/system/libsystem_trace.dylib
0x00007ff81a769000 	/usr/lib/system/libunwind.dylib
0x00007ff80f6df000 	/usr/lib/system/libxpc.dylib
0x00007ff80f958000 	/usr/lib/libc++abi.dylib
0x00007ff81a774000 	/usr/lib/liboah.dylib
0x00007ff81aefa000 	/usr/lib/liblzma.5.dylib
0x00007ff810581000 	/System/Library/Frameworks/SystemConfiguration.framework/Versions/A/SystemConfiguration
0x00007ff81a7a8000 	/usr/lib/libfakelink.dylib
0x00007ff814452000 	/System/Library/Frameworks/CFNetwork.framework/Versions/A/CFNetwork
0x00007ff81a8e9000 	/usr/lib/libarchive.2.dylib
0x00007ff81907c000 	/System/Library/PrivateFrameworks/AppleSystemInfo.framework/Versions/A/AppleSystemInfo
0x00007ff819de3000 	/usr/lib/libbsm.0.dylib
0x00007ff813a61000 	/usr/lib/libnetwork.dylib
0x00007ff81a741000 	/usr/lib/system/libkxld.dylib
0x00007ff819a16000 	/System/Library/PrivateFrameworks/IOMobileFramebuffer.framework/Versions/A/IOMobileFramebuffer
0x00007ffb28167000 	/usr/lib/libCoreEntitlements.dylib
0x00007ff81a455000 	/System/Library/PrivateFrameworks/AppleFSCompression.framework/Versions/A/AppleFSCompression
0x00007ff819dcb000 	/usr/lib/libcoretls.dylib
0x00007ff81af14000 	/usr/lib/libcoretls_cfhelpers.dylib
0x00007ff81aa2b000 	/usr/lib/libpam.2.dylib
0x00007ff815db4000 	/usr/lib/libsqlite3.dylib
0x00007ff81af83000 	/usr/lib/libxar.1.dylib
0x00007ff81a465000 	/usr/lib/libbz2.1.0.dylib
0x00007ff81a7ad000 	/usr/lib/libpcap.A.dylib
0x00007ff81618d000 	/usr/lib/libdns_services.dylib
0x00007ff81a9fb000 	/usr/lib/libapple_nghttp2.dylib
0x00007ff81a7e7000 	/usr/lib/libiconv.2.dylib
0x00007ff81a73a000 	/usr/lib/libcharset.1.dylib
0x00007ff8170ec000 	/System/Library/Frameworks/CoreServices.framework/Versions/A/Frameworks/FSEvents.framework/Versions/A/FSEvents
0x00007ff811ff2000 	/System/Library/Frameworks/CoreServices.framework/Versions/A/Frameworks/CarbonCore.framework/Versions/A/CarbonCore
0x00007ff8163d6000 	/System/Library/Frameworks/CoreServices.framework/Versions/A/Frameworks/Metadata.framework/Versions/A/Metadata
0x00007ff81a478000 	/System/Library/Frameworks/CoreServices.framework/Versions/A/Frameworks/OSServices.framework/Versions/A/OSServices
0x00007ff81a970000 	/System/Library/Frameworks/CoreServices.framework/Versions/A/Frameworks/SearchKit.framework/Versions/A/SearchKit
0x00007ff81611f000 	/System/Library/Frameworks/CoreServices.framework/Versions/A/Frameworks/AE.framework/Versions/A/AE
0x00007ff80fef6000 	/System/Library/Frameworks/CoreServices.framework/Versions/A/Frameworks/LaunchServices.framework/Versions/A/LaunchServices
0x00007ff81aeab000 	/System/Library/Frameworks/CoreServices.framework/Versions/A/Frameworks/DictionaryServices.framework/Versions/A/DictionaryServices
0x00007ff8170f9000 	/System/Library/Frameworks/CoreServices.framework/Versions/A/Frameworks/SharedFileList.framework/Versions/A/SharedFileList
0x00007ff819dbf000 	/usr/lib/libCheckFix.dylib
0x00007ff81495e000 	/System/Library/PrivateFrameworks/TCC.framework/Versions/A/TCC
0x00007ff819082000 	/System/Library/PrivateFrameworks/CoreNLP.framework/Versions/A/CoreNLP
0x00007ff816386000 	/System/Library/PrivateFrameworks/MetadataUtilities.framework/Versions/A/MetadataUtilities
0x00007ff810632000 	/usr/lib/libmecabra.dylib
0x00007ff819df3000 	/usr/lib/libmecab.dylib
0x00007ff8105fd000 	/usr/lib/libCRFSuite.dylib
0x00007ff819e4d000 	/usr/lib/libgermantok.dylib
0x00007ff81a9d6000 	/usr/lib/libThaiTokenizer.dylib
0x00007ff816479000 	/System/Library/Frameworks/Accelerate.framework/Versions/A/Frameworks/vImage.framework/Versions/A/vImage
0x00007ff820b18000 	/System/Library/Frameworks/Accelerate.framework/Versions/A/Frameworks/vecLib.framework/Versions/A/vecLib
0x00007ff81afc4000 	/System/Library/Frameworks/Accelerate.framework/Versions/A/Frameworks/vecLib.framework/Versions/A/libvMisc.dylib
0x00007ff819841000 	/System/Library/Frameworks/Accelerate.framework/Versions/A/Frameworks/vecLib.framework/Versions/A/libvDSP.dylib
0x00007ff810271000 	/System/Library/Frameworks/Accelerate.framework/Versions/A/Frameworks/vecLib.framework/Versions/A/libBLAS.dylib
0x00007ff81ab0d000 	/System/Library/Frameworks/Accelerate.framework/Versions/A/Frameworks/vecLib.framework/Versions/A/libLAPACK.dylib
0x00007ff819e50000 	/System/Library/Frameworks/Accelerate.framework/Versions/A/Frameworks/vecLib.framework/Versions/A/libLinearAlgebra.dylib
0x00007ff81aa13000 	/System/Library/Frameworks/Accelerate.framework/Versions/A/Frameworks/vecLib.framework/Versions/A/libSparseBLAS.dylib
0x00007ff81ab07000 	/System/Library/Frameworks/Accelerate.framework/Versions/A/Frameworks/vecLib.framework/Versions/A/libQuadrature.dylib
0x00007ff81916d000 	/System/Library/Frameworks/Accelerate.framework/Versions/A/Frameworks/vecLib.framework/Versions/A/libBNNS.dylib
0x00007ff81050b000 	/System/Library/Frameworks/Accelerate.framework/Versions/A/Frameworks/vecLib.framework/Versions/A/libSparse.dylib
0x00007ff819166000 	/System/Library/PrivateFrameworks/LinguisticData.framework/Versions/A/LinguisticData
0x00007ff8104c1000 	/System/Library/PrivateFrameworks/Lexicon.framework/Versions/A/Lexicon
0x00007ff81afbd000 	/usr/lib/libChineseTokenizer.dylib
0x00007ff810c2c000 	/System/Library/PrivateFrameworks/LanguageModeling.framework/Versions/A/LanguageModeling
0x00007ff81a9d8000 	/System/Library/PrivateFrameworks/AppleSauce.framework/Versions/A/AppleSauce
0x00007ff819a04000 	/System/Library/PrivateFrameworks/CoreEmoji.framework/Versions/A/CoreEmoji
0x00007ff81a8d8000 	/usr/lib/libcmph.dylib
0x00007ff8170d0000 	/System/Library/Frameworks/OpenDirectory.framework/Versions/A/Frameworks/CFOpenDirectory.framework/Versions/A/CFOpenDirectory
0x00007ff8170c4000 	/System/Library/Frameworks/OpenDirectory.framework/Versions/A/OpenDirectory
0x00007ff81af16000 	/System/Library/PrivateFrameworks/APFS.framework/Versions/A/APFS
0x00007ff819d1a000 	/System/Library/Frameworks/SecurityFoundation.framework/Versions/A/SecurityFoundation
0x00007ff81af91000 	/usr/lib/libutil.dylib
0x00007ff81231c000 	/System/Library/PrivateFrameworks/CoreServicesStore.framework/Versions/A/CoreServicesStore
0x00007ff81af95000 	/usr/lib/libxslt.1.dylib
0x00007ff819da7000 	/System/Library/PrivateFrameworks/BackgroundTaskManagement.framework/Versions/A/BackgroundTaskManagement
0x00007ff81c402000 	/System/Library/Frameworks/ImageIO.framework/Versions/A/Resources/libRadiance.dylib
0x00007ff81c40b000 	/System/Library/Frameworks/ImageIO.framework/Versions/A/Resources/libJPEG.dylib
0x00007ff81c35a000 	/System/Library/Frameworks/ImageIO.framework/Versions/A/Resources/libPng.dylib
0x00007ff81c37b000 	/System/Library/Frameworks/ImageIO.framework/Versions/A/Resources/libTIFF.dylib
0x00007ff81c46b000 	/System/Library/Frameworks/ImageIO.framework/Versions/A/Resources/libGIF.dylib
0x00007ff81bc95000 	/System/Library/Frameworks/ImageIO.framework/Versions/A/Resources/libJP2.dylib
0x00007ff81b3d3000 	/usr/lib/libexpat.1.dylib
0x00007ff81bc4a000 	/System/Library/PrivateFrameworks/AppleJPEG.framework/Versions/A/AppleJPEG
0x00007ff8185b6000 	/System/Library/PrivateFrameworks/FontServices.framework/libFontParser.dylib
0x00007ff8160c9000 	/System/Library/PrivateFrameworks/RunningBoardServices.framework/Versions/A/RunningBoardServices
0x00007ff826dd3000 	/System/Library/PrivateFrameworks/IOSurfaceAccelerator.framework/Versions/A/IOSurfaceAccelerator
0x00007ff81bd77000 	/System/Library/PrivateFrameworks/WatchdogClient.framework/Versions/A/WatchdogClient
0x00007ff810d1a000 	/System/Library/Frameworks/CoreDisplay.framework/Versions/A/CoreDisplay
0x00007ff8184b4000 	/System/Library/Frameworks/CoreMedia.framework/Versions/A/CoreMedia
0x00007ff818348000 	/System/Library/PrivateFrameworks/IOAccelerator.framework/Versions/A/IOAccelerator
0x00007ff81724d000 	/System/Library/Frameworks/CoreVideo.framework/Versions/A/CoreVideo
0x00007ff81aa29000 	/System/Library/Frameworks/MetalPerformanceShaders.framework/Versions/A/MetalPerformanceShaders
0x00007ff81bdb4000 	/System/Library/Frameworks/VideoToolbox.framework/Versions/A/VideoToolbox
0x00007ff816013000 	/System/Library/PrivateFrameworks/BaseBoard.framework/Versions/A/BaseBoard
0x00007ff815d9a000 	/System/Library/PrivateFrameworks/ProtocolBuffer.framework/Versions/A/ProtocolBuffer
0x00007ff81c3fb000 	/System/Library/PrivateFrameworks/GPUWrangler.framework/Versions/A/GPUWrangler
0x00007ff81c3df000 	/System/Library/PrivateFrameworks/IOPresentment.framework/Versions/A/IOPresentment
0x00007ff81c405000 	/System/Library/PrivateFrameworks/DSExternalDisplay.framework/Versions/A/DSExternalDisplay
0x00007ffa2878c000 	/System/Library/Frameworks/OpenGL.framework/Versions/A/Libraries/libCoreFSCache.dylib
0x00007ffb15863000 	/System/Library/PrivateFrameworks/GPUCompiler.framework/Versions/31001/Libraries/libGPUCompilerUtils.dylib
0x00007ff81c470000 	/System/Library/PrivateFrameworks/CMCaptureCore.framework/Versions/A/CMCaptureCore
0x00007ff81b97b000 	/System/Library/PrivateFrameworks/AppServerSupport.framework/Versions/A/AppServerSupport
0x00007ff81dc3e000 	/System/Library/PrivateFrameworks/perfdata.framework/Versions/A/perfdata
0x00007ff810e46000 	/System/Library/PrivateFrameworks/AudioToolboxCore.framework/Versions/A/AudioToolboxCore
0x00007ff818492000 	/System/Library/PrivateFrameworks/caulk.framework/Versions/A/caulk
0x00007ff81d550000 	/usr/lib/libAudioStatistics.dylib
0x00007ff915244000 	/System/Library/PrivateFrameworks/SystemPolicy.framework/Versions/A/SystemPolicy
0x00007ff81d7ab000 	/usr/lib/libSMC.dylib
0x00007ff8266cb000 	/System/Library/Frameworks/CoreMIDI.framework/Versions/A/CoreMIDI
0x00007ff81c329000 	/usr/lib/libAudioToolboxUtility.dylib
0x00007ff911470000 	/System/Library/PrivateFrameworks/OSAServicesClient.framework/Versions/A/OSAServicesClient
0x00007ff81dc4b000 	/usr/lib/libperfcheck.dylib
0x00007ff915cf1000 	/usr/lib/libmis.dylib
0x00007ffa287e7000 	/System/Library/Frameworks/OpenGL.framework/Versions/A/Libraries/libGLU.dylib
0x00007ffa287ab000 	/System/Library/Frameworks/OpenGL.framework/Versions/A/Libraries/libGFXShared.dylib
0x00007ffa289b4000 	/System/Library/Frameworks/OpenGL.framework/Versions/A/Libraries/libGL.dylib
0x00007ffa287b4000 	/System/Library/Frameworks/OpenGL.framework/Versions/A/Libraries/libGLImage.dylib
0x00007ffa287a8000 	/System/Library/Frameworks/OpenGL.framework/Versions/A/Libraries/libCVMSPluginSupport.dylib
0x00007ffa28793000 	/System/Library/Frameworks/OpenGL.framework/Versions/A/Libraries/libCoreVMClient.dylib
0x00007ff818ffe000 	/System/Library/Frameworks/MetalPerformanceShaders.framework/Versions/A/Frameworks/MPSCore.framework/Versions/A/MPSCore
0x00007ff81a3c0000 	/System/Library/Frameworks/MetalPerformanceShaders.framework/Versions/A/Frameworks/MPSImage.framework/Versions/A/MPSImage
0x00007ff819e66000 	/System/Library/Frameworks/MetalPerformanceShaders.framework/Versions/A/Frameworks/MPSNeuralNetwork.framework/Versions/A/MPSNeuralNetwork
0x00007ff81a2da000 	/System/Library/Frameworks/MetalPerformanceShaders.framework/Versions/A/Frameworks/MPSMatrix.framework/Versions/A/MPSMatrix
0x00007ff81a095000 	/System/Library/Frameworks/MetalPerformanceShaders.framework/Versions/A/Frameworks/MPSRayIntersector.framework/Versions/A/MPSRayIntersector
0x00007ff81a312000 	/System/Library/Frameworks/MetalPerformanceShaders.framework/Versions/A/Frameworks/MPSNDArray.framework/Versions/A/MPSNDArray
0x00007ffa2e26c000 	/System/Library/Frameworks/MetalPerformanceShaders.framework/Versions/A/Frameworks/MPSFunctions.framework/Versions/A/MPSFunctions
0x00007ff81014d000 	/System/Library/PrivateFrameworks/MetalTools.framework/Versions/A/MetalTools
0x00007ff81907a000 	/System/Library/PrivateFrameworks/AggregateDictionary.framework/Versions/A/AggregateDictionary
0x00007ff81b1b5000 	/usr/lib/libIOReport.dylib
0x00007ffa29dc3000 	/System/Library/Frameworks/OpenCL.framework/Versions/A/OpenCL
0x00007ff81b519000 	/System/Library/PrivateFrameworks/FaceCore.framework/Versions/A/FaceCore
0x00007ff81b50a000 	/System/Library/PrivateFrameworks/GraphVisualizer.framework/Versions/A/GraphVisualizer
0x00007ffb1576e000 	/System/Library/PrivateFrameworks/FontServices.framework/Versions/A/FontServices
0x00007ff81b933000 	/System/Library/PrivateFrameworks/OTSVG.framework/Versions/A/OTSVG
0x00007ff816e33000 	/System/Library/Frameworks/ApplicationServices.framework/Versions/A/Frameworks/ATS.framework/Versions/A/Resources/libFontRegistry.dylib
0x00007ff81b983000 	/System/Library/PrivateFrameworks/FontServices.framework/libhvf.dylib
0x00007ffb1576f000 	/System/Library/PrivateFrameworks/FontServices.framework/libXTFontStaticRegistryData.dylib
0x00007ff81b383000 	/System/Library/PrivateFrameworks/AppleVA.framework/Versions/A/AppleVA
0x00007ff81d570000 	/System/Library/Frameworks/ApplicationServices.framework/Versions/A/Frameworks/ATS.framework/Versions/A/ATS
0x00007ff8154e0000 	/System/Library/Frameworks/ApplicationServices.framework/Versions/A/Frameworks/HIServices.framework/Versions/A/HIServices
0x00007ff81c47a000 	/System/Library/Frameworks/ApplicationServices.framework/Versions/A/Frameworks/PrintCore.framework/Versions/A/PrintCore
0x00007ff81d8fe000 	/System/Library/Frameworks/ApplicationServices.framework/Versions/A/Frameworks/QD.framework/Versions/A/QD
0x00007ff81d8f6000 	/System/Library/Frameworks/ApplicationServices.framework/Versions/A/Frameworks/ColorSyncLegacy.framework/Versions/A/ColorSyncLegacy
0x00007ff81d560000 	/System/Library/Frameworks/ApplicationServices.framework/Versions/A/Frameworks/SpeechSynthesis.framework/Versions/A/SpeechSynthesis
0x00007ff81c43b000 	/System/Library/Frameworks/ApplicationServices.framework/Versions/A/Frameworks/ATSUI.framework/Versions/A/ATSUI
0x00007ff81d88b000 	/usr/lib/libcups.2.dylib
0x00007ff81dc5a000 	/System/Library/Frameworks/Kerberos.framework/Versions/A/Kerberos
0x00007ff81dc69000 	/System/Library/Frameworks/GSS.framework/Versions/A/GSS
0x00007ff81d5dc000 	/usr/lib/libresolv.9.dylib
0x00007ff81b992000 	/System/Library/PrivateFrameworks/Heimdal.framework/Versions/A/Heimdal
0x00007ff82484e000 	/System/Library/Frameworks/Kerberos.framework/Versions/A/Libraries/libHeimdalProxy.dylib
0x00007ff81619d000 	/System/Library/Frameworks/Network.framework/Versions/A/Network
0x00007ff81b3ed000 	/usr/lib/libheimdal-asn1.dylib
0x00007ff81dcb4000 	/System/Library/PrivateFrameworks/CommonAuth.framework/Versions/A/CommonAuth
0x00007ff81d4e2000 	/System/Library/PrivateFrameworks/AudioSession.framework/Versions/A/AudioSession
0x00007ff81b47d000 	/System/Library/PrivateFrameworks/MediaExperience.framework/Versions/A/MediaExperience
0x00007ff81d374000 	/System/Library/PrivateFrameworks/AudioSession.framework/libSessionUtility.dylib
0x00007ff81d90a000 	/System/Library/PrivateFrameworks/AudioResourceArbitration.framework/Versions/A/AudioResourceArbitration
0x00007ff82198b000 	/System/Library/PrivateFrameworks/PowerLog.framework/Versions/A/PowerLog
0x00007ff81b3f6000 	/System/Library/PrivateFrameworks/IconFoundation.framework/Versions/A/IconFoundation
0x00007ff820741000 	/System/Library/PrivateFrameworks/SpeechRecognitionCore.framework/Versions/A/SpeechRecognitionCore
0x000000010ffa6000 	/Users/sheryl/Downloads/jdk-11.0.13.jdk/Contents/Home/lib/server/libjvm.dylib
0x000000010f25b000 	/Users/sheryl/Downloads/jdk-11.0.13.jdk/Contents/Home/lib/libverify.dylib
0x000000010f297000 	/Users/sheryl/Downloads/jdk-11.0.13.jdk/Contents/Home/lib/libjava.dylib
0x000000010f26b000 	/Users/sheryl/Downloads/jdk-11.0.13.jdk/Contents/Home/lib/libjimage.dylib
0x000000010f284000 	/Users/sheryl/Downloads/jdk-11.0.13.jdk/Contents/Home/lib/libzip.dylib
0x000000010fd3c000 	/Users/sheryl/Downloads/jdk-11.0.13.jdk/Contents/Home/lib/libnio.dylib
0x000000010fd67000 	/Users/sheryl/Downloads/jdk-11.0.13.jdk/Contents/Home/lib/libnet.dylib
0x000000010fd4e000 	/Users/sheryl/.openjfx/cache/11.0.2/libprism_es2.dylib
0x00007ff8122de000 	/System/Library/PrivateFrameworks/CoreServicesInternal.framework/Versions/A/CoreServicesInternal
0x00007ffa289bf000 	/System/Library/Frameworks/OpenGL.framework/Versions/A/Resources/GLEngine.bundle/GLEngine
0x00007ffa28825000 	/System/Library/Frameworks/OpenGL.framework/Versions/A/Libraries/libGLProgrammability.dylib
0x00007ffa1d83b000 	/System/Library/Extensions/AppleIntelKBLGraphicsGLDriver.bundle/Contents/MacOS/AppleIntelKBLGraphicsGLDriver
0x00007ff91fe8c000 	/System/Library/PrivateFrameworks/GPUSupport.framework/Versions/A/Libraries/libGPUSupportMercury.dylib
0x00007ffa28b49000 	/System/Library/Frameworks/OpenGL.framework/Versions/A/Resources/GLRendererFloat.bundle/GLRendererFloat
0x0000000130636000 	/Users/sheryl/.openjfx/cache/11.0.2/libglass.dylib
0x00007ff821f7c000 	/System/Library/Frameworks/FileProvider.framework/Versions/A/FileProvider
0x00007ff815f80000 	/System/Library/Frameworks/Accounts.framework/Versions/A/Accounts
0x00007ff8220f5000 	/System/Library/PrivateFrameworks/GenerationalStorage.framework/Versions/A/GenerationalStorage
0x00007ff822c05000 	/System/Library/PrivateFrameworks/CoreSymbolication.framework/Versions/A/CoreSymbolication
0x00007ff821980000 	/System/Library/PrivateFrameworks/SymptomDiagnosticReporter.framework/Versions/A/SymptomDiagnosticReporter
0x00007ff81359f000 	/System/Library/PrivateFrameworks/DesktopServicesPriv.framework/Versions/A/DesktopServicesPriv
0x00007ff81241d000 	/usr/lib/libsandbox.1.dylib
0x00007ff8172cc000 	/System/Library/PrivateFrameworks/UserManagement.framework/Versions/A/UserManagement
0x00007ff822bca000 	/System/Library/PrivateFrameworks/DebugSymbols.framework/Versions/A/DebugSymbols
0x00007ff81d8eb000 	/System/Library/PrivateFrameworks/NetAuth.framework/Versions/A/NetAuth
0x00007ff81e7fa000 	/System/Library/PrivateFrameworks/Sharing.framework/Versions/A/Sharing
0x00007ff81729f000 	/System/Library/PrivateFrameworks/login.framework/Versions/A/Frameworks/loginsupport.framework/Versions/A/loginsupport
0x00007ff823d68000 	/System/Library/PrivateFrameworks/Apple80211.framework/Versions/A/Apple80211
0x00007ff81a4a5000 	/System/Library/PrivateFrameworks/AuthKit.framework/Versions/A/AuthKit
0x00007ff819afa000 	/System/Library/PrivateFrameworks/CoreUtils.framework/Versions/A/CoreUtils
0x00007ff819a21000 	/System/Library/Frameworks/CoreWLAN.framework/Versions/A/CoreWLAN
0x00007ff81e959000 	/System/Library/Frameworks/IOBluetooth.framework/Versions/A/IOBluetooth
0x00007ff823dd0000 	/System/Library/PrivateFrameworks/CoreWiFi.framework/Versions/A/CoreWiFi
0x00007ff82279f000 	/System/Library/PrivateFrameworks/FrontBoardServices.framework/Versions/A/FrontBoardServices
0x00007ff822830000 	/System/Library/PrivateFrameworks/BoardServices.framework/Versions/A/BoardServices
0x00007ff819d09000 	/System/Library/PrivateFrameworks/AssertionServices.framework/Versions/A/AssertionServices
0x00007ff823f53000 	/System/Library/PrivateFrameworks/BackBoardServices.framework/Versions/A/BackBoardServices
0x00007ff81dd45000 	/System/Library/PrivateFrameworks/CorePhoneNumbers.framework/Versions/A/CorePhoneNumbers
0x00007ff81d609000 	/System/Library/PrivateFrameworks/MultiverseSupport.framework/Versions/A/MultiverseSupport
0x00007ff8241c7000 	/System/Library/PrivateFrameworks/RemoteServiceDiscovery.framework/Versions/A/RemoteServiceDiscovery
0x00007ff821a9d000 	/System/Library/PrivateFrameworks/DiskManagement.framework/Versions/A/DiskManagement
0x00007ff8219b1000 	/System/Library/PrivateFrameworks/AppleIDAuthSupport.framework/Versions/A/AppleIDAuthSupport
0x00007ffb100e9000 	/System/Library/PrivateFrameworks/AAAFoundation.framework/Versions/A/AAAFoundation
0x00007ff81dd26000 	/System/Library/PrivateFrameworks/KeychainCircle.framework/Versions/A/KeychainCircle
0x00007ff8241d7000 	/System/Library/PrivateFrameworks/RemoteXPC.framework/Versions/A/RemoteXPC
0x00007ff821a69000 	/System/Library/PrivateFrameworks/MediaKit.framework/Versions/A/MediaKit
0x00007ff8219bd000 	/System/Library/Frameworks/DiscRecording.framework/Versions/A/DiscRecording
0x00007ff81b2fb000 	/usr/lib/libCoreStorage.dylib
0x00007ff824242000 	/usr/lib/libcsfde.dylib
0x00007ff81ea26000 	/System/Library/PrivateFrameworks/ProtectedCloudStorage.framework/Versions/A/ProtectedCloudStorage
0x00007ff82423e000 	/System/Library/PrivateFrameworks/EFILogin.framework/Versions/A/EFILogin
0x00007ff82211b000 	/System/Library/PrivateFrameworks/OctagonTrust.framework/Versions/A/OctagonTrust
0x00007ffb149d1000 	/System/Library/PrivateFrameworks/CoreUtilsExtras.framework/Versions/A/CoreUtilsExtras
0x00007ff8218e4000 	/System/Library/Frameworks/CoreBluetooth.framework/Versions/A/CoreBluetooth
0x00007ff8248d3000 	/System/Library/Frameworks/AudioUnit.framework/Versions/A/AudioUnit
0x00007ff81b2f3000 	/usr/lib/libMatch.1.dylib
0x00007ff91a315000 	/System/Library/Frameworks/Accelerate.framework/Versions/A/Frameworks/vImage.framework/Versions/A/Libraries/libCGInterfaces.dylib
0x0000000131ae1000 	/usr/lib/libobjc-trampolines.dylib
0x00007ff816fc4000 	/System/Library/PrivateFrameworks/ViewBridge.framework/Versions/A/ViewBridge
0x00007ff81ba49000 	/System/Library/PrivateFrameworks/login.framework/Versions/A/login
0x0000000134d43000 	/Users/sheryl/.openjfx/cache/11.0.2/libjavafx_font.dylib
0x000000013517f000 	/System/Library/Frameworks/FileProvider.framework/OverrideBundles/CloudDocsFileProvider.bundle/Contents/MacOS/CloudDocsFileProvider
0x00007ff8174e3000 	/System/Library/PrivateFrameworks/CloudDocs.framework/Versions/A/CloudDocs
0x00007ff824572000 	/System/Library/PrivateFrameworks/AppleAccount.framework/Versions/A/AppleAccount
0x00007ff81ea0d000 	/System/Library/PrivateFrameworks/AppContainer.framework/Versions/A/AppContainer
0x00007ff81e4c9000 	/System/Library/PrivateFrameworks/IDS.framework/Versions/A/IDS
0x00007ff8246ca000 	/System/Library/PrivateFrameworks/AppleIDSSOAuthentication.framework/Versions/A/AppleIDSSOAuthentication
0x00007ff8172a2000 	/System/Library/PrivateFrameworks/ApplePushService.framework/Versions/A/ApplePushService
0x00007ff8242c4000 	/System/Library/PrivateFrameworks/AppSupport.framework/Versions/A/AppSupport
0x00007ff81d2d9000 	/System/Library/PrivateFrameworks/IMFoundation.framework/Versions/A/IMFoundation
0x00007ff910cb4000 	/System/Library/PrivateFrameworks/Marco.framework/Versions/A/Marco
0x00007ff81e63d000 	/System/Library/PrivateFrameworks/IDSFoundation.framework/Versions/A/IDSFoundation
0x00007ff815ffb000 	/System/Library/PrivateFrameworks/CommonUtilities.framework/Versions/A/CommonUtilities
0x00007ff915901000 	/System/Library/PrivateFrameworks/FTServices.framework/Versions/A/FTServices
0x00007ff828128000 	/System/Library/PrivateFrameworks/Engram.framework/Versions/A/Engram
0x00007ff8280cf000 	/usr/lib/libtidy.A.dylib
0x00007ff81bbf6000 	/System/Library/PrivateFrameworks/Bom.framework/Versions/A/Bom
0x00007ff81d619000 	/usr/lib/libParallelCompression.dylib
0x00007ff81b1be000 	/System/Library/PrivateFrameworks/CrashReporterSupport.framework/Versions/A/CrashReporterSupport
0x00007ff91fc55000 	/System/Library/PrivateFrameworks/FTAWD.framework/Versions/A/FTAWD
0x00007ff921d2d000 	/System/Library/PrivateFrameworks/OSAnalytics.framework/Versions/A/OSAnalytics
0x00007ff92cedf000 	/System/Library/PrivateFrameworks/Symbolication.framework/Versions/A/Symbolication
0x00007ff915cce000 	/System/Library/PrivateFrameworks/MallocStackLogging.framework/Versions/A/MallocStackLogging
0x00007ff820e51000 	/System/Library/PrivateFrameworks/CoreDaemon.framework/Versions/B/CoreDaemon
0x00007ff820e4c000 	/System/Library/PrivateFrameworks/AppleSRP.framework/Versions/A/AppleSRP
0x00007ff819db1000 	/System/Library/Frameworks/ServiceManagement.framework/Versions/A/ServiceManagement
0x00007ff81ea22000 	/System/Library/PrivateFrameworks/SecCodeWrapper.framework/Versions/A/SecCodeWrapper
0x000000013514d000 	/System/Library/Frameworks/FileProvider.framework/OverrideBundles/FileProviderOverride.bundle/Contents/MacOS/FileProviderOverride
0x0000000135218000 	/System/Library/Frameworks/FileProvider.framework/OverrideBundles/FinderSyncCollaborationFileProviderOverride.bundle/Contents/MacOS/FinderSyncCollaborationFileProviderOverride
0x00007ff926408000 	/System/Library/PrivateFrameworks/FinderSyncPriv.framework/Versions/A/FinderSyncPriv
0x00007ff913afb000 	/usr/lib/libFosl_dynamic.dylib
0x00007ff919abc000 	/usr/lib/libncurses.5.4.dylib
0x00007ffa1b9bf000 	/System/Library/Extensions/AppleIntelKBLGraphicsMTLDriver.bundle/Contents/MacOS/AppleIntelKBLGraphicsMTLDriver
0x00007ff915d0c000 	/System/Library/PrivateFrameworks/GPURawCounter.framework/Versions/A/GPURawCounter
0x00007ffb28256000 	/usr/lib/libRosetta.dylib
0x00007ff820e5d000 	/System/Library/PrivateFrameworks/SystemAdministration.framework/Versions/A/SystemAdministration
0x00007ff81c6a4000 	/System/Library/Frameworks/MediaToolbox.framework/Versions/A/MediaToolbox
0x00007ff82070d000 	/System/Library/Frameworks/DirectoryService.framework/Versions/A/DirectoryService
0x00007ff8240df000 	/System/Library/PrivateFrameworks/DiskImages.framework/Versions/A/DiskImages
0x00007ff8242bc000 	/System/Library/PrivateFrameworks/LoginUIKit.framework/Versions/A/Frameworks/LoginUICore.framework/Versions/A/LoginUICore
0x00007ff81bbf2000 	/usr/lib/libodfde.dylib
0x00007ff821f4c000 	/System/Library/PrivateFrameworks/CoreAVCHD.framework/Versions/A/CoreAVCHD
0x00007ff820e21000 	/System/Library/Frameworks/MediaAccessibility.framework/Versions/A/MediaAccessibility
0x00007ff821f48000 	/System/Library/PrivateFrameworks/Mangrove.framework/Versions/A/Mangrove
0x00007ff820e2c000 	/System/Library/PrivateFrameworks/AlgosScoreFramework.framework/Versions/A/AlgosScoreFramework
0x00007ffb11cc5000 	/System/Library/PrivateFrameworks/CMPhoto.framework/Versions/A/CMPhoto
0x00007ff822aa0000 	/System/Library/PrivateFrameworks/AppleVPA.framework/Versions/A/AppleVPA
0x00007ff821b8d000 	/System/Library/PrivateFrameworks/CoreAUC.framework/Versions/A/CoreAUC
0x00007ff82424e000 	/usr/lib/libcurl.4.dylib
0x00007ffb286c2000 	/usr/lib/libcrypto.46.dylib
0x00007ffb28bb7000 	/usr/lib/libssl.48.dylib
0x00007ff823f71000 	/System/Library/Frameworks/LDAP.framework/Versions/A/LDAP
0x00007ff823fa9000 	/System/Library/PrivateFrameworks/TrustEvaluationAgent.framework/Versions/A/TrustEvaluationAgent
0x00007ff81d5f5000 	/usr/lib/libsasl2.2.dylib
0x000000013a5b4000 	/Users/sheryl/.openjfx/cache/11.0.2/libglib-lite.dylib
0x00007ff81de95000 	/usr/lib/libffi.dylib
0x000000013b7eb000 	/Users/sheryl/.openjfx/cache/11.0.2/libgstreamer-lite.dylib
0x000000013885d000 	/Users/sheryl/.openjfx/cache/11.0.2/libjfxmedia.dylib
0x000000013a33d000 	/Users/sheryl/.openjfx/cache/11.0.2/libjfxmedia_avf.dylib
0x00007ff91505c000 	/System/Library/Frameworks/AVFoundation.framework/Versions/A/AVFoundation
0x00007ffa2ce83000 	/System/Library/Frameworks/AVFAudio.framework/Versions/A/AVFAudio
0x00007ff8225af000 	/System/Library/PrivateFrameworks/AVFCore.framework/Versions/A/AVFCore
0x00007ff82982a000 	/System/Library/PrivateFrameworks/AVFCapture.framework/Versions/A/AVFCapture
0x00007ff913ccf000 	/System/Library/PrivateFrameworks/AirPlaySync.framework/Versions/A/AirPlaySync
0x00007ffb11cae000 	/System/Library/PrivateFrameworks/CMImaging.framework/Versions/A/CMImaging
0x00007ff82997c000 	/System/Library/PrivateFrameworks/Quagga.framework/Versions/A/Quagga
0x00007ff90f6dd000 	/System/Library/PrivateFrameworks/CMCapture.framework/Versions/A/CMCapture
0x00007ff81d6cb000 	/System/Library/Frameworks/CoreMediaIO.framework/Versions/A/CoreMediaIO
0x00007ff8249fb000 	/System/Library/PrivateFrameworks/Espresso.framework/Versions/A/Espresso
0x00007ffa1b3fb000 	/System/Library/PrivateFrameworks/ANECompiler.framework/Versions/A/ANECompiler
0x00007ff82664b000 	/System/Library/PrivateFrameworks/AppleNeuralEngine.framework/Versions/A/AppleNeuralEngine
0x00007ffb18284000 	/System/Library/PrivateFrameworks/MIL.framework/Versions/A/MIL
0x00007ffa2e27f000 	/System/Library/Frameworks/MetalPerformanceShadersGraph.framework/Versions/A/MetalPerformanceShadersGraph
0x00007ff82559a000 	/System/Library/PrivateFrameworks/ANEServices.framework/Versions/A/ANEServices
0x0000000138839000 	/Users/sheryl/.openjfx/cache/11.0.2/libfxplugins.dylib
0x00007ffb0fbc8000 	/System/Library/Frameworks/VideoDecodeAcceleration.framework/Versions/A/VideoDecodeAcceleration
0x0000000138892000 	/System/Library/Extensions/AppleHDA.kext/Contents/PlugIns/AppleHDAHALPlugIn.bundle/Contents/MacOS/AppleHDAHALPlugIn
0x000000013a6e8000 	/System/Library/Components/CoreAudio.component/Contents/MacOS/CoreAudio
0x000000013d27b000 	/System/Library/Components/AudioCodecs.component/Contents/MacOS/AudioCodecs


VM Arguments:
jvm_args: -Dfile.encoding=UTF-8 -Duser.country=SG -Duser.language=en -Duser.variant 
java_command: seedu.address.Main
java_class_path (initial): /Users/sheryl/tp/build/classes/java/main:/Users/sheryl/tp/build/resources/main:/Users/sheryl/.gradle/caches/modules-2/files-2.1/org.controlsfx/controlsfx/11.0.3/4b8f0388de0b3a7169f4bcca38bbe7163ad0b414/controlsfx-11.0.3.jar:/Users/sheryl/.gradle/caches/modules-2/files-2.1/org.openjfx/javafx-media/11.0.2/a9d052aba5dc676f26b5cfcd33a68e381f08a47a/javafx-media-11.0.2-win.jar:/Users/sheryl/.gradle/caches/modules-2/files-2.1/org.openjfx/javafx-media/11.0.2/183246bfc1704cced6bdda2e7ba1c368694f10bd/javafx-media-11.0.2-mac.jar:/Users/sheryl/.gradle/caches/modules-2/files-2.1/org.openjfx/javafx-media/11.0.2/8bc5daaa19f2ff103cd85f751ad021eb71ba7db7/javafx-media-11.0.2-linux.jar:/Users/sheryl/.gradle/caches/modules-2/files-2.1/org.openjfx/javafx-fxml/11/d5ff9262ef49d166db658d15f37e3ecff38fde4b/javafx-fxml-11-win.jar:/Users/sheryl/.gradle/caches/modules-2/files-2.1/org.openjfx/javafx-fxml/11/e0f5bb81e21054b59f2ebfa727d40a90ee0260d3/javafx-fxml-11-mac.jar:/Users/sheryl/.gradle/caches/modules-2/files-2.1/org.openjfx/javafx-fxml/11/e7a757b580fc3e2e1a121768606c7836eef418c/javafx-fxml-11-linux.jar:/Users/sheryl/.gradle/caches/modules-2/files-2.1/org.openjfx/javafx-controls/11.0.2/6c763707769c18adce406904c771c2ad1fcc370b/javafx-controls-11.0.2-win.jar:/Users/sheryl/.gradle/caches/modules-2/files-2.1/org.openjfx/javafx-controls/11.0.2/996371d2868035845572cdb19179dca2bfd1139f/javafx-controls-11.0.2-mac.jar:/Users/sheryl/.gradle/caches/modules-2/files-2.1/org.openjfx/javafx-controls/11.0.2/5f6929050a744aab39ebfc1e8e5dd03bcd2ad47b/javafx-controls-11.0.2-linux.jar:/Users/sheryl/.gradle/caches/modules-2/files-2.1/org.openjfx/javafx-controls/11.0.2/4ab633cf1eea60f76e2ae9905aedac862da88b08/javafx-controls-11.0.2.jar:/Users/sheryl/.gradle/caches/modules-2/files-2.1/org.openjfx/javafx-graphics/11.0.2/20459ea2cf714942bcbeb78a7f70ba3531dc1a44/javafx-graphics-11.0.2-win.jar:/Users/sheryl/.gradle/caches/modules-2/files-2.1/org.openjfx/javafx-graphics/11.0.2/c1d99ae5bc48
Launcher Type: SUN_STANDARD

[Global flags]
     intx CICompilerCount                          = 3                                         {product} {ergonomic}
     uint ConcGCThreads                            = 1                                         {product} {ergonomic}
     uint G1ConcRefinementThreads                  = 4                                         {product} {ergonomic}
   size_t G1HeapRegionSize                         = 1048576                                   {product} {ergonomic}
    uintx GCDrainStackTargetSize                   = 64                                        {product} {ergonomic}
   size_t InitialHeapSize                          = 134217728                                 {product} {ergonomic}
   size_t MarkStackSize                            = 4194304                                   {product} {ergonomic}
   size_t MaxHeapSize                              = 2147483648                                {product} {ergonomic}
   size_t MaxNewSize                               = 1287651328                                {product} {ergonomic}
   size_t MinHeapDeltaBytes                        = 1048576                                   {product} {ergonomic}
    uintx NonNMethodCodeHeapSize                   = 5830732                                {pd product} {ergonomic}
    uintx NonProfiledCodeHeapSize                  = 122913754                              {pd product} {ergonomic}
    uintx ProfiledCodeHeapSize                     = 122913754                              {pd product} {ergonomic}
    uintx ReservedCodeCacheSize                    = 251658240                              {pd product} {ergonomic}
     bool SegmentedCodeCache                       = true                                      {product} {ergonomic}
     bool UseCompressedClassPointers               = true                                 {lp64_product} {ergonomic}
     bool UseCompressedOops                        = true                                 {lp64_product} {ergonomic}
     bool UseG1GC                                  = true                                      {product} {ergonomic}

Logging:
Log output configuration:
 #0: stdout all=warning uptime,level,tags
 #1: stderr all=off uptime,level,tags

Environment Variables:
PATH=/Library/Frameworks/Python.framework/Versions/3.10/bin:/usr/local/bin:/usr/bin:/bin:/usr/sbin:/sbin
SHELL=/bin/zsh

Signal Handlers:
SIGSEGV: [libjvm.dylib+0x787cc8], sa_mask[0]=11111111011111110111111111111111, sa_flags=SA_ONSTACK|SA_RESTART|SA_SIGINFO
SIGBUS: [libjvm.dylib+0x787cc8], sa_mask[0]=11111111011111110111111111111111, sa_flags=SA_RESTART|SA_SIGINFO
SIGFPE: [libjvm.dylib+0x787cc8], sa_mask[0]=11111111011111110111111111111111, sa_flags=SA_RESTART|SA_SIGINFO
SIGPIPE: [libjvm.dylib+0x63aa37], sa_mask[0]=11111111011111110111111111111111, sa_flags=SA_RESTART|SA_SIGINFO
SIGXFSZ: [libjvm.dylib+0x63aa37], sa_mask[0]=11111111011111110111111111111111, sa_flags=SA_RESTART|SA_SIGINFO
SIGILL: [libjvm.dylib+0x787cc8], sa_mask[0]=11111111011111110111111111111111, sa_flags=SA_RESTART|SA_SIGINFO
SIGUSR2: [libjvm.dylib+0x63b00c], sa_mask[0]=00100000000000000000000000000000, sa_flags=SA_RESTART|SA_SIGINFO
SIGHUP: [libjvm.dylib+0x639b0f], sa_mask[0]=11111111011111110111111111111111, sa_flags=SA_RESTART|SA_SIGINFO
SIGINT: [libjvm.dylib+0x639b0f], sa_mask[0]=11111111011111110111111111111111, sa_flags=SA_RESTART|SA_SIGINFO
SIGTERM: [libjvm.dylib+0x639b0f], sa_mask[0]=11111111011111110111111111111111, sa_flags=SA_RESTART|SA_SIGINFO
SIGQUIT: [libjvm.dylib+0x639b0f], sa_mask[0]=11111111011111110111111111111111, sa_flags=SA_RESTART|SA_SIGINFO


---------------  S Y S T E M  ---------------

OS:uname:Darwin 21.6.0 Darwin Kernel Version 21.6.0: Mon Aug 22 20:17:10 PDT 2022; root:xnu-8020.140.49~2/RELEASE_X86_64 x86_64
rlimit: STACK 8192k, CORE 0k, NPROC 1392, NOFILE 10240, AS infinity, DATA infinity, FSIZE infinity
load average:7.52 22.75 17.17

CPU:total 4 (initial active 4) (2 cores per cpu, 2 threads per core) family 6 model 142 stepping 9 microcode 0xf0, cmov, cx8, fxsr, mmx, sse, sse2, sse3, ssse3, sse4.1, sse4.2, popcnt, avx, avx2, aes, clmul, erms, 3dnowpref, lzcnt, ht, tsc, tscinvbit, bmi1, bmi2, adx, fma

Memory: 4k page, physical 8388608k(26520k free)

vm_info: Java HotSpot(TM) 64-Bit Server VM (11.0.13+10-LTS-370) for bsd-amd64 JRE (11.0.13+10-LTS-370), built on Sep 15 2021 21:10:43 by "mach5one" with gcc 4.2.1 Compatible Apple LLVM 11.0.0 (clang-1100.0.33.17)

END.
