#
# A fatal error has been detected by the Java Runtime Environment:
#
#  Internal Error (safepoint.cpp:920), pid=69650, tid=34823
#  fatal error: Illegal threadstate encountered: 4
#
# JRE version: OpenJDK Runtime Environment Temurin-11.0.16+8 (11.0.16+8) (build 11.0.16+8)
# Java VM: OpenJDK 64-Bit Server VM Temurin-11.0.16+8 (11.0.16+8, mixed mode, tiered, compressed oops, g1 gc, bsd-amd64)
# No core dump will be written. Core dumps have been disabled. To enable core dumping, try "ulimit -c unlimited" before starting Java again
#
# If you would like to submit a bug report, please visit:
#   https://github.com/adoptium/adoptium-support/issues
# The crash happened outside the Java Virtual Machine in native code.
# See problematic frame for where to report the bug.
#

---------------  S U M M A R Y ------------

Command Line: -Dfile.encoding=UTF-8 -Duser.country=SG -Duser.language=en -Duser.variant seedu.address.Main

Host: MacBookAir9,1 x86_64 1100 MHz, 4 cores, 8G, Darwin 21.6.0
Time: Thu Oct  6 17:58:07 2022 +08 elapsed time: 38.168919 seconds (0d 0h 0m 38s)

---------------  T H R E A D  ---------------

Current thread (0x00007fbcdf95d000):  JavaThread "InvokeLaterDispatcher" daemon [_thread_in_native, id=34823, stack(0x000070000555d000,0x000070000565d000)]

Stack: [0x000070000555d000,0x000070000565d000],  sp=0x000070000565b320,  free space=1016k
Native frames: (J=compiled Java code, A=aot compiled Java code, j=interpreted, Vv=VM code, C=native code)
V  [libjvm.dylib+0x7c673b]  _ZN7VMError14report_and_dieEiPKcS1_P13__va_list_tagP6ThreadPhPvS7_S1_im+0x601
V  [libjvm.dylib+0x276db1]  _Z12report_fatal11VMErrorTypePKciS1_z+0xc0
V  [libjvm.dylib+0x69c801]  _ZN20SafepointSynchronize5blockEP10JavaThread+0x1d9
V  [libjvm.dylib+0x69dd75]  _ZN18SafepointMechanism23block_if_requested_slowEP10JavaThread+0x1d
V  [libjvm.dylib+0x77f1ea]  _ZN10JavaThread44check_safepoint_and_suspend_for_native_transEPS_+0x9c
V  [libjvm.dylib+0x3f3b0e]  jni_DeleteGlobalRef+0x93
C  [libglass.dylib+0x8871]  -[GlassRunnable dealloc]+0x31
C  [Foundation+0x818be]  -[_NSThreadPerformInfo dealloc]+0x2a
C  [Foundation+0x4e446]  -[NSObject(NSThreadPerformAdditions) performSelectorOnMainThread:withObject:waitUntilDone:]+0x7c
J 4034  com.sun.glass.ui.mac.MacApplication._submitForLaterInvocation(Ljava/lang/Runnable;)V (0 bytes) @ 0x00000001218c748f [0x00000001218c73c0+0x00000000000000cf]
J 4033 c1 com.sun.glass.ui.mac.MacApplication.submitForLaterInvocation(Ljava/lang/Runnable;)V (6 bytes) @ 0x000000011aa34e34 [0x000000011aa34dc0+0x0000000000000074]
j  com.sun.glass.ui.InvokeLaterDispatcher.run()V+82
v  ~StubRoutines::call_stub
V  [libjvm.dylib+0x3b7f8e]  _ZN9JavaCalls11call_helperEP9JavaValueRK12methodHandleP17JavaCallArgumentsP6Thread+0x1fe
V  [libjvm.dylib+0x3b73f4]  _ZN9JavaCalls12call_virtualEP9JavaValueP5KlassP6SymbolS5_P17JavaCallArgumentsP6Thread+0xee
V  [libjvm.dylib+0x3b74b0]  _ZN9JavaCalls12call_virtualEP9JavaValue6HandleP5KlassP6SymbolS6_P6Thread+0x62
V  [libjvm.dylib+0x43e464]  _ZL12thread_entryP10JavaThreadP6Thread+0x78
V  [libjvm.dylib+0x77dc62]  _ZN10JavaThread17thread_main_innerEv+0x82
V  [libjvm.dylib+0x77daa6]  _ZN10JavaThread3runEv+0x122
V  [libjvm.dylib+0x77b9c0]  _ZN6Thread8call_runEv+0x68
V  [libjvm.dylib+0x629d60]  _ZL19thread_native_entryP6Thread+0x125
C  [libsystem_pthread.dylib+0x64e1]  _pthread_start+0x7d
C  [libsystem_pthread.dylib+0x1f6b]  thread_start+0xf

Java frames: (J=compiled Java code, j=interpreted, Vv=VM code)
J 4034  com.sun.glass.ui.mac.MacApplication._submitForLaterInvocation(Ljava/lang/Runnable;)V (0 bytes) @ 0x00000001218c741c [0x00000001218c73c0+0x000000000000005c]
J 4033 c1 com.sun.glass.ui.mac.MacApplication.submitForLaterInvocation(Ljava/lang/Runnable;)V (6 bytes) @ 0x000000011aa34e34 [0x000000011aa34dc0+0x0000000000000074]
j  com.sun.glass.ui.InvokeLaterDispatcher.run()V+82
v  ~StubRoutines::call_stub

---------------  P R O C E S S  ---------------

Threads class SMR info:
_java_thread_list=0x0000600001cae6a0, length=16, elements={
0x00007fbcdd80d000, 0x00007fbcdd89c800, 0x00007fbcdf01c000, 0x00007fbcde046000,
0x00007fbcde039000, 0x00007fbcdf82d800, 0x00007fbcdd897000, 0x00007fbcdd89f800,
0x00007fbcdf82e800, 0x00007fbcdf882000, 0x00007fbcde313000, 0x00007fbcdf95d000,
0x00007fbcdfa08000, 0x00007fbcde5ff800, 0x00007fbcdfc08000, 0x00007fbce206d800
}

Java Threads: ( => current thread )
  0x00007fbcdd80d000 JavaThread "main" [_thread_blocked, id=9219, stack(0x000070000411e000,0x000070000421e000)]
  0x00007fbcdd89c800 JavaThread "Reference Handler" daemon [_thread_blocked, id=17923, stack(0x0000700004833000,0x0000700004933000)]
  0x00007fbcdf01c000 JavaThread "Finalizer" daemon [_thread_blocked, id=13827, stack(0x0000700004936000,0x0000700004a36000)]
  0x00007fbcde046000 JavaThread "Signal Dispatcher" daemon [_thread_blocked, id=16387, stack(0x0000700004b3f000,0x0000700004c3f000)]
  0x00007fbcde039000 JavaThread "Service Thread" daemon [_thread_blocked, id=43267, stack(0x0000700004c42000,0x0000700004d42000)]
  0x00007fbcdf82d800 JavaThread "C2 CompilerThread0" daemon [_thread_blocked, id=43011, stack(0x0000700004d45000,0x0000700004e45000)]
  0x00007fbcdd897000 JavaThread "C1 CompilerThread0" daemon [_thread_blocked, id=22531, stack(0x0000700004e48000,0x0000700004f48000)]
  0x00007fbcdd89f800 JavaThread "Sweeper thread" daemon [_thread_blocked, id=41987, stack(0x0000700004f4b000,0x000070000504b000)]
  0x00007fbcdf82e800 JavaThread "Common-Cleaner" daemon [_thread_blocked, id=40707, stack(0x0000700005151000,0x0000700005251000)]
  0x00007fbcdf882000 JavaThread "JavaFX-Launcher" [_thread_blocked, id=23299, stack(0x0000700005254000,0x0000700005354000)]
  0x00007fbcde313000 JavaThread "QuantumRenderer-0" daemon [_thread_blocked, id=24323, stack(0x000070000545a000,0x000070000555a000)]
=>0x00007fbcdf95d000 JavaThread "InvokeLaterDispatcher" daemon [_thread_in_native, id=34823, stack(0x000070000555d000,0x000070000565d000)]
  0x00007fbcdfa08000 JavaThread "JavaFX Application Thread" [_thread_in_native, id=259, stack(0x00007ff7b2fa9000,0x00007ff7b37a9000)]
  0x00007fbcde5ff800 JavaThread "Thread-3" daemon [_thread_in_native, id=47111, stack(0x0000700005660000,0x00007000056e0000)]
  0x00007fbcdfc08000 JavaThread "Prism Font Disposer" daemon [_thread_blocked, id=59915, stack(0x0000700005c78000,0x0000700005d78000)]
  0x00007fbce206d800 JavaThread "Cleaner-0" daemon [_thread_blocked, id=66567, stack(0x0000700005dfe000,0x0000700005efe000)]

Other Threads:
  0x00007fbcdd898800 VMThread "VM Thread" [stack: 0x0000700004730000,0x0000700004830000] [id=18179]
  0x00007fbcdd89d000 WatcherThread [stack: 0x000070000504e000,0x000070000514e000] [id=41475]
  0x00007fbcdd810000 GCTaskThread "GC Thread#0" [stack: 0x0000700004221000,0x0000700004321000] [id=11523]
  0x00007fbcde601800 GCTaskThread "GC Thread#1" [stack: 0x0000700005766000,0x0000700005866000] [id=47619]
  0x00007fbcde602000 GCTaskThread "GC Thread#2" [stack: 0x0000700005869000,0x0000700005969000] [id=83715]
  0x00007fbcde603000 GCTaskThread "GC Thread#3" [stack: 0x000070000596c000,0x0000700005a6c000] [id=83203]
  0x00007fbcde008800 ConcurrentGCThread "G1 Main Marker" [stack: 0x0000700004324000,0x0000700004424000] [id=20739]
  0x00007fbcde023000 ConcurrentGCThread "G1 Conc#0" [stack: 0x0000700004427000,0x0000700004527000] [id=19971]
  0x00007fbcdd858800 ConcurrentGCThread "G1 Refine#0" [stack: 0x000070000452a000,0x000070000462a000] [id=19459]
  0x00007fbcdf236000 ConcurrentGCThread "G1 Refine#1" [stack: 0x0000700005af2000,0x0000700005bf2000] [id=49415]
  0x00007fbcdd859000 ConcurrentGCThread "G1 Young RemSet Sampling" [stack: 0x000070000462d000,0x000070000472d000] [id=19203]

Threads with active compile tasks:

VM state:not at safepoint (normal execution)

VM Mutex/Monitor currently owned by a thread: None

Heap address: 0x0000000780000000, size: 2048 MB, Compressed Oops mode: Zero based, Oop shift amount: 3
Narrow klass base: 0x0000000800000000, Narrow klass shift: 0
Compressed class space size: 1073741824 Address: 0x0000000800000000

Heap:
 garbage-first heap   total 157696K, used 26013K [0x0000000780000000, 0x0000000800000000)
  region size 1024K, 13 young (13312K), 7 survivors (7168K)
 Metaspace       used 33703K, capacity 35155K, committed 35200K, reserved 1079296K
  class space    used 4119K, capacity 4733K, committed 4736K, reserved 1048576K
Heap Regions: E=young(eden), S=young(survivor), O=old, HS=humongous(starts), HC=humongous(continues), CS=collection set, F=free, A=archive, TAMS=top-at-mark-start (previous, next)
|   0|0x0000000780000000, 0x0000000780100000, 0x0000000780100000|100%| O|  |TAMS 0x0000000780100000, 0x0000000780000000| Untracked 
|   1|0x0000000780100000, 0x0000000780200000, 0x0000000780200000|100%| O|  |TAMS 0x0000000780200000, 0x0000000780100000| Untracked 
|   2|0x0000000780200000, 0x0000000780300000, 0x0000000780300000|100%| O|  |TAMS 0x0000000780300000, 0x0000000780200000| Untracked 
|   3|0x0000000780300000, 0x0000000780400000, 0x0000000780400000|100%| O|  |TAMS 0x00000007803aca00, 0x0000000780300000| Untracked 
|   4|0x0000000780400000, 0x0000000780500000, 0x0000000780500000|100%|HS|  |TAMS 0x0000000780400000, 0x0000000780400000| Complete 
|   5|0x0000000780500000, 0x0000000780600000, 0x0000000780600000|100%|HC|  |TAMS 0x0000000780500000, 0x0000000780500000| Complete 
|   6|0x0000000780600000, 0x0000000780700000, 0x0000000780700000|100%| O|  |TAMS 0x0000000780600000, 0x0000000780600000| Untracked 
|   7|0x0000000780700000, 0x0000000780800000, 0x0000000780800000|100%| O|  |TAMS 0x0000000780700000, 0x0000000780700000| Untracked 
|   8|0x0000000780800000, 0x0000000780900000, 0x0000000780900000|100%| O|  |TAMS 0x0000000780800000, 0x0000000780800000| Untracked 
|   9|0x0000000780900000, 0x0000000780a00000, 0x0000000780a00000|100%|HS|  |TAMS 0x0000000780900000, 0x0000000780900000| Complete 
|  10|0x0000000780a00000, 0x0000000780b00000, 0x0000000780b00000|100%|HC|  |TAMS 0x0000000780a00000, 0x0000000780a00000| Complete 
|  11|0x0000000780b00000, 0x0000000780c00000, 0x0000000780c00000|100%| O|  |TAMS 0x0000000780b00000, 0x0000000780b00000| Untracked 
|  12|0x0000000780c00000, 0x0000000780d00000, 0x0000000780d00000|100%| O|  |TAMS 0x0000000780c00000, 0x0000000780c00000| Untracked 
|  13|0x0000000780d00000, 0x0000000780d67400, 0x0000000780e00000| 40%| O|  |TAMS 0x0000000780d00000, 0x0000000780d00000| Untracked 
|  14|0x0000000780e00000, 0x0000000780e00000, 0x0000000780f00000|  0%| F|  |TAMS 0x0000000780e00000, 0x0000000780e00000| Untracked 
|  15|0x0000000780f00000, 0x0000000780f00000, 0x0000000781000000|  0%| F|  |TAMS 0x0000000780f00000, 0x0000000780f00000| Untracked 
|  16|0x0000000781000000, 0x0000000781000000, 0x0000000781100000|  0%| F|  |TAMS 0x0000000781000000, 0x0000000781000000| Untracked 
|  17|0x0000000781100000, 0x0000000781100000, 0x0000000781200000|  0%| F|  |TAMS 0x0000000781100000, 0x0000000781100000| Untracked 
|  18|0x0000000781200000, 0x0000000781200000, 0x0000000781300000|  0%| F|  |TAMS 0x0000000781200000, 0x0000000781200000| Untracked 
|  19|0x0000000781300000, 0x0000000781300000, 0x0000000781400000|  0%| F|  |TAMS 0x0000000781300000, 0x0000000781300000| Untracked 
|  20|0x0000000781400000, 0x0000000781400000, 0x0000000781500000|  0%| F|  |TAMS 0x0000000781400000, 0x0000000781400000| Untracked 
|  21|0x0000000781500000, 0x0000000781500000, 0x0000000781600000|  0%| F|  |TAMS 0x0000000781500000, 0x0000000781500000| Untracked 
|  22|0x0000000781600000, 0x0000000781600000, 0x0000000781700000|  0%| F|  |TAMS 0x0000000781600000, 0x0000000781600000| Untracked 
|  23|0x0000000781700000, 0x0000000781700000, 0x0000000781800000|  0%| F|  |TAMS 0x0000000781700000, 0x0000000781700000| Untracked 
|  24|0x0000000781800000, 0x0000000781800000, 0x0000000781900000|  0%| F|  |TAMS 0x0000000781800000, 0x0000000781800000| Untracked 
|  25|0x0000000781900000, 0x0000000781900000, 0x0000000781a00000|  0%| F|  |TAMS 0x0000000781900000, 0x0000000781900000| Untracked 
|  26|0x0000000781a00000, 0x0000000781a00000, 0x0000000781b00000|  0%| F|  |TAMS 0x0000000781a00000, 0x0000000781a00000| Untracked 
|  27|0x0000000781b00000, 0x0000000781b00000, 0x0000000781c00000|  0%| F|  |TAMS 0x0000000781b00000, 0x0000000781b00000| Untracked 
|  28|0x0000000781c00000, 0x0000000781c00000, 0x0000000781d00000|  0%| F|  |TAMS 0x0000000781c00000, 0x0000000781c00000| Untracked 
|  29|0x0000000781d00000, 0x0000000781d00000, 0x0000000781e00000|  0%| F|  |TAMS 0x0000000781d00000, 0x0000000781d00000| Untracked 
|  30|0x0000000781e00000, 0x0000000781e00000, 0x0000000781f00000|  0%| F|  |TAMS 0x0000000781e00000, 0x0000000781e00000| Untracked 
|  31|0x0000000781f00000, 0x0000000781f00000, 0x0000000782000000|  0%| F|  |TAMS 0x0000000781f00000, 0x0000000781f00000| Untracked 
|  32|0x0000000782000000, 0x0000000782000000, 0x0000000782100000|  0%| F|  |TAMS 0x0000000782000000, 0x0000000782000000| Untracked 
|  33|0x0000000782100000, 0x0000000782100000, 0x0000000782200000|  0%| F|  |TAMS 0x0000000782100000, 0x0000000782100000| Untracked 
|  34|0x0000000782200000, 0x0000000782200000, 0x0000000782300000|  0%| F|  |TAMS 0x0000000782200000, 0x0000000782200000| Untracked 
|  35|0x0000000782300000, 0x0000000782300000, 0x0000000782400000|  0%| F|  |TAMS 0x0000000782300000, 0x0000000782300000| Untracked 
|  36|0x0000000782400000, 0x0000000782400000, 0x0000000782500000|  0%| F|  |TAMS 0x0000000782400000, 0x0000000782400000| Untracked 
|  37|0x0000000782500000, 0x0000000782500000, 0x0000000782600000|  0%| F|  |TAMS 0x0000000782500000, 0x0000000782500000| Untracked 
|  38|0x0000000782600000, 0x0000000782600000, 0x0000000782700000|  0%| F|  |TAMS 0x0000000782600000, 0x0000000782600000| Untracked 
|  39|0x0000000782700000, 0x0000000782700000, 0x0000000782800000|  0%| F|  |TAMS 0x0000000782700000, 0x0000000782700000| Untracked 
|  40|0x0000000782800000, 0x0000000782800000, 0x0000000782900000|  0%| F|  |TAMS 0x0000000782800000, 0x0000000782800000| Untracked 
|  41|0x0000000782900000, 0x0000000782900000, 0x0000000782a00000|  0%| F|  |TAMS 0x0000000782900000, 0x0000000782900000| Untracked 
|  42|0x0000000782a00000, 0x0000000782a00000, 0x0000000782b00000|  0%| F|  |TAMS 0x0000000782a00000, 0x0000000782a00000| Untracked 
|  43|0x0000000782b00000, 0x0000000782b00000, 0x0000000782c00000|  0%| F|  |TAMS 0x0000000782b00000, 0x0000000782b00000| Untracked 
|  44|0x0000000782c00000, 0x0000000782c00000, 0x0000000782d00000|  0%| F|  |TAMS 0x0000000782c00000, 0x0000000782c00000| Untracked 
|  45|0x0000000782d00000, 0x0000000782d00000, 0x0000000782e00000|  0%| F|  |TAMS 0x0000000782d00000, 0x0000000782d00000| Untracked 
|  46|0x0000000782e00000, 0x0000000782e00000, 0x0000000782f00000|  0%| F|  |TAMS 0x0000000782e00000, 0x0000000782e00000| Untracked 
|  47|0x0000000782f00000, 0x0000000782f00000, 0x0000000783000000|  0%| F|  |TAMS 0x0000000782f00000, 0x0000000782f00000| Untracked 
|  48|0x0000000783000000, 0x0000000783000000, 0x0000000783100000|  0%| F|  |TAMS 0x0000000783000000, 0x0000000783000000| Untracked 
|  49|0x0000000783100000, 0x0000000783100000, 0x0000000783200000|  0%| F|  |TAMS 0x0000000783100000, 0x0000000783100000| Untracked 
|  50|0x0000000783200000, 0x0000000783200000, 0x0000000783300000|  0%| F|  |TAMS 0x0000000783200000, 0x0000000783200000| Untracked 
|  51|0x0000000783300000, 0x0000000783300000, 0x0000000783400000|  0%| F|  |TAMS 0x0000000783300000, 0x0000000783300000| Untracked 
|  52|0x0000000783400000, 0x0000000783400000, 0x0000000783500000|  0%| F|  |TAMS 0x0000000783400000, 0x0000000783400000| Untracked 
|  53|0x0000000783500000, 0x0000000783500000, 0x0000000783600000|  0%| F|  |TAMS 0x0000000783500000, 0x0000000783500000| Untracked 
|  54|0x0000000783600000, 0x0000000783600000, 0x0000000783700000|  0%| F|  |TAMS 0x0000000783600000, 0x0000000783600000| Untracked 
|  55|0x0000000783700000, 0x0000000783700000, 0x0000000783800000|  0%| F|  |TAMS 0x0000000783700000, 0x0000000783700000| Untracked 
|  56|0x0000000783800000, 0x0000000783800000, 0x0000000783900000|  0%| F|  |TAMS 0x0000000783800000, 0x0000000783800000| Untracked 
|  57|0x0000000783900000, 0x0000000783900000, 0x0000000783a00000|  0%| F|  |TAMS 0x0000000783900000, 0x0000000783900000| Untracked 
|  58|0x0000000783a00000, 0x0000000783a00000, 0x0000000783b00000|  0%| F|  |TAMS 0x0000000783a00000, 0x0000000783a00000| Untracked 
|  59|0x0000000783b00000, 0x0000000783b00000, 0x0000000783c00000|  0%| F|  |TAMS 0x0000000783b00000, 0x0000000783b00000| Untracked 
|  60|0x0000000783c00000, 0x0000000783c00000, 0x0000000783d00000|  0%| F|  |TAMS 0x0000000783c00000, 0x0000000783c00000| Untracked 
|  61|0x0000000783d00000, 0x0000000783d00000, 0x0000000783e00000|  0%| F|  |TAMS 0x0000000783d00000, 0x0000000783d00000| Untracked 
|  62|0x0000000783e00000, 0x0000000783e00000, 0x0000000783f00000|  0%| F|  |TAMS 0x0000000783e00000, 0x0000000783e00000| Untracked 
|  63|0x0000000783f00000, 0x0000000783f00000, 0x0000000784000000|  0%| F|  |TAMS 0x0000000783f00000, 0x0000000783f00000| Untracked 
|  64|0x0000000784000000, 0x0000000784000000, 0x0000000784100000|  0%| F|  |TAMS 0x0000000784000000, 0x0000000784000000| Untracked 
|  65|0x0000000784100000, 0x0000000784200000, 0x0000000784200000|100%| S|CS|TAMS 0x0000000784100000, 0x0000000784100000| Complete 
|  66|0x0000000784200000, 0x0000000784300000, 0x0000000784300000|100%| S|CS|TAMS 0x0000000784200000, 0x0000000784200000| Complete 
|  67|0x0000000784300000, 0x0000000784400000, 0x0000000784400000|100%| S|CS|TAMS 0x0000000784300000, 0x0000000784300000| Complete 
|  68|0x0000000784400000, 0x0000000784500000, 0x0000000784500000|100%| S|CS|TAMS 0x0000000784400000, 0x0000000784400000| Complete 
|  69|0x0000000784500000, 0x0000000784600000, 0x0000000784600000|100%| S|CS|TAMS 0x0000000784500000, 0x0000000784500000| Complete 
|  70|0x0000000784600000, 0x0000000784700000, 0x0000000784700000|100%| S|CS|TAMS 0x0000000784600000, 0x0000000784600000| Complete 
|  71|0x0000000784700000, 0x0000000784800000, 0x0000000784800000|100%| S|CS|TAMS 0x0000000784700000, 0x0000000784700000| Complete 
|  72|0x0000000784800000, 0x0000000784800000, 0x0000000784900000|  0%| F|  |TAMS 0x0000000784800000, 0x0000000784800000| Untracked 
|  73|0x0000000784900000, 0x0000000784900000, 0x0000000784a00000|  0%| F|  |TAMS 0x0000000784900000, 0x0000000784900000| Untracked 
|  74|0x0000000784a00000, 0x0000000784a00000, 0x0000000784b00000|  0%| F|  |TAMS 0x0000000784a00000, 0x0000000784a00000| Untracked 
|  75|0x0000000784b00000, 0x0000000784b00000, 0x0000000784c00000|  0%| F|  |TAMS 0x0000000784b00000, 0x0000000784b00000| Untracked 
|  76|0x0000000784c00000, 0x0000000784c00000, 0x0000000784d00000|  0%| F|  |TAMS 0x0000000784c00000, 0x0000000784c00000| Untracked 
|  77|0x0000000784d00000, 0x0000000784d00000, 0x0000000784e00000|  0%| F|  |TAMS 0x0000000784d00000, 0x0000000784d00000| Untracked 
|  78|0x0000000784e00000, 0x0000000784e00000, 0x0000000784f00000|  0%| F|  |TAMS 0x0000000784e00000, 0x0000000784e00000| Untracked 
|  79|0x0000000784f00000, 0x0000000784f00000, 0x0000000785000000|  0%| F|  |TAMS 0x0000000784f00000, 0x0000000784f00000| Untracked 
|  80|0x0000000785000000, 0x0000000785000000, 0x0000000785100000|  0%| F|  |TAMS 0x0000000785000000, 0x0000000785000000| Untracked 
|  81|0x0000000785100000, 0x0000000785100000, 0x0000000785200000|  0%| F|  |TAMS 0x0000000785100000, 0x0000000785100000| Untracked 
|  82|0x0000000785200000, 0x0000000785200000, 0x0000000785300000|  0%| F|  |TAMS 0x0000000785200000, 0x0000000785200000| Untracked 
|  83|0x0000000785300000, 0x0000000785300000, 0x0000000785400000|  0%| F|  |TAMS 0x0000000785300000, 0x0000000785300000| Untracked 
|  84|0x0000000785400000, 0x0000000785400000, 0x0000000785500000|  0%| F|  |TAMS 0x0000000785400000, 0x0000000785400000| Untracked 
|  85|0x0000000785500000, 0x0000000785500000, 0x0000000785600000|  0%| F|  |TAMS 0x0000000785500000, 0x0000000785500000| Untracked 
|  86|0x0000000785600000, 0x0000000785600000, 0x0000000785700000|  0%| F|  |TAMS 0x0000000785600000, 0x0000000785600000| Untracked 
|  87|0x0000000785700000, 0x0000000785700000, 0x0000000785800000|  0%| F|  |TAMS 0x0000000785700000, 0x0000000785700000| Untracked 
|  88|0x0000000785800000, 0x0000000785800000, 0x0000000785900000|  0%| F|  |TAMS 0x0000000785800000, 0x0000000785800000| Untracked 
|  89|0x0000000785900000, 0x0000000785900000, 0x0000000785a00000|  0%| F|  |TAMS 0x0000000785900000, 0x0000000785900000| Untracked 
|  90|0x0000000785a00000, 0x0000000785a00000, 0x0000000785b00000|  0%| F|  |TAMS 0x0000000785a00000, 0x0000000785a00000| Untracked 
|  91|0x0000000785b00000, 0x0000000785b00000, 0x0000000785c00000|  0%| F|  |TAMS 0x0000000785b00000, 0x0000000785b00000| Untracked 
|  92|0x0000000785c00000, 0x0000000785c00000, 0x0000000785d00000|  0%| F|  |TAMS 0x0000000785c00000, 0x0000000785c00000| Untracked 
|  93|0x0000000785d00000, 0x0000000785d00000, 0x0000000785e00000|  0%| F|  |TAMS 0x0000000785d00000, 0x0000000785d00000| Untracked 
|  94|0x0000000785e00000, 0x0000000785e00000, 0x0000000785f00000|  0%| F|  |TAMS 0x0000000785e00000, 0x0000000785e00000| Untracked 
|  95|0x0000000785f00000, 0x0000000785f00000, 0x0000000786000000|  0%| F|  |TAMS 0x0000000785f00000, 0x0000000785f00000| Untracked 
|  96|0x0000000786000000, 0x0000000786000000, 0x0000000786100000|  0%| F|  |TAMS 0x0000000786000000, 0x0000000786000000| Untracked 
|  97|0x0000000786100000, 0x0000000786100000, 0x0000000786200000|  0%| F|  |TAMS 0x0000000786100000, 0x0000000786100000| Untracked 
|  98|0x0000000786200000, 0x0000000786200000, 0x0000000786300000|  0%| F|  |TAMS 0x0000000786200000, 0x0000000786200000| Untracked 
|  99|0x0000000786300000, 0x0000000786300000, 0x0000000786400000|  0%| F|  |TAMS 0x0000000786300000, 0x0000000786300000| Untracked 
| 100|0x0000000786400000, 0x0000000786400000, 0x0000000786500000|  0%| F|  |TAMS 0x0000000786400000, 0x0000000786400000| Untracked 
| 101|0x0000000786500000, 0x0000000786500000, 0x0000000786600000|  0%| F|  |TAMS 0x0000000786500000, 0x0000000786500000| Untracked 
| 102|0x0000000786600000, 0x0000000786600000, 0x0000000786700000|  0%| F|  |TAMS 0x0000000786600000, 0x0000000786600000| Untracked 
| 103|0x0000000786700000, 0x0000000786700000, 0x0000000786800000|  0%| F|  |TAMS 0x0000000786700000, 0x0000000786700000| Untracked 
| 104|0x0000000786800000, 0x0000000786800000, 0x0000000786900000|  0%| F|  |TAMS 0x0000000786800000, 0x0000000786800000| Untracked 
| 105|0x0000000786900000, 0x0000000786900000, 0x0000000786a00000|  0%| F|  |TAMS 0x0000000786900000, 0x0000000786900000| Untracked 
| 106|0x0000000786a00000, 0x0000000786a00000, 0x0000000786b00000|  0%| F|  |TAMS 0x0000000786a00000, 0x0000000786a00000| Untracked 
| 107|0x0000000786b00000, 0x0000000786b00000, 0x0000000786c00000|  0%| F|  |TAMS 0x0000000786b00000, 0x0000000786b00000| Untracked 
| 108|0x0000000786c00000, 0x0000000786c00000, 0x0000000786d00000|  0%| F|  |TAMS 0x0000000786c00000, 0x0000000786c00000| Untracked 
| 109|0x0000000786d00000, 0x0000000786d00000, 0x0000000786e00000|  0%| F|  |TAMS 0x0000000786d00000, 0x0000000786d00000| Untracked 
| 110|0x0000000786e00000, 0x0000000786e00000, 0x0000000786f00000|  0%| F|  |TAMS 0x0000000786e00000, 0x0000000786e00000| Untracked 
| 111|0x0000000786f00000, 0x0000000786f00000, 0x0000000787000000|  0%| F|  |TAMS 0x0000000786f00000, 0x0000000786f00000| Untracked 
| 112|0x0000000787000000, 0x0000000787000000, 0x0000000787100000|  0%| F|  |TAMS 0x0000000787000000, 0x0000000787000000| Untracked 
| 113|0x0000000787100000, 0x0000000787100000, 0x0000000787200000|  0%| F|  |TAMS 0x0000000787100000, 0x0000000787100000| Untracked 
| 114|0x0000000787200000, 0x0000000787200000, 0x0000000787300000|  0%| F|  |TAMS 0x0000000787200000, 0x0000000787200000| Untracked 
| 115|0x0000000787300000, 0x0000000787300000, 0x0000000787400000|  0%| F|  |TAMS 0x0000000787300000, 0x0000000787300000| Untracked 
| 116|0x0000000787400000, 0x0000000787400000, 0x0000000787500000|  0%| F|  |TAMS 0x0000000787400000, 0x0000000787400000| Untracked 
| 117|0x0000000787500000, 0x0000000787500000, 0x0000000787600000|  0%| F|  |TAMS 0x0000000787500000, 0x0000000787500000| Untracked 
| 118|0x0000000787600000, 0x0000000787600000, 0x0000000787700000|  0%| F|  |TAMS 0x0000000787600000, 0x0000000787600000| Untracked 
| 119|0x0000000787700000, 0x0000000787700000, 0x0000000787800000|  0%| F|  |TAMS 0x0000000787700000, 0x0000000787700000| Untracked 
| 120|0x0000000787800000, 0x0000000787800000, 0x0000000787900000|  0%| F|  |TAMS 0x0000000787800000, 0x0000000787800000| Untracked 
| 121|0x0000000787900000, 0x0000000787900000, 0x0000000787a00000|  0%| F|  |TAMS 0x0000000787900000, 0x0000000787900000| Untracked 
| 122|0x0000000787a00000, 0x0000000787a00000, 0x0000000787b00000|  0%| F|  |TAMS 0x0000000787a00000, 0x0000000787a00000| Untracked 
| 123|0x0000000787b00000, 0x0000000787b00000, 0x0000000787c00000|  0%| F|  |TAMS 0x0000000787b00000, 0x0000000787b00000| Untracked 
| 124|0x0000000787c00000, 0x0000000787c00000, 0x0000000787d00000|  0%| F|  |TAMS 0x0000000787c00000, 0x0000000787c00000| Untracked 
| 125|0x0000000787d00000, 0x0000000787d00000, 0x0000000787e00000|  0%| F|  |TAMS 0x0000000787d00000, 0x0000000787d00000| Untracked 
| 126|0x0000000787e00000, 0x0000000787e00000, 0x0000000787f00000|  0%| F|  |TAMS 0x0000000787e00000, 0x0000000787e00000| Untracked 
| 127|0x0000000787f00000, 0x0000000787f00000, 0x0000000788000000|  0%| F|  |TAMS 0x0000000787f00000, 0x0000000787f00000| Untracked 
| 128|0x0000000788000000, 0x0000000788000000, 0x0000000788100000|  0%| F|  |TAMS 0x0000000788000000, 0x0000000788000000| Untracked 
| 129|0x0000000788100000, 0x0000000788100000, 0x0000000788200000|  0%| F|  |TAMS 0x0000000788100000, 0x0000000788100000| Untracked 
| 130|0x0000000788200000, 0x0000000788200000, 0x0000000788300000|  0%| F|  |TAMS 0x0000000788200000, 0x0000000788200000| Untracked 
| 131|0x0000000788300000, 0x0000000788300000, 0x0000000788400000|  0%| F|  |TAMS 0x0000000788300000, 0x0000000788300000| Untracked 
| 132|0x0000000788400000, 0x0000000788400000, 0x0000000788500000|  0%| F|  |TAMS 0x0000000788400000, 0x0000000788400000| Untracked 
| 133|0x0000000788500000, 0x0000000788500000, 0x0000000788600000|  0%| F|  |TAMS 0x0000000788500000, 0x0000000788500000| Untracked 
| 134|0x0000000788600000, 0x0000000788600000, 0x0000000788700000|  0%| F|  |TAMS 0x0000000788600000, 0x0000000788600000| Untracked 
| 135|0x0000000788700000, 0x0000000788700000, 0x0000000788800000|  0%| F|  |TAMS 0x0000000788700000, 0x0000000788700000| Untracked 
| 136|0x0000000788800000, 0x0000000788800000, 0x0000000788900000|  0%| F|  |TAMS 0x0000000788800000, 0x0000000788800000| Untracked 
| 137|0x0000000788900000, 0x0000000788900000, 0x0000000788a00000|  0%| F|  |TAMS 0x0000000788900000, 0x0000000788900000| Untracked 
| 138|0x0000000788a00000, 0x0000000788a00000, 0x0000000788b00000|  0%| F|  |TAMS 0x0000000788a00000, 0x0000000788a00000| Untracked 
| 139|0x0000000788b00000, 0x0000000788b00000, 0x0000000788c00000|  0%| F|  |TAMS 0x0000000788b00000, 0x0000000788b00000| Untracked 
| 140|0x0000000788c00000, 0x0000000788c00000, 0x0000000788d00000|  0%| F|  |TAMS 0x0000000788c00000, 0x0000000788c00000| Untracked 
| 141|0x0000000788d00000, 0x0000000788d00000, 0x0000000788e00000|  0%| F|  |TAMS 0x0000000788d00000, 0x0000000788d00000| Untracked 
| 142|0x0000000788e00000, 0x0000000788e00000, 0x0000000788f00000|  0%| F|  |TAMS 0x0000000788e00000, 0x0000000788e00000| Untracked 
| 143|0x0000000788f00000, 0x0000000788f00000, 0x0000000789000000|  0%| F|  |TAMS 0x0000000788f00000, 0x0000000788f00000| Untracked 
| 144|0x0000000789000000, 0x0000000789000000, 0x0000000789100000|  0%| F|  |TAMS 0x0000000789000000, 0x0000000789000000| Untracked 
| 145|0x0000000789100000, 0x0000000789100000, 0x0000000789200000|  0%| F|  |TAMS 0x0000000789100000, 0x0000000789100000| Untracked 
| 146|0x0000000789200000, 0x0000000789200000, 0x0000000789300000|  0%| F|  |TAMS 0x0000000789200000, 0x0000000789200000| Untracked 
| 147|0x0000000789300000, 0x0000000789300000, 0x0000000789400000|  0%| F|  |TAMS 0x0000000789300000, 0x0000000789300000| Untracked 
| 148|0x0000000789400000, 0x0000000789500000, 0x0000000789500000|100%| E|  |TAMS 0x0000000789400000, 0x0000000789400000| Complete 
| 149|0x0000000789500000, 0x0000000789600000, 0x0000000789600000|100%| E|CS|TAMS 0x0000000789500000, 0x0000000789500000| Complete 
| 150|0x0000000789600000, 0x0000000789700000, 0x0000000789700000|100%| E|CS|TAMS 0x0000000789600000, 0x0000000789600000| Complete 
| 151|0x0000000789700000, 0x0000000789800000, 0x0000000789800000|100%| E|CS|TAMS 0x0000000789700000, 0x0000000789700000| Complete 
| 152|0x0000000789800000, 0x0000000789900000, 0x0000000789900000|100%| E|CS|TAMS 0x0000000789800000, 0x0000000789800000| Complete 
| 153|0x0000000789900000, 0x0000000789a00000, 0x0000000789a00000|100%| E|CS|TAMS 0x0000000789900000, 0x0000000789900000| Complete 

Card table byte_map: [0x000000010cf25000,0x000000010d325000] _byte_map_base: 0x0000000109325000

Marking Bits (Prev, Next): (CMBitMap*) 0x00007fbcde01a650, (CMBitMap*) 0x00007fbcde01a618
 Prev Bits: [0x0000000128c51000, 0x000000012ac51000)
 Next Bits: [0x0000000116f60000, 0x0000000118f60000)

Polling page: 0x000000010c896000

Metaspace:

Usage:
  Non-class:     29.71 MB capacity,    28.89 MB ( 97%) used,   669.40 KB (  2%) free+waste,   168.50 KB ( <1%) overhead. 
      Class:      4.62 MB capacity,     4.02 MB ( 87%) used,   530.72 KB ( 11%) free+waste,    83.12 KB (  2%) overhead. 
       Both:     34.33 MB capacity,    32.91 MB ( 96%) used,     1.17 MB (  3%) free+waste,   251.62 KB ( <1%) overhead. 

Virtual space:
  Non-class space:       30.00 MB reserved,      29.75 MB (>99%) committed 
      Class space:        1.00 GB reserved,       4.62 MB ( <1%) committed 
             Both:        1.03 GB reserved,      34.38 MB (  3%) committed 

Chunk freelists:
   Non-Class:  14.00 KB
       Class:  0 bytes
        Both:  14.00 KB

MaxMetaspaceSize: unlimited
CompressedClassSpaceSize: 1.00 GB
Initial GC threshold: 20.80 MB
Current GC threshold: 35.20 MB
CDS: off

CodeHeap 'non-profiled nmethods': size=120032Kb used=2158Kb max_used=2158Kb free=117873Kb
 bounds [0x0000000121719000, 0x0000000121989000, 0x0000000128c51000]
CodeHeap 'profiled nmethods': size=120032Kb used=10577Kb max_used=10577Kb free=109454Kb
 bounds [0x000000011a1e1000, 0x000000011ac41000, 0x0000000121719000]
CodeHeap 'non-nmethods': size=5696Kb used=1488Kb max_used=1540Kb free=4207Kb
 bounds [0x0000000119c51000, 0x0000000119ec1000, 0x000000011a1e1000]
 total_blobs=5713 nmethods=4865 adapters=759
 compilation: enabled
              stopped_count=0, restarted_count=0
 full_count=0

Compilation events (20 events):
Event: 36.406 Thread 0x00007fbcdd897000 4870       3       javafx.beans.binding.BooleanBinding::invalidate (24 bytes)
Event: 36.406 Thread 0x00007fbcdd897000 nmethod 4870 0x000000011ac2cb10 code [0x000000011ac2cce0, 0x000000011ac2d050]
Event: 36.514 Thread 0x00007fbcdd897000 4872   !   3       com.sun.glass.ui.mac.MacTouchInputSupport::notifyEndTouchEvent (120 bytes)
Event: 36.515 Thread 0x00007fbcdd897000 nmethod 4872 0x000000011ac2d190 code [0x000000011ac2d3e0, 0x000000011ac2dc70]
Event: 36.516 Thread 0x00007fbcdd897000 4871       3       com.sun.glass.ui.mac.MacGestureSupport::notifyEndTouchEvent (8 bytes)
Event: 36.516 Thread 0x00007fbcdd897000 nmethod 4871 0x000000011ac2e010 code [0x000000011ac2e1c0, 0x000000011ac2e2e0]
Event: 36.907 Thread 0x00007fbcdd897000 4873       3       com.sun.javafx.geom.transform.GeneralTransform3D::transform (29 bytes)
Event: 36.907 Thread 0x00007fbcdd897000 nmethod 4873 0x000000011ac2e390 code [0x000000011ac2e560, 0x000000011ac2e880]
Event: 36.907 Thread 0x00007fbcdd897000 4875       3       com.sun.marlin.DTransformingPathConsumer2D$PathClipFilter::lineTo (208 bytes)
Event: 36.909 Thread 0x00007fbcdd897000 nmethod 4875 0x000000011ac2e990 code [0x000000011ac2eba0, 0x000000011ac2f150]
Event: 36.909 Thread 0x00007fbcdd897000 4874       3       com.sun.javafx.geom.transform.TransformHelper::general3dBoundsTransform (937 bytes)
Event: 36.914 Thread 0x00007fbcdd897000 nmethod 4874 0x000000011ac2f310 code [0x000000011ac2f660, 0x000000011ac31ca0]
Event: 36.914 Thread 0x00007fbcdd897000 4876       3       com.sun.prism.impl.ps.BaseShaderContext::validatePaintOp (19 bytes)
Event: 36.914 Thread 0x00007fbcdd897000 nmethod 4876 0x000000011ac32810 code [0x000000011ac329c0, 0x000000011ac32b80]
Event: 37.258 Thread 0x00007fbcdf82d800 4877       4       java.util.ArrayList::<init> (61 bytes)
Event: 37.266 Thread 0x00007fbcdf82d800 nmethod 4877 0x0000000121934090 code [0x0000000121934240, 0x0000000121934538]
Event: 37.792 Thread 0x00007fbcdd897000 4878       3       java.util.HashMap::afterNodeRemoval (1 bytes)
Event: 37.793 Thread 0x00007fbcdd897000 nmethod 4878 0x000000011ac32c90 code [0x000000011ac32e40, 0x000000011ac32f30]
Event: 37.848 Thread 0x00007fbcdd897000 4879       3       java.util.HashMap::removeNode (291 bytes)
Event: 37.850 Thread 0x00007fbcdd897000 nmethod 4879 0x000000011ac32f90 code [0x000000011ac33260, 0x000000011ac34710]

GC Heap History (10 events):
Event: 0.671 GC heap before
{Heap before GC invocations=0 (full 0):
 garbage-first heap   total 131072K, used 13312K [0x0000000780000000, 0x0000000800000000)
  region size 1024K, 14 young (14336K), 0 survivors (0K)
 Metaspace       used 9473K, capacity 9743K, committed 9984K, reserved 1058816K
  class space    used 902K, capacity 997K, committed 1024K, reserved 1048576K
}
Event: 0.679 GC heap after
{Heap after GC invocations=1 (full 0):
 garbage-first heap   total 131072K, used 3589K [0x0000000780000000, 0x0000000800000000)
  region size 1024K, 2 young (2048K), 2 survivors (2048K)
 Metaspace       used 9473K, capacity 9743K, committed 9984K, reserved 1058816K
  class space    used 902K, capacity 997K, committed 1024K, reserved 1048576K
}
Event: 1.013 GC heap before
{Heap before GC invocations=1 (full 0):
 garbage-first heap   total 131072K, used 12805K [0x0000000780000000, 0x0000000800000000)
  region size 1024K, 11 young (11264K), 2 survivors (2048K)
 Metaspace       used 13721K, capacity 14108K, committed 14592K, reserved 1062912K
  class space    used 1304K, capacity 1450K, committed 1536K, reserved 1048576K
}
Event: 1.021 GC heap after
{Heap after GC invocations=2 (full 0):
 garbage-first heap   total 131072K, used 5255K [0x0000000780000000, 0x0000000800000000)
  region size 1024K, 2 young (2048K), 2 survivors (2048K)
 Metaspace       used 13721K, capacity 14108K, committed 14592K, reserved 1062912K
  class space    used 1304K, capacity 1450K, committed 1536K, reserved 1048576K
}
Event: 1.506 GC heap before
{Heap before GC invocations=2 (full 0):
 garbage-first heap   total 131072K, used 25735K [0x0000000780000000, 0x0000000800000000)
  region size 1024K, 24 young (24576K), 2 survivors (2048K)
 Metaspace       used 20515K, capacity 21090K, committed 21296K, reserved 1069056K
  class space    used 2192K, capacity 2427K, committed 2432K, reserved 1048576K
}
Event: 1.514 GC heap after
{Heap after GC invocations=3 (full 0):
 garbage-first heap   total 131072K, used 7360K [0x0000000780000000, 0x0000000800000000)
  region size 1024K, 4 young (4096K), 4 survivors (4096K)
 Metaspace       used 20515K, capacity 21090K, committed 21296K, reserved 1069056K
  class space    used 2192K, capacity 2427K, committed 2432K, reserved 1048576K
}
Event: 2.732 GC heap before
{Heap before GC invocations=4 (full 0):
 garbage-first heap   total 131072K, used 45248K [0x0000000780000000, 0x0000000800000000)
  region size 1024K, 39 young (39936K), 4 survivors (4096K)
 Metaspace       used 29093K, capacity 30188K, committed 30336K, reserved 1075200K
  class space    used 3695K, capacity 4173K, committed 4224K, reserved 1048576K
}
Event: 2.745 GC heap after
{Heap after GC invocations=5 (full 0):
 garbage-first heap   total 131072K, used 13628K [0x0000000780000000, 0x0000000800000000)
  region size 1024K, 5 young (5120K), 5 survivors (5120K)
 Metaspace       used 29093K, capacity 30188K, committed 30336K, reserved 1075200K
  class space    used 3695K, capacity 4173K, committed 4224K, reserved 1048576K
}
Event: 22.026 GC heap before
{Heap before GC invocations=5 (full 0):
 garbage-first heap   total 131072K, used 67900K [0x0000000780000000, 0x0000000800000000)
  region size 1024K, 56 young (57344K), 5 survivors (5120K)
 Metaspace       used 33426K, capacity 34876K, committed 34944K, reserved 1079296K
  class space    used 4118K, capacity 4732K, committed 4736K, reserved 1048576K
}
Event: 22.038 GC heap after
{Heap after GC invocations=6 (full 0):
 garbage-first heap   total 157696K, used 20893K [0x0000000780000000, 0x0000000800000000)
  region size 1024K, 7 young (7168K), 7 survivors (7168K)
 Metaspace       used 33426K, capacity 34876K, committed 34944K, reserved 1079296K
  class space    used 4118K, capacity 4732K, committed 4736K, reserved 1048576K
}

Deoptimization events (20 events):
Event: 22.000 Thread 0x00007fbcdfa08000 Uncommon trap: trap_request=0xffffff4d fr.pc=0x000000012176159c relative=0x000000000000025c
Event: 22.000 Thread 0x00007fbcdfa08000 Uncommon trap: reason=unstable_if action=reinterpret pc=0x000000012176159c method=java.util.concurrent.ConcurrentHashMap.get(Ljava/lang/Object;)Ljava/lang/Object; @ 76 c2
Event: 22.000 Thread 0x00007fbcdfa08000 DEOPT PACKING pc=0x000000012176159c sp=0x00007ff7b379dc40
Event: 22.000 Thread 0x00007fbcdfa08000 DEOPT UNPACKING pc=0x0000000119c9aea5 sp=0x00007ff7b379dbd8 mode 2
Event: 22.088 Thread 0x00007fbcdfa08000 Uncommon trap: trap_request=0xffffff4d fr.pc=0x00000001218bd644 relative=0x0000000000000724
Event: 22.088 Thread 0x00007fbcdfa08000 Uncommon trap: reason=unstable_if action=reinterpret pc=0x00000001218bd644 method=javafx.scene.Node.updateBounds()V @ 106 c2
Event: 22.088 Thread 0x00007fbcdfa08000 DEOPT PACKING pc=0x00000001218bd644 sp=0x00007ff7b37a2220
Event: 22.088 Thread 0x00007fbcdfa08000 DEOPT UNPACKING pc=0x0000000119c9aea5 sp=0x00007ff7b37a21d0 mode 2
Event: 22.098 Thread 0x00007fbcdfa08000 Uncommon trap: trap_request=0xffffffde fr.pc=0x00000001218b2f2c relative=0x000000000000052c
Event: 22.098 Thread 0x00007fbcdfa08000 Uncommon trap: reason=class_check action=maybe_recompile pc=0x00000001218b2f2c method=javafx.scene.Node.updateLocalToParentTransform()V @ 11 c2
Event: 22.098 Thread 0x00007fbcdfa08000 DEOPT PACKING pc=0x00000001218b2f2c sp=0x00007ff7b37a22f0
Event: 22.098 Thread 0x00007fbcdfa08000 DEOPT UNPACKING pc=0x0000000119c9aea5 sp=0x00007ff7b37a2280 mode 2
Event: 22.098 Thread 0x00007fbcdfa08000 Uncommon trap: trap_request=0xffffffde fr.pc=0x00000001218b2f2c relative=0x000000000000052c
Event: 22.098 Thread 0x00007fbcdfa08000 Uncommon trap: reason=class_check action=maybe_recompile pc=0x00000001218b2f2c method=javafx.scene.Node.updateLocalToParentTransform()V @ 11 c2
Event: 22.098 Thread 0x00007fbcdfa08000 DEOPT PACKING pc=0x00000001218b2f2c sp=0x00007ff7b37a2330
Event: 22.098 Thread 0x00007fbcdfa08000 DEOPT UNPACKING pc=0x0000000119c9aea5 sp=0x00007ff7b37a22c0 mode 2
Event: 22.098 Thread 0x00007fbcdfa08000 Uncommon trap: trap_request=0xffffffde fr.pc=0x00000001218b2f2c relative=0x000000000000052c
Event: 22.098 Thread 0x00007fbcdfa08000 Uncommon trap: reason=class_check action=maybe_recompile pc=0x00000001218b2f2c method=javafx.scene.Node.updateLocalToParentTransform()V @ 11 c2
Event: 22.098 Thread 0x00007fbcdfa08000 DEOPT PACKING pc=0x00000001218b2f2c sp=0x00007ff7b37a22f0
Event: 22.098 Thread 0x00007fbcdfa08000 DEOPT UNPACKING pc=0x0000000119c9aea5 sp=0x00007ff7b37a2280 mode 2

Classes redefined (0 events):
No events

Internal exceptions (20 events):
Event: 1.807 Thread 0x00007fbcdfa08000 Exception <a 'java/io/FileNotFoundException'{0x00000007873a83f0}> (0x00000007873a83f0) thrown at [./src/hotspot/share/prims/jni.cpp, line 617]
Event: 1.836 Thread 0x00007fbcdfa08000 Exception <a 'java/io/FileNotFoundException'{0x00000007871078d8}> (0x00000007871078d8) thrown at [./src/hotspot/share/prims/jni.cpp, line 617]
Event: 1.932 Thread 0x00007fbcdfa08000 Exception <a 'java/io/FileNotFoundException'{0x0000000786f43b38}> (0x0000000786f43b38) thrown at [./src/hotspot/share/prims/jni.cpp, line 617]
Event: 1.969 Thread 0x00007fbcdfa08000 Exception <a 'java/io/FileNotFoundException'{0x0000000786e76b30}> (0x0000000786e76b30) thrown at [./src/hotspot/share/prims/jni.cpp, line 617]
Event: 1.986 Thread 0x00007fbcdfa08000 Exception <a 'java/lang/NoSuchMethodError'{0x0000000786ef8498}: 'void java.lang.invoke.DirectMethodHandle$Holder.invokeSpecial(java.lang.Object, java.lang.Object, java.lang.Object, java.lang.Object)'> (0x0000000786ef8498) thrown at [./src/hotspot/share/interpreter/linkResolver.cpp, line 773]
Event: 2.061 Thread 0x00007fbcdfa08000 Exception <a 'java/lang/NoSuchMethodError'{0x0000000786a59758}: 'java.lang.Object java.lang.invoke.DirectMethodHandle$Holder.invokeInterface(java.lang.Object, java.lang.Object, java.lang.Object)'> (0x0000000786a59758) thrown at [./src/hotspot/share/interpreter/linkResolver.cpp, line 773]
Event: 2.062 Thread 0x00007fbcdfa08000 Exception <a 'java/lang/IncompatibleClassChangeError'{0x0000000786a5c988}: Found class java.lang.Object, but interface was expected> (0x0000000786a5c988) thrown at [./src/hotspot/share/interpreter/linkResolver.cpp, line 839]
Event: 3.407 Thread 0x00007fbcdfa08000 Exception <a 'java/lang/NoSuchMethodError'{0x00000007864267d0}: 'long java.lang.invoke.DirectMethodHandle$Holder.invokeStaticInit(java.lang.Object, java.lang.Object, java.lang.Object)'> (0x00000007864267d0) thrown at [./src/hotspot/share/interpreter/linkResolver.cpp, line 773]
Event: 3.411 Thread 0x00007fbcdfa08000 Exception <a 'java/lang/NoSuchMethodError'{0x000000078643eeb8}: 'java.lang.Object java.lang.invoke.DirectMethodHandle$Holder.invokeStatic(java.lang.Object, java.lang.Object, long)'> (0x000000078643eeb8) thrown at [./src/hotspot/share/interpreter/linkResolver.cpp, line 773]
Event: 3.412 Thread 0x00007fbcdfa08000 Exception <a 'java/lang/NoSuchMethodError'{0x0000000786445030}: 'java.lang.Object java.lang.invoke.Invokers$Holder.linkToTargetMethod(java.lang.Object, long, java.lang.Object)'> (0x0000000786445030) thrown at [./src/hotspot/share/interpreter/linkResolver.cpp, line 773]
Event: 3.577 Thread 0x00007fbcde313000 Exception <a 'java/lang/NoSuchMethodError'{0x000000078615f518}: 'java.lang.Object java.lang.invoke.DirectMethodHandle$Holder.invokeStaticInit(java.lang.Object, int)'> (0x000000078615f518) thrown at [./src/hotspot/share/interpreter/linkResolver.cpp, line 773]
Event: 4.431 Thread 0x00007fbcdfa08000 Exception <a 'java/lang/NoSuchMethodError'{0x00000007864e8760}: 'java.lang.Object java.lang.invoke.DirectMethodHandle$Holder.invokeStatic(java.lang.Object, java.lang.Object, long, int, int, int)'> (0x00000007864e8760) thrown at [./src/hotspot/share/interpreter/linkResolver.cpp, line 773]
Event: 4.433 Thread 0x00007fbcdfa08000 Exception <a 'java/lang/NoSuchMethodError'{0x00000007864fc3c8}: 'java.lang.Object java.lang.invoke.DirectMethodHandle$Holder.invokeStatic(java.lang.Object, java.lang.Object, int, java.lang.Object, long, int, int, int, int)'> (0x00000007864fc3c8) thrown at [./src/hotspot/share/interpreter/linkResolver.cpp, line 773]
Event: 21.848 Thread 0x00007fbcdfa08000 Exception <a 'java/lang/NoSuchMethodError'{0x0000000785ef2860}: 'java.lang.Object java.lang.invoke.DelegatingMethodHandle$Holder.reinvoke_L(java.lang.Object, java.lang.Object, int, int, java.lang.Object, java.lang.Object, java.lang.Object, java.lang.Object, java.lang.Object, java.lang.Object, java.lang.Object, java.lang.Object, java.lang.Object, java.lang.Object)'> (0x0000000785ef2860) thrown at [./src/hotspot/share/interpreter/linkResolver.cpp, line 773]
Event: 21.853 Thread 0x00007fbcdfa08000 Exception <a 'java/lang/NoSuchMethodError'{0x0000000785d70890}: 'java.lang.Object java.lang.invoke.DirectMethodHandle$Holder.invokeSpecial(java.lang.Object, java.lang.Object, int, int, java.lang.Object, java.lang.Object, java.lang.Object, java.lang.Object, java.lang.Object, java.lang.Object, java.lang.Object, java.lang.Object, java.lang.Object, java.lang.Object)'> (0x0000000785d70890) thrown at [./src/hotspot/share/interpreter/linkResolver.cpp, line 773]
Event: 21.853 Thread 0x00007fbcdfa08000 Exception <a 'java/lang/NoSuchMethodError'{0x0000000785d752c0}: 'java.lang.Object java.lang.invoke.DelegatingMethodHandle$Holder.reinvoke_L(java.lang.Object, int, int, java.lang.Object, java.lang.Object, java.lang.Object, java.lang.Object, java.lang.Object, java.lang.Object, java.lang.Object, java.lang.Object, java.lang.Object, java.lang.Object)'> (0x0000000785d752c0) thrown at [./src/hotspot/share/interpreter/linkResolver.cpp, line 773]
Event: 21.859 Thread 0x00007fbcdfa08000 Exception <a 'java/lang/NoSuchMethodError'{0x0000000785c28988}: 'java.lang.Object java.lang.invoke.DirectMethodHandle$Holder.invokeStatic(java.lang.Object, java.lang.Object, java.lang.Object, java.lang.Object, java.lang.Object, java.lang.Object, java.lang.Object, java.lang.Object, java.lang.Object, java.lang.Object, int, int, java.lang.Object, java.lang.Object)'> (0x0000000785c28988) thrown at [./src/hotspot/share/interpreter/linkResolver.cpp, line 773]
Event: 21.860 Thread 0x00007fbcdfa08000 Exception <a 'java/lang/NoSuchMethodError'{0x0000000785c49c88}: 'java.lang.Object java.lang.invoke.DirectMethodHandle$Holder.invokeStatic(java.lang.Object, java.lang.Object, java.lang.Object, java.lang.Object, java.lang.Object, java.lang.Object, java.lang.Object, java.lang.Object, java.lang.Object, java.lang.Object, int, int, java.lang.Object, java.lang.Object, java.lang.Object)'> (0x0000000785c49c88) thrown at [./src/hotspot/share/interpreter/linkResolver.cpp, line 773]
Event: 21.862 Thread 0x00007fbcdfa08000 Exception <a 'java/lang/NoSuchMethodError'{0x0000000785c79870}: 'java.lang.Object java.lang.invoke.DirectMethodHandle$Holder.invokeSpecial(java.lang.Object, java.lang.Object, java.lang.Object, java.lang.Object, java.lang.Object, java.lang.Object, java.lang.Object, java.lang.Object, java.lang.Object, java.lang.Object, java.lang.Object, java.lang.Object)'> (0x0000000785c79870) thrown at [./src/hotspot/share/interpreter/linkResolver.cpp, line 773]
Event: 21.864 Thread 0x00007fbcdfa08000 Exception <a 'java/lang/NoSuchMethodError'{0x0000000785c9aad8}: 'java.lang.Object java.lang.invoke.Invokers$Holder.linkToTargetMethod(java.lang.Object, java.lang.Object, java.lang.Object, java.lang.Object, java.lang.Object, java.lang.Object, java.lang.Object, java.lang.Object, java.lang.Object, java.lang.Object, java.lang.Object)'> (0x0000000785c9aad8) thrown at [./src/hotspot/share/interpreter/linkResolver.cpp, line 773]

Events (20 events):
Event: 21.997 loading class jdk/internal/HotSpotIntrinsicCandidate
Event: 21.997 loading class jdk/internal/HotSpotIntrinsicCandidate done
Event: 21.998 loading class java/lang/module/ModuleDescriptor$Builder
Event: 21.999 loading class java/lang/module/ModuleDescriptor$Builder done
Event: 21.999 loading class java/lang/WeakPairMap$Pair$Weak
Event: 21.999 loading class java/lang/WeakPairMap$WeakRefPeer
Event: 21.999 loading class java/lang/WeakPairMap$WeakRefPeer done
Event: 21.999 loading class java/lang/WeakPairMap$Pair$Weak done
Event: 21.999 loading class java/lang/WeakPairMap$Pair$Weak$1
Event: 21.999 loading class java/lang/WeakPairMap$Pair$Weak$1 done
Event: 22.001 loading class java/lang/Deprecated
Event: 22.001 loading class java/lang/Deprecated done
Event: 22.026 Executing VM operation: G1CollectForAllocation
Event: 22.038 Executing VM operation: G1CollectForAllocation done
Event: 22.091 Executing VM operation: RevokeBias
Event: 22.091 Executing VM operation: RevokeBias done
Event: 22.091 Executing VM operation: RevokeBias
Event: 22.091 Executing VM operation: RevokeBias done
Event: 32.770 Loaded shared library /Users/joansim/.openjfx/cache/11/libprism_es2.dylib
Event: 32.774 Loaded shared library /Users/joansim/.openjfx/cache/11/libprism_es2.dylib


Dynamic libraries:
0x000000010c877000 	/Users/joansim/Library/Java/JavaVirtualMachines/temurin-11.0.16/Contents/Home/lib/jli/libjli.dylib
0x00007ff82fec4000 	/System/Library/Frameworks/Cocoa.framework/Versions/A/Cocoa
0x00007ff81bb18000 	/System/Library/Frameworks/AppKit.framework/Versions/C/AppKit
0x00007ff81f02f000 	/System/Library/Frameworks/CoreData.framework/Versions/A/CoreData
0x00007ff819f1b000 	/System/Library/Frameworks/Foundation.framework/Versions/C/Foundation
0x00007ff823e52000 	/usr/lib/libSystem.B.dylib
0x00007ff81c9a8000 	/System/Library/PrivateFrameworks/UIFoundation.framework/Versions/A/UIFoundation
0x00007ff829dc5000 	/System/Library/PrivateFrameworks/RemoteViewServices.framework/Versions/A/RemoteViewServices
0x00007ff8220a6000 	/System/Library/PrivateFrameworks/XCTTargetBootstrap.framework/Versions/A/XCTTargetBootstrap
0x00007ff825c5b000 	/System/Library/PrivateFrameworks/InternationalSupport.framework/Versions/A/InternationalSupport
0x00007ff825ce5000 	/System/Library/PrivateFrameworks/UserActivity.framework/Versions/A/UserActivity
0x00007ff825039000 	/usr/lib/libspindump.dylib
0x00007ff81cc37000 	/System/Library/Frameworks/UniformTypeIdentifiers.framework/Versions/A/UniformTypeIdentifiers
0x00007ff8207ca000 	/usr/lib/libapp_launch_measurement.dylib
0x00007ff81fa01000 	/System/Library/PrivateFrameworks/CoreAnalytics.framework/Versions/A/CoreAnalytics
0x00007ff8207cd000 	/System/Library/PrivateFrameworks/CoreAutoLayout.framework/Versions/A/CoreAutoLayout
0x00007ff8219fd000 	/System/Library/Frameworks/Metal.framework/Versions/A/Metal
0x00007ff82272c000 	/usr/lib/liblangid.dylib
0x00007ff8220ab000 	/System/Library/PrivateFrameworks/CoreSVG.framework/Versions/A/CoreSVG
0x00007ff81e023000 	/System/Library/PrivateFrameworks/SkyLight.framework/Versions/A/SkyLight
0x00007ff81e3c2000 	/System/Library/Frameworks/CoreGraphics.framework/Versions/A/CoreGraphics
0x00007ff82a485000 	/System/Library/Frameworks/Accelerate.framework/Versions/A/Accelerate
0x00007ff824ab8000 	/System/Library/PrivateFrameworks/IconServices.framework/Versions/A/IconServices
0x00007ff8219e2000 	/System/Library/Frameworks/IOSurface.framework/Versions/A/IOSurface
0x00007ff81fa2f000 	/usr/lib/libDiagnosticMessagesClient.dylib
0x00007ff823d72000 	/usr/lib/libz.1.dylib
0x00007ff82db68000 	/System/Library/Frameworks/ApplicationServices.framework/Versions/A/ApplicationServices
0x00007ff822092000 	/System/Library/PrivateFrameworks/DFRFoundation.framework/Versions/A/DFRFoundation
0x00007ff81b400000 	/usr/lib/libicucore.A.dylib
0x00007ff826a51000 	/System/Library/Frameworks/AudioToolbox.framework/Versions/A/AudioToolbox
0x00007ff825c67000 	/System/Library/PrivateFrameworks/DataDetectorsCore.framework/Versions/A/DataDetectorsCore
0x00007ff922162000 	/System/Library/PrivateFrameworks/TextInput.framework/Versions/A/TextInput
0x00007ff81dfa6000 	/usr/lib/libMobileGestalt.dylib
0x00007ff821d9e000 	/System/Library/Frameworks/Carbon.framework/Versions/A/Frameworks/HIToolbox.framework/Versions/A/HIToolbox
0x00007ff8201cc000 	/System/Library/Frameworks/QuartzCore.framework/Versions/A/QuartzCore
0x00007ff81b0a5000 	/System/Library/Frameworks/Security.framework/Versions/A/Security
0x00007ff829dfd000 	/System/Library/Frameworks/Carbon.framework/Versions/A/Frameworks/SpeechRecognition.framework/Versions/A/SpeechRecognition
0x00007ff82052a000 	/System/Library/PrivateFrameworks/CoreUI.framework/Versions/A/CoreUI
0x00007ff81a96f000 	/System/Library/Frameworks/CoreAudio.framework/Versions/A/CoreAudio
0x00007ff81fb1e000 	/System/Library/Frameworks/DiskArbitration.framework/Versions/A/DiskArbitration
0x00007ff825427000 	/System/Library/PrivateFrameworks/MultitouchSupport.framework/Versions/A/MultitouchSupport
0x00007ff81dfa5000 	/usr/lib/libenergytrace.dylib
0x00007ff81ba04000 	/System/Library/Frameworks/IOKit.framework/Versions/A/IOKit
0x00007ff82a1ed000 	/System/Library/Frameworks/CoreServices.framework/Versions/A/CoreServices
0x00007ff820764000 	/System/Library/PrivateFrameworks/PerformanceAnalysis.framework/Versions/A/PerformanceAnalysis
0x00007ffa31e44000 	/System/Library/Frameworks/OpenGL.framework/Versions/A/OpenGL
0x00007ff82338e000 	/System/Library/PrivateFrameworks/MobileKeyBag.framework/Versions/A/MobileKeyBag
0x00007ff818ee5000 	/usr/lib/libobjc.A.dylib
0x00007ff81ea8e000 	/System/Library/Frameworks/ColorSync.framework/Versions/A/ColorSync
0x00007ff81909f000 	/System/Library/Frameworks/CoreFoundation.framework/Versions/A/CoreFoundation
0x00007ff822322000 	/System/Library/Frameworks/CoreImage.framework/Versions/A/CoreImage
0x00007ff81a783000 	/System/Library/Frameworks/CoreText.framework/Versions/A/CoreText
0x00007ff8220db000 	/System/Library/Frameworks/ImageIO.framework/Versions/A/ImageIO
0x00007ff823e58000 	/System/Library/PrivateFrameworks/SoftLinking.framework/Versions/A/SoftLinking
0x00007ff820815000 	/usr/lib/libxml2.2.dylib
0x00007ff818fab000 	/usr/lib/libc++.1.dylib
0x00007ff8240dc000 	/usr/lib/libcompression.dylib
0x00007ff825b8e000 	/System/Library/PrivateFrameworks/TextureIO.framework/Versions/A/TextureIO
0x00007ff8247ca000 	/usr/lib/libate.dylib
0x00007ff823e4d000 	/usr/lib/system/libcache.dylib
0x00007ff823e09000 	/usr/lib/system/libcommonCrypto.dylib
0x00007ff823e32000 	/usr/lib/system/libcompiler_rt.dylib
0x00007ff823e28000 	/usr/lib/system/libcopyfile.dylib
0x00007ff818de0000 	/usr/lib/system/libcorecrypto.dylib
0x00007ff818e9e000 	/usr/lib/system/libdispatch.dylib
0x00007ff81905e000 	/usr/lib/system/libdyld.dylib
0x00007ff823e44000 	/usr/lib/system/libkeymgr.dylib
0x00007ff823de7000 	/usr/lib/system/libmacho.dylib
0x00007ff823468000 	/usr/lib/system/libquarantine.dylib
0x00007ff823e42000 	/usr/lib/system/libremovefile.dylib
0x00007ff81dff3000 	/usr/lib/system/libsystem_asl.dylib
0x00007ff818d89000 	/usr/lib/system/libsystem_blocks.dylib
0x00007ff818f22000 	/usr/lib/system/libsystem_c.dylib
0x00007ff823e3a000 	/usr/lib/system/libsystem_collections.dylib
0x00007ff82271c000 	/usr/lib/system/libsystem_configuration.dylib
0x00007ff8219c5000 	/usr/lib/system/libsystem_containermanager.dylib
0x00007ff823b1f000 	/usr/lib/system/libsystem_coreservices.dylib
0x00007ff81b694000 	/usr/lib/system/libsystem_darwin.dylib
0x00007ff823e45000 	/usr/lib/system/libsystem_dnssd.dylib
0x00007ff818f1f000 	/usr/lib/system/libsystem_featureflags.dylib
0x00007ff819074000 	/usr/lib/system/libsystem_info.dylib
0x00007ff823d85000 	/usr/lib/system/libsystem_m.dylib
0x00007ff818e72000 	/usr/lib/system/libsystem_malloc.dylib
0x00007ff81df8e000 	/usr/lib/system/libsystem_networkextension.dylib
0x00007ff81baba000 	/usr/lib/system/libsystem_notify.dylib
0x00007ff82a0c2000 	/usr/lib/system/libsystem_product_info_filter.dylib
0x00007ff822720000 	/usr/lib/system/libsystem_sandbox.dylib
0x00007ff823e3f000 	/usr/lib/system/libsystem_secinit.dylib
0x00007ff81901a000 	/usr/lib/system/libsystem_kernel.dylib
0x00007ff81906a000 	/usr/lib/system/libsystem_platform.dylib
0x00007ff819052000 	/usr/lib/system/libsystem_pthread.dylib
0x00007ff81f841000 	/usr/lib/system/libsystem_symptoms.dylib
0x00007ff818dc7000 	/usr/lib/system/libsystem_trace.dylib
0x00007ff823e15000 	/usr/lib/system/libunwind.dylib
0x00007ff818d8b000 	/usr/lib/system/libxpc.dylib
0x00007ff819004000 	/usr/lib/libc++abi.dylib
0x00007ff823e20000 	/usr/lib/liboah.dylib
0x00007ff8245a6000 	/usr/lib/liblzma.5.dylib
0x00007ff819c2d000 	/System/Library/Frameworks/SystemConfiguration.framework/Versions/A/SystemConfiguration
0x00007ff823e54000 	/usr/lib/libfakelink.dylib
0x00007ff81dafe000 	/System/Library/Frameworks/CFNetwork.framework/Versions/A/CFNetwork
0x00007ff823f95000 	/usr/lib/libarchive.2.dylib
0x00007ff822728000 	/System/Library/PrivateFrameworks/AppleSystemInfo.framework/Versions/A/AppleSystemInfo
0x00007ff82348f000 	/usr/lib/libbsm.0.dylib
0x00007ff81d10d000 	/usr/lib/libnetwork.dylib
0x00007ff823ded000 	/usr/lib/system/libkxld.dylib
0x00007ff8230c2000 	/System/Library/PrivateFrameworks/IOMobileFramebuffer.framework/Versions/A/IOMobileFramebuffer
0x00007ffb31813000 	/usr/lib/libCoreEntitlements.dylib
0x00007ff823b01000 	/System/Library/PrivateFrameworks/AppleFSCompression.framework/Versions/A/AppleFSCompression
0x00007ff823477000 	/usr/lib/libcoretls.dylib
0x00007ff8245c0000 	/usr/lib/libcoretls_cfhelpers.dylib
0x00007ff8240d7000 	/usr/lib/libpam.2.dylib
0x00007ff81f460000 	/usr/lib/libsqlite3.dylib
0x00007ff82462f000 	/usr/lib/libxar.1.dylib
0x00007ff823b11000 	/usr/lib/libbz2.1.0.dylib
0x00007ff823e59000 	/usr/lib/libpcap.A.dylib
0x00007ff81f839000 	/usr/lib/libdns_services.dylib
0x00007ff8240a7000 	/usr/lib/libapple_nghttp2.dylib
0x00007ff823e93000 	/usr/lib/libiconv.2.dylib
0x00007ff823de6000 	/usr/lib/libcharset.1.dylib
0x00007ff820798000 	/System/Library/Frameworks/CoreServices.framework/Versions/A/Frameworks/FSEvents.framework/Versions/A/FSEvents
0x00007ff81b69e000 	/System/Library/Frameworks/CoreServices.framework/Versions/A/Frameworks/CarbonCore.framework/Versions/A/CarbonCore
0x00007ff81fa82000 	/System/Library/Frameworks/CoreServices.framework/Versions/A/Frameworks/Metadata.framework/Versions/A/Metadata
0x00007ff823b24000 	/System/Library/Frameworks/CoreServices.framework/Versions/A/Frameworks/OSServices.framework/Versions/A/OSServices
0x00007ff82401c000 	/System/Library/Frameworks/CoreServices.framework/Versions/A/Frameworks/SearchKit.framework/Versions/A/SearchKit
0x00007ff81f7cb000 	/System/Library/Frameworks/CoreServices.framework/Versions/A/Frameworks/AE.framework/Versions/A/AE
0x00007ff8195a2000 	/System/Library/Frameworks/CoreServices.framework/Versions/A/Frameworks/LaunchServices.framework/Versions/A/LaunchServices
0x00007ff824557000 	/System/Library/Frameworks/CoreServices.framework/Versions/A/Frameworks/DictionaryServices.framework/Versions/A/DictionaryServices
0x00007ff8207a5000 	/System/Library/Frameworks/CoreServices.framework/Versions/A/Frameworks/SharedFileList.framework/Versions/A/SharedFileList
0x00007ff82346b000 	/usr/lib/libCheckFix.dylib
0x00007ff81e00a000 	/System/Library/PrivateFrameworks/TCC.framework/Versions/A/TCC
0x00007ff82272e000 	/System/Library/PrivateFrameworks/CoreNLP.framework/Versions/A/CoreNLP
0x00007ff81fa32000 	/System/Library/PrivateFrameworks/MetadataUtilities.framework/Versions/A/MetadataUtilities
0x00007ff819cde000 	/usr/lib/libmecabra.dylib
0x00007ff82349f000 	/usr/lib/libmecab.dylib
0x00007ff819ca9000 	/usr/lib/libCRFSuite.dylib
0x00007ff8234f9000 	/usr/lib/libgermantok.dylib
0x00007ff824082000 	/usr/lib/libThaiTokenizer.dylib
0x00007ff81fb25000 	/System/Library/Frameworks/Accelerate.framework/Versions/A/Frameworks/vImage.framework/Versions/A/vImage
0x00007ff82a1c4000 	/System/Library/Frameworks/Accelerate.framework/Versions/A/Frameworks/vecLib.framework/Versions/A/vecLib
0x00007ff824670000 	/System/Library/Frameworks/Accelerate.framework/Versions/A/Frameworks/vecLib.framework/Versions/A/libvMisc.dylib
0x00007ff822eed000 	/System/Library/Frameworks/Accelerate.framework/Versions/A/Frameworks/vecLib.framework/Versions/A/libvDSP.dylib
0x00007ff81991d000 	/System/Library/Frameworks/Accelerate.framework/Versions/A/Frameworks/vecLib.framework/Versions/A/libBLAS.dylib
0x00007ff8241b9000 	/System/Library/Frameworks/Accelerate.framework/Versions/A/Frameworks/vecLib.framework/Versions/A/libLAPACK.dylib
0x00007ff8234fc000 	/System/Library/Frameworks/Accelerate.framework/Versions/A/Frameworks/vecLib.framework/Versions/A/libLinearAlgebra.dylib
0x00007ff8240bf000 	/System/Library/Frameworks/Accelerate.framework/Versions/A/Frameworks/vecLib.framework/Versions/A/libSparseBLAS.dylib
0x00007ff8241b3000 	/System/Library/Frameworks/Accelerate.framework/Versions/A/Frameworks/vecLib.framework/Versions/A/libQuadrature.dylib
0x00007ff822819000 	/System/Library/Frameworks/Accelerate.framework/Versions/A/Frameworks/vecLib.framework/Versions/A/libBNNS.dylib
0x00007ff819bb7000 	/System/Library/Frameworks/Accelerate.framework/Versions/A/Frameworks/vecLib.framework/Versions/A/libSparse.dylib
0x00007ff822812000 	/System/Library/PrivateFrameworks/LinguisticData.framework/Versions/A/LinguisticData
0x00007ff819b6d000 	/System/Library/PrivateFrameworks/Lexicon.framework/Versions/A/Lexicon
0x00007ff824669000 	/usr/lib/libChineseTokenizer.dylib
0x00007ff81a2d8000 	/System/Library/PrivateFrameworks/LanguageModeling.framework/Versions/A/LanguageModeling
0x00007ff824084000 	/System/Library/PrivateFrameworks/AppleSauce.framework/Versions/A/AppleSauce
0x00007ff8230b0000 	/System/Library/PrivateFrameworks/CoreEmoji.framework/Versions/A/CoreEmoji
0x00007ff823f84000 	/usr/lib/libcmph.dylib
0x00007ff82077c000 	/System/Library/Frameworks/OpenDirectory.framework/Versions/A/Frameworks/CFOpenDirectory.framework/Versions/A/CFOpenDirectory
0x00007ff820770000 	/System/Library/Frameworks/OpenDirectory.framework/Versions/A/OpenDirectory
0x00007ff8245c2000 	/System/Library/PrivateFrameworks/APFS.framework/Versions/A/APFS
0x00007ff8233c6000 	/System/Library/Frameworks/SecurityFoundation.framework/Versions/A/SecurityFoundation
0x00007ff82463d000 	/usr/lib/libutil.dylib
0x00007ff81b9c8000 	/System/Library/PrivateFrameworks/CoreServicesStore.framework/Versions/A/CoreServicesStore
0x00007ff824641000 	/usr/lib/libxslt.1.dylib
0x00007ff823453000 	/System/Library/PrivateFrameworks/BackgroundTaskManagement.framework/Versions/A/BackgroundTaskManagement
0x00007ff825aae000 	/System/Library/Frameworks/ImageIO.framework/Versions/A/Resources/libRadiance.dylib
0x00007ff825ab7000 	/System/Library/Frameworks/ImageIO.framework/Versions/A/Resources/libJPEG.dylib
0x00007ff825a06000 	/System/Library/Frameworks/ImageIO.framework/Versions/A/Resources/libPng.dylib
0x00007ff825a27000 	/System/Library/Frameworks/ImageIO.framework/Versions/A/Resources/libTIFF.dylib
0x00007ff825b17000 	/System/Library/Frameworks/ImageIO.framework/Versions/A/Resources/libGIF.dylib
0x00007ff825341000 	/System/Library/Frameworks/ImageIO.framework/Versions/A/Resources/libJP2.dylib
0x00007ff824a7f000 	/usr/lib/libexpat.1.dylib
0x00007ff8252f6000 	/System/Library/PrivateFrameworks/AppleJPEG.framework/Versions/A/AppleJPEG
0x00007ff821c62000 	/System/Library/PrivateFrameworks/FontServices.framework/libFontParser.dylib
0x00007ff81f775000 	/System/Library/PrivateFrameworks/RunningBoardServices.framework/Versions/A/RunningBoardServices
0x00007ff83047f000 	/System/Library/PrivateFrameworks/IOSurfaceAccelerator.framework/Versions/A/IOSurfaceAccelerator
0x00007ff825423000 	/System/Library/PrivateFrameworks/WatchdogClient.framework/Versions/A/WatchdogClient
0x00007ff81a3c6000 	/System/Library/Frameworks/CoreDisplay.framework/Versions/A/CoreDisplay
0x00007ff821b60000 	/System/Library/Frameworks/CoreMedia.framework/Versions/A/CoreMedia
0x00007ff8219f4000 	/System/Library/PrivateFrameworks/IOAccelerator.framework/Versions/A/IOAccelerator
0x00007ff8208f9000 	/System/Library/Frameworks/CoreVideo.framework/Versions/A/CoreVideo
0x00007ff8240d5000 	/System/Library/Frameworks/MetalPerformanceShaders.framework/Versions/A/MetalPerformanceShaders
0x00007ff825460000 	/System/Library/Frameworks/VideoToolbox.framework/Versions/A/VideoToolbox
0x00007ff81f6bf000 	/System/Library/PrivateFrameworks/BaseBoard.framework/Versions/A/BaseBoard
0x00007ff81f446000 	/System/Library/PrivateFrameworks/ProtocolBuffer.framework/Versions/A/ProtocolBuffer
0x00007ff825aa7000 	/System/Library/PrivateFrameworks/GPUWrangler.framework/Versions/A/GPUWrangler
0x00007ff825a8b000 	/System/Library/PrivateFrameworks/IOPresentment.framework/Versions/A/IOPresentment
0x00007ff825ab1000 	/System/Library/PrivateFrameworks/DSExternalDisplay.framework/Versions/A/DSExternalDisplay
0x00007ffa31e38000 	/System/Library/Frameworks/OpenGL.framework/Versions/A/Libraries/libCoreFSCache.dylib
0x00007ffb1ef0f000 	/System/Library/PrivateFrameworks/GPUCompiler.framework/Versions/31001/Libraries/libGPUCompilerUtils.dylib
0x00007ff825b1c000 	/System/Library/PrivateFrameworks/CMCaptureCore.framework/Versions/A/CMCaptureCore
0x00007ff825027000 	/System/Library/PrivateFrameworks/AppServerSupport.framework/Versions/A/AppServerSupport
0x00007ff8272ea000 	/System/Library/PrivateFrameworks/perfdata.framework/Versions/A/perfdata
0x00007ff81a4f2000 	/System/Library/PrivateFrameworks/AudioToolboxCore.framework/Versions/A/AudioToolboxCore
0x00007ff821b3e000 	/System/Library/PrivateFrameworks/caulk.framework/Versions/A/caulk
0x00007ff826bfc000 	/usr/lib/libAudioStatistics.dylib
0x00007ff91e8f0000 	/System/Library/PrivateFrameworks/SystemPolicy.framework/Versions/A/SystemPolicy
0x00007ff826e57000 	/usr/lib/libSMC.dylib
0x00007ff82fd77000 	/System/Library/Frameworks/CoreMIDI.framework/Versions/A/CoreMIDI
0x00007ff8259d5000 	/usr/lib/libAudioToolboxUtility.dylib
0x00007ff91ab1c000 	/System/Library/PrivateFrameworks/OSAServicesClient.framework/Versions/A/OSAServicesClient
0x00007ff8272f7000 	/usr/lib/libperfcheck.dylib
0x00007ff91f39d000 	/usr/lib/libmis.dylib
0x00007ffa31e93000 	/System/Library/Frameworks/OpenGL.framework/Versions/A/Libraries/libGLU.dylib
0x00007ffa31e57000 	/System/Library/Frameworks/OpenGL.framework/Versions/A/Libraries/libGFXShared.dylib
0x00007ffa32060000 	/System/Library/Frameworks/OpenGL.framework/Versions/A/Libraries/libGL.dylib
0x00007ffa31e60000 	/System/Library/Frameworks/OpenGL.framework/Versions/A/Libraries/libGLImage.dylib
0x00007ffa31e54000 	/System/Library/Frameworks/OpenGL.framework/Versions/A/Libraries/libCVMSPluginSupport.dylib
0x00007ffa31e3f000 	/System/Library/Frameworks/OpenGL.framework/Versions/A/Libraries/libCoreVMClient.dylib
0x00007ff8226aa000 	/System/Library/Frameworks/MetalPerformanceShaders.framework/Versions/A/Frameworks/MPSCore.framework/Versions/A/MPSCore
0x00007ff823a6c000 	/System/Library/Frameworks/MetalPerformanceShaders.framework/Versions/A/Frameworks/MPSImage.framework/Versions/A/MPSImage
0x00007ff823512000 	/System/Library/Frameworks/MetalPerformanceShaders.framework/Versions/A/Frameworks/MPSNeuralNetwork.framework/Versions/A/MPSNeuralNetwork
0x00007ff823986000 	/System/Library/Frameworks/MetalPerformanceShaders.framework/Versions/A/Frameworks/MPSMatrix.framework/Versions/A/MPSMatrix
0x00007ff823741000 	/System/Library/Frameworks/MetalPerformanceShaders.framework/Versions/A/Frameworks/MPSRayIntersector.framework/Versions/A/MPSRayIntersector
0x00007ff8239be000 	/System/Library/Frameworks/MetalPerformanceShaders.framework/Versions/A/Frameworks/MPSNDArray.framework/Versions/A/MPSNDArray
0x00007ffa37918000 	/System/Library/Frameworks/MetalPerformanceShaders.framework/Versions/A/Frameworks/MPSFunctions.framework/Versions/A/MPSFunctions
0x00007ff8197f9000 	/System/Library/PrivateFrameworks/MetalTools.framework/Versions/A/MetalTools
0x00007ff822726000 	/System/Library/PrivateFrameworks/AggregateDictionary.framework/Versions/A/AggregateDictionary
0x00007ff824861000 	/usr/lib/libIOReport.dylib
0x00007ffa3346f000 	/System/Library/Frameworks/OpenCL.framework/Versions/A/OpenCL
0x00007ff824bc5000 	/System/Library/PrivateFrameworks/FaceCore.framework/Versions/A/FaceCore
0x00007ff824bb6000 	/System/Library/PrivateFrameworks/GraphVisualizer.framework/Versions/A/GraphVisualizer
0x00007ffb1ee1a000 	/System/Library/PrivateFrameworks/FontServices.framework/Versions/A/FontServices
0x00007ff824fdf000 	/System/Library/PrivateFrameworks/OTSVG.framework/Versions/A/OTSVG
0x00007ff8204df000 	/System/Library/Frameworks/ApplicationServices.framework/Versions/A/Frameworks/ATS.framework/Versions/A/Resources/libFontRegistry.dylib
0x00007ff82502f000 	/System/Library/PrivateFrameworks/FontServices.framework/libhvf.dylib
0x00007ffb1ee1b000 	/System/Library/PrivateFrameworks/FontServices.framework/libXTFontStaticRegistryData.dylib
0x00007ff824a2f000 	/System/Library/PrivateFrameworks/AppleVA.framework/Versions/A/AppleVA
0x00007ff826c1c000 	/System/Library/Frameworks/ApplicationServices.framework/Versions/A/Frameworks/ATS.framework/Versions/A/ATS
0x00007ff81eb8c000 	/System/Library/Frameworks/ApplicationServices.framework/Versions/A/Frameworks/HIServices.framework/Versions/A/HIServices
0x00007ff825b26000 	/System/Library/Frameworks/ApplicationServices.framework/Versions/A/Frameworks/PrintCore.framework/Versions/A/PrintCore
0x00007ff826faa000 	/System/Library/Frameworks/ApplicationServices.framework/Versions/A/Frameworks/QD.framework/Versions/A/QD
0x00007ff826fa2000 	/System/Library/Frameworks/ApplicationServices.framework/Versions/A/Frameworks/ColorSyncLegacy.framework/Versions/A/ColorSyncLegacy
0x00007ff826c0c000 	/System/Library/Frameworks/ApplicationServices.framework/Versions/A/Frameworks/SpeechSynthesis.framework/Versions/A/SpeechSynthesis
0x00007ff825ae7000 	/System/Library/Frameworks/ApplicationServices.framework/Versions/A/Frameworks/ATSUI.framework/Versions/A/ATSUI
0x00007ff826f37000 	/usr/lib/libcups.2.dylib
0x00007ff827306000 	/System/Library/Frameworks/Kerberos.framework/Versions/A/Kerberos
0x00007ff827315000 	/System/Library/Frameworks/GSS.framework/Versions/A/GSS
0x00007ff826c88000 	/usr/lib/libresolv.9.dylib
0x00007ff82503e000 	/System/Library/PrivateFrameworks/Heimdal.framework/Versions/A/Heimdal
0x00007ff82defa000 	/System/Library/Frameworks/Kerberos.framework/Versions/A/Libraries/libHeimdalProxy.dylib
0x00007ff81f849000 	/System/Library/Frameworks/Network.framework/Versions/A/Network
0x00007ff824a99000 	/usr/lib/libheimdal-asn1.dylib
0x00007ff827360000 	/System/Library/PrivateFrameworks/CommonAuth.framework/Versions/A/CommonAuth
0x00007ff826b8e000 	/System/Library/PrivateFrameworks/AudioSession.framework/Versions/A/AudioSession
0x00007ff824b29000 	/System/Library/PrivateFrameworks/MediaExperience.framework/Versions/A/MediaExperience
0x00007ff826a20000 	/System/Library/PrivateFrameworks/AudioSession.framework/libSessionUtility.dylib
0x00007ff826fb6000 	/System/Library/PrivateFrameworks/AudioResourceArbitration.framework/Versions/A/AudioResourceArbitration
0x00007ff82b037000 	/System/Library/PrivateFrameworks/PowerLog.framework/Versions/A/PowerLog
0x00007ff824aa2000 	/System/Library/PrivateFrameworks/IconFoundation.framework/Versions/A/IconFoundation
0x00007ff829ded000 	/System/Library/PrivateFrameworks/SpeechRecognitionCore.framework/Versions/A/SpeechRecognitionCore
0x000000010d62f000 	/Users/joansim/Library/Java/JavaVirtualMachines/temurin-11.0.16/Contents/Home/lib/server/libjvm.dylib
0x000000010c8a6000 	/Users/joansim/Library/Java/JavaVirtualMachines/temurin-11.0.16/Contents/Home/lib/libverify.dylib
0x000000010c8e3000 	/Users/joansim/Library/Java/JavaVirtualMachines/temurin-11.0.16/Contents/Home/lib/libjava.dylib
0x000000010c8b7000 	/Users/joansim/Library/Java/JavaVirtualMachines/temurin-11.0.16/Contents/Home/lib/libjimage.dylib
0x000000010c8d0000 	/Users/joansim/Library/Java/JavaVirtualMachines/temurin-11.0.16/Contents/Home/lib/libzip.dylib
0x000000010d389000 	/Users/joansim/Library/Java/JavaVirtualMachines/temurin-11.0.16/Contents/Home/lib/libnio.dylib
0x000000010d3b5000 	/Users/joansim/Library/Java/JavaVirtualMachines/temurin-11.0.16/Contents/Home/lib/libnet.dylib
0x000000010d39c000 	/Users/joansim/.openjfx/cache/11/libprism_es2.dylib
0x00007ff81b98a000 	/System/Library/PrivateFrameworks/CoreServicesInternal.framework/Versions/A/CoreServicesInternal
0x00007ffa3206b000 	/System/Library/Frameworks/OpenGL.framework/Versions/A/Resources/GLEngine.bundle/GLEngine
0x00007ffa31ed1000 	/System/Library/Frameworks/OpenGL.framework/Versions/A/Libraries/libGLProgrammability.dylib
0x00007ffa2ad5d000 	/System/Library/Extensions/AppleIntelICLGraphicsGLDriver.bundle/Contents/MacOS/AppleIntelICLGraphicsGLDriver
0x00007ff929538000 	/System/Library/PrivateFrameworks/GPUSupport.framework/Versions/A/Libraries/libGPUSupportMercury.dylib
0x00007ffa321f5000 	/System/Library/Frameworks/OpenGL.framework/Versions/A/Resources/GLRendererFloat.bundle/GLRendererFloat
0x0000000119a7a000 	/Users/joansim/.openjfx/cache/11/libglass.dylib
0x00007ff82b628000 	/System/Library/Frameworks/FileProvider.framework/Versions/A/FileProvider
0x00007ff81f62c000 	/System/Library/Frameworks/Accounts.framework/Versions/A/Accounts
0x00007ff82b7a1000 	/System/Library/PrivateFrameworks/GenerationalStorage.framework/Versions/A/GenerationalStorage
0x00007ff82c2b1000 	/System/Library/PrivateFrameworks/CoreSymbolication.framework/Versions/A/CoreSymbolication
0x00007ff82b02c000 	/System/Library/PrivateFrameworks/SymptomDiagnosticReporter.framework/Versions/A/SymptomDiagnosticReporter
0x00007ff81cc4b000 	/System/Library/PrivateFrameworks/DesktopServicesPriv.framework/Versions/A/DesktopServicesPriv
0x00007ff81bac9000 	/usr/lib/libsandbox.1.dylib
0x00007ff820978000 	/System/Library/PrivateFrameworks/UserManagement.framework/Versions/A/UserManagement
0x00007ff82c276000 	/System/Library/PrivateFrameworks/DebugSymbols.framework/Versions/A/DebugSymbols
0x00007ff826f97000 	/System/Library/PrivateFrameworks/NetAuth.framework/Versions/A/NetAuth
0x00007ff827ea6000 	/System/Library/PrivateFrameworks/Sharing.framework/Versions/A/Sharing
0x00007ff82094b000 	/System/Library/PrivateFrameworks/login.framework/Versions/A/Frameworks/loginsupport.framework/Versions/A/loginsupport
0x00007ff82d414000 	/System/Library/PrivateFrameworks/Apple80211.framework/Versions/A/Apple80211
0x00007ff823b51000 	/System/Library/PrivateFrameworks/AuthKit.framework/Versions/A/AuthKit
0x00007ff8231a6000 	/System/Library/PrivateFrameworks/CoreUtils.framework/Versions/A/CoreUtils
0x00007ff8230cd000 	/System/Library/Frameworks/CoreWLAN.framework/Versions/A/CoreWLAN
0x00007ff828005000 	/System/Library/Frameworks/IOBluetooth.framework/Versions/A/IOBluetooth
0x00007ff82d47c000 	/System/Library/PrivateFrameworks/CoreWiFi.framework/Versions/A/CoreWiFi
0x00007ff82be4b000 	/System/Library/PrivateFrameworks/FrontBoardServices.framework/Versions/A/FrontBoardServices
0x00007ff82bedc000 	/System/Library/PrivateFrameworks/BoardServices.framework/Versions/A/BoardServices
0x00007ff8233b5000 	/System/Library/PrivateFrameworks/AssertionServices.framework/Versions/A/AssertionServices
0x00007ff82d5ff000 	/System/Library/PrivateFrameworks/BackBoardServices.framework/Versions/A/BackBoardServices
0x00007ff8273f1000 	/System/Library/PrivateFrameworks/CorePhoneNumbers.framework/Versions/A/CorePhoneNumbers
0x00007ff826cb5000 	/System/Library/PrivateFrameworks/MultiverseSupport.framework/Versions/A/MultiverseSupport
0x00007ff82d873000 	/System/Library/PrivateFrameworks/RemoteServiceDiscovery.framework/Versions/A/RemoteServiceDiscovery
0x00007ff82b149000 	/System/Library/PrivateFrameworks/DiskManagement.framework/Versions/A/DiskManagement
0x00007ff82b05d000 	/System/Library/PrivateFrameworks/AppleIDAuthSupport.framework/Versions/A/AppleIDAuthSupport
0x00007ffb19795000 	/System/Library/PrivateFrameworks/AAAFoundation.framework/Versions/A/AAAFoundation
0x00007ff8273d2000 	/System/Library/PrivateFrameworks/KeychainCircle.framework/Versions/A/KeychainCircle
0x00007ff82d883000 	/System/Library/PrivateFrameworks/RemoteXPC.framework/Versions/A/RemoteXPC
0x00007ff82b115000 	/System/Library/PrivateFrameworks/MediaKit.framework/Versions/A/MediaKit
0x00007ff82b069000 	/System/Library/Frameworks/DiscRecording.framework/Versions/A/DiscRecording
0x00007ff8249a7000 	/usr/lib/libCoreStorage.dylib
0x00007ff82d8ee000 	/usr/lib/libcsfde.dylib
0x00007ff8280d2000 	/System/Library/PrivateFrameworks/ProtectedCloudStorage.framework/Versions/A/ProtectedCloudStorage
0x00007ff82d8ea000 	/System/Library/PrivateFrameworks/EFILogin.framework/Versions/A/EFILogin
0x00007ff82b7c7000 	/System/Library/PrivateFrameworks/OctagonTrust.framework/Versions/A/OctagonTrust
0x00007ffb1e07d000 	/System/Library/PrivateFrameworks/CoreUtilsExtras.framework/Versions/A/CoreUtilsExtras
0x00007ff82af90000 	/System/Library/Frameworks/CoreBluetooth.framework/Versions/A/CoreBluetooth
0x00007ff82df7f000 	/System/Library/Frameworks/AudioUnit.framework/Versions/A/AudioUnit
0x00007ff82499f000 	/usr/lib/libMatch.1.dylib
0x00007ff9239c1000 	/System/Library/Frameworks/Accelerate.framework/Versions/A/Frameworks/vImage.framework/Versions/A/Libraries/libCGInterfaces.dylib
0x0000000119b7d000 	/usr/lib/libobjc-trampolines.dylib
0x00007ff820670000 	/System/Library/PrivateFrameworks/ViewBridge.framework/Versions/A/ViewBridge
0x000000013376e000 	/Users/joansim/.openjfx/cache/11/libjavafx_font.dylib
0x00007ff8250f5000 	/System/Library/PrivateFrameworks/login.framework/Versions/A/login
0x0000000133baa000 	/System/Library/Frameworks/FileProvider.framework/OverrideBundles/CloudDocsFileProvider.bundle/Contents/MacOS/CloudDocsFileProvider
0x00007ff820b8f000 	/System/Library/PrivateFrameworks/CloudDocs.framework/Versions/A/CloudDocs
0x00007ff82dc1e000 	/System/Library/PrivateFrameworks/AppleAccount.framework/Versions/A/AppleAccount
0x00007ff8280b9000 	/System/Library/PrivateFrameworks/AppContainer.framework/Versions/A/AppContainer
0x00007ff827b75000 	/System/Library/PrivateFrameworks/IDS.framework/Versions/A/IDS
0x00007ff82dd76000 	/System/Library/PrivateFrameworks/AppleIDSSOAuthentication.framework/Versions/A/AppleIDSSOAuthentication
0x00007ff82094e000 	/System/Library/PrivateFrameworks/ApplePushService.framework/Versions/A/ApplePushService
0x00007ff82d970000 	/System/Library/PrivateFrameworks/AppSupport.framework/Versions/A/AppSupport
0x00007ff826985000 	/System/Library/PrivateFrameworks/IMFoundation.framework/Versions/A/IMFoundation
0x00007ff91a360000 	/System/Library/PrivateFrameworks/Marco.framework/Versions/A/Marco
0x00007ff827ce9000 	/System/Library/PrivateFrameworks/IDSFoundation.framework/Versions/A/IDSFoundation
0x00007ff81f6a7000 	/System/Library/PrivateFrameworks/CommonUtilities.framework/Versions/A/CommonUtilities
0x00007ff91efad000 	/System/Library/PrivateFrameworks/FTServices.framework/Versions/A/FTServices
0x00007ff8317d4000 	/System/Library/PrivateFrameworks/Engram.framework/Versions/A/Engram
0x00007ff83177b000 	/usr/lib/libtidy.A.dylib
0x00007ff8252a2000 	/System/Library/PrivateFrameworks/Bom.framework/Versions/A/Bom
0x00007ff826cc5000 	/usr/lib/libParallelCompression.dylib
0x00007ff82486a000 	/System/Library/PrivateFrameworks/CrashReporterSupport.framework/Versions/A/CrashReporterSupport
0x00007ff929301000 	/System/Library/PrivateFrameworks/FTAWD.framework/Versions/A/FTAWD
0x00007ff92b3d9000 	/System/Library/PrivateFrameworks/OSAnalytics.framework/Versions/A/OSAnalytics
0x00007ff93658b000 	/System/Library/PrivateFrameworks/Symbolication.framework/Versions/A/Symbolication
0x00007ff91f37a000 	/System/Library/PrivateFrameworks/MallocStackLogging.framework/Versions/A/MallocStackLogging
0x00007ff82a4fd000 	/System/Library/PrivateFrameworks/CoreDaemon.framework/Versions/B/CoreDaemon
0x00007ff82a4f8000 	/System/Library/PrivateFrameworks/AppleSRP.framework/Versions/A/AppleSRP
0x00007ff82345d000 	/System/Library/Frameworks/ServiceManagement.framework/Versions/A/ServiceManagement
0x00007ff8280ce000 	/System/Library/PrivateFrameworks/SecCodeWrapper.framework/Versions/A/SecCodeWrapper
0x0000000133b78000 	/System/Library/Frameworks/FileProvider.framework/OverrideBundles/FileProviderOverride.bundle/Contents/MacOS/FileProviderOverride
0x0000000133c43000 	/System/Library/Frameworks/FileProvider.framework/OverrideBundles/FinderSyncCollaborationFileProviderOverride.bundle/Contents/MacOS/FinderSyncCollaborationFileProviderOverride
0x00007ff92fab4000 	/System/Library/PrivateFrameworks/FinderSyncPriv.framework/Versions/A/FinderSyncPriv
0x00007ff91d1a7000 	/usr/lib/libFosl_dynamic.dylib
0x00007ff923168000 	/usr/lib/libncurses.5.4.dylib
0x00007ffa2bc61000 	/System/Library/Extensions/AppleIntelICLGraphicsMTLDriver.bundle/Contents/MacOS/AppleIntelICLGraphicsMTLDriver
0x00007ff91f3b8000 	/System/Library/PrivateFrameworks/GPURawCounter.framework/Versions/A/GPURawCounter
0x00007ffb31902000 	/usr/lib/libRosetta.dylib
0x00007ff82a509000 	/System/Library/PrivateFrameworks/SystemAdministration.framework/Versions/A/SystemAdministration
0x00007ff825d50000 	/System/Library/Frameworks/MediaToolbox.framework/Versions/A/MediaToolbox
0x00007ff829db9000 	/System/Library/Frameworks/DirectoryService.framework/Versions/A/DirectoryService
0x00007ff82d78b000 	/System/Library/PrivateFrameworks/DiskImages.framework/Versions/A/DiskImages
0x00007ff82d968000 	/System/Library/PrivateFrameworks/LoginUIKit.framework/Versions/A/Frameworks/LoginUICore.framework/Versions/A/LoginUICore
0x00007ff82529e000 	/usr/lib/libodfde.dylib
0x00007ff82b5f8000 	/System/Library/PrivateFrameworks/CoreAVCHD.framework/Versions/A/CoreAVCHD
0x00007ff82a4cd000 	/System/Library/Frameworks/MediaAccessibility.framework/Versions/A/MediaAccessibility
0x00007ff82b5f4000 	/System/Library/PrivateFrameworks/Mangrove.framework/Versions/A/Mangrove
0x00007ff82a4d8000 	/System/Library/PrivateFrameworks/AlgosScoreFramework.framework/Versions/A/AlgosScoreFramework
0x00007ffb1b371000 	/System/Library/PrivateFrameworks/CMPhoto.framework/Versions/A/CMPhoto
0x00007ff82c14c000 	/System/Library/PrivateFrameworks/AppleVPA.framework/Versions/A/AppleVPA
0x00007ff82b239000 	/System/Library/PrivateFrameworks/CoreAUC.framework/Versions/A/CoreAUC
0x00007ff82d8fa000 	/usr/lib/libcurl.4.dylib
0x00007ffb31d6e000 	/usr/lib/libcrypto.46.dylib
0x00007ffb32263000 	/usr/lib/libssl.48.dylib
0x00007ff82d61d000 	/System/Library/Frameworks/LDAP.framework/Versions/A/LDAP
0x00007ff82d655000 	/System/Library/PrivateFrameworks/TrustEvaluationAgent.framework/Versions/A/TrustEvaluationAgent
0x00007ff826ca1000 	/usr/lib/libsasl2.2.dylib


VM Arguments:
jvm_args: -Dfile.encoding=UTF-8 -Duser.country=SG -Duser.language=en -Duser.variant 
java_command: seedu.address.Main
java_class_path (initial): /Users/joansim/Downloads/CS2103T/teamProject/tp/build/classes/java/main:/Users/joansim/Downloads/CS2103T/teamProject/tp/build/resources/main:/Users/joansim/.gradle/caches/modules-2/files-2.1/org.openjfx/javafx-fxml/11/d5ff9262ef49d166db658d15f37e3ecff38fde4b/javafx-fxml-11-win.jar:/Users/joansim/.gradle/caches/modules-2/files-2.1/org.openjfx/javafx-fxml/11/e0f5bb81e21054b59f2ebfa727d40a90ee0260d3/javafx-fxml-11-mac.jar:/Users/joansim/.gradle/caches/modules-2/files-2.1/org.openjfx/javafx-fxml/11/e7a757b580fc3e2e1a121768606c7836eef418c/javafx-fxml-11-linux.jar:/Users/joansim/.gradle/caches/modules-2/files-2.1/org.openjfx/javafx-controls/11/af8d24de44e16a19ae959028eb23a48c145fb682/javafx-controls-11-win.jar:/Users/joansim/.gradle/caches/modules-2/files-2.1/org.openjfx/javafx-controls/11/e3a24a14e8732abc6dc173f15872dc63e2a32e16/javafx-controls-11-mac.jar:/Users/joansim/.gradle/caches/modules-2/files-2.1/org.openjfx/javafx-controls/11/794488e3b1f4635d9a1b842bdc872a5eb8fd54ca/javafx-controls-11-linux.jar:/Users/joansim/.gradle/caches/modules-2/files-2.1/org.openjfx/javafx-controls/11/58d961774262ec972bf304e16c154a8e18c2050b/javafx-controls-11.jar:/Users/joansim/.gradle/caches/modules-2/files-2.1/org.openjfx/javafx-graphics/11/9345c7ea43dbcc73a62eca5332717b4ce617e6c6/javafx-graphics-11-win.jar:/Users/joansim/.gradle/caches/modules-2/files-2.1/org.openjfx/javafx-graphics/11/af47a6d3668d3ce1c61e1fe13c44471b6f8d469/javafx-graphics-11-mac.jar:/Users/joansim/.gradle/caches/modules-2/files-2.1/org.openjfx/javafx-graphics/11/4ab9edd8d481a420044c473fdb5718ccdd35c836/javafx-graphics-11-linux.jar:/Users/joansim/.gradle/caches/modules-2/files-2.1/org.openjfx/javafx-graphics/11/a736dd079047ec0b72b8c4970842a5c5e0c19f2f/javafx-graphics-11.jar:/Users/joansim/.gradle/caches/modules-2/files-2.1/org.openjfx/javafx-base/11/ad3a4acfaa28b484d30c40c1f009445cc3f6e68b/javafx-base-11-win.jar:/Users/joansim/.gradle/caches/modules-2/files-2.1/org.openjfx/javafx-base/11/4
Launcher Type: SUN_STANDARD

[Global flags]
     intx CICompilerCount                          = 3                                         {product} {ergonomic}
     uint ConcGCThreads                            = 1                                         {product} {ergonomic}
     uint G1ConcRefinementThreads                  = 4                                         {product} {ergonomic}
   size_t G1HeapRegionSize                         = 1048576                                   {product} {ergonomic}
    uintx GCDrainStackTargetSize                   = 64                                        {product} {ergonomic}
   size_t InitialHeapSize                          = 134217728                                 {product} {ergonomic}
   size_t MarkStackSize                            = 4194304                                   {product} {ergonomic}
   size_t MaxHeapSize                              = 2147483648                                {product} {ergonomic}
   size_t MaxNewSize                               = 1287651328                                {product} {ergonomic}
   size_t MinHeapDeltaBytes                        = 1048576                                   {product} {ergonomic}
    uintx NonNMethodCodeHeapSize                   = 5830732                                {pd product} {ergonomic}
    uintx NonProfiledCodeHeapSize                  = 122913754                              {pd product} {ergonomic}
    uintx ProfiledCodeHeapSize                     = 122913754                              {pd product} {ergonomic}
    uintx ReservedCodeCacheSize                    = 251658240                              {pd product} {ergonomic}
     bool SegmentedCodeCache                       = true                                      {product} {ergonomic}
     bool UseCompressedClassPointers               = true                                 {lp64_product} {ergonomic}
     bool UseCompressedOops                        = true                                 {lp64_product} {ergonomic}
     bool UseG1GC                                  = true                                      {product} {ergonomic}

Logging:
Log output configuration:
 #0: stdout all=warning uptime,level,tags
 #1: stderr all=off uptime,level,tags

Environment Variables:
JAVA_HOME=/Users/joansim/Library/Java/JavaVirtualMachines/temurin-11.0.16/Contents/Home
PATH=/Users/joansim/Library/Java/JavaVirtualMachines/temurin-11.0.16/Contents/Home:/Library/Frameworks/Python.framework/Versions/3.9/bin:/usr/local/bin:/usr/bin:/bin:/usr/sbin:/sbin:/usr/local/share/dotnet:~/.dotnet/tools:/Library/Apple/usr/bin
SHELL=/bin/zsh
LC_CTYPE=en_SG.UTF-8

Signal Handlers:
SIGSEGV: [libjvm.dylib+0x7c765c], sa_mask[0]=11111111011111110111111111111111, sa_flags=SA_ONSTACK|SA_RESTART|SA_SIGINFO
SIGBUS: [libjvm.dylib+0x7c765c], sa_mask[0]=11111111011111110111111111111111, sa_flags=SA_RESTART|SA_SIGINFO
SIGFPE: [libjvm.dylib+0x7c765c], sa_mask[0]=11111111011111110111111111111111, sa_flags=SA_RESTART|SA_SIGINFO
SIGPIPE: [libjvm.dylib+0x62be12], sa_mask[0]=11111111011111110111111111111111, sa_flags=SA_RESTART|SA_SIGINFO
SIGXFSZ: [libjvm.dylib+0x62be12], sa_mask[0]=11111111011111110111111111111111, sa_flags=SA_RESTART|SA_SIGINFO
SIGILL: [libjvm.dylib+0x7c765c], sa_mask[0]=11111111011111110111111111111111, sa_flags=SA_RESTART|SA_SIGINFO
SIGUSR2: [libjvm.dylib+0x62c3f9], sa_mask[0]=00100000000000000000000000000000, sa_flags=SA_RESTART|SA_SIGINFO
SIGHUP: [libjvm.dylib+0x62af55], sa_mask[0]=11111111011111110111111111111111, sa_flags=SA_RESTART|SA_SIGINFO
SIGINT: [libjvm.dylib+0x62af55], sa_mask[0]=11111111011111110111111111111111, sa_flags=SA_RESTART|SA_SIGINFO
SIGTERM: [libjvm.dylib+0x62af55], sa_mask[0]=11111111011111110111111111111111, sa_flags=SA_RESTART|SA_SIGINFO
SIGQUIT: [libjvm.dylib+0x62af55], sa_mask[0]=11111111011111110111111111111111, sa_flags=SA_RESTART|SA_SIGINFO


---------------  S Y S T E M  ---------------

OS:uname:Darwin 21.6.0 Darwin Kernel Version 21.6.0: Mon Aug 22 20:17:10 PDT 2022; root:xnu-8020.140.49~2/RELEASE_X86_64 x86_64
OS uptime: 20 days 19:59 hours
rlimit (soft/hard): STACK 8192k/65532k , CORE 0k/infinity , NPROC 1392/2088 , NOFILE 10240/infinity , AS infinity/infinity , CPU infinity/infinity , DATA infinity/infinity , FSIZE infinity/infinity , MEMLOCK infinity/infinity , RSS infinity/infinity
load average:2.87 2.80 2.85

CPU:total 4 (initial active 4) (2 cores per cpu, 2 threads per core) family 6 model 126 stepping 5 microcode 0xb2, cmov, cx8, fxsr, mmx, sse, sse2, sse3, ssse3, sse4.1, sse4.2, popcnt, avx, avx2, aes, clmul, erms, 3dnowpref, lzcnt, ht, tsc, tscinvbit, bmi1, bmi2, adx, sha, fma

Memory: 4k page, physical 8388608k(398120k free), swap 3145728k(1124096k free)

vm_info: OpenJDK 64-Bit Server VM (11.0.16+8) for bsd-amd64 JRE (11.0.16+8), built on Jul 19 2022 21:43:28 by "jenkins" with clang 4.2.1 Compatible Apple LLVM 10.0.1 (clang-1001.0.46.4)

END.
