#
# A fatal error has been detected by the Java Runtime Environment:
#
#  Internal Error (safepoint.cpp:929), pid=14095, tid=28163
#  fatal error: Illegal threadstate encountered: 4
#
# JRE version: OpenJDK Runtime Environment Zulu11.50+19-CA (11.0.12+7) (build 11.0.12+7-LTS)
# Java VM: OpenJDK 64-Bit Server VM Zulu11.50+19-CA (11.0.12+7-LTS, mixed mode, tiered, compressed oops, g1 gc, bsd-aarch64)
# No core dump will be written. Core dumps have been disabled. To enable core dumping, try "ulimit -c unlimited" before starting Java again
#
# If you would like to submit a bug report, please visit:
#   http://www.azul.com/support/
# The crash happened outside the Java Virtual Machine in native code.
# See problematic frame for where to report the bug.
#

---------------  S U M M A R Y ------------

Command Line: -Dfile.encoding=UTF-8 -Duser.country=SG -Duser.language=en -Duser.variant seedu.address.Main

Host: MacBookAir10,1 arm64 1 MHz, 8 cores, 8G, Darwin 21.6.0
Time: Fri Oct 14 16:53:12 2022 +08 elapsed time: 0.476876 seconds (0d 0h 0m 0s)

---------------  T H R E A D  ---------------

Current thread (0x000000015297b000):  JavaThread "InvokeLaterDispatcher" daemon [_thread_in_native, id=28163, stack(0x000000017841c000,0x000000017861f000)]

Stack: [0x000000017841c000,0x000000017861f000],  sp=0x000000017861e090,  free space=2056k
Native frames: (J=compiled Java code, A=aot compiled Java code, j=interpreted, Vv=VM code, C=native code)
V  [libjvm.dylib+0x72d53c]  _ZN7VMError14report_and_dieEiPKcS1_PcP6ThreadPhPvS6_S1_im+0x600
V  [libjvm.dylib+0x72dc2c]  _ZN7VMError14report_and_dieEP6ThreadPvPKciS4_S4_Pc+0x40
V  [libjvm.dylib+0x20257c]  _Z12report_fatalPKciS0_z+0x58
V  [libjvm.dylib+0x6037c0]  _ZN20SafepointSynchronize5blockEP10JavaThread+0x218
V  [libjvm.dylib+0x6e5550]  _ZN10JavaThread44check_safepoint_and_suspend_for_native_transEPS_+0xb8
V  [libjvm.dylib+0x37884c]  jni_DeleteGlobalRef+0xc0
C  [libglass.dylib+0xa840]  -[GlassRunnable dealloc]+0x34
C  [Foundation+0x852b8]  -[_NSThreadPerformInfo dealloc]+0x30
C  [Foundation+0x51824]  -[NSObject(NSThreadPerformAdditions) performSelectorOnMainThread:withObject:waitUntilDone:]+0x88
C  0xa20200010c913bfc
j  com.sun.glass.ui.mac.MacApplication.submitForLaterInvocation(Ljava/lang/Runnable;)V+2 javafx.graphics@11.0.12
j  com.sun.glass.ui.InvokeLaterDispatcher.run()V+82 javafx.graphics@11.0.12
v  ~StubRoutines::call_stub
V  [libjvm.dylib+0x332fb0]  _ZN9JavaCalls11call_helperEP9JavaValueRK12methodHandleP17JavaCallArgumentsP6Thread+0x2e0
V  [libjvm.dylib+0x332310]  _ZN9JavaCalls12call_virtualEP9JavaValueP5KlassP6SymbolS5_P17JavaCallArgumentsP6Thread+0xec
V  [libjvm.dylib+0x3323d8]  _ZN9JavaCalls12call_virtualEP9JavaValue6HandleP5KlassP6SymbolS6_P6Thread+0x64
V  [libjvm.dylib+0x3c936c]  _ZL12thread_entryP10JavaThreadP6Thread+0x78
V  [libjvm.dylib+0x6e3fc8]  _ZN10JavaThread17thread_main_innerEv+0x80
V  [libjvm.dylib+0x6e3df4]  _ZN10JavaThread3runEv+0x17c
V  [libjvm.dylib+0x6e1b08]  _ZN6Thread8call_runEv+0x78
V  [libjvm.dylib+0x58b35c]  _ZL19thread_native_entryP6Thread+0x13c
C  [libsystem_pthread.dylib+0x726c]  _pthread_start+0x94

Java frames: (J=compiled Java code, j=interpreted, Vv=VM code)
j  com.sun.glass.ui.mac.MacApplication._submitForLaterInvocation(Ljava/lang/Runnable;)V+0 javafx.graphics@11.0.12
j  com.sun.glass.ui.mac.MacApplication.submitForLaterInvocation(Ljava/lang/Runnable;)V+2 javafx.graphics@11.0.12
j  com.sun.glass.ui.InvokeLaterDispatcher.run()V+82 javafx.graphics@11.0.12
v  ~StubRoutines::call_stub

---------------  P R O C E S S  ---------------

Threads class SMR info:
_java_thread_list=0x0000600002da9220, length=13, elements={
0x000000015180c000, 0x000000015405e000, 0x0000000154060800, 0x0000000152818800,
0x0000000151818800, 0x0000000151822800, 0x0000000151823800, 0x0000000151824800,
0x0000000152849800, 0x0000000151875800, 0x00000001541d8000, 0x000000015297b000,
0x0000000141037000
}

Java Threads: ( => current thread )
  0x000000015180c000 JavaThread "main" [_thread_blocked, id=10243, stack(0x000000016dcd0000,0x000000016ded3000)]
  0x000000015405e000 JavaThread "Reference Handler" daemon [_thread_blocked, id=14595, stack(0x000000016eb24000,0x000000016ed27000)]
  0x0000000154060800 JavaThread "Finalizer" daemon [_thread_blocked, id=15363, stack(0x000000016ed30000,0x000000016ef33000)]
  0x0000000152818800 JavaThread "Signal Dispatcher" daemon [_thread_blocked, id=17411, stack(0x000000016f054000,0x000000016f257000)]
  0x0000000151818800 JavaThread "Service Thread" daemon [_thread_blocked, id=22019, stack(0x000000016f260000,0x000000016f463000)]
  0x0000000151822800 JavaThread "C2 CompilerThread0" daemon [_thread_blocked, id=43267, stack(0x000000016f46c000,0x000000016f66f000)]
  0x0000000151823800 JavaThread "C1 CompilerThread0" daemon [_thread_blocked, id=42499, stack(0x000000016f678000,0x000000016f87b000)]
  0x0000000151824800 JavaThread "Sweeper thread" daemon [_thread_blocked, id=23043, stack(0x000000016f884000,0x000000016fa87000)]
  0x0000000152849800 JavaThread "Common-Cleaner" daemon [_thread_blocked, id=23811, stack(0x000000016fc9c000,0x000000016fe9f000)]
  0x0000000151875800 JavaThread "JavaFX-Launcher" [_thread_blocked, id=41475, stack(0x0000000178004000,0x0000000178207000)]
  0x00000001541d8000 JavaThread "QuantumRenderer-0" daemon [_thread_in_native, id=24579, stack(0x0000000178210000,0x0000000178413000)]
=>0x000000015297b000 JavaThread "InvokeLaterDispatcher" daemon [_thread_in_native, id=28163, stack(0x000000017841c000,0x000000017861f000)]
  0x0000000141037000 JavaThread "JavaFX Application Thread" [_thread_blocked, id=259, stack(0x000000016bc44000,0x000000016dc44000)]

Other Threads:
  0x000000015181a000 VMThread "VM Thread" [stack: 0x000000016e918000,0x000000016eb1b000] [id=19459]
  0x0000000151016800 WatcherThread [stack: 0x000000016fa90000,0x000000016fc93000] [id=41987]
  0x0000000154018800 GCTaskThread "GC Thread#0" [stack: 0x000000016dedc000,0x000000016e0df000] [id=11523]
  0x0000000141029800 ConcurrentGCThread "G1 Main Marker" [stack: 0x000000016e0e8000,0x000000016e2eb000] [id=11779]
  0x000000015300b800 ConcurrentGCThread "G1 Conc#0" [stack: 0x000000016e2f4000,0x000000016e4f7000] [id=12547]
  0x0000000154059000 ConcurrentGCThread "G1 Refine#0" [stack: 0x000000016e500000,0x000000016e703000] [id=12803]
  0x0000000131008800 ConcurrentGCThread "G1 Young RemSet Sampling" [stack: 0x000000016e70c000,0x000000016e90f000] [id=13315]

Threads with active compile tasks:

VM state:not at safepoint (normal execution)

VM Mutex/Monitor currently owned by a thread: None

Heap address: 0x0000000740000000, size: 2048 MB, Compressed Oops mode: Zero based, Oop shift amount: 3
Narrow klass base: 0x0000000800000000, Narrow klass shift: 0
Compressed class space size: 1073741824 Address: 0x0000000800000000

Heap:
 garbage-first heap   total 131072K, used 7168K [0x0000000740000000, 0x00000007c0000000)
  region size 1024K, 8 young (8192K), 0 survivors (0K)
 Metaspace       used 7920K, capacity 8135K, committed 8320K, reserved 1056768K
  class space    used 777K, capacity 882K, committed 896K, reserved 1048576K
Heap Regions: E=young(eden), S=young(survivor), O=old, HS=humongous(starts), HC=humongous(continues), CS=collection set, F=free, A=archive, TAMS=top-at-mark-start (previous, next)
|   0|0x0000000740000000, 0x0000000740000000, 0x0000000740100000|  0%| F|  |TAMS 0x0000000740000000, 0x0000000740000000| Untracked 
|   1|0x0000000740100000, 0x0000000740100000, 0x0000000740200000|  0%| F|  |TAMS 0x0000000740100000, 0x0000000740100000| Untracked 
|   2|0x0000000740200000, 0x0000000740200000, 0x0000000740300000|  0%| F|  |TAMS 0x0000000740200000, 0x0000000740200000| Untracked 
|   3|0x0000000740300000, 0x0000000740300000, 0x0000000740400000|  0%| F|  |TAMS 0x0000000740300000, 0x0000000740300000| Untracked 
|   4|0x0000000740400000, 0x0000000740400000, 0x0000000740500000|  0%| F|  |TAMS 0x0000000740400000, 0x0000000740400000| Untracked 
|   5|0x0000000740500000, 0x0000000740500000, 0x0000000740600000|  0%| F|  |TAMS 0x0000000740500000, 0x0000000740500000| Untracked 
|   6|0x0000000740600000, 0x0000000740600000, 0x0000000740700000|  0%| F|  |TAMS 0x0000000740600000, 0x0000000740600000| Untracked 
|   7|0x0000000740700000, 0x0000000740700000, 0x0000000740800000|  0%| F|  |TAMS 0x0000000740700000, 0x0000000740700000| Untracked 
|   8|0x0000000740800000, 0x0000000740800000, 0x0000000740900000|  0%| F|  |TAMS 0x0000000740800000, 0x0000000740800000| Untracked 
|   9|0x0000000740900000, 0x0000000740900000, 0x0000000740a00000|  0%| F|  |TAMS 0x0000000740900000, 0x0000000740900000| Untracked 
|  10|0x0000000740a00000, 0x0000000740a00000, 0x0000000740b00000|  0%| F|  |TAMS 0x0000000740a00000, 0x0000000740a00000| Untracked 
|  11|0x0000000740b00000, 0x0000000740b00000, 0x0000000740c00000|  0%| F|  |TAMS 0x0000000740b00000, 0x0000000740b00000| Untracked 
|  12|0x0000000740c00000, 0x0000000740c00000, 0x0000000740d00000|  0%| F|  |TAMS 0x0000000740c00000, 0x0000000740c00000| Untracked 
|  13|0x0000000740d00000, 0x0000000740d00000, 0x0000000740e00000|  0%| F|  |TAMS 0x0000000740d00000, 0x0000000740d00000| Untracked 
|  14|0x0000000740e00000, 0x0000000740e00000, 0x0000000740f00000|  0%| F|  |TAMS 0x0000000740e00000, 0x0000000740e00000| Untracked 
|  15|0x0000000740f00000, 0x0000000740f00000, 0x0000000741000000|  0%| F|  |TAMS 0x0000000740f00000, 0x0000000740f00000| Untracked 
|  16|0x0000000741000000, 0x0000000741000000, 0x0000000741100000|  0%| F|  |TAMS 0x0000000741000000, 0x0000000741000000| Untracked 
|  17|0x0000000741100000, 0x0000000741100000, 0x0000000741200000|  0%| F|  |TAMS 0x0000000741100000, 0x0000000741100000| Untracked 
|  18|0x0000000741200000, 0x0000000741200000, 0x0000000741300000|  0%| F|  |TAMS 0x0000000741200000, 0x0000000741200000| Untracked 
|  19|0x0000000741300000, 0x0000000741300000, 0x0000000741400000|  0%| F|  |TAMS 0x0000000741300000, 0x0000000741300000| Untracked 
|  20|0x0000000741400000, 0x0000000741400000, 0x0000000741500000|  0%| F|  |TAMS 0x0000000741400000, 0x0000000741400000| Untracked 
|  21|0x0000000741500000, 0x0000000741500000, 0x0000000741600000|  0%| F|  |TAMS 0x0000000741500000, 0x0000000741500000| Untracked 
|  22|0x0000000741600000, 0x0000000741600000, 0x0000000741700000|  0%| F|  |TAMS 0x0000000741600000, 0x0000000741600000| Untracked 
|  23|0x0000000741700000, 0x0000000741700000, 0x0000000741800000|  0%| F|  |TAMS 0x0000000741700000, 0x0000000741700000| Untracked 
|  24|0x0000000741800000, 0x0000000741800000, 0x0000000741900000|  0%| F|  |TAMS 0x0000000741800000, 0x0000000741800000| Untracked 
|  25|0x0000000741900000, 0x0000000741900000, 0x0000000741a00000|  0%| F|  |TAMS 0x0000000741900000, 0x0000000741900000| Untracked 
|  26|0x0000000741a00000, 0x0000000741a00000, 0x0000000741b00000|  0%| F|  |TAMS 0x0000000741a00000, 0x0000000741a00000| Untracked 
|  27|0x0000000741b00000, 0x0000000741b00000, 0x0000000741c00000|  0%| F|  |TAMS 0x0000000741b00000, 0x0000000741b00000| Untracked 
|  28|0x0000000741c00000, 0x0000000741c00000, 0x0000000741d00000|  0%| F|  |TAMS 0x0000000741c00000, 0x0000000741c00000| Untracked 
|  29|0x0000000741d00000, 0x0000000741d00000, 0x0000000741e00000|  0%| F|  |TAMS 0x0000000741d00000, 0x0000000741d00000| Untracked 
|  30|0x0000000741e00000, 0x0000000741e00000, 0x0000000741f00000|  0%| F|  |TAMS 0x0000000741e00000, 0x0000000741e00000| Untracked 
|  31|0x0000000741f00000, 0x0000000741f00000, 0x0000000742000000|  0%| F|  |TAMS 0x0000000741f00000, 0x0000000741f00000| Untracked 
|  32|0x0000000742000000, 0x0000000742000000, 0x0000000742100000|  0%| F|  |TAMS 0x0000000742000000, 0x0000000742000000| Untracked 
|  33|0x0000000742100000, 0x0000000742100000, 0x0000000742200000|  0%| F|  |TAMS 0x0000000742100000, 0x0000000742100000| Untracked 
|  34|0x0000000742200000, 0x0000000742200000, 0x0000000742300000|  0%| F|  |TAMS 0x0000000742200000, 0x0000000742200000| Untracked 
|  35|0x0000000742300000, 0x0000000742300000, 0x0000000742400000|  0%| F|  |TAMS 0x0000000742300000, 0x0000000742300000| Untracked 
|  36|0x0000000742400000, 0x0000000742400000, 0x0000000742500000|  0%| F|  |TAMS 0x0000000742400000, 0x0000000742400000| Untracked 
|  37|0x0000000742500000, 0x0000000742500000, 0x0000000742600000|  0%| F|  |TAMS 0x0000000742500000, 0x0000000742500000| Untracked 
|  38|0x0000000742600000, 0x0000000742600000, 0x0000000742700000|  0%| F|  |TAMS 0x0000000742600000, 0x0000000742600000| Untracked 
|  39|0x0000000742700000, 0x0000000742700000, 0x0000000742800000|  0%| F|  |TAMS 0x0000000742700000, 0x0000000742700000| Untracked 
|  40|0x0000000742800000, 0x0000000742800000, 0x0000000742900000|  0%| F|  |TAMS 0x0000000742800000, 0x0000000742800000| Untracked 
|  41|0x0000000742900000, 0x0000000742900000, 0x0000000742a00000|  0%| F|  |TAMS 0x0000000742900000, 0x0000000742900000| Untracked 
|  42|0x0000000742a00000, 0x0000000742a00000, 0x0000000742b00000|  0%| F|  |TAMS 0x0000000742a00000, 0x0000000742a00000| Untracked 
|  43|0x0000000742b00000, 0x0000000742b00000, 0x0000000742c00000|  0%| F|  |TAMS 0x0000000742b00000, 0x0000000742b00000| Untracked 
|  44|0x0000000742c00000, 0x0000000742c00000, 0x0000000742d00000|  0%| F|  |TAMS 0x0000000742c00000, 0x0000000742c00000| Untracked 
|  45|0x0000000742d00000, 0x0000000742d00000, 0x0000000742e00000|  0%| F|  |TAMS 0x0000000742d00000, 0x0000000742d00000| Untracked 
|  46|0x0000000742e00000, 0x0000000742e00000, 0x0000000742f00000|  0%| F|  |TAMS 0x0000000742e00000, 0x0000000742e00000| Untracked 
|  47|0x0000000742f00000, 0x0000000742f00000, 0x0000000743000000|  0%| F|  |TAMS 0x0000000742f00000, 0x0000000742f00000| Untracked 
|  48|0x0000000743000000, 0x0000000743000000, 0x0000000743100000|  0%| F|  |TAMS 0x0000000743000000, 0x0000000743000000| Untracked 
|  49|0x0000000743100000, 0x0000000743100000, 0x0000000743200000|  0%| F|  |TAMS 0x0000000743100000, 0x0000000743100000| Untracked 
|  50|0x0000000743200000, 0x0000000743200000, 0x0000000743300000|  0%| F|  |TAMS 0x0000000743200000, 0x0000000743200000| Untracked 
|  51|0x0000000743300000, 0x0000000743300000, 0x0000000743400000|  0%| F|  |TAMS 0x0000000743300000, 0x0000000743300000| Untracked 
|  52|0x0000000743400000, 0x0000000743400000, 0x0000000743500000|  0%| F|  |TAMS 0x0000000743400000, 0x0000000743400000| Untracked 
|  53|0x0000000743500000, 0x0000000743500000, 0x0000000743600000|  0%| F|  |TAMS 0x0000000743500000, 0x0000000743500000| Untracked 
|  54|0x0000000743600000, 0x0000000743600000, 0x0000000743700000|  0%| F|  |TAMS 0x0000000743600000, 0x0000000743600000| Untracked 
|  55|0x0000000743700000, 0x0000000743700000, 0x0000000743800000|  0%| F|  |TAMS 0x0000000743700000, 0x0000000743700000| Untracked 
|  56|0x0000000743800000, 0x0000000743800000, 0x0000000743900000|  0%| F|  |TAMS 0x0000000743800000, 0x0000000743800000| Untracked 
|  57|0x0000000743900000, 0x0000000743900000, 0x0000000743a00000|  0%| F|  |TAMS 0x0000000743900000, 0x0000000743900000| Untracked 
|  58|0x0000000743a00000, 0x0000000743a00000, 0x0000000743b00000|  0%| F|  |TAMS 0x0000000743a00000, 0x0000000743a00000| Untracked 
|  59|0x0000000743b00000, 0x0000000743b00000, 0x0000000743c00000|  0%| F|  |TAMS 0x0000000743b00000, 0x0000000743b00000| Untracked 
|  60|0x0000000743c00000, 0x0000000743c00000, 0x0000000743d00000|  0%| F|  |TAMS 0x0000000743c00000, 0x0000000743c00000| Untracked 
|  61|0x0000000743d00000, 0x0000000743d00000, 0x0000000743e00000|  0%| F|  |TAMS 0x0000000743d00000, 0x0000000743d00000| Untracked 
|  62|0x0000000743e00000, 0x0000000743e00000, 0x0000000743f00000|  0%| F|  |TAMS 0x0000000743e00000, 0x0000000743e00000| Untracked 
|  63|0x0000000743f00000, 0x0000000743f00000, 0x0000000744000000|  0%| F|  |TAMS 0x0000000743f00000, 0x0000000743f00000| Untracked 
|  64|0x0000000744000000, 0x0000000744000000, 0x0000000744100000|  0%| F|  |TAMS 0x0000000744000000, 0x0000000744000000| Untracked 
|  65|0x0000000744100000, 0x0000000744100000, 0x0000000744200000|  0%| F|  |TAMS 0x0000000744100000, 0x0000000744100000| Untracked 
|  66|0x0000000744200000, 0x0000000744200000, 0x0000000744300000|  0%| F|  |TAMS 0x0000000744200000, 0x0000000744200000| Untracked 
|  67|0x0000000744300000, 0x0000000744300000, 0x0000000744400000|  0%| F|  |TAMS 0x0000000744300000, 0x0000000744300000| Untracked 
|  68|0x0000000744400000, 0x0000000744400000, 0x0000000744500000|  0%| F|  |TAMS 0x0000000744400000, 0x0000000744400000| Untracked 
|  69|0x0000000744500000, 0x0000000744500000, 0x0000000744600000|  0%| F|  |TAMS 0x0000000744500000, 0x0000000744500000| Untracked 
|  70|0x0000000744600000, 0x0000000744600000, 0x0000000744700000|  0%| F|  |TAMS 0x0000000744600000, 0x0000000744600000| Untracked 
|  71|0x0000000744700000, 0x0000000744700000, 0x0000000744800000|  0%| F|  |TAMS 0x0000000744700000, 0x0000000744700000| Untracked 
|  72|0x0000000744800000, 0x0000000744800000, 0x0000000744900000|  0%| F|  |TAMS 0x0000000744800000, 0x0000000744800000| Untracked 
|  73|0x0000000744900000, 0x0000000744900000, 0x0000000744a00000|  0%| F|  |TAMS 0x0000000744900000, 0x0000000744900000| Untracked 
|  74|0x0000000744a00000, 0x0000000744a00000, 0x0000000744b00000|  0%| F|  |TAMS 0x0000000744a00000, 0x0000000744a00000| Untracked 
|  75|0x0000000744b00000, 0x0000000744b00000, 0x0000000744c00000|  0%| F|  |TAMS 0x0000000744b00000, 0x0000000744b00000| Untracked 
|  76|0x0000000744c00000, 0x0000000744c00000, 0x0000000744d00000|  0%| F|  |TAMS 0x0000000744c00000, 0x0000000744c00000| Untracked 
|  77|0x0000000744d00000, 0x0000000744d00000, 0x0000000744e00000|  0%| F|  |TAMS 0x0000000744d00000, 0x0000000744d00000| Untracked 
|  78|0x0000000744e00000, 0x0000000744e00000, 0x0000000744f00000|  0%| F|  |TAMS 0x0000000744e00000, 0x0000000744e00000| Untracked 
|  79|0x0000000744f00000, 0x0000000744f00000, 0x0000000745000000|  0%| F|  |TAMS 0x0000000744f00000, 0x0000000744f00000| Untracked 
|  80|0x0000000745000000, 0x0000000745000000, 0x0000000745100000|  0%| F|  |TAMS 0x0000000745000000, 0x0000000745000000| Untracked 
|  81|0x0000000745100000, 0x0000000745100000, 0x0000000745200000|  0%| F|  |TAMS 0x0000000745100000, 0x0000000745100000| Untracked 
|  82|0x0000000745200000, 0x0000000745200000, 0x0000000745300000|  0%| F|  |TAMS 0x0000000745200000, 0x0000000745200000| Untracked 
|  83|0x0000000745300000, 0x0000000745300000, 0x0000000745400000|  0%| F|  |TAMS 0x0000000745300000, 0x0000000745300000| Untracked 
|  84|0x0000000745400000, 0x0000000745400000, 0x0000000745500000|  0%| F|  |TAMS 0x0000000745400000, 0x0000000745400000| Untracked 
|  85|0x0000000745500000, 0x0000000745500000, 0x0000000745600000|  0%| F|  |TAMS 0x0000000745500000, 0x0000000745500000| Untracked 
|  86|0x0000000745600000, 0x0000000745600000, 0x0000000745700000|  0%| F|  |TAMS 0x0000000745600000, 0x0000000745600000| Untracked 
|  87|0x0000000745700000, 0x0000000745700000, 0x0000000745800000|  0%| F|  |TAMS 0x0000000745700000, 0x0000000745700000| Untracked 
|  88|0x0000000745800000, 0x0000000745800000, 0x0000000745900000|  0%| F|  |TAMS 0x0000000745800000, 0x0000000745800000| Untracked 
|  89|0x0000000745900000, 0x0000000745900000, 0x0000000745a00000|  0%| F|  |TAMS 0x0000000745900000, 0x0000000745900000| Untracked 
|  90|0x0000000745a00000, 0x0000000745a00000, 0x0000000745b00000|  0%| F|  |TAMS 0x0000000745a00000, 0x0000000745a00000| Untracked 
|  91|0x0000000745b00000, 0x0000000745b00000, 0x0000000745c00000|  0%| F|  |TAMS 0x0000000745b00000, 0x0000000745b00000| Untracked 
|  92|0x0000000745c00000, 0x0000000745c00000, 0x0000000745d00000|  0%| F|  |TAMS 0x0000000745c00000, 0x0000000745c00000| Untracked 
|  93|0x0000000745d00000, 0x0000000745d00000, 0x0000000745e00000|  0%| F|  |TAMS 0x0000000745d00000, 0x0000000745d00000| Untracked 
|  94|0x0000000745e00000, 0x0000000745e00000, 0x0000000745f00000|  0%| F|  |TAMS 0x0000000745e00000, 0x0000000745e00000| Untracked 
|  95|0x0000000745f00000, 0x0000000745f00000, 0x0000000746000000|  0%| F|  |TAMS 0x0000000745f00000, 0x0000000745f00000| Untracked 
|  96|0x0000000746000000, 0x0000000746000000, 0x0000000746100000|  0%| F|  |TAMS 0x0000000746000000, 0x0000000746000000| Untracked 
|  97|0x0000000746100000, 0x0000000746100000, 0x0000000746200000|  0%| F|  |TAMS 0x0000000746100000, 0x0000000746100000| Untracked 
|  98|0x0000000746200000, 0x0000000746200000, 0x0000000746300000|  0%| F|  |TAMS 0x0000000746200000, 0x0000000746200000| Untracked 
|  99|0x0000000746300000, 0x0000000746300000, 0x0000000746400000|  0%| F|  |TAMS 0x0000000746300000, 0x0000000746300000| Untracked 
| 100|0x0000000746400000, 0x0000000746400000, 0x0000000746500000|  0%| F|  |TAMS 0x0000000746400000, 0x0000000746400000| Untracked 
| 101|0x0000000746500000, 0x0000000746500000, 0x0000000746600000|  0%| F|  |TAMS 0x0000000746500000, 0x0000000746500000| Untracked 
| 102|0x0000000746600000, 0x0000000746600000, 0x0000000746700000|  0%| F|  |TAMS 0x0000000746600000, 0x0000000746600000| Untracked 
| 103|0x0000000746700000, 0x0000000746700000, 0x0000000746800000|  0%| F|  |TAMS 0x0000000746700000, 0x0000000746700000| Untracked 
| 104|0x0000000746800000, 0x0000000746800000, 0x0000000746900000|  0%| F|  |TAMS 0x0000000746800000, 0x0000000746800000| Untracked 
| 105|0x0000000746900000, 0x0000000746900000, 0x0000000746a00000|  0%| F|  |TAMS 0x0000000746900000, 0x0000000746900000| Untracked 
| 106|0x0000000746a00000, 0x0000000746a00000, 0x0000000746b00000|  0%| F|  |TAMS 0x0000000746a00000, 0x0000000746a00000| Untracked 
| 107|0x0000000746b00000, 0x0000000746b00000, 0x0000000746c00000|  0%| F|  |TAMS 0x0000000746b00000, 0x0000000746b00000| Untracked 
| 108|0x0000000746c00000, 0x0000000746c00000, 0x0000000746d00000|  0%| F|  |TAMS 0x0000000746c00000, 0x0000000746c00000| Untracked 
| 109|0x0000000746d00000, 0x0000000746d00000, 0x0000000746e00000|  0%| F|  |TAMS 0x0000000746d00000, 0x0000000746d00000| Untracked 
| 110|0x0000000746e00000, 0x0000000746e00000, 0x0000000746f00000|  0%| F|  |TAMS 0x0000000746e00000, 0x0000000746e00000| Untracked 
| 111|0x0000000746f00000, 0x0000000746f00000, 0x0000000747000000|  0%| F|  |TAMS 0x0000000746f00000, 0x0000000746f00000| Untracked 
| 112|0x0000000747000000, 0x0000000747000000, 0x0000000747100000|  0%| F|  |TAMS 0x0000000747000000, 0x0000000747000000| Untracked 
| 113|0x0000000747100000, 0x0000000747100000, 0x0000000747200000|  0%| F|  |TAMS 0x0000000747100000, 0x0000000747100000| Untracked 
| 114|0x0000000747200000, 0x0000000747200000, 0x0000000747300000|  0%| F|  |TAMS 0x0000000747200000, 0x0000000747200000| Untracked 
| 115|0x0000000747300000, 0x0000000747300000, 0x0000000747400000|  0%| F|  |TAMS 0x0000000747300000, 0x0000000747300000| Untracked 
| 116|0x0000000747400000, 0x0000000747400000, 0x0000000747500000|  0%| F|  |TAMS 0x0000000747400000, 0x0000000747400000| Untracked 
| 117|0x0000000747500000, 0x0000000747500000, 0x0000000747600000|  0%| F|  |TAMS 0x0000000747500000, 0x0000000747500000| Untracked 
| 118|0x0000000747600000, 0x0000000747600000, 0x0000000747700000|  0%| F|  |TAMS 0x0000000747600000, 0x0000000747600000| Untracked 
| 119|0x0000000747700000, 0x0000000747700000, 0x0000000747800000|  0%| F|  |TAMS 0x0000000747700000, 0x0000000747700000| Untracked 
| 120|0x0000000747800000, 0x0000000747870010, 0x0000000747900000| 43%| E|  |TAMS 0x0000000747800000, 0x0000000747800000| Complete 
| 121|0x0000000747900000, 0x0000000747a00000, 0x0000000747a00000|100%| E|CS|TAMS 0x0000000747900000, 0x0000000747900000| Complete 
| 122|0x0000000747a00000, 0x0000000747b00000, 0x0000000747b00000|100%| E|CS|TAMS 0x0000000747a00000, 0x0000000747a00000| Complete 
| 123|0x0000000747b00000, 0x0000000747c00000, 0x0000000747c00000|100%| E|CS|TAMS 0x0000000747b00000, 0x0000000747b00000| Complete 
| 124|0x0000000747c00000, 0x0000000747d00000, 0x0000000747d00000|100%| E|CS|TAMS 0x0000000747c00000, 0x0000000747c00000| Complete 
| 125|0x0000000747d00000, 0x0000000747e00000, 0x0000000747e00000|100%| E|CS|TAMS 0x0000000747d00000, 0x0000000747d00000| Complete 
| 126|0x0000000747e00000, 0x0000000747f00000, 0x0000000747f00000|100%| E|CS|TAMS 0x0000000747e00000, 0x0000000747e00000| Complete 
| 127|0x0000000747f00000, 0x0000000748000000, 0x0000000748000000|100%| E|CS|TAMS 0x0000000747f00000, 0x0000000747f00000| Complete 

Card table byte_map: [0x0000000102ac4000,0x0000000102ec4000] _byte_map_base: 0x00000000ff0c4000

Marking Bits (Prev, Next): (CMBitMap*) 0x0000000141021218, (CMBitMap*) 0x0000000141021250
 Prev Bits: [0x000000011bd08000, 0x000000011dd08000)
 Next Bits: [0x000000011dd08000, 0x000000011fd08000)

Polling page: 0x00000001023fc000

Metaspace:

Usage:
  Non-class:      7.08 MB capacity,     6.98 MB ( 98%) used,    91.57 KB (  1%) free+waste,    18.50 KB ( <1%) overhead. 
      Class:    882.00 KB capacity,   777.91 KB ( 88%) used,    92.84 KB ( 11%) free+waste,    11.25 KB (  1%) overhead. 
       Both:      7.94 MB capacity,     7.74 MB ( 97%) used,   184.41 KB (  2%) free+waste,    29.75 KB ( <1%) overhead. 

Virtual space:
  Non-class space:        8.00 MB reserved,       7.25 MB ( 91%) committed 
      Class space:        1.00 GB reserved,     896.00 KB ( <1%) committed 
             Both:        1.01 GB reserved,       8.12 MB ( <1%) committed 

Chunk freelists:
   Non-Class:  11.00 KB
       Class:  14.00 KB
        Both:  25.00 KB

MaxMetaspaceSize: unlimited
CompressedClassSpaceSize: 1.00 GB
Initial GC threshold: 20.80 MB
Current GC threshold: 20.80 MB
CDS: off

CodeHeap 'non-profiled nmethods': size=120032Kb used=220Kb max_used=220Kb free=119811Kb
 bounds [0x00000001143d0000, 0x0000000114640000, 0x000000011b908000]
CodeHeap 'profiled nmethods': size=120016Kb used=950Kb max_used=950Kb free=119065Kb
 bounds [0x000000010ce9c000, 0x000000010d10c000, 0x00000001143d0000]
CodeHeap 'non-nmethods': size=5712Kb used=1144Kb max_used=1145Kb free=4568Kb
 bounds [0x000000010c908000, 0x000000010cb78000, 0x000000010ce9c000]
 total_blobs=1015 nmethods=573 adapters=359
 compilation: enabled
              stopped_count=0, restarted_count=0
 full_count=0

Compilation events (20 events):
Event: 0.326 Thread 0x0000000151822800  557       4       java.util.Arrays::copyOfRange (63 bytes)
Event: 0.326 Thread 0x0000000151823800 nmethod 556 0x000000010cf83e10 code [0x000000010cf84100, 0x000000010cf84ab0]
Event: 0.326 Thread 0x0000000151823800  555       3       java.lang.ClassLoader::loadClass (7 bytes)
Event: 0.326 Thread 0x0000000151823800 nmethod 555 0x000000010cf84e90 code [0x000000010cf85040, 0x000000010cf852c0]
Event: 0.327 Thread 0x0000000151822800 nmethod 557 0x0000000114403910 code [0x0000000114403b00, 0x0000000114403d90]
Event: 0.327 Thread 0x0000000151822800  559       4       java.lang.AbstractStringBuilder::append (45 bytes)
Event: 0.328 Thread 0x0000000151823800  561       3       java.lang.ref.SoftReference::get (29 bytes)
Event: 0.328 Thread 0x0000000151823800 nmethod 561 0x000000010cf85390 code [0x000000010cf85540, 0x000000010cf85790]
Event: 0.330 Thread 0x0000000151822800 nmethod 559 0x0000000114403f10 code [0x0000000114404140, 0x00000001144046f0]
Event: 0.330 Thread 0x0000000151822800  560       4       jdk.internal.org.objectweb.asm.ByteVector::putByte (39 bytes)
Event: 0.331 Thread 0x0000000151822800 nmethod 560 0x0000000114404a10 code [0x0000000114404bc0, 0x0000000114404d40]
Event: 0.331 Thread 0x0000000151822800  558       4       java.lang.StringBuilder::append (8 bytes)
Event: 0.333 Thread 0x0000000151822800 nmethod 558 0x0000000114404e90 code [0x00000001144050c0, 0x0000000114405670]
Event: 0.333 Thread 0x0000000151822800  562       4       java.lang.invoke.MethodType::parameterCount (6 bytes)
Event: 0.334 Thread 0x0000000151822800 nmethod 562 0x0000000114405a10 code [0x0000000114405bc0, 0x0000000114405c70]
Event: 0.408 Thread 0x0000000151822800  563       4       jdk.internal.jimage.ImageStringsReader::unmaskedHashCode (173 bytes)
Event: 0.411 Thread 0x0000000151822800 nmethod 563 0x0000000114405d10 code [0x0000000114405ec0, 0x00000001144061b0]
Event: 0.474 Thread 0x0000000151823800  564       3       jdk.internal.org.objectweb.asm.MethodVisitor::<init> (35 bytes)
Event: 0.474 Thread 0x0000000151822800  565       4       jdk.internal.org.objectweb.asm.ByteVector::put12 (64 bytes)
Event: 0.475 Thread 0x0000000151823800 nmethod 564 0x000000010cf85810 code [0x000000010cf85a00, 0x000000010cf85d40]

GC Heap History (0 events):
No events

Deoptimization events (4 events):
Event: 0.082 Thread 0x000000015180c000 Uncommon trap: trap_request=0xffffff4d fr.pc=0x00000001143d4ab0 relative=0x0000000000000170
Event: 0.082 Thread 0x000000015180c000 Uncommon trap: reason=unstable_if action=reinterpret pc=0x00000001143d4ab0 method=java.lang.String.hashCode()I @ 14 c2
Event: 0.082 Thread 0x000000015180c000 DEOPT PACKING pc=0x00000001143d4ab0 sp=0x000000016ded12b0
Event: 0.082 Thread 0x000000015180c000 DEOPT UNPACKING pc=0x000000010c93cd9c sp=0x000000016ded1250 mode 2

Classes redefined (0 events):
No events

Internal exceptions (18 events):
Event: 0.100 Thread 0x000000015180c000 Exception <a 'java/lang/NoSuchMethodError'{0x0000000747e4dfb8}: 'java.lang.Object java.lang.invoke.DirectMethodHandle$Holder.invokeStaticInit(java.lang.Object)'> (0x0000000747e4dfb8) thrown at [src/hotspot/share/interpreter/linkResolver.cpp, line 773]
Event: 0.102 Thread 0x000000015180c000 Exception <a 'java/lang/NoSuchMethodError'{0x0000000747e54190}: 'java.lang.Object java.lang.invoke.Invokers$Holder.invokeExact_MT(java.lang.Object, java.lang.Object, java.lang.Object, java.lang.Object, java.lang.Object, java.lang.Object, java.lang.Object, java.lang.Object)'> (0x0000000747e54190) thrown at [src/hotspot/share/interpreter/linkResolver.cpp, line 773]
Event: 0.106 Thread 0x000000015180c000 Exception <a 'java/lang/NoSuchMethodError'{0x0000000747e63b68}: 'java.lang.Object java.lang.invoke.Invokers$Holder.linkToTargetMethod(java.lang.Object)'> (0x0000000747e63b68) thrown at [src/hotspot/share/interpreter/linkResolver.cpp, line 773]
Event: 0.112 Thread 0x0000000151875800 Exception <a 'java/lang/NoSuchMethodError'{0x0000000747ef9c70}: 'java.lang.Object java.lang.invoke.Invokers$Holder.linkToTargetMethod(java.lang.Object, java.lang.Object)'> (0x0000000747ef9c70) thrown at [src/hotspot/share/interpreter/linkResolver.cpp, line 773]
Event: 0.123 Thread 0x0000000151875800 Exception <a 'java/lang/NoSuchMethodError'{0x0000000747d2af48}: 'java.lang.Object java.lang.invoke.DirectMethodHandle$Holder.invokeStatic(java.lang.Object, int)'> (0x0000000747d2af48) thrown at [src/hotspot/share/interpreter/linkResolver.cpp, line 773]
Event: 0.124 Thread 0x0000000151875800 Exception <a 'java/lang/NoSuchMethodError'{0x0000000747d2e770}: 'java.lang.Object java.lang.invoke.Invokers$Holder.linkToTargetMethod(int, java.lang.Object)'> (0x0000000747d2e770) thrown at [src/hotspot/share/interpreter/linkResolver.cpp, line 773]
Event: 0.124 Thread 0x0000000151875800 Exception <a 'java/lang/NoSuchMethodError'{0x0000000747d317f0}: 'int java.lang.invoke.DirectMethodHandle$Holder.invokeStatic(java.lang.Object, java.lang.Object, int)'> (0x0000000747d317f0) thrown at [src/hotspot/share/interpreter/linkResolver.cpp, line 773]
Event: 0.125 Thread 0x0000000151875800 Exception <a 'java/lang/NoSuchMethodError'{0x0000000747d3a7c8}: 'int java.lang.invoke.DirectMethodHandle$Holder.invokeSpecialIFC(java.lang.Object, java.lang.Object, java.lang.Object, int)'> (0x0000000747d3a7c8) thrown at [src/hotspot/share/interpreter/linkResolver.cpp, line 773]
Event: 0.126 Thread 0x0000000151875800 Exception <a 'java/lang/NoSuchMethodError'{0x0000000747d41350}: 'java.lang.Object java.lang.invoke.Invokers$Holder.linkToTargetMethod(java.lang.Object, java.lang.Object, java.lang.Object)'> (0x0000000747d41350) thrown at [src/hotspot/share/interpreter/linkResolver.cpp, line 773]
Event: 0.129 Thread 0x0000000151875800 Exception <a 'java/lang/NoSuchMethodError'{0x0000000747d4c790}: 'java.lang.Object java.lang.invoke.Invokers$Holder.invokeExact_MT(java.lang.Object, java.lang.Object, java.lang.Object, java.lang.Object, java.lang.Object, java.lang.Object, java.lang.Object)'> (0x0000000747d4c790) thrown at [src/hotspot/share/interpreter/linkResolver.cpp, line 773]
Event: 0.130 Thread 0x0000000151875800 Exception <a 'java/lang/NoSuchMethodError'{0x0000000747d52a88}: 'java.lang.Object java.lang.invoke.DirectMethodHandle$Holder.invokeStatic(java.lang.Object, java.lang.Object, int, int)'> (0x0000000747d52a88) thrown at [src/hotspot/share/interpreter/linkResolver.cpp, line 773]
Event: 0.149 Thread 0x0000000151875800 Exception <a 'java/lang/NoSuchMethodError'{0x0000000747c00240}: 'java.lang.Object java.lang.invoke.DirectMethodHandle$Holder.invokeStatic(java.lang.Object, java.lang.Object, java.lang.Object, java.lang.Object, java.lang.Object, java.lang.Object, java.lang.Object, java.lang.Object, java.lang.Object, int)'> (0x0000000747c00240) thrown at [src/hotspot/share/interpreter/linkResolver.cpp, line 773]
Event: 0.151 Thread 0x0000000151875800 Exception <a 'java/lang/NoSuchMethodError'{0x0000000747c1ba28}: 'java.lang.Object java.lang.invoke.DirectMethodHandle$Holder.invokeStatic(java.lang.Object, java.lang.Object, java.lang.Object, java.lang.Object, java.lang.Object, java.lang.Object, java.lang.Object, java.lang.Object, java.lang.Object, int, int)'> (0x0000000747c1ba28) thrown at [src/hotspot/share/interpreter/linkResolver.cpp, line 773]
Event: 0.152 Thread 0x0000000151875800 Exception <a 'java/lang/NoSuchMethodError'{0x0000000747c38358}: 'java.lang.Object java.lang.invoke.DirectMethodHandle$Holder.invokeStatic(java.lang.Object, java.lang.Object, java.lang.Object, java.lang.Object, java.lang.Object, java.lang.Object, java.lang.Object, java.lang.Object, java.lang.Object, int, int, java.lang.Object)'> (0x0000000747c38358) thrown at [src/hotspot/share/interpreter/linkResolver.cpp, line 773]
Event: 0.165 Thread 0x0000000151875800 Exception <a 'java/lang/NoSuchMethodError'{0x0000000747c849f8}: 'void java.lang.invoke.DirectMethodHandle$Holder.invokeSpecial(java.lang.Object, java.lang.Object, java.lang.Object)'> (0x0000000747c849f8) thrown at [src/hotspot/share/interpreter/linkResolver.cpp, line 773]
Event: 0.196 Thread 0x00000001541d8000 Exception <a 'java/lang/NoSuchMethodError'{0x0000000747a08f08}: 'java.lang.Object java.lang.invoke.DirectMethodHandle$Holder.invokeStatic(java.lang.Object, java.lang.Object, java.lang.Object, java.lang.Object, java.lang.Object, java.lang.Object, java.lang.Object, java.lang.Object, java.lang.Object, java.lang.Object, java.lang.Object, int)'> (0x0000000747a08f08) thrown at [src/hotspot/share/interpreter/linkResolver.cpp, line 773]
Event: 0.321 Thread 0x0000000151875800 Exception <a 'java/lang/NoSuchMethodError'{0x0000000747cc4dc8}: 'int java.lang.invoke.DirectMethodHandle$Holder.invokeStaticInit(java.lang.Object, java.lang.Object, java.lang.Object)'> (0x0000000747cc4dc8) thrown at [src/hotspot/share/interpreter/linkResolver.cpp, line 773]
Event: 0.322 Thread 0x0000000151875800 Exception <a 'java/lang/NoSuchMethodError'{0x0000000747cd07d8}: 'void java.lang.invoke.DirectMethodHandle$Holder.invokeSpecial(java.lang.Object, java.lang.Object)'> (0x0000000747cd07d8) thrown at [src/hotspot/share/interpreter/linkResolver.cpp, line 773]

Events (20 events):
Event: 0.329 loading class java/util/concurrent/LinkedBlockingDeque done
Event: 0.329 Thread 0x000000015297b000 Thread added: 0x000000015297b000
Event: 0.329 Protecting memory [0x000000017841c000,0x0000000178428000] with protection modes 0
Event: 0.329 loading class com/sun/glass/ui/mac/MacApplication
Event: 0.329 loading class com/sun/glass/ui/mac/MacApplication done
Event: 0.330 Protecting memory [0x000000016bc44000,0x000000016bc50000] with protection modes 0
Event: 0.330 Thread 0x0000000141037000 Thread added: 0x0000000141037000
Event: 0.405 loading class com/sun/glass/ui/EventLoop
Event: 0.405 loading class com/sun/glass/ui/EventLoop done
Event: 0.405 loading class com/sun/glass/ui/mac/MacApplication
Event: 0.405 loading class com/sun/glass/ui/mac/MacApplication done
Event: 0.408 Thread 0x00000001511cd000 Thread added: 0x00000001511cd000
Event: 0.408 Protecting memory [0x0000000178628000,0x0000000178634000] with protection modes 0
Event: 0.474 loading class com/sun/glass/ui/EventLoop
Event: 0.474 loading class com/sun/glass/ui/EventLoop done
Event: 0.474 loading class com/sun/glass/ui/EventLoop
Event: 0.474 loading class com/sun/glass/ui/EventLoop done
Event: 0.474 loading class java/util/concurrent/LinkedBlockingDeque$Node
Event: 0.474 loading class java/util/concurrent/LinkedBlockingDeque$Node done
Event: 0.475 Executing VM operation: RevokeBias


Dynamic libraries:
0x00000001022f4000 	/Library/Java/JavaVirtualMachines/zulu-11.jdk/Contents/Home/lib/jli/libjli.dylib
0x00000001cd1b0000 	/System/Library/Frameworks/Cocoa.framework/Versions/A/Cocoa
0x00000001b93b9000 	/System/Library/Frameworks/AppKit.framework/Versions/C/AppKit
0x00000001bc8d0000 	/System/Library/Frameworks/CoreData.framework/Versions/A/CoreData
0x00000001b7714000 	/System/Library/Frameworks/Foundation.framework/Versions/C/Foundation
0x00000001c132d000 	/usr/lib/libSystem.B.dylib
0x00000001ba272000 	/System/Library/PrivateFrameworks/UIFoundation.framework/Versions/A/UIFoundation
0x00000001c737b000 	/System/Library/PrivateFrameworks/RemoteViewServices.framework/Versions/A/RemoteViewServices
0x00000001bf7ec000 	/System/Library/PrivateFrameworks/XCTTargetBootstrap.framework/Versions/A/XCTTargetBootstrap
0x00000001c306f000 	/System/Library/PrivateFrameworks/InternationalSupport.framework/Versions/A/InternationalSupport
0x00000001c30f8000 	/System/Library/PrivateFrameworks/UserActivity.framework/Versions/A/UserActivity
0x00000001c2564000 	/usr/lib/libspindump.dylib
0x00000001ba4e3000 	/System/Library/Frameworks/UniformTypeIdentifiers.framework/Versions/A/UniformTypeIdentifiers
0x00000001bdd34000 	/usr/lib/libapp_launch_measurement.dylib
0x00000001bd25c000 	/System/Library/PrivateFrameworks/CoreAnalytics.framework/Versions/A/CoreAnalytics
0x00000001bdd37000 	/System/Library/PrivateFrameworks/CoreAutoLayout.framework/Versions/A/CoreAutoLayout
0x00000001bf0db000 	/System/Library/Frameworks/Metal.framework/Versions/A/Metal
0x00000001bfe55000 	/usr/lib/liblangid.dylib
0x00000001bf7f1000 	/System/Library/PrivateFrameworks/CoreSVG.framework/Versions/A/CoreSVG
0x00000001bb97a000 	/System/Library/PrivateFrameworks/SkyLight.framework/Versions/A/SkyLight
0x00000001bbd56000 	/System/Library/Frameworks/CoreGraphics.framework/Versions/A/CoreGraphics
0x00000001c7a47000 	/System/Library/Frameworks/Accelerate.framework/Versions/A/Accelerate
0x00000001c1fdb000 	/System/Library/PrivateFrameworks/IconServices.framework/Versions/A/IconServices
0x00000001bf0bd000 	/System/Library/Frameworks/IOSurface.framework/Versions/A/IOSurface
0x00000001bd28d000 	/usr/lib/libDiagnosticMessagesClient.dylib
0x00000001c1276000 	/usr/lib/libz.1.dylib
0x00000001caf4d000 	/System/Library/Frameworks/ApplicationServices.framework/Versions/A/ApplicationServices
0x00000001bf7d4000 	/System/Library/PrivateFrameworks/DFRFoundation.framework/Versions/A/DFRFoundation
0x00000001b8c49000 	/usr/lib/libicucore.A.dylib
0x00000001c3f1d000 	/System/Library/Frameworks/AudioToolbox.framework/Versions/A/AudioToolbox
0x00000001c307b000 	/System/Library/PrivateFrameworks/DataDetectorsCore.framework/Versions/A/DataDetectorsCore
0x00000001d9a99000 	/System/Library/PrivateFrameworks/TextInput.framework/Versions/A/TextInput
0x00000001bb8ef000 	/usr/lib/libMobileGestalt.dylib
0x00000001bf4a0000 	/System/Library/Frameworks/Carbon.framework/Versions/A/Frameworks/HIToolbox.framework/Versions/A/HIToolbox
0x00000001bd70d000 	/System/Library/Frameworks/QuartzCore.framework/Versions/A/QuartzCore
0x00000001b88ca000 	/System/Library/Frameworks/Security.framework/Versions/A/Security
0x00000001c73bb000 	/System/Library/Frameworks/Carbon.framework/Versions/A/Frameworks/SpeechRecognition.framework/Versions/A/SpeechRecognition
0x00000001bda89000 	/System/Library/PrivateFrameworks/CoreUI.framework/Versions/A/CoreUI
0x00000001b81a6000 	/System/Library/Frameworks/CoreAudio.framework/Versions/A/CoreAudio
0x00000001bd381000 	/System/Library/Frameworks/DiskArbitration.framework/Versions/A/DiskArbitration
0x00000001c296e000 	/System/Library/PrivateFrameworks/MultitouchSupport.framework/Versions/A/MultitouchSupport
0x00000001bb8ed000 	/usr/lib/libenergytrace.dylib
0x00000001b9281000 	/System/Library/Frameworks/IOKit.framework/Versions/A/IOKit
0x00000001c77aa000 	/System/Library/Frameworks/CoreServices.framework/Versions/A/CoreServices
0x00000001bdcc4000 	/System/Library/PrivateFrameworks/PerformanceAnalysis.framework/Versions/A/PerformanceAnalysis
0x0000000217f43000 	/System/Library/Frameworks/OpenGL.framework/Versions/A/OpenGL
0x00000001c08c8000 	/System/Library/PrivateFrameworks/MobileKeyBag.framework/Versions/A/MobileKeyBag
0x00000001b6647000 	/usr/lib/libobjc.A.dylib
0x00000001bc364000 	/System/Library/Frameworks/ColorSync.framework/Versions/A/ColorSync
0x00000001b6810000 	/System/Library/Frameworks/CoreFoundation.framework/Versions/A/CoreFoundation
0x00000001bfa71000 	/System/Library/Frameworks/CoreImage.framework/Versions/A/CoreImage
0x00000001b7fca000 	/System/Library/Frameworks/CoreText.framework/Versions/A/CoreText
0x00000001bf821000 	/System/Library/Frameworks/ImageIO.framework/Versions/A/ImageIO
0x00000001c1333000 	/System/Library/PrivateFrameworks/SoftLinking.framework/Versions/A/SoftLinking
0x00000001bdd82000 	/usr/lib/libxml2.2.dylib
0x00000001b670a000 	/usr/lib/libc++.1.dylib
0x00000001c15cc000 	/usr/lib/libcompression.dylib
0x00000001c2fcb000 	/System/Library/PrivateFrameworks/TextureIO.framework/Versions/A/TextureIO
0x00000001c1cf4000 	/usr/lib/libate.dylib
0x00000001c1327000 	/usr/lib/system/libcache.dylib
0x00000001c12e5000 	/usr/lib/system/libcommonCrypto.dylib
0x00000001c130e000 	/usr/lib/system/libcompiler_rt.dylib
0x00000001c1305000 	/usr/lib/system/libcopyfile.dylib
0x00000001b654b000 	/usr/lib/system/libcorecrypto.dylib
0x00000001b6600000 	/usr/lib/system/libdispatch.dylib
0x00000001b67ce000 	/usr/lib/system/libdyld.dylib
0x00000001c131d000 	/usr/lib/system/libkeymgr.dylib
0x00000001c12c0000 	/usr/lib/system/libmacho.dylib
0x00000001c09b0000 	/usr/lib/system/libquarantine.dylib
0x00000001c131a000 	/usr/lib/system/libremovefile.dylib
0x00000001bb946000 	/usr/lib/system/libsystem_asl.dylib
0x00000001b64ed000 	/usr/lib/system/libsystem_blocks.dylib
0x00000001b6688000 	/usr/lib/system/libsystem_c.dylib
0x00000001c1312000 	/usr/lib/system/libsystem_collections.dylib
0x00000001bfe45000 	/usr/lib/system/libsystem_configuration.dylib
0x00000001bf09e000 	/usr/lib/system/libsystem_containermanager.dylib
0x00000001c101d000 	/usr/lib/system/libsystem_coreservices.dylib
0x00000001b8eff000 	/usr/lib/system/libsystem_darwin.dylib
0x00000001c131e000 	/usr/lib/system/libsystem_dnssd.dylib
0x00000001b6685000 	/usr/lib/system/libsystem_featureflags.dylib
0x00000001b67e3000 	/usr/lib/system/libsystem_info.dylib
0x00000001c1288000 	/usr/lib/system/libsystem_m.dylib
0x00000001b65d5000 	/usr/lib/system/libsystem_malloc.dylib
0x00000001bb8d4000 	/usr/lib/system/libsystem_networkextension.dylib
0x00000001b9358000 	/usr/lib/system/libsystem_notify.dylib
0x00000001c7681000 	/usr/lib/system/libsystem_product_info_filter.dylib
0x00000001bfe4a000 	/usr/lib/system/libsystem_sandbox.dylib
0x00000001c1317000 	/usr/lib/system/libsystem_secinit.dylib
0x00000001b6789000 	/usr/lib/system/libsystem_kernel.dylib
0x00000001b67db000 	/usr/lib/system/libsystem_platform.dylib
0x00000001b67c1000 	/usr/lib/system/libsystem_pthread.dylib
0x00000001bd0aa000 	/usr/lib/system/libsystem_symptoms.dylib
0x00000001b6531000 	/usr/lib/system/libsystem_trace.dylib
0x00000001c12f2000 	/usr/lib/system/libunwind.dylib
0x00000001b64ef000 	/usr/lib/system/libxpc.dylib
0x00000001b6771000 	/usr/lib/libc++abi.dylib
0x00000001c12fd000 	/usr/lib/liboah.dylib
0x00000001c1bb9000 	/usr/lib/liblzma.5.dylib
0x00000001b7407000 	/System/Library/Frameworks/SystemConfiguration.framework/Versions/A/SystemConfiguration
0x00000001c132f000 	/usr/lib/libfakelink.dylib
0x00000001bb41f000 	/System/Library/Frameworks/CFNetwork.framework/Versions/A/CFNetwork
0x00000001c1475000 	/usr/lib/libarchive.2.dylib
0x00000001bfe51000 	/System/Library/PrivateFrameworks/AppleSystemInfo.framework/Versions/A/AppleSystemInfo
0x00000001c09db000 	/usr/lib/libbsm.0.dylib
0x00000001ba98c000 	/usr/lib/libnetwork.dylib
0x00000001c12c9000 	/usr/lib/system/libkxld.dylib
0x00000001c05f5000 	/System/Library/PrivateFrameworks/IOMobileFramebuffer.framework/Versions/A/IOMobileFramebuffer
0x0000000236332000 	/usr/lib/libCoreEntitlements.dylib
0x00000001c0fff000 	/System/Library/PrivateFrameworks/AppleFSCompression.framework/Versions/A/AppleFSCompression
0x00000001c09c3000 	/usr/lib/libcoretls.dylib
0x00000001c1bd2000 	/usr/lib/libcoretls_cfhelpers.dylib
0x00000001c15c7000 	/usr/lib/libpam.2.dylib
0x00000001bccc0000 	/usr/lib/libsqlite3.dylib
0x00000001c1c3b000 	/usr/lib/libxar.1.dylib
0x00000001c1010000 	/usr/lib/libbz2.1.0.dylib
0x00000001c1334000 	/usr/lib/libpcap.A.dylib
0x00000001bd0a1000 	/usr/lib/libdns_services.dylib
0x00000001c159a000 	/usr/lib/libapple_nghttp2.dylib
0x00000001c1371000 	/usr/lib/libiconv.2.dylib
0x00000001c12bf000 	/usr/lib/libcharset.1.dylib
0x00000001bdd00000 	/System/Library/Frameworks/CoreServices.framework/Versions/A/Frameworks/FSEvents.framework/Versions/A/FSEvents
0x00000001b8f0a000 	/System/Library/Frameworks/CoreServices.framework/Versions/A/Frameworks/CarbonCore.framework/Versions/A/CarbonCore
0x00000001bd2e1000 	/System/Library/Frameworks/CoreServices.framework/Versions/A/Frameworks/Metadata.framework/Versions/A/Metadata
0x00000001c1023000 	/System/Library/Frameworks/CoreServices.framework/Versions/A/Frameworks/OSServices.framework/Versions/A/OSServices
0x00000001c14fb000 	/System/Library/Frameworks/CoreServices.framework/Versions/A/Frameworks/SearchKit.framework/Versions/A/SearchKit
0x00000001bd02f000 	/System/Library/Frameworks/CoreServices.framework/Versions/A/Frameworks/AE.framework/Versions/A/AE
0x00000001b6d57000 	/System/Library/Frameworks/CoreServices.framework/Versions/A/Frameworks/LaunchServices.framework/Versions/A/LaunchServices
0x00000001c1b62000 	/System/Library/Frameworks/CoreServices.framework/Versions/A/Frameworks/DictionaryServices.framework/Versions/A/DictionaryServices
0x00000001bdd0d000 	/System/Library/Frameworks/CoreServices.framework/Versions/A/Frameworks/SharedFileList.framework/Versions/A/SharedFileList
0x00000001c09b3000 	/usr/lib/libCheckFix.dylib
0x00000001bb95e000 	/System/Library/PrivateFrameworks/TCC.framework/Versions/A/TCC
0x00000001bfe57000 	/System/Library/PrivateFrameworks/CoreNLP.framework/Versions/A/CoreNLP
0x00000001bd290000 	/System/Library/PrivateFrameworks/MetadataUtilities.framework/Versions/A/MetadataUtilities
0x00000001b74c1000 	/usr/lib/libmecabra.dylib
0x00000001c09ec000 	/usr/lib/libmecab.dylib
0x00000001b748d000 	/usr/lib/libCRFSuite.dylib
0x00000001c0a49000 	/usr/lib/libgermantok.dylib
0x00000001c1573000 	/usr/lib/libThaiTokenizer.dylib
0x00000001bd389000 	/System/Library/Frameworks/Accelerate.framework/Versions/A/Frameworks/vImage.framework/Versions/A/vImage
0x00000001c7781000 	/System/Library/Frameworks/Accelerate.framework/Versions/A/Frameworks/vecLib.framework/Versions/A/vecLib
0x00000001c1c80000 	/System/Library/Frameworks/Accelerate.framework/Versions/A/Frameworks/vecLib.framework/Versions/A/libvMisc.dylib
0x00000001c04fc000 	/System/Library/Frameworks/Accelerate.framework/Versions/A/Frameworks/vecLib.framework/Versions/A/libvDSP.dylib
0x00000001b70e2000 	/System/Library/Frameworks/Accelerate.framework/Versions/A/Frameworks/vecLib.framework/Versions/A/libBLAS.dylib
0x00000001c169d000 	/System/Library/Frameworks/Accelerate.framework/Versions/A/Frameworks/vecLib.framework/Versions/A/libLAPACK.dylib
0x00000001c0a4c000 	/System/Library/Frameworks/Accelerate.framework/Versions/A/Frameworks/vecLib.framework/Versions/A/libLinearAlgebra.dylib
0x00000001c15b2000 	/System/Library/Frameworks/Accelerate.framework/Versions/A/Frameworks/vecLib.framework/Versions/A/libSparseBLAS.dylib
0x00000001c1698000 	/System/Library/Frameworks/Accelerate.framework/Versions/A/Frameworks/vecLib.framework/Versions/A/libQuadrature.dylib
0x00000001bff50000 	/System/Library/Frameworks/Accelerate.framework/Versions/A/Frameworks/vecLib.framework/Versions/A/libBNNS.dylib
0x00000001b73a0000 	/System/Library/Frameworks/Accelerate.framework/Versions/A/Frameworks/vecLib.framework/Versions/A/libSparse.dylib
0x00000001bff48000 	/System/Library/PrivateFrameworks/LinguisticData.framework/Versions/A/LinguisticData
0x00000001b7358000 	/System/Library/PrivateFrameworks/Lexicon.framework/Versions/A/Lexicon
0x00000001c1c78000 	/usr/lib/libChineseTokenizer.dylib
0x00000001b7b06000 	/System/Library/PrivateFrameworks/LanguageModeling.framework/Versions/A/LanguageModeling
0x00000001c1575000 	/System/Library/PrivateFrameworks/AppleSauce.framework/Versions/A/AppleSauce
0x00000001c05e2000 	/System/Library/PrivateFrameworks/CoreEmoji.framework/Versions/A/CoreEmoji
0x00000001c1463000 	/usr/lib/libcmph.dylib
0x00000001bdce0000 	/System/Library/Frameworks/OpenDirectory.framework/Versions/A/Frameworks/CFOpenDirectory.framework/Versions/A/CFOpenDirectory
0x00000001bdcd0000 	/System/Library/Frameworks/OpenDirectory.framework/Versions/A/OpenDirectory
0x00000001c1bd4000 	/System/Library/PrivateFrameworks/APFS.framework/Versions/A/APFS
0x00000001c0903000 	/System/Library/Frameworks/SecurityFoundation.framework/Versions/A/SecurityFoundation
0x00000001c1c4a000 	/usr/lib/libutil.dylib
0x00000001b9243000 	/System/Library/PrivateFrameworks/CoreServicesStore.framework/Versions/A/CoreServicesStore
0x00000001c1c4e000 	/usr/lib/libxslt.1.dylib
0x00000001c0997000 	/System/Library/PrivateFrameworks/BackgroundTaskManagement.framework/Versions/A/BackgroundTaskManagement
0x00000001c2eec000 	/System/Library/Frameworks/ImageIO.framework/Versions/A/Resources/libRadiance.dylib
0x00000001c2ef5000 	/System/Library/Frameworks/ImageIO.framework/Versions/A/Resources/libJPEG.dylib
0x00000001c2e46000 	/System/Library/Frameworks/ImageIO.framework/Versions/A/Resources/libPng.dylib
0x00000001c2e68000 	/System/Library/Frameworks/ImageIO.framework/Versions/A/Resources/libTIFF.dylib
0x00000001c2f50000 	/System/Library/Frameworks/ImageIO.framework/Versions/A/Resources/libGIF.dylib
0x00000001c287e000 	/System/Library/Frameworks/ImageIO.framework/Versions/A/Resources/libJP2.dylib
0x00000001c1fa0000 	/usr/lib/libexpat.1.dylib
0x00000001c2839000 	/System/Library/PrivateFrameworks/AppleJPEG.framework/Versions/A/AppleJPEG
0x00000001bf35c000 	/System/Library/PrivateFrameworks/FontServices.framework/libFontParser.dylib
0x00000001bcfd4000 	/System/Library/PrivateFrameworks/RunningBoardServices.framework/Versions/A/RunningBoardServices
0x00000001cd887000 	/System/Library/PrivateFrameworks/IOSurfaceAccelerator.framework/Versions/A/IOSurfaceAccelerator
0x00000001c296a000 	/System/Library/PrivateFrameworks/WatchdogClient.framework/Versions/A/WatchdogClient
0x00000001b7c06000 	/System/Library/Frameworks/CoreDisplay.framework/Versions/A/CoreDisplay
0x00000001bf246000 	/System/Library/Frameworks/CoreMedia.framework/Versions/A/CoreMedia
0x00000001bf0d1000 	/System/Library/PrivateFrameworks/IOAccelerator.framework/Versions/A/IOAccelerator
0x00000001bde70000 	/System/Library/Frameworks/CoreVideo.framework/Versions/A/CoreVideo
0x00000001c15c5000 	/System/Library/Frameworks/MetalPerformanceShaders.framework/Versions/A/MetalPerformanceShaders
0x00000001c29a9000 	/System/Library/Frameworks/VideoToolbox.framework/Versions/A/VideoToolbox
0x00000001bcf18000 	/System/Library/PrivateFrameworks/BaseBoard.framework/Versions/A/BaseBoard
0x00000001bcca6000 	/System/Library/PrivateFrameworks/ProtocolBuffer.framework/Versions/A/ProtocolBuffer
0x00000001c2ee7000 	/System/Library/PrivateFrameworks/GPUWrangler.framework/Versions/A/GPUWrangler
0x00000001c2ec7000 	/System/Library/PrivateFrameworks/IOPresentment.framework/Versions/A/IOPresentment
0x00000001c2eef000 	/System/Library/PrivateFrameworks/DSExternalDisplay.framework/Versions/A/DSExternalDisplay
0x0000000217f36000 	/System/Library/Frameworks/OpenGL.framework/Versions/A/Libraries/libCoreFSCache.dylib
0x0000000222e00000 	/System/Library/PrivateFrameworks/GPUCompiler.framework/Versions/31001/Libraries/libGPUCompilerUtils.dylib
0x00000001c2f55000 	/System/Library/PrivateFrameworks/CMCaptureCore.framework/Versions/A/CMCaptureCore
0x00000001c2551000 	/System/Library/PrivateFrameworks/AppServerSupport.framework/Versions/A/AppServerSupport
0x00000001c47db000 	/System/Library/PrivateFrameworks/perfdata.framework/Versions/A/perfdata
0x00000001b7d26000 	/System/Library/PrivateFrameworks/AudioToolboxCore.framework/Versions/A/AudioToolboxCore
0x00000001bf21f000 	/System/Library/PrivateFrameworks/caulk.framework/Versions/A/caulk
0x00000001c40d0000 	/usr/lib/libAudioStatistics.dylib
0x00000001d60ec000 	/System/Library/PrivateFrameworks/SystemPolicy.framework/Versions/A/SystemPolicy
0x00000001c433c000 	/usr/lib/libSMC.dylib
0x00000001cd08e000 	/System/Library/Frameworks/CoreMIDI.framework/Versions/A/CoreMIDI
0x00000001c2e14000 	/usr/lib/libAudioToolboxUtility.dylib
0x00000001d224f000 	/System/Library/PrivateFrameworks/OSAServicesClient.framework/Versions/A/OSAServicesClient
0x00000001c47e8000 	/usr/lib/libperfcheck.dylib
0x00000001d6c0b000 	/usr/lib/libmis.dylib
0x0000000217f98000 	/System/Library/Frameworks/OpenGL.framework/Versions/A/Libraries/libGLU.dylib
0x0000000217f57000 	/System/Library/Frameworks/OpenGL.framework/Versions/A/Libraries/libGFXShared.dylib
0x0000000218144000 	/System/Library/Frameworks/OpenGL.framework/Versions/A/Libraries/libGL.dylib
0x0000000217f60000 	/System/Library/Frameworks/OpenGL.framework/Versions/A/Libraries/libGLImage.dylib
0x0000000217f54000 	/System/Library/Frameworks/OpenGL.framework/Versions/A/Libraries/libCVMSPluginSupport.dylib
0x0000000217f3d000 	/System/Library/Frameworks/OpenGL.framework/Versions/A/Libraries/libCoreVMClient.dylib
0x00000001bfdd1000 	/System/Library/Frameworks/MetalPerformanceShaders.framework/Versions/A/Frameworks/MPSCore.framework/Versions/A/MPSCore
0x00000001c0f72000 	/System/Library/Frameworks/MetalPerformanceShaders.framework/Versions/A/Frameworks/MPSImage.framework/Versions/A/MPSImage
0x00000001c0a61000 	/System/Library/Frameworks/MetalPerformanceShaders.framework/Versions/A/Frameworks/MPSNeuralNetwork.framework/Versions/A/MPSNeuralNetwork
0x00000001c0e9a000 	/System/Library/Frameworks/MetalPerformanceShaders.framework/Versions/A/Frameworks/MPSMatrix.framework/Versions/A/MPSMatrix
0x00000001c0c73000 	/System/Library/Frameworks/MetalPerformanceShaders.framework/Versions/A/Frameworks/MPSRayIntersector.framework/Versions/A/MPSRayIntersector
0x00000001c0ecb000 	/System/Library/Frameworks/MetalPerformanceShaders.framework/Versions/A/Frameworks/MPSNDArray.framework/Versions/A/MPSNDArray
0x000000021aa3f000 	/System/Library/Frameworks/MetalPerformanceShaders.framework/Versions/A/Frameworks/MPSFunctions.framework/Versions/A/MPSFunctions
0x00000001b6fb8000 	/System/Library/PrivateFrameworks/MetalTools.framework/Versions/A/MetalTools
0x00000001bfe4f000 	/System/Library/PrivateFrameworks/AggregateDictionary.framework/Versions/A/AggregateDictionary
0x00000001c1d85000 	/usr/lib/libIOReport.dylib
0x00000001cc0a7000 	/System/Library/PrivateFrameworks/ASEProcessing.framework/Versions/A/ASEProcessing
0x00000001c20fa000 	/System/Library/PrivateFrameworks/FaceCore.framework/Versions/A/FaceCore
0x00000001c20ec000 	/System/Library/PrivateFrameworks/GraphVisualizer.framework/Versions/A/GraphVisualizer
0x0000000222d17000 	/System/Library/PrivateFrameworks/FontServices.framework/Versions/A/FontServices
0x00000001c250d000 	/System/Library/PrivateFrameworks/OTSVG.framework/Versions/A/OTSVG
0x00000001bda39000 	/System/Library/Frameworks/ApplicationServices.framework/Versions/A/Frameworks/ATS.framework/Versions/A/Resources/libFontRegistry.dylib
0x00000001c255a000 	/System/Library/PrivateFrameworks/FontServices.framework/libhvf.dylib
0x0000000222d18000 	/System/Library/PrivateFrameworks/FontServices.framework/libXTFontStaticRegistryData.dylib
0x00000002182e5000 	/System/Library/Frameworks/OpenCL.framework/Versions/A/OpenCL
0x00000001c1f54000 	/System/Library/PrivateFrameworks/AppleVA.framework/Versions/A/AppleVA
0x00000001c40f8000 	/System/Library/Frameworks/ApplicationServices.framework/Versions/A/Frameworks/ATS.framework/Versions/A/ATS
0x00000001bc463000 	/System/Library/Frameworks/ApplicationServices.framework/Versions/A/Frameworks/HIServices.framework/Versions/A/HIServices
0x00000001c2f5f000 	/System/Library/Frameworks/ApplicationServices.framework/Versions/A/Frameworks/PrintCore.framework/Versions/A/PrintCore
0x00000001c448f000 	/System/Library/Frameworks/ApplicationServices.framework/Versions/A/Frameworks/QD.framework/Versions/A/QD
0x00000001c4487000 	/System/Library/Frameworks/ApplicationServices.framework/Versions/A/Frameworks/ColorSyncLegacy.framework/Versions/A/ColorSyncLegacy
0x00000001c40e4000 	/System/Library/Frameworks/ApplicationServices.framework/Versions/A/Frameworks/SpeechSynthesis.framework/Versions/A/SpeechSynthesis
0x00000001c2f20000 	/System/Library/Frameworks/ApplicationServices.framework/Versions/A/Frameworks/ATSUI.framework/Versions/A/ATSUI
0x00000001c441c000 	/usr/lib/libcups.2.dylib
0x00000001c47f6000 	/System/Library/Frameworks/Kerberos.framework/Versions/A/Kerberos
0x00000001c4807000 	/System/Library/Frameworks/GSS.framework/Versions/A/GSS
0x00000001c4168000 	/usr/lib/libresolv.9.dylib
0x00000001c2569000 	/System/Library/PrivateFrameworks/Heimdal.framework/Versions/A/Heimdal
0x00000001cb2dd000 	/System/Library/Frameworks/Kerberos.framework/Versions/A/Libraries/libHeimdalProxy.dylib
0x00000001bd0b3000 	/System/Library/Frameworks/Network.framework/Versions/A/Network
0x00000001c1fbb000 	/usr/lib/libheimdal-asn1.dylib
0x00000001c4857000 	/System/Library/PrivateFrameworks/CommonAuth.framework/Versions/A/CommonAuth
0x00000001c405e000 	/System/Library/PrivateFrameworks/AudioSession.framework/Versions/A/AudioSession
0x00000001c204d000 	/System/Library/PrivateFrameworks/MediaExperience.framework/Versions/A/MediaExperience
0x00000001c3ee3000 	/System/Library/PrivateFrameworks/AudioSession.framework/libSessionUtility.dylib
0x00000001c449b000 	/System/Library/PrivateFrameworks/AudioResourceArbitration.framework/Versions/A/AudioResourceArbitration
0x00000001c865e000 	/System/Library/PrivateFrameworks/PowerLog.framework/Versions/A/PowerLog
0x00000001c1fc5000 	/System/Library/PrivateFrameworks/IconFoundation.framework/Versions/A/IconFoundation
0x00000001c73a7000 	/System/Library/PrivateFrameworks/SpeechRecognitionCore.framework/Versions/A/SpeechRecognitionCore
0x0000000103018000 	/Library/Java/JavaVirtualMachines/zulu-11.jdk/Contents/Home/lib/server/libjvm.dylib
0x0000000102414000 	/Library/Java/JavaVirtualMachines/zulu-11.jdk/Contents/Home/lib/libverify.dylib
0x0000000102460000 	/Library/Java/JavaVirtualMachines/zulu-11.jdk/Contents/Home/lib/libjava.dylib
0x000000010242c000 	/Library/Java/JavaVirtualMachines/zulu-11.jdk/Contents/Home/lib/libjimage.dylib
0x00000001024d4000 	/Library/Java/JavaVirtualMachines/zulu-11.jdk/Contents/Home/lib/libzip.dylib
0x0000000102f4c000 	/Library/Java/JavaVirtualMachines/zulu-11.jdk/Contents/Home/lib/libnio.dylib
0x0000000102f90000 	/Library/Java/JavaVirtualMachines/zulu-11.jdk/Contents/Home/lib/libnet.dylib
0x0000000102f6c000 	/Library/Java/JavaVirtualMachines/zulu-11.jdk/Contents/Home/lib/libprism_es2.dylib
0x00000001b9206000 	/System/Library/PrivateFrameworks/CoreServicesInternal.framework/Versions/A/CoreServicesInternal
0x000000021814e000 	/System/Library/Frameworks/OpenGL.framework/Versions/A/Resources/GLEngine.bundle/GLEngine
0x0000000217fd6000 	/System/Library/Frameworks/OpenGL.framework/Versions/A/Libraries/libGLProgrammability.dylib
0x0000000124d48000 	/System/Library/Extensions/AppleMetalOpenGLRenderer.bundle/Contents/MacOS/AppleMetalOpenGLRenderer
0x00000002182bd000 	/System/Library/Frameworks/OpenGL.framework/Versions/A/Resources/GLRendererFloat.bundle/GLRendererFloat
0x00000002183bd000 	/System/Library/Extensions/AGXMetal13_3.bundle/Contents/MacOS/AGXMetal13_3
0x00000001d6c27000 	/System/Library/PrivateFrameworks/GPURawCounter.framework/Versions/A/GPURawCounter
0x00000001d13b8000 	/System/Library/PrivateFrameworks/IOGPU.framework/Versions/A/IOGPU
0x0000000124c6c000 	/Library/Java/JavaVirtualMachines/zulu-11.jdk/Contents/Home/lib/libglass.dylib
0x00000001c88b6000 	/System/Library/Frameworks/FileProvider.framework/Versions/A/FileProvider
0x00000001bce80000 	/System/Library/Frameworks/Accounts.framework/Versions/A/Accounts
0x00000001c8a3a000 	/System/Library/PrivateFrameworks/GenerationalStorage.framework/Versions/A/GenerationalStorage
0x00000001c95fd000 	/System/Library/PrivateFrameworks/CoreSymbolication.framework/Versions/A/CoreSymbolication
0x00000001c8652000 	/System/Library/PrivateFrameworks/SymptomDiagnosticReporter.framework/Versions/A/SymptomDiagnosticReporter
0x00000001ba4f7000 	/System/Library/PrivateFrameworks/DesktopServicesPriv.framework/Versions/A/DesktopServicesPriv
0x00000001b9368000 	/usr/lib/libsandbox.1.dylib
0x00000001bdefe000 	/System/Library/PrivateFrameworks/UserManagement.framework/Versions/A/UserManagement
0x00000001c95ba000 	/System/Library/PrivateFrameworks/DebugSymbols.framework/Versions/A/DebugSymbols
0x00000001c447a000 	/System/Library/PrivateFrameworks/NetAuth.framework/Versions/A/NetAuth
0x00000001c5398000 	/System/Library/PrivateFrameworks/Sharing.framework/Versions/A/Sharing
0x00000001bdece000 	/System/Library/PrivateFrameworks/login.framework/Versions/A/Frameworks/loginsupport.framework/Versions/A/loginsupport
0x00000001ca7f1000 	/System/Library/PrivateFrameworks/Apple80211.framework/Versions/A/Apple80211
0x00000001c1056000 	/System/Library/PrivateFrameworks/AuthKit.framework/Versions/A/AuthKit
0x00000001c06de000 	/System/Library/PrivateFrameworks/CoreUtils.framework/Versions/A/CoreUtils
0x00000001c0601000 	/System/Library/Frameworks/CoreWLAN.framework/Versions/A/CoreWLAN
0x00000001c5508000 	/System/Library/Frameworks/IOBluetooth.framework/Versions/A/IOBluetooth
0x00000001ca851000 	/System/Library/PrivateFrameworks/CoreWiFi.framework/Versions/A/CoreWiFi
0x00000001c919a000 	/System/Library/PrivateFrameworks/FrontBoardServices.framework/Versions/A/FrontBoardServices
0x00000001c9232000 	/System/Library/PrivateFrameworks/BoardServices.framework/Versions/A/BoardServices
0x00000001c08f1000 	/System/Library/PrivateFrameworks/AssertionServices.framework/Versions/A/AssertionServices
0x00000001ca9ce000 	/System/Library/PrivateFrameworks/BackBoardServices.framework/Versions/A/BackBoardServices
0x00000001c48ee000 	/System/Library/PrivateFrameworks/CorePhoneNumbers.framework/Versions/A/CorePhoneNumbers
0x00000001c4195000 	/System/Library/PrivateFrameworks/MultiverseSupport.framework/Versions/A/MultiverseSupport
0x00000001cac50000 	/System/Library/PrivateFrameworks/RemoteServiceDiscovery.framework/Versions/A/RemoteServiceDiscovery
0x00000001c8782000 	/System/Library/PrivateFrameworks/DiskManagement.framework/Versions/A/DiskManagement
0x00000001c8685000 	/System/Library/PrivateFrameworks/AppleIDAuthSupport.framework/Versions/A/AppleIDAuthSupport
0x000000021d27c000 	/System/Library/PrivateFrameworks/AAAFoundation.framework/Versions/A/AAAFoundation
0x00000001c48cd000 	/System/Library/PrivateFrameworks/KeychainCircle.framework/Versions/A/KeychainCircle
0x00000001cac60000 	/System/Library/PrivateFrameworks/RemoteXPC.framework/Versions/A/RemoteXPC
0x00000001c874e000 	/System/Library/PrivateFrameworks/MediaKit.framework/Versions/A/MediaKit
0x00000001c8692000 	/System/Library/Frameworks/DiscRecording.framework/Versions/A/DiscRecording
0x00000001c1ed0000 	/usr/lib/libCoreStorage.dylib
0x00000001caccc000 	/usr/lib/libcsfde.dylib
0x00000001c55dd000 	/System/Library/PrivateFrameworks/ProtectedCloudStorage.framework/Versions/A/ProtectedCloudStorage
0x00000001cacc4000 	/System/Library/PrivateFrameworks/EFILogin.framework/Versions/A/EFILogin
0x00000001c8a61000 	/System/Library/PrivateFrameworks/OctagonTrust.framework/Versions/A/OctagonTrust
0x0000000221e9e000 	/System/Library/PrivateFrameworks/CoreUtilsExtras.framework/Versions/A/CoreUtilsExtras
0x00000001c85b7000 	/System/Library/Frameworks/CoreBluetooth.framework/Versions/A/CoreBluetooth
0x00000001cb362000 	/System/Library/Frameworks/AudioUnit.framework/Versions/A/AudioUnit
0x00000001c1ec8000 	/usr/lib/libMatch.1.dylib
0x00000001db10f000 	/System/Library/Frameworks/Accelerate.framework/Versions/A/Frameworks/vImage.framework/Versions/A/Libraries/libCGInterfaces.dylib
0x0000000126234000 	/usr/lib/libobjc-trampolines.dylib
0x00000001bdbc8000 	/System/Library/PrivateFrameworks/ViewBridge.framework/Versions/A/ViewBridge


VM Arguments:
jvm_args: -Dfile.encoding=UTF-8 -Duser.country=SG -Duser.language=en -Duser.variant 
java_command: seedu.address.Main
java_class_path (initial): /Users/evande/Desktop/CS2103/tp/build/classes/java/main:/Users/evande/Desktop/CS2103/tp/build/resources/main:/Users/evande/.gradle/caches/modules-2/files-2.1/org.openjfx/javafx-fxml/11/d5ff9262ef49d166db658d15f37e3ecff38fde4b/javafx-fxml-11-win.jar:/Users/evande/.gradle/caches/modules-2/files-2.1/org.openjfx/javafx-fxml/11/e0f5bb81e21054b59f2ebfa727d40a90ee0260d3/javafx-fxml-11-mac.jar:/Users/evande/.gradle/caches/modules-2/files-2.1/org.openjfx/javafx-fxml/11/e7a757b580fc3e2e1a121768606c7836eef418c/javafx-fxml-11-linux.jar:/Users/evande/.gradle/caches/modules-2/files-2.1/org.openjfx/javafx-controls/11/af8d24de44e16a19ae959028eb23a48c145fb682/javafx-controls-11-win.jar:/Users/evande/.gradle/caches/modules-2/files-2.1/org.openjfx/javafx-controls/11/e3a24a14e8732abc6dc173f15872dc63e2a32e16/javafx-controls-11-mac.jar:/Users/evande/.gradle/caches/modules-2/files-2.1/org.openjfx/javafx-controls/11/794488e3b1f4635d9a1b842bdc872a5eb8fd54ca/javafx-controls-11-linux.jar:/Users/evande/.gradle/caches/modules-2/files-2.1/org.openjfx/javafx-controls/11/58d961774262ec972bf304e16c154a8e18c2050b/javafx-controls-11.jar:/Users/evande/.gradle/caches/modules-2/files-2.1/org.openjfx/javafx-graphics/11/9345c7ea43dbcc73a62eca5332717b4ce617e6c6/javafx-graphics-11-win.jar:/Users/evande/.gradle/caches/modules-2/files-2.1/org.openjfx/javafx-graphics/11/af47a6d3668d3ce1c61e1fe13c44471b6f8d469/javafx-graphics-11-mac.jar:/Users/evande/.gradle/caches/modules-2/files-2.1/org.openjfx/javafx-graphics/11/4ab9edd8d481a420044c473fdb5718ccdd35c836/javafx-graphics-11-linux.jar:/Users/evande/.gradle/caches/modules-2/files-2.1/org.openjfx/javafx-graphics/11/a736dd079047ec0b72b8c4970842a5c5e0c19f2f/javafx-graphics-11.jar:/Users/evande/.gradle/caches/modules-2/files-2.1/org.openjfx/javafx-base/11/ad3a4acfaa28b484d30c40c1f009445cc3f6e68b/javafx-base-11-win.jar:/Users/evande/.gradle/caches/modules-2/files-2.1/org.openjfx/javafx-base/11/4b060dad0affd866df9d959e064faa8a1a2f4af0/javaf
Launcher Type: SUN_STANDARD

[Global flags]
     intx CICompilerCount                          = 4                                         {product} {ergonomic}
     uint ConcGCThreads                            = 2                                         {product} {ergonomic}
     uint G1ConcRefinementThreads                  = 8                                         {product} {ergonomic}
   size_t G1HeapRegionSize                         = 1048576                                   {product} {ergonomic}
    uintx GCDrainStackTargetSize                   = 64                                        {product} {ergonomic}
   size_t InitialHeapSize                          = 134217728                                 {product} {ergonomic}
   size_t MarkStackSize                            = 4194304                                   {product} {ergonomic}
   size_t MaxHeapSize                              = 2147483648                                {product} {ergonomic}
   size_t MaxNewSize                               = 1287651328                                {product} {ergonomic}
   size_t MinHeapDeltaBytes                        = 1048576                                   {product} {ergonomic}
    uintx NonNMethodCodeHeapSize                   = 5836492                                {pd product} {ergonomic}
    uintx NonProfiledCodeHeapSize                  = 122910874                              {pd product} {ergonomic}
    uintx ProfiledCodeHeapSize                     = 122910874                              {pd product} {ergonomic}
    uintx ReservedCodeCacheSize                    = 251658240                              {pd product} {ergonomic}
     bool SegmentedCodeCache                       = true                                      {product} {ergonomic}
     bool UseCompressedClassPointers               = true                                 {lp64_product} {ergonomic}
     bool UseCompressedOops                        = true                                 {lp64_product} {ergonomic}
     bool UseG1GC                                  = true                                      {product} {ergonomic}

Logging:
Log output configuration:
 #0: stdout all=warning uptime,level,tags
 #1: stderr all=off uptime,level,tags

Environment Variables:
PATH=/usr/local/anaconda3/bin:/Library/Frameworks/Python.framework/Versions/3.10/bin:/opt/homebrew/bin:/opt/homebrew/sbin:/opt/homebrew/bin:/opt/homebrew/sbin:/usr/local/bin:/usr/bin:/bin:/usr/sbin:/sbin:/Applications/VMware Fusion Tech Preview.app/Contents/Public:/Library/Apple/usr/bin
SHELL=/bin/zsh
LC_CTYPE=en_SG.UTF-8

Signal Handlers:
SIGSEGV: [libjvm.dylib+0x72e4ec], sa_mask[0]=11111111011111110111111111111111, sa_flags=SA_ONSTACK|SA_RESTART|SA_SIGINFO
SIGBUS: [libjvm.dylib+0x72e4ec], sa_mask[0]=11111111011111110111111111111111, sa_flags=SA_RESTART|SA_SIGINFO
SIGFPE: [libjvm.dylib+0x72e4ec], sa_mask[0]=11111111011111110111111111111111, sa_flags=SA_RESTART|SA_SIGINFO
SIGPIPE: [libjvm.dylib+0x58d8b8], sa_mask[0]=11111111011111110111111111111111, sa_flags=SA_RESTART|SA_SIGINFO
SIGXFSZ: [libjvm.dylib+0x58d8b8], sa_mask[0]=11111111011111110111111111111111, sa_flags=SA_RESTART|SA_SIGINFO
SIGILL: [libjvm.dylib+0x72e4ec], sa_mask[0]=11111111011111110111111111111111, sa_flags=SA_RESTART|SA_SIGINFO
SIGUSR2: [libjvm.dylib+0x58deb8], sa_mask[0]=00100000000000000000000000000000, sa_flags=SA_RESTART|SA_SIGINFO
SIGHUP: [libjvm.dylib+0x58c624], sa_mask[0]=11111111011111110111111111111111, sa_flags=SA_RESTART|SA_SIGINFO
SIGINT: [libjvm.dylib+0x58c624], sa_mask[0]=11111111011111110111111111111111, sa_flags=SA_RESTART|SA_SIGINFO
SIGTERM: [libjvm.dylib+0x58c624], sa_mask[0]=11111111011111110111111111111111, sa_flags=SA_RESTART|SA_SIGINFO
SIGQUIT: [libjvm.dylib+0x58c624], sa_mask[0]=11111111011111110111111111111111, sa_flags=SA_RESTART|SA_SIGINFO


---------------  S Y S T E M  ---------------

OS:uname:Darwin 21.6.0 Darwin Kernel Version 21.6.0: Mon Aug 22 20:20:05 PDT 2022; root:xnu-8020.140.49~2/RELEASE_ARM64_T8101 arm64
OS uptime: 15 days 6:49 hours
rlimit (soft/hard): STACK 8176k/65520k , CORE 0k/infinity , NPROC 1333/2000 , NOFILE 10240/infinity , AS infinity/infinity , CPU infinity/infinity , DATA infinity/infinity , FSIZE infinity/infinity , MEMLOCK infinity/infinity , RSS infinity/infinity
load average:3.56 3.01 2.93

CPU:total 8 (initial active 8) 0x61:0x0:0x1b588bb3:0, simd, crc, lse

Memory: 16k page, physical 8388608k(66672k free), swap 5242880k(943488k free)

vm_info: OpenJDK 64-Bit Server VM (11.0.12+7-LTS) for bsd-aarch64 JRE (Zulu11.50+19-CA) (11.0.12+7-LTS), built on Jul 16 2021 10:21:46 by "zulu_re" with clang Apple LLVM 12.0.0 (clang-1200.0.32.28)

END.
