#
# A fatal error has been detected by the Java Runtime Environment:
#
#  Internal Error (safepoint.cpp:929), pid=48303, tid=35591
#  fatal error: Illegal threadstate encountered: 4
#
# JRE version: OpenJDK Runtime Environment Zulu11.50+19-CA (11.0.12+7) (build 11.0.12+7-LTS)
# Java VM: OpenJDK 64-Bit Server VM Zulu11.50+19-CA (11.0.12+7-LTS, mixed mode, tiered, compressed oops, g1 gc, bsd-aarch64)
# No core dump will be written. Core dumps have been disabled. To enable core dumping, try "ulimit -c unlimited" before starting Java again
#
# If you would like to submit a bug report, please visit:
#   http://www.azul.com/support/
# The crash happened outside the Java Virtual Machine in native code.
# See problematic frame for where to report the bug.
#

---------------  S U M M A R Y ------------

Command Line: -Dfile.encoding=UTF-8 -Duser.country=SG -Duser.language=en -Duser.variant seedu.rc4hdb.Main

Host: MacBookPro18,3 arm64 1 MHz, 10 cores, 16G, Darwin 21.3.0
Time: Fri Oct 14 16:11:03 2022 +08 elapsed time: 5237.527940 seconds (0d 1h 27m 17s)

---------------  T H R E A D  ---------------

Current thread (0x000000012e902000):  JavaThread "InvokeLaterDispatcher" daemon [_thread_in_native, id=35591, stack(0x000000016d81c000,0x000000016da1f000)]

Stack: [0x000000016d81c000,0x000000016da1f000],  sp=0x000000016da1e110,  free space=2056k
Native frames: (J=compiled Java code, A=aot compiled Java code, j=interpreted, Vv=VM code, C=native code)
V  [libjvm.dylib+0x72d53c]  _ZN7VMError14report_and_dieEiPKcS1_PcP6ThreadPhPvS6_S1_im+0x600
V  [libjvm.dylib+0x72dc2c]  _ZN7VMError14report_and_dieEP6ThreadPvPKciS4_S4_Pc+0x40
V  [libjvm.dylib+0x20257c]  _Z12report_fatalPKciS0_z+0x58
V  [libjvm.dylib+0x6037c0]  _ZN20SafepointSynchronize5blockEP10JavaThread+0x218
V  [libjvm.dylib+0x6e5550]  _ZN10JavaThread44check_safepoint_and_suspend_for_native_transEPS_+0xb8
V  [libjvm.dylib+0x37884c]  jni_DeleteGlobalRef+0xc0
C  [libglass.dylib+0xa840]  -[GlassRunnable dealloc]+0x34
C  [Foundation+0x84c7c]  -[_NSThreadPerformInfo dealloc]+0x30
C  [Foundation+0x51578]  -[NSObject(NSThreadPerformAdditions) performSelectorOnMainThread:withObject:waitUntilDone:]+0x88
C  0x6d4c0001172333cc
J 6575% c1 com.sun.glass.ui.InvokeLaterDispatcher.run()V javafx.graphics@11.0.12 (153 bytes) @ 0x0000000110b232d8 [0x0000000110b22b40+0x0000000000000798]
C  0x0000000000000000

Java frames: (J=compiled Java code, j=interpreted, Vv=VM code)
J 4003  com.sun.glass.ui.mac.MacApplication._submitForLaterInvocation(Ljava/lang/Runnable;)V javafx.graphics@11.0.12 (0 bytes) @ 0x00000001172333d0 [0x0000000117233340+0x0000000000000090]
J 6575% c1 com.sun.glass.ui.InvokeLaterDispatcher.run()V javafx.graphics@11.0.12 (153 bytes) @ 0x0000000110b232d8 [0x0000000110b22b40+0x0000000000000798]
v  ~StubRoutines::call_stub

---------------  P R O C E S S  ---------------

Threads class SMR info:
_java_thread_list=0x0000600003b47920, length=17, elements={
0x000000011f809800, 0x000000012e830000, 0x000000012e832800, 0x000000012e839000,
0x000000012f819000, 0x000000012f819800, 0x000000012f81a800, 0x000000012f81b800,
0x000000012e8b3800, 0x000000012f857000, 0x000000011e858000, 0x000000012e902000,
0x000000011fad5800, 0x0000000160072000, 0x000000011fb79800, 0x0000000160ba8800,
0x0000000299f0a000
}

Java Threads: ( => current thread )
  0x000000011f809800 JavaThread "main" [_thread_blocked, id=6147, stack(0x000000016b22c000,0x000000016b42f000)]
  0x000000012e830000 JavaThread "Reference Handler" daemon [_thread_blocked, id=14851, stack(0x000000016c080000,0x000000016c283000)]
  0x000000012e832800 JavaThread "Finalizer" daemon [_thread_blocked, id=18947, stack(0x000000016c28c000,0x000000016c48f000)]
  0x000000012e839000 JavaThread "Signal Dispatcher" daemon [_thread_blocked, id=16899, stack(0x000000016c5b0000,0x000000016c7b3000)]
  0x000000012f819000 JavaThread "Service Thread" daemon [_thread_blocked, id=43267, stack(0x000000016c7bc000,0x000000016c9bf000)]
  0x000000012f819800 JavaThread "C2 CompilerThread0" daemon [_thread_blocked, id=42499, stack(0x000000016c9c8000,0x000000016cbcb000)]
  0x000000012f81a800 JavaThread "C1 CompilerThread0" daemon [_thread_blocked, id=22531, stack(0x000000016cbd4000,0x000000016cdd7000)]
  0x000000012f81b800 JavaThread "Sweeper thread" daemon [_thread_blocked, id=23043, stack(0x000000016cde0000,0x000000016cfe3000)]
  0x000000012e8b3800 JavaThread "Common-Cleaner" daemon [_thread_blocked, id=41219, stack(0x000000016d1f8000,0x000000016d3fb000)]
  0x000000012f857000 JavaThread "JavaFX-Launcher" [_thread_blocked, id=40451, stack(0x000000016d404000,0x000000016d607000)]
  0x000000011e858000 JavaThread "QuantumRenderer-0" daemon [_thread_blocked, id=40195, stack(0x000000016d610000,0x000000016d813000)]
=>0x000000012e902000 JavaThread "InvokeLaterDispatcher" daemon [_thread_in_native, id=35591, stack(0x000000016d81c000,0x000000016da1f000)]
  0x000000011fad5800 JavaThread "JavaFX Application Thread" [_thread_in_native_trans, id=259, stack(0x00000001691a0000,0x000000016b1a0000)]
  0x0000000160072000 JavaThread "Prism Font Disposer" daemon [_thread_blocked, id=58911, stack(0x000000016ebc4000,0x000000016edc7000)]
  0x000000011fb79800 JavaThread "Cleaner-0" daemon [_thread_blocked, id=60939, stack(0x0000000295144000,0x0000000295347000)]
  0x0000000160ba8800 JavaThread "PulseTimer-CVDisplayLink thread" daemon [_thread_in_native, id=63315, stack(0x000000016dbcc000,0x000000016dc4f000)]
  0x0000000299f0a000 JavaThread "PulseTimer-CVDisplayLink thread" daemon [_thread_in_native, id=88359, stack(0x000000016dbcc000,0x000000016dc4f000)]

Other Threads:
  0x000000012e828000 VMThread "VM Thread" [stack: 0x000000016be74000,0x000000016c077000] [id=19715]
  0x000000012e835800 WatcherThread [stack: 0x000000016cfec000,0x000000016d1ef000] [id=23299]
  0x000000011f80b000 GCTaskThread "GC Thread#0" [stack: 0x000000016b438000,0x000000016b63b000] [id=20995]
  0x000000011f009000 GCTaskThread "GC Thread#1" [stack: 0x000000016dd70000,0x000000016df73000] [id=74247]
  0x000000012f32a000 GCTaskThread "GC Thread#2" [stack: 0x000000016df7c000,0x000000016e17f000] [id=73987]
  0x000000011f00b800 GCTaskThread "GC Thread#3" [stack: 0x000000016e188000,0x000000016e38b000] [id=73475]
  0x000000012f32a800 GCTaskThread "GC Thread#4" [stack: 0x000000016e394000,0x000000016e597000] [id=72963]
  0x000000011f01b800 GCTaskThread "GC Thread#5" [stack: 0x000000016e5a0000,0x000000016e7a3000] [id=72451]
  0x000000011f850800 ConcurrentGCThread "G1 Main Marker" [stack: 0x000000016b644000,0x000000016b847000] [id=11779]
  0x000000011e80d000 ConcurrentGCThread "G1 Conc#0" [stack: 0x000000016b850000,0x000000016ba53000] [id=20227]
  0x000000016085f800 ConcurrentGCThread "G1 Conc#1" [stack: 0x000000016e9b8000,0x000000016ebbb000] [id=78343]
  0x000000011f8f5000 ConcurrentGCThread "G1 Refine#0" [stack: 0x000000016ba5c000,0x000000016bc5f000] [id=12803]
  0x000000016006c000 ConcurrentGCThread "G1 Refine#1" [stack: 0x000000016e7ac000,0x000000016e9af000] [id=72195]
  0x0000000297872800 ConcurrentGCThread "G1 Refine#2" [stack: 0x0000000296498000,0x000000029669b000] [id=60303]
  0x000000029793c000 ConcurrentGCThread "G1 Refine#3" [stack: 0x00000002966a4000,0x00000002968a7000] [id=16159]
  0x00000001609e6800 ConcurrentGCThread "G1 Refine#4" [stack: 0x0000000296998000,0x0000000296b9b000] [id=18339]
  0x000000016481d000 ConcurrentGCThread "G1 Refine#5" [stack: 0x0000000296ba4000,0x0000000296da7000] [id=28683]
  0x000000011f8f6000 ConcurrentGCThread "G1 Young RemSet Sampling" [stack: 0x000000016bc68000,0x000000016be6b000] [id=13315]

Threads with active compile tasks:

VM state:not at safepoint (normal execution)

VM Mutex/Monitor currently owned by a thread: None

Heap address: 0x00000006c0000000, size: 4096 MB, Compressed Oops mode: Zero based, Oop shift amount: 3
Narrow klass base: 0x0000000800000000, Narrow klass shift: 0
Compressed class space size: 1073741824 Address: 0x0000000800000000

Heap:
 garbage-first heap   total 262144K, used 79682K [0x00000006c0000000, 0x00000007c0000000)
  region size 1024K, 29 young (29696K), 1 survivors (1024K)
 Metaspace       used 34580K, capacity 35994K, committed 36272K, reserved 1081344K
  class space    used 4379K, capacity 5002K, committed 5120K, reserved 1048576K
Heap Regions: E=young(eden), S=young(survivor), O=old, HS=humongous(starts), HC=humongous(continues), CS=collection set, F=free, A=archive, TAMS=top-at-mark-start (previous, next)
|   0|0x00000006c0000000, 0x00000006c0100000, 0x00000006c0100000|100%| O|  |TAMS 0x00000006c0100000, 0x00000006c0000000| Untracked 
|   1|0x00000006c0100000, 0x00000006c0200000, 0x00000006c0200000|100%| O|  |TAMS 0x00000006c0200000, 0x00000006c0100000| Untracked 
|   2|0x00000006c0200000, 0x00000006c0300000, 0x00000006c0300000|100%| O|  |TAMS 0x00000006c0300000, 0x00000006c0200000| Untracked 
|   3|0x00000006c0300000, 0x00000006c0400000, 0x00000006c0400000|100%|HS|  |TAMS 0x00000006c0400000, 0x00000006c0300000| Complete 
|   4|0x00000006c0400000, 0x00000006c0500000, 0x00000006c0500000|100%|HC|  |TAMS 0x00000006c0500000, 0x00000006c0400000| Complete 
|   5|0x00000006c0500000, 0x00000006c0600000, 0x00000006c0600000|100%|HS|  |TAMS 0x00000006c0600000, 0x00000006c0500000| Complete 
|   6|0x00000006c0600000, 0x00000006c0700000, 0x00000006c0700000|100%|HC|  |TAMS 0x00000006c0700000, 0x00000006c0600000| Complete 
|   7|0x00000006c0700000, 0x00000006c0800000, 0x00000006c0800000|100%| O|  |TAMS 0x00000006c0800000, 0x00000006c0700000| Untracked 
|   8|0x00000006c0800000, 0x00000006c0900000, 0x00000006c0900000|100%| O|  |TAMS 0x00000006c0900000, 0x00000006c0800000| Untracked 
|   9|0x00000006c0900000, 0x00000006c0a00000, 0x00000006c0a00000|100%| O|  |TAMS 0x00000006c0a00000, 0x00000006c0900000| Untracked 
|  10|0x00000006c0a00000, 0x00000006c0b00000, 0x00000006c0b00000|100%| O|  |TAMS 0x00000006c0b00000, 0x00000006c0a00000| Untracked 
|  11|0x00000006c0b00000, 0x00000006c0c00000, 0x00000006c0c00000|100%| O|  |TAMS 0x00000006c0c00000, 0x00000006c0b00000| Untracked 
|  12|0x00000006c0c00000, 0x00000006c0d00000, 0x00000006c0d00000|100%| O|  |TAMS 0x00000006c0d00000, 0x00000006c0c00000| Untracked 
|  13|0x00000006c0d00000, 0x00000006c0e00000, 0x00000006c0e00000|100%| O|  |TAMS 0x00000006c0e00000, 0x00000006c0d00000| Untracked 
|  14|0x00000006c0e00000, 0x00000006c0f00000, 0x00000006c0f00000|100%| O|  |TAMS 0x00000006c0f00000, 0x00000006c0e00000| Untracked 
|  15|0x00000006c0f00000, 0x00000006c1000000, 0x00000006c1000000|100%| O|  |TAMS 0x00000006c1000000, 0x00000006c0f00000| Untracked 
|  16|0x00000006c1000000, 0x00000006c10f1200, 0x00000006c1100000| 94%| O|  |TAMS 0x00000006c10f1200, 0x00000006c1000000| Untracked 
|  17|0x00000006c1100000, 0x00000006c1200000, 0x00000006c1200000|100%|HS|  |TAMS 0x00000006c1200000, 0x00000006c1100000| Complete 
|  18|0x00000006c1200000, 0x00000006c1300000, 0x00000006c1300000|100%|HC|  |TAMS 0x00000006c1300000, 0x00000006c1200000| Complete 
|  19|0x00000006c1300000, 0x00000006c1400000, 0x00000006c1400000|100%|HC|  |TAMS 0x00000006c1400000, 0x00000006c1300000| Complete 
|  20|0x00000006c1400000, 0x00000006c1500000, 0x00000006c1500000|100%|HC|  |TAMS 0x00000006c1500000, 0x00000006c1400000| Complete 
|  21|0x00000006c1500000, 0x00000006c1600000, 0x00000006c1600000|100%|HC|  |TAMS 0x00000006c1600000, 0x00000006c1500000| Complete 
|  22|0x00000006c1600000, 0x00000006c1700000, 0x00000006c1700000|100%|HS|  |TAMS 0x00000006c1700000, 0x00000006c1600000| Complete 
|  23|0x00000006c1700000, 0x00000006c1800000, 0x00000006c1800000|100%|HC|  |TAMS 0x00000006c1800000, 0x00000006c1700000| Complete 
|  24|0x00000006c1800000, 0x00000006c1900000, 0x00000006c1900000|100%|HC|  |TAMS 0x00000006c1900000, 0x00000006c1800000| Complete 
|  25|0x00000006c1900000, 0x00000006c1a00000, 0x00000006c1a00000|100%|HC|  |TAMS 0x00000006c1a00000, 0x00000006c1900000| Complete 
|  26|0x00000006c1a00000, 0x00000006c1b00000, 0x00000006c1b00000|100%|HC|  |TAMS 0x00000006c1b00000, 0x00000006c1a00000| Complete 
|  27|0x00000006c1b00000, 0x00000006c1c00000, 0x00000006c1c00000|100%| O|  |TAMS 0x00000006c1c00000, 0x00000006c1b00000| Untracked 
|  28|0x00000006c1c00000, 0x00000006c1d00000, 0x00000006c1d00000|100%| O|  |TAMS 0x00000006c1d00000, 0x00000006c1c00000| Untracked 
|  29|0x00000006c1d00000, 0x00000006c1e00000, 0x00000006c1e00000|100%| O|  |TAMS 0x00000006c1e00000, 0x00000006c1d00000| Untracked 
|  30|0x00000006c1e00000, 0x00000006c1f00000, 0x00000006c1f00000|100%| O|  |TAMS 0x00000006c1f00000, 0x00000006c1e00000| Untracked 
|  31|0x00000006c1f00000, 0x00000006c2000000, 0x00000006c2000000|100%| O|  |TAMS 0x00000006c2000000, 0x00000006c1f00000| Untracked 
|  32|0x00000006c2000000, 0x00000006c2100000, 0x00000006c2100000|100%|HS|  |TAMS 0x00000006c2000000, 0x00000006c2000000| Complete 
|  33|0x00000006c2100000, 0x00000006c2200000, 0x00000006c2200000|100%|HC|  |TAMS 0x00000006c2100000, 0x00000006c2100000| Complete 
|  34|0x00000006c2200000, 0x00000006c2300000, 0x00000006c2300000|100%|HC|  |TAMS 0x00000006c2200000, 0x00000006c2200000| Complete 
|  35|0x00000006c2300000, 0x00000006c2400000, 0x00000006c2400000|100%|HC|  |TAMS 0x00000006c2300000, 0x00000006c2300000| Complete 
|  36|0x00000006c2400000, 0x00000006c2500000, 0x00000006c2500000|100%|HC|  |TAMS 0x00000006c2400000, 0x00000006c2400000| Complete 
|  37|0x00000006c2500000, 0x00000006c2600000, 0x00000006c2600000|100%|HC|  |TAMS 0x00000006c2500000, 0x00000006c2500000| Complete 
|  38|0x00000006c2600000, 0x00000006c2700000, 0x00000006c2700000|100%|HS|  |TAMS 0x00000006c2600000, 0x00000006c2600000| Complete 
|  39|0x00000006c2700000, 0x00000006c2800000, 0x00000006c2800000|100%|HC|  |TAMS 0x00000006c2700000, 0x00000006c2700000| Complete 
|  40|0x00000006c2800000, 0x00000006c2900000, 0x00000006c2900000|100%|HC|  |TAMS 0x00000006c2800000, 0x00000006c2800000| Complete 
|  41|0x00000006c2900000, 0x00000006c2a00000, 0x00000006c2a00000|100%|HC|  |TAMS 0x00000006c2900000, 0x00000006c2900000| Complete 
|  42|0x00000006c2a00000, 0x00000006c2b00000, 0x00000006c2b00000|100%|HC|  |TAMS 0x00000006c2a00000, 0x00000006c2a00000| Complete 
|  43|0x00000006c2b00000, 0x00000006c2c00000, 0x00000006c2c00000|100%|HC|  |TAMS 0x00000006c2b00000, 0x00000006c2b00000| Complete 
|  44|0x00000006c2c00000, 0x00000006c2d00000, 0x00000006c2d00000|100%|HS|  |TAMS 0x00000006c2c00000, 0x00000006c2c00000| Complete 
|  45|0x00000006c2d00000, 0x00000006c2e00000, 0x00000006c2e00000|100%|HC|  |TAMS 0x00000006c2d00000, 0x00000006c2d00000| Complete 
|  46|0x00000006c2e00000, 0x00000006c2f00000, 0x00000006c2f00000|100%|HC|  |TAMS 0x00000006c2e00000, 0x00000006c2e00000| Complete 
|  47|0x00000006c2f00000, 0x00000006c3000000, 0x00000006c3000000|100%|HC|  |TAMS 0x00000006c2f00000, 0x00000006c2f00000| Complete 
|  48|0x00000006c3000000, 0x00000006c3100000, 0x00000006c3100000|100%|HC|  |TAMS 0x00000006c3000000, 0x00000006c3000000| Complete 
|  49|0x00000006c3100000, 0x00000006c3200000, 0x00000006c3200000|100%|HC|  |TAMS 0x00000006c3100000, 0x00000006c3100000| Complete 
|  50|0x00000006c3200000, 0x00000006c3200000, 0x00000006c3300000|  0%| F|  |TAMS 0x00000006c3200000, 0x00000006c3200000| Untracked 
|  51|0x00000006c3300000, 0x00000006c3300000, 0x00000006c3400000|  0%| F|  |TAMS 0x00000006c3300000, 0x00000006c3300000| Untracked 
|  52|0x00000006c3400000, 0x00000006c3400000, 0x00000006c3500000|  0%| F|  |TAMS 0x00000006c3400000, 0x00000006c3400000| Untracked 
|  53|0x00000006c3500000, 0x00000006c3500000, 0x00000006c3600000|  0%| F|  |TAMS 0x00000006c3500000, 0x00000006c3500000| Untracked 
|  54|0x00000006c3600000, 0x00000006c3600000, 0x00000006c3700000|  0%| F|  |TAMS 0x00000006c3600000, 0x00000006c3600000| Untracked 
|  55|0x00000006c3700000, 0x00000006c3700000, 0x00000006c3800000|  0%| F|  |TAMS 0x00000006c3700000, 0x00000006c3700000| Untracked 
|  56|0x00000006c3800000, 0x00000006c3800000, 0x00000006c3900000|  0%| F|  |TAMS 0x00000006c3800000, 0x00000006c3800000| Untracked 
|  57|0x00000006c3900000, 0x00000006c3900000, 0x00000006c3a00000|  0%| F|  |TAMS 0x00000006c3900000, 0x00000006c3900000| Untracked 
|  58|0x00000006c3a00000, 0x00000006c3a00000, 0x00000006c3b00000|  0%| F|  |TAMS 0x00000006c3a00000, 0x00000006c3a00000| Untracked 
|  59|0x00000006c3b00000, 0x00000006c3b00000, 0x00000006c3c00000|  0%| F|  |TAMS 0x00000006c3b00000, 0x00000006c3b00000| Untracked 
|  60|0x00000006c3c00000, 0x00000006c3c00000, 0x00000006c3d00000|  0%| F|  |TAMS 0x00000006c3c00000, 0x00000006c3c00000| Untracked 
|  61|0x00000006c3d00000, 0x00000006c3d00000, 0x00000006c3e00000|  0%| F|  |TAMS 0x00000006c3d00000, 0x00000006c3d00000| Untracked 
|  62|0x00000006c3e00000, 0x00000006c3e00000, 0x00000006c3f00000|  0%| F|  |TAMS 0x00000006c3e00000, 0x00000006c3e00000| Untracked 
|  63|0x00000006c3f00000, 0x00000006c3f00000, 0x00000006c4000000|  0%| F|  |TAMS 0x00000006c3f00000, 0x00000006c3f00000| Untracked 
|  64|0x00000006c4000000, 0x00000006c4000000, 0x00000006c4100000|  0%| F|  |TAMS 0x00000006c4000000, 0x00000006c4000000| Untracked 
|  65|0x00000006c4100000, 0x00000006c4100000, 0x00000006c4200000|  0%| F|  |TAMS 0x00000006c4100000, 0x00000006c4100000| Untracked 
|  66|0x00000006c4200000, 0x00000006c4200000, 0x00000006c4300000|  0%| F|  |TAMS 0x00000006c4200000, 0x00000006c4200000| Untracked 
|  67|0x00000006c4300000, 0x00000006c4300000, 0x00000006c4400000|  0%| F|  |TAMS 0x00000006c4300000, 0x00000006c4300000| Untracked 
|  68|0x00000006c4400000, 0x00000006c4400000, 0x00000006c4500000|  0%| F|  |TAMS 0x00000006c4400000, 0x00000006c4400000| Untracked 
|  69|0x00000006c4500000, 0x00000006c4500000, 0x00000006c4600000|  0%| F|  |TAMS 0x00000006c4500000, 0x00000006c4500000| Untracked 
|  70|0x00000006c4600000, 0x00000006c4600000, 0x00000006c4700000|  0%| F|  |TAMS 0x00000006c4600000, 0x00000006c4600000| Untracked 
|  71|0x00000006c4700000, 0x00000006c4700000, 0x00000006c4800000|  0%| F|  |TAMS 0x00000006c4700000, 0x00000006c4700000| Untracked 
|  72|0x00000006c4800000, 0x00000006c4800000, 0x00000006c4900000|  0%| F|  |TAMS 0x00000006c4800000, 0x00000006c4800000| Untracked 
|  73|0x00000006c4900000, 0x00000006c4900000, 0x00000006c4a00000|  0%| F|  |TAMS 0x00000006c4900000, 0x00000006c4900000| Untracked 
|  74|0x00000006c4a00000, 0x00000006c4a00000, 0x00000006c4b00000|  0%| F|  |TAMS 0x00000006c4a00000, 0x00000006c4a00000| Untracked 
|  75|0x00000006c4b00000, 0x00000006c4b00000, 0x00000006c4c00000|  0%| F|  |TAMS 0x00000006c4b00000, 0x00000006c4b00000| Untracked 
|  76|0x00000006c4c00000, 0x00000006c4c00000, 0x00000006c4d00000|  0%| F|  |TAMS 0x00000006c4c00000, 0x00000006c4c00000| Untracked 
|  77|0x00000006c4d00000, 0x00000006c4d00000, 0x00000006c4e00000|  0%| F|  |TAMS 0x00000006c4d00000, 0x00000006c4d00000| Untracked 
|  78|0x00000006c4e00000, 0x00000006c4e00000, 0x00000006c4f00000|  0%| F|  |TAMS 0x00000006c4e00000, 0x00000006c4e00000| Untracked 
|  79|0x00000006c4f00000, 0x00000006c4f00000, 0x00000006c5000000|  0%| F|  |TAMS 0x00000006c4f00000, 0x00000006c4f00000| Untracked 
|  80|0x00000006c5000000, 0x00000006c5000000, 0x00000006c5100000|  0%| F|  |TAMS 0x00000006c5000000, 0x00000006c5000000| Untracked 
|  81|0x00000006c5100000, 0x00000006c5100000, 0x00000006c5200000|  0%| F|  |TAMS 0x00000006c5100000, 0x00000006c5100000| Untracked 
|  82|0x00000006c5200000, 0x00000006c5200000, 0x00000006c5300000|  0%| F|  |TAMS 0x00000006c5200000, 0x00000006c5200000| Untracked 
|  83|0x00000006c5300000, 0x00000006c5300000, 0x00000006c5400000|  0%| F|  |TAMS 0x00000006c5300000, 0x00000006c5300000| Untracked 
|  84|0x00000006c5400000, 0x00000006c5400000, 0x00000006c5500000|  0%| F|  |TAMS 0x00000006c5400000, 0x00000006c5400000| Untracked 
|  85|0x00000006c5500000, 0x00000006c5500000, 0x00000006c5600000|  0%| F|  |TAMS 0x00000006c5500000, 0x00000006c5500000| Untracked 
|  86|0x00000006c5600000, 0x00000006c5600000, 0x00000006c5700000|  0%| F|  |TAMS 0x00000006c5600000, 0x00000006c5600000| Untracked 
|  87|0x00000006c5700000, 0x00000006c5700000, 0x00000006c5800000|  0%| F|  |TAMS 0x00000006c5700000, 0x00000006c5700000| Untracked 
|  88|0x00000006c5800000, 0x00000006c5800000, 0x00000006c5900000|  0%| F|  |TAMS 0x00000006c5800000, 0x00000006c5800000| Untracked 
|  89|0x00000006c5900000, 0x00000006c5900000, 0x00000006c5a00000|  0%| F|  |TAMS 0x00000006c5900000, 0x00000006c5900000| Untracked 
|  90|0x00000006c5a00000, 0x00000006c5a00000, 0x00000006c5b00000|  0%| F|  |TAMS 0x00000006c5a00000, 0x00000006c5a00000| Untracked 
|  91|0x00000006c5b00000, 0x00000006c5b00000, 0x00000006c5c00000|  0%| F|  |TAMS 0x00000006c5b00000, 0x00000006c5b00000| Untracked 
|  92|0x00000006c5c00000, 0x00000006c5c00000, 0x00000006c5d00000|  0%| F|  |TAMS 0x00000006c5c00000, 0x00000006c5c00000| Untracked 
|  93|0x00000006c5d00000, 0x00000006c5d00000, 0x00000006c5e00000|  0%| F|  |TAMS 0x00000006c5d00000, 0x00000006c5d00000| Untracked 
|  94|0x00000006c5e00000, 0x00000006c5e00000, 0x00000006c5f00000|  0%| F|  |TAMS 0x00000006c5e00000, 0x00000006c5e00000| Untracked 
|  95|0x00000006c5f00000, 0x00000006c5f00000, 0x00000006c6000000|  0%| F|  |TAMS 0x00000006c5f00000, 0x00000006c5f00000| Untracked 
|  96|0x00000006c6000000, 0x00000006c6000000, 0x00000006c6100000|  0%| F|  |TAMS 0x00000006c6000000, 0x00000006c6000000| Untracked 
|  97|0x00000006c6100000, 0x00000006c6100000, 0x00000006c6200000|  0%| F|  |TAMS 0x00000006c6100000, 0x00000006c6100000| Untracked 
|  98|0x00000006c6200000, 0x00000006c6200000, 0x00000006c6300000|  0%| F|  |TAMS 0x00000006c6200000, 0x00000006c6200000| Untracked 
|  99|0x00000006c6300000, 0x00000006c6300000, 0x00000006c6400000|  0%| F|  |TAMS 0x00000006c6300000, 0x00000006c6300000| Untracked 
| 100|0x00000006c6400000, 0x00000006c6400000, 0x00000006c6500000|  0%| F|  |TAMS 0x00000006c6400000, 0x00000006c6400000| Untracked 
| 101|0x00000006c6500000, 0x00000006c6500000, 0x00000006c6600000|  0%| F|  |TAMS 0x00000006c6500000, 0x00000006c6500000| Untracked 
| 102|0x00000006c6600000, 0x00000006c6600000, 0x00000006c6700000|  0%| F|  |TAMS 0x00000006c6600000, 0x00000006c6600000| Untracked 
| 103|0x00000006c6700000, 0x00000006c6700000, 0x00000006c6800000|  0%| F|  |TAMS 0x00000006c6700000, 0x00000006c6700000| Untracked 
| 104|0x00000006c6800000, 0x00000006c6800000, 0x00000006c6900000|  0%| F|  |TAMS 0x00000006c6800000, 0x00000006c6800000| Untracked 
| 105|0x00000006c6900000, 0x00000006c6900000, 0x00000006c6a00000|  0%| F|  |TAMS 0x00000006c6900000, 0x00000006c6900000| Untracked 
| 106|0x00000006c6a00000, 0x00000006c6a00000, 0x00000006c6b00000|  0%| F|  |TAMS 0x00000006c6a00000, 0x00000006c6a00000| Untracked 
| 107|0x00000006c6b00000, 0x00000006c6b00000, 0x00000006c6c00000|  0%| F|  |TAMS 0x00000006c6b00000, 0x00000006c6b00000| Untracked 
| 108|0x00000006c6c00000, 0x00000006c6c00000, 0x00000006c6d00000|  0%| F|  |TAMS 0x00000006c6c00000, 0x00000006c6c00000| Untracked 
| 109|0x00000006c6d00000, 0x00000006c6d00000, 0x00000006c6e00000|  0%| F|  |TAMS 0x00000006c6d00000, 0x00000006c6d00000| Untracked 
| 110|0x00000006c6e00000, 0x00000006c6e00000, 0x00000006c6f00000|  0%| F|  |TAMS 0x00000006c6e00000, 0x00000006c6e00000| Untracked 
| 111|0x00000006c6f00000, 0x00000006c6f00000, 0x00000006c7000000|  0%| F|  |TAMS 0x00000006c6f00000, 0x00000006c6f00000| Untracked 
| 112|0x00000006c7000000, 0x00000006c7000000, 0x00000006c7100000|  0%| F|  |TAMS 0x00000006c7000000, 0x00000006c7000000| Untracked 
| 113|0x00000006c7100000, 0x00000006c7100000, 0x00000006c7200000|  0%| F|  |TAMS 0x00000006c7100000, 0x00000006c7100000| Untracked 
| 114|0x00000006c7200000, 0x00000006c7200000, 0x00000006c7300000|  0%| F|  |TAMS 0x00000006c7200000, 0x00000006c7200000| Untracked 
| 115|0x00000006c7300000, 0x00000006c7300000, 0x00000006c7400000|  0%| F|  |TAMS 0x00000006c7300000, 0x00000006c7300000| Untracked 
| 116|0x00000006c7400000, 0x00000006c7400000, 0x00000006c7500000|  0%| F|  |TAMS 0x00000006c7400000, 0x00000006c7400000| Untracked 
| 117|0x00000006c7500000, 0x00000006c7500000, 0x00000006c7600000|  0%| F|  |TAMS 0x00000006c7500000, 0x00000006c7500000| Untracked 
| 118|0x00000006c7600000, 0x00000006c7600000, 0x00000006c7700000|  0%| F|  |TAMS 0x00000006c7600000, 0x00000006c7600000| Untracked 
| 119|0x00000006c7700000, 0x00000006c7700000, 0x00000006c7800000|  0%| F|  |TAMS 0x00000006c7700000, 0x00000006c7700000| Untracked 
| 120|0x00000006c7800000, 0x00000006c7800000, 0x00000006c7900000|  0%| F|  |TAMS 0x00000006c7800000, 0x00000006c7800000| Untracked 
| 121|0x00000006c7900000, 0x00000006c7900000, 0x00000006c7a00000|  0%| F|  |TAMS 0x00000006c7900000, 0x00000006c7900000| Untracked 
| 122|0x00000006c7a00000, 0x00000006c7a00000, 0x00000006c7b00000|  0%| F|  |TAMS 0x00000006c7a00000, 0x00000006c7a00000| Untracked 
| 123|0x00000006c7b00000, 0x00000006c7b00000, 0x00000006c7c00000|  0%| F|  |TAMS 0x00000006c7b00000, 0x00000006c7b00000| Untracked 
| 124|0x00000006c7c00000, 0x00000006c7c00000, 0x00000006c7d00000|  0%| F|  |TAMS 0x00000006c7c00000, 0x00000006c7c00000| Untracked 
| 125|0x00000006c7d00000, 0x00000006c7d00000, 0x00000006c7e00000|  0%| F|  |TAMS 0x00000006c7d00000, 0x00000006c7d00000| Untracked 
| 126|0x00000006c7e00000, 0x00000006c7e00000, 0x00000006c7f00000|  0%| F|  |TAMS 0x00000006c7e00000, 0x00000006c7e00000| Untracked 
| 127|0x00000006c7f00000, 0x00000006c7f00000, 0x00000006c8000000|  0%| F|  |TAMS 0x00000006c7f00000, 0x00000006c7f00000| Untracked 
| 128|0x00000006c8000000, 0x00000006c8000000, 0x00000006c8100000|  0%| F|  |TAMS 0x00000006c8000000, 0x00000006c8000000| Untracked 
| 129|0x00000006c8100000, 0x00000006c8100000, 0x00000006c8200000|  0%| F|  |TAMS 0x00000006c8100000, 0x00000006c8100000| Untracked 
| 130|0x00000006c8200000, 0x00000006c8200000, 0x00000006c8300000|  0%| F|  |TAMS 0x00000006c8200000, 0x00000006c8200000| Untracked 
| 131|0x00000006c8300000, 0x00000006c8300000, 0x00000006c8400000|  0%| F|  |TAMS 0x00000006c8300000, 0x00000006c8300000| Untracked 
| 132|0x00000006c8400000, 0x00000006c8400000, 0x00000006c8500000|  0%| F|  |TAMS 0x00000006c8400000, 0x00000006c8400000| Untracked 
| 133|0x00000006c8500000, 0x00000006c8500000, 0x00000006c8600000|  0%| F|  |TAMS 0x00000006c8500000, 0x00000006c8500000| Untracked 
| 134|0x00000006c8600000, 0x00000006c8600000, 0x00000006c8700000|  0%| F|  |TAMS 0x00000006c8600000, 0x00000006c8600000| Untracked 
| 135|0x00000006c8700000, 0x00000006c8700000, 0x00000006c8800000|  0%| F|  |TAMS 0x00000006c8700000, 0x00000006c8700000| Untracked 
| 136|0x00000006c8800000, 0x00000006c8800000, 0x00000006c8900000|  0%| F|  |TAMS 0x00000006c8800000, 0x00000006c8800000| Untracked 
| 137|0x00000006c8900000, 0x00000006c8900000, 0x00000006c8a00000|  0%| F|  |TAMS 0x00000006c8900000, 0x00000006c8900000| Untracked 
| 138|0x00000006c8a00000, 0x00000006c8a00000, 0x00000006c8b00000|  0%| F|  |TAMS 0x00000006c8a00000, 0x00000006c8a00000| Untracked 
| 139|0x00000006c8b00000, 0x00000006c8b00000, 0x00000006c8c00000|  0%| F|  |TAMS 0x00000006c8b00000, 0x00000006c8b00000| Untracked 
| 140|0x00000006c8c00000, 0x00000006c8c00000, 0x00000006c8d00000|  0%| F|  |TAMS 0x00000006c8c00000, 0x00000006c8c00000| Untracked 
| 141|0x00000006c8d00000, 0x00000006c8d00000, 0x00000006c8e00000|  0%| F|  |TAMS 0x00000006c8d00000, 0x00000006c8d00000| Untracked 
| 142|0x00000006c8e00000, 0x00000006c8e00000, 0x00000006c8f00000|  0%| F|  |TAMS 0x00000006c8e00000, 0x00000006c8e00000| Untracked 
| 143|0x00000006c8f00000, 0x00000006c8f00000, 0x00000006c9000000|  0%| F|  |TAMS 0x00000006c8f00000, 0x00000006c8f00000| Untracked 
| 144|0x00000006c9000000, 0x00000006c9000000, 0x00000006c9100000|  0%| F|  |TAMS 0x00000006c9000000, 0x00000006c9000000| Untracked 
| 145|0x00000006c9100000, 0x00000006c9100000, 0x00000006c9200000|  0%| F|  |TAMS 0x00000006c9100000, 0x00000006c9100000| Untracked 
| 146|0x00000006c9200000, 0x00000006c9200000, 0x00000006c9300000|  0%| F|  |TAMS 0x00000006c9200000, 0x00000006c9200000| Untracked 
| 147|0x00000006c9300000, 0x00000006c9300000, 0x00000006c9400000|  0%| F|  |TAMS 0x00000006c9300000, 0x00000006c9300000| Untracked 
| 148|0x00000006c9400000, 0x00000006c9400000, 0x00000006c9500000|  0%| F|  |TAMS 0x00000006c9400000, 0x00000006c9400000| Untracked 
| 149|0x00000006c9500000, 0x00000006c9500000, 0x00000006c9600000|  0%| F|  |TAMS 0x00000006c9500000, 0x00000006c9500000| Untracked 
| 150|0x00000006c9600000, 0x00000006c9600000, 0x00000006c9700000|  0%| F|  |TAMS 0x00000006c9600000, 0x00000006c9600000| Untracked 
| 151|0x00000006c9700000, 0x00000006c9700000, 0x00000006c9800000|  0%| F|  |TAMS 0x00000006c9700000, 0x00000006c9700000| Untracked 
| 152|0x00000006c9800000, 0x00000006c9800000, 0x00000006c9900000|  0%| F|  |TAMS 0x00000006c9800000, 0x00000006c9800000| Untracked 
| 153|0x00000006c9900000, 0x00000006c9900000, 0x00000006c9a00000|  0%| F|  |TAMS 0x00000006c9900000, 0x00000006c9900000| Untracked 
| 154|0x00000006c9a00000, 0x00000006c9a00000, 0x00000006c9b00000|  0%| F|  |TAMS 0x00000006c9a00000, 0x00000006c9a00000| Untracked 
| 155|0x00000006c9b00000, 0x00000006c9b00000, 0x00000006c9c00000|  0%| F|  |TAMS 0x00000006c9b00000, 0x00000006c9b00000| Untracked 
| 156|0x00000006c9c00000, 0x00000006c9c00000, 0x00000006c9d00000|  0%| F|  |TAMS 0x00000006c9c00000, 0x00000006c9c00000| Untracked 
| 157|0x00000006c9d00000, 0x00000006c9d00000, 0x00000006c9e00000|  0%| F|  |TAMS 0x00000006c9d00000, 0x00000006c9d00000| Untracked 
| 158|0x00000006c9e00000, 0x00000006c9e00000, 0x00000006c9f00000|  0%| F|  |TAMS 0x00000006c9e00000, 0x00000006c9e00000| Untracked 
| 159|0x00000006c9f00000, 0x00000006c9f00000, 0x00000006ca000000|  0%| F|  |TAMS 0x00000006c9f00000, 0x00000006c9f00000| Untracked 
| 160|0x00000006ca000000, 0x00000006ca000000, 0x00000006ca100000|  0%| F|  |TAMS 0x00000006ca000000, 0x00000006ca000000| Untracked 
| 161|0x00000006ca100000, 0x00000006ca100000, 0x00000006ca200000|  0%| F|  |TAMS 0x00000006ca100000, 0x00000006ca100000| Untracked 
| 162|0x00000006ca200000, 0x00000006ca200000, 0x00000006ca300000|  0%| F|  |TAMS 0x00000006ca200000, 0x00000006ca200000| Untracked 
| 163|0x00000006ca300000, 0x00000006ca300000, 0x00000006ca400000|  0%| F|  |TAMS 0x00000006ca300000, 0x00000006ca300000| Untracked 
| 164|0x00000006ca400000, 0x00000006ca400000, 0x00000006ca500000|  0%| F|  |TAMS 0x00000006ca400000, 0x00000006ca400000| Untracked 
| 165|0x00000006ca500000, 0x00000006ca500000, 0x00000006ca600000|  0%| F|  |TAMS 0x00000006ca500000, 0x00000006ca500000| Untracked 
| 166|0x00000006ca600000, 0x00000006ca600000, 0x00000006ca700000|  0%| F|  |TAMS 0x00000006ca600000, 0x00000006ca600000| Untracked 
| 167|0x00000006ca700000, 0x00000006ca700000, 0x00000006ca800000|  0%| F|  |TAMS 0x00000006ca700000, 0x00000006ca700000| Untracked 
| 168|0x00000006ca800000, 0x00000006ca800000, 0x00000006ca900000|  0%| F|  |TAMS 0x00000006ca800000, 0x00000006ca800000| Untracked 
| 169|0x00000006ca900000, 0x00000006ca900000, 0x00000006caa00000|  0%| F|  |TAMS 0x00000006ca900000, 0x00000006ca900000| Untracked 
| 170|0x00000006caa00000, 0x00000006caa00000, 0x00000006cab00000|  0%| F|  |TAMS 0x00000006caa00000, 0x00000006caa00000| Untracked 
| 171|0x00000006cab00000, 0x00000006cab00000, 0x00000006cac00000|  0%| F|  |TAMS 0x00000006cab00000, 0x00000006cab00000| Untracked 
| 172|0x00000006cac00000, 0x00000006cac00000, 0x00000006cad00000|  0%| F|  |TAMS 0x00000006cac00000, 0x00000006cac00000| Untracked 
| 173|0x00000006cad00000, 0x00000006cad00000, 0x00000006cae00000|  0%| F|  |TAMS 0x00000006cad00000, 0x00000006cad00000| Untracked 
| 174|0x00000006cae00000, 0x00000006cae00000, 0x00000006caf00000|  0%| F|  |TAMS 0x00000006cae00000, 0x00000006cae00000| Untracked 
| 175|0x00000006caf00000, 0x00000006caf00000, 0x00000006cb000000|  0%| F|  |TAMS 0x00000006caf00000, 0x00000006caf00000| Untracked 
| 176|0x00000006cb000000, 0x00000006cb000000, 0x00000006cb100000|  0%| F|  |TAMS 0x00000006cb000000, 0x00000006cb000000| Untracked 
| 177|0x00000006cb100000, 0x00000006cb100000, 0x00000006cb200000|  0%| F|  |TAMS 0x00000006cb100000, 0x00000006cb100000| Untracked 
| 178|0x00000006cb200000, 0x00000006cb200000, 0x00000006cb300000|  0%| F|  |TAMS 0x00000006cb200000, 0x00000006cb200000| Untracked 
| 179|0x00000006cb300000, 0x00000006cb300000, 0x00000006cb400000|  0%| F|  |TAMS 0x00000006cb300000, 0x00000006cb300000| Untracked 
| 180|0x00000006cb400000, 0x00000006cb400000, 0x00000006cb500000|  0%| F|  |TAMS 0x00000006cb400000, 0x00000006cb400000| Untracked 
| 181|0x00000006cb500000, 0x00000006cb500000, 0x00000006cb600000|  0%| F|  |TAMS 0x00000006cb500000, 0x00000006cb500000| Untracked 
| 182|0x00000006cb600000, 0x00000006cb600000, 0x00000006cb700000|  0%| F|  |TAMS 0x00000006cb600000, 0x00000006cb600000| Untracked 
| 183|0x00000006cb700000, 0x00000006cb700000, 0x00000006cb800000|  0%| F|  |TAMS 0x00000006cb700000, 0x00000006cb700000| Untracked 
| 184|0x00000006cb800000, 0x00000006cb800000, 0x00000006cb900000|  0%| F|  |TAMS 0x00000006cb800000, 0x00000006cb800000| Untracked 
| 185|0x00000006cb900000, 0x00000006cb900000, 0x00000006cba00000|  0%| F|  |TAMS 0x00000006cb900000, 0x00000006cb900000| Untracked 
| 186|0x00000006cba00000, 0x00000006cba00000, 0x00000006cbb00000|  0%| F|  |TAMS 0x00000006cba00000, 0x00000006cba00000| Untracked 
| 187|0x00000006cbb00000, 0x00000006cbb00000, 0x00000006cbc00000|  0%| F|  |TAMS 0x00000006cbb00000, 0x00000006cbb00000| Untracked 
| 188|0x00000006cbc00000, 0x00000006cbc00000, 0x00000006cbd00000|  0%| F|  |TAMS 0x00000006cbc00000, 0x00000006cbc00000| Untracked 
| 189|0x00000006cbd00000, 0x00000006cbd00000, 0x00000006cbe00000|  0%| F|  |TAMS 0x00000006cbd00000, 0x00000006cbd00000| Untracked 
| 190|0x00000006cbe00000, 0x00000006cbe00000, 0x00000006cbf00000|  0%| F|  |TAMS 0x00000006cbe00000, 0x00000006cbe00000| Untracked 
| 191|0x00000006cbf00000, 0x00000006cbf00000, 0x00000006cc000000|  0%| F|  |TAMS 0x00000006cbf00000, 0x00000006cbf00000| Untracked 
| 192|0x00000006cc000000, 0x00000006cc000000, 0x00000006cc100000|  0%| F|  |TAMS 0x00000006cc000000, 0x00000006cc000000| Untracked 
| 193|0x00000006cc100000, 0x00000006cc100000, 0x00000006cc200000|  0%| F|  |TAMS 0x00000006cc100000, 0x00000006cc100000| Untracked 
| 194|0x00000006cc200000, 0x00000006cc200000, 0x00000006cc300000|  0%| F|  |TAMS 0x00000006cc200000, 0x00000006cc200000| Untracked 
| 195|0x00000006cc300000, 0x00000006cc300000, 0x00000006cc400000|  0%| F|  |TAMS 0x00000006cc300000, 0x00000006cc300000| Untracked 
| 196|0x00000006cc400000, 0x00000006cc400000, 0x00000006cc500000|  0%| F|  |TAMS 0x00000006cc400000, 0x00000006cc400000| Untracked 
| 197|0x00000006cc500000, 0x00000006cc500000, 0x00000006cc600000|  0%| F|  |TAMS 0x00000006cc500000, 0x00000006cc500000| Untracked 
| 198|0x00000006cc600000, 0x00000006cc600000, 0x00000006cc700000|  0%| F|  |TAMS 0x00000006cc600000, 0x00000006cc600000| Untracked 
| 199|0x00000006cc700000, 0x00000006cc700000, 0x00000006cc800000|  0%| F|  |TAMS 0x00000006cc700000, 0x00000006cc700000| Untracked 
| 200|0x00000006cc800000, 0x00000006cc800000, 0x00000006cc900000|  0%| F|  |TAMS 0x00000006cc800000, 0x00000006cc800000| Untracked 
| 201|0x00000006cc900000, 0x00000006cc900000, 0x00000006cca00000|  0%| F|  |TAMS 0x00000006cc900000, 0x00000006cc900000| Untracked 
| 202|0x00000006cca00000, 0x00000006cca00000, 0x00000006ccb00000|  0%| F|  |TAMS 0x00000006cca00000, 0x00000006cca00000| Untracked 
| 203|0x00000006ccb00000, 0x00000006ccb00000, 0x00000006ccc00000|  0%| F|  |TAMS 0x00000006ccb00000, 0x00000006ccb00000| Untracked 
| 204|0x00000006ccc00000, 0x00000006ccc00000, 0x00000006ccd00000|  0%| F|  |TAMS 0x00000006ccc00000, 0x00000006ccc00000| Untracked 
| 205|0x00000006ccd00000, 0x00000006ccd00000, 0x00000006cce00000|  0%| F|  |TAMS 0x00000006ccd00000, 0x00000006ccd00000| Untracked 
| 206|0x00000006cce00000, 0x00000006cce00000, 0x00000006ccf00000|  0%| F|  |TAMS 0x00000006cce00000, 0x00000006cce00000| Untracked 
| 207|0x00000006ccf00000, 0x00000006ccf00000, 0x00000006cd000000|  0%| F|  |TAMS 0x00000006ccf00000, 0x00000006ccf00000| Untracked 
| 208|0x00000006cd000000, 0x00000006cd000000, 0x00000006cd100000|  0%| F|  |TAMS 0x00000006cd000000, 0x00000006cd000000| Untracked 
| 209|0x00000006cd100000, 0x00000006cd100000, 0x00000006cd200000|  0%| F|  |TAMS 0x00000006cd100000, 0x00000006cd100000| Untracked 
| 210|0x00000006cd200000, 0x00000006cd200000, 0x00000006cd300000|  0%| F|  |TAMS 0x00000006cd200000, 0x00000006cd200000| Untracked 
| 211|0x00000006cd300000, 0x00000006cd300000, 0x00000006cd400000|  0%| F|  |TAMS 0x00000006cd300000, 0x00000006cd300000| Untracked 
| 212|0x00000006cd400000, 0x00000006cd400000, 0x00000006cd500000|  0%| F|  |TAMS 0x00000006cd400000, 0x00000006cd400000| Untracked 
| 213|0x00000006cd500000, 0x00000006cd500000, 0x00000006cd600000|  0%| F|  |TAMS 0x00000006cd500000, 0x00000006cd500000| Untracked 
| 214|0x00000006cd600000, 0x00000006cd600000, 0x00000006cd700000|  0%| F|  |TAMS 0x00000006cd600000, 0x00000006cd600000| Untracked 
| 215|0x00000006cd700000, 0x00000006cd700000, 0x00000006cd800000|  0%| F|  |TAMS 0x00000006cd700000, 0x00000006cd700000| Untracked 
| 216|0x00000006cd800000, 0x00000006cd800000, 0x00000006cd900000|  0%| F|  |TAMS 0x00000006cd800000, 0x00000006cd800000| Untracked 
| 217|0x00000006cd900000, 0x00000006cd900000, 0x00000006cda00000|  0%| F|  |TAMS 0x00000006cd900000, 0x00000006cd900000| Untracked 
| 218|0x00000006cda00000, 0x00000006cda00000, 0x00000006cdb00000|  0%| F|  |TAMS 0x00000006cda00000, 0x00000006cda00000| Untracked 
| 219|0x00000006cdb00000, 0x00000006cdb00000, 0x00000006cdc00000|  0%| F|  |TAMS 0x00000006cdb00000, 0x00000006cdb00000| Untracked 
| 220|0x00000006cdc00000, 0x00000006cdc00000, 0x00000006cdd00000|  0%| F|  |TAMS 0x00000006cdc00000, 0x00000006cdc00000| Untracked 
| 221|0x00000006cdd00000, 0x00000006cdd00000, 0x00000006cde00000|  0%| F|  |TAMS 0x00000006cdd00000, 0x00000006cdd00000| Untracked 
| 222|0x00000006cde00000, 0x00000006cde00000, 0x00000006cdf00000|  0%| F|  |TAMS 0x00000006cde00000, 0x00000006cde00000| Untracked 
| 223|0x00000006cdf00000, 0x00000006cdf00000, 0x00000006ce000000|  0%| F|  |TAMS 0x00000006cdf00000, 0x00000006cdf00000| Untracked 
| 224|0x00000006ce000000, 0x00000006ce000000, 0x00000006ce100000|  0%| F|  |TAMS 0x00000006ce000000, 0x00000006ce000000| Untracked 
| 225|0x00000006ce100000, 0x00000006ce100000, 0x00000006ce200000|  0%| F|  |TAMS 0x00000006ce100000, 0x00000006ce100000| Untracked 
| 226|0x00000006ce200000, 0x00000006ce200000, 0x00000006ce300000|  0%| F|  |TAMS 0x00000006ce200000, 0x00000006ce200000| Untracked 
| 227|0x00000006ce300000, 0x00000006ce400000, 0x00000006ce400000|100%| E|  |TAMS 0x00000006ce300000, 0x00000006ce300000| Complete 
| 228|0x00000006ce400000, 0x00000006ce500000, 0x00000006ce500000|100%| E|CS|TAMS 0x00000006ce400000, 0x00000006ce400000| Complete 
| 229|0x00000006ce500000, 0x00000006ce600000, 0x00000006ce600000|100%| E|CS|TAMS 0x00000006ce500000, 0x00000006ce500000| Complete 
| 230|0x00000006ce600000, 0x00000006ce700000, 0x00000006ce700000|100%| E|CS|TAMS 0x00000006ce600000, 0x00000006ce600000| Complete 
| 231|0x00000006ce700000, 0x00000006ce800000, 0x00000006ce800000|100%| E|CS|TAMS 0x00000006ce700000, 0x00000006ce700000| Complete 
| 232|0x00000006ce800000, 0x00000006ce900000, 0x00000006ce900000|100%| E|CS|TAMS 0x00000006ce800000, 0x00000006ce800000| Complete 
| 233|0x00000006ce900000, 0x00000006cea00000, 0x00000006cea00000|100%| E|CS|TAMS 0x00000006ce900000, 0x00000006ce900000| Complete 
| 234|0x00000006cea00000, 0x00000006ceb00000, 0x00000006ceb00000|100%| E|CS|TAMS 0x00000006cea00000, 0x00000006cea00000| Complete 
| 235|0x00000006ceb00000, 0x00000006cec00000, 0x00000006cec00000|100%| E|CS|TAMS 0x00000006ceb00000, 0x00000006ceb00000| Complete 
| 236|0x00000006cec00000, 0x00000006ced00000, 0x00000006ced00000|100%| E|CS|TAMS 0x00000006cec00000, 0x00000006cec00000| Complete 
| 237|0x00000006ced00000, 0x00000006cee00000, 0x00000006cee00000|100%| E|CS|TAMS 0x00000006ced00000, 0x00000006ced00000| Complete 
| 238|0x00000006cee00000, 0x00000006cef00000, 0x00000006cef00000|100%| E|CS|TAMS 0x00000006cee00000, 0x00000006cee00000| Complete 
| 239|0x00000006cef00000, 0x00000006cefdf868, 0x00000006cf000000| 87%| S|CS|TAMS 0x00000006cef00000, 0x00000006cef00000| Complete 
| 240|0x00000006cf000000, 0x00000006cf100000, 0x00000006cf100000|100%| E|CS|TAMS 0x00000006cf000000, 0x00000006cf000000| Complete 
| 241|0x00000006cf100000, 0x00000006cf200000, 0x00000006cf200000|100%| E|CS|TAMS 0x00000006cf100000, 0x00000006cf100000| Complete 
| 242|0x00000006cf200000, 0x00000006cf300000, 0x00000006cf300000|100%| E|CS|TAMS 0x00000006cf200000, 0x00000006cf200000| Complete 
| 243|0x00000006cf300000, 0x00000006cf400000, 0x00000006cf400000|100%| E|CS|TAMS 0x00000006cf300000, 0x00000006cf300000| Complete 
| 244|0x00000006cf400000, 0x00000006cf500000, 0x00000006cf500000|100%| E|CS|TAMS 0x00000006cf400000, 0x00000006cf400000| Complete 
| 245|0x00000006cf500000, 0x00000006cf600000, 0x00000006cf600000|100%| E|CS|TAMS 0x00000006cf500000, 0x00000006cf500000| Complete 
| 246|0x00000006cf600000, 0x00000006cf700000, 0x00000006cf700000|100%| E|CS|TAMS 0x00000006cf600000, 0x00000006cf600000| Complete 
| 247|0x00000006cf700000, 0x00000006cf800000, 0x00000006cf800000|100%| E|CS|TAMS 0x00000006cf700000, 0x00000006cf700000| Complete 
| 248|0x00000006cf800000, 0x00000006cf900000, 0x00000006cf900000|100%| E|CS|TAMS 0x00000006cf800000, 0x00000006cf800000| Complete 
| 249|0x00000006cf900000, 0x00000006cfa00000, 0x00000006cfa00000|100%| E|CS|TAMS 0x00000006cf900000, 0x00000006cf900000| Complete 
| 250|0x00000006cfa00000, 0x00000006cfb00000, 0x00000006cfb00000|100%| E|CS|TAMS 0x00000006cfa00000, 0x00000006cfa00000| Complete 
| 251|0x00000006cfb00000, 0x00000006cfc00000, 0x00000006cfc00000|100%| E|CS|TAMS 0x00000006cfb00000, 0x00000006cfb00000| Complete 
| 252|0x00000006cfc00000, 0x00000006cfd00000, 0x00000006cfd00000|100%| E|CS|TAMS 0x00000006cfc00000, 0x00000006cfc00000| Complete 
| 253|0x00000006cfd00000, 0x00000006cfe00000, 0x00000006cfe00000|100%| E|CS|TAMS 0x00000006cfd00000, 0x00000006cfd00000| Complete 
| 254|0x00000006cfe00000, 0x00000006cff00000, 0x00000006cff00000|100%| E|CS|TAMS 0x00000006cfe00000, 0x00000006cfe00000| Complete 
| 255|0x00000006cff00000, 0x00000006d0000000, 0x00000006d0000000|100%| E|CS|TAMS 0x00000006cff00000, 0x00000006cff00000| Complete 

Card table byte_map: [0x0000000128000000,0x0000000128800000] _byte_map_base: 0x0000000124a00000

Marking Bits (Prev, Next): (CMBitMap*) 0x000000011f83fc18, (CMBitMap*) 0x000000011f83fc50
 Prev Bits: [0x0000000129000000, 0x000000012d000000)
 Next Bits: [0x0000000130100000, 0x0000000134100000)

Polling page: 0x0000000104dec000

Metaspace:

Usage:
  Non-class:     30.27 MB capacity,    29.49 MB ( 97%) used,   629.69 KB (  2%) free+waste,   161.19 KB ( <1%) overhead. 
      Class:      4.88 MB capacity,     4.28 MB ( 88%) used,   537.84 KB ( 11%) free+waste,    84.44 KB (  2%) overhead. 
       Both:     35.15 MB capacity,    33.77 MB ( 96%) used,     1.14 MB (  3%) free+waste,   245.62 KB ( <1%) overhead. 

Virtual space:
  Non-class space:       32.00 MB reserved,      30.42 MB ( 95%) committed 
      Class space:        1.00 GB reserved,       5.00 MB ( <1%) committed 
             Both:        1.03 GB reserved,      35.42 MB (  3%) committed 

Chunk freelists:
   Non-Class:  48.00 KB
       Class:  0 bytes
        Both:  48.00 KB

MaxMetaspaceSize: unlimited
CompressedClassSpaceSize: 1.00 GB
Initial GC threshold: 20.80 MB
Current GC threshold: 58.83 MB
CDS: off

CodeHeap 'non-profiled nmethods': size=120032Kb used=5708Kb max_used=5708Kb free=114323Kb
 bounds [0x0000000117068000, 0x0000000117608000, 0x000000011e5a0000]
CodeHeap 'profiled nmethods': size=120016Kb used=17578Kb max_used=17578Kb free=102437Kb
 bounds [0x000000010fb34000, 0x0000000110c64000, 0x0000000117068000]
CodeHeap 'non-nmethods': size=5712Kb used=1457Kb max_used=1612Kb free=4255Kb
 bounds [0x000000010f5a0000, 0x000000010f810000, 0x000000010fb34000]
 total_blobs=7548 nmethods=6706 adapters=757
 compilation: enabled
              stopped_count=0, restarted_count=0
 full_count=0

Compilation events (20 events):
Event: 5236.450 Thread 0x000000012f81a800 6795       3       javafx.scene.control.Control::computePrefWidth (51 bytes)
Event: 5236.450 Thread 0x000000012f819800 6796       4       javafx.scene.layout.Region::snappedRightInset (21 bytes)
Event: 5236.476 Thread 0x000000012f819800 nmethod 6796 0x00000001175f5a90 code [0x00000001175f5c80, 0x00000001175f5f90]
Event: 5236.478 Thread 0x000000012f81a800 nmethod 6795 0x0000000110c59f10 code [0x0000000110c5a4c0, 0x0000000110c5cce0]
Event: 5236.541 Thread 0x000000012f819800 6797       4       com.sun.javafx.geom.RectBounds::isEmpty (30 bytes)
Event: 5236.543 Thread 0x000000012f819800 nmethod 6797 0x00000001175f6290 code [0x00000001175f6440, 0x00000001175f64e0]
Event: 5236.543 Thread 0x000000012f819800 6798       4       com.sun.javafx.geom.transform.AffineBase::transform2DBounds (576 bytes)
Event: 5236.556 Thread 0x000000012f819800 nmethod 6798 0x00000001175f6590 code [0x00000001175f6840, 0x00000001175f70f0]
Event: 5236.590 Thread 0x000000012f81a800 6799       3       java.lang.Float::compare (46 bytes)
Event: 5236.601 Thread 0x000000012f81a800 nmethod 6799 0x0000000110c5d790 code [0x0000000110c5d9c0, 0x0000000110c5df50]
Event: 5236.615 Thread 0x000000012f819800 6802       4       javafx.scene.control.skin.TableCellSkin::tableColumnProperty (11 bytes)
Event: 5236.618 Thread 0x000000012f81a800 6804       3       com.sun.javafx.sg.prism.NGShape::hasOpaqueRegion (48 bytes)
Event: 5236.619 Thread 0x000000012f819800 nmethod 6802 0x00000001175f7610 code [0x00000001175f7800, 0x00000001175f7ae0]
Event: 5236.619 Thread 0x000000012f819800 6801       4       java.util.ArrayList::set (24 bytes)
Event: 5236.622 Thread 0x000000012f81a800 nmethod 6804 0x0000000110c5e090 code [0x0000000110c5e280, 0x0000000110c5e7f0]
Event: 5236.629 Thread 0x000000012f819800 nmethod 6801 0x00000001175f7c10 code [0x00000001175f7dc0, 0x00000001175f8030]
Event: 5236.629 Thread 0x000000012f819800 6800       4       com.sun.javafx.css.StyleCache::getStyleCacheEntry (25 bytes)
Event: 5236.665 Thread 0x000000012f819800 nmethod 6800 0x00000001175f8190 code [0x00000001175f8580, 0x00000001175f94c0]
Event: 5236.665 Thread 0x000000012f819800 6803       4       javafx.scene.control.skin.TableCellSkinBase::computePrefWidth (45 bytes)
Event: 5236.671 Thread 0x000000012f819800 nmethod 6803 0x00000001175fa190 code [0x00000001175fa480, 0x00000001175faba0]

GC Heap History (14 events):
Event: 0.612 GC heap before
{Heap before GC invocations=0 (full 0):
 garbage-first heap   total 262144K, used 23552K [0x00000006c0000000, 0x00000007c0000000)
  region size 1024K, 24 young (24576K), 0 survivors (0K)
 Metaspace       used 15114K, capacity 15417K, committed 15616K, reserved 1062912K
  class space    used 1536K, capacity 1701K, committed 1792K, reserved 1048576K
}
Event: 0.616 GC heap after
{Heap after GC invocations=1 (full 0):
 garbage-first heap   total 262144K, used 5686K [0x00000006c0000000, 0x00000007c0000000)
  region size 1024K, 3 young (3072K), 3 survivors (3072K)
 Metaspace       used 15114K, capacity 15417K, committed 15616K, reserved 1062912K
  class space    used 1536K, capacity 1701K, committed 1792K, reserved 1048576K
}
Event: 0.861 GC heap before
{Heap before GC invocations=1 (full 0):
 garbage-first heap   total 262144K, used 20022K [0x00000006c0000000, 0x00000007c0000000)
  region size 1024K, 14 young (14336K), 3 survivors (3072K)
 Metaspace       used 20566K, capacity 21101K, committed 21296K, reserved 1069056K
  class space    used 2314K, capacity 2590K, committed 2688K, reserved 1048576K
}
Event: 0.864 GC heap after
{Heap after GC invocations=2 (full 0):
 garbage-first heap   total 262144K, used 10706K [0x00000006c0000000, 0x00000007c0000000)
  region size 1024K, 2 young (2048K), 2 survivors (2048K)
 Metaspace       used 20566K, capacity 21101K, committed 21296K, reserved 1069056K
  class space    used 2314K, capacity 2590K, committed 2688K, reserved 1048576K
}
Event: 61.460 GC heap before
{Heap before GC invocations=3 (full 0):
 garbage-first heap   total 262144K, used 83410K [0x00000006c0000000, 0x00000007c0000000)
  region size 1024K, 56 young (57344K), 2 survivors (2048K)
 Metaspace       used 33163K, capacity 34499K, committed 34864K, reserved 1079296K
  class space    used 4280K, capacity 4876K, committed 4992K, reserved 1048576K
}
Event: 61.475 GC heap after
{Heap after GC invocations=4 (full 0):
 garbage-first heap   total 262144K, used 32249K [0x00000006c0000000, 0x00000007c0000000)
  region size 1024K, 7 young (7168K), 7 survivors (7168K)
 Metaspace       used 33163K, capacity 34499K, committed 34864K, reserved 1079296K
  class space    used 4280K, capacity 4876K, committed 4992K, reserved 1048576K
}
Event: 62.102 GC heap before
{Heap before GC invocations=4 (full 0):
 garbage-first heap   total 262144K, used 53753K [0x00000006c0000000, 0x00000007c0000000)
  region size 1024K, 28 young (28672K), 7 survivors (7168K)
 Metaspace       used 33243K, capacity 34567K, committed 34864K, reserved 1079296K
  class space    used 4280K, capacity 4876K, committed 4992K, reserved 1048576K
}
Event: 62.110 GC heap after
{Heap after GC invocations=5 (full 0):
 garbage-first heap   total 262144K, used 33730K [0x00000006c0000000, 0x00000007c0000000)
  region size 1024K, 1 young (1024K), 1 survivors (1024K)
 Metaspace       used 33243K, capacity 34567K, committed 34864K, reserved 1079296K
  class space    used 4280K, capacity 4876K, committed 4992K, reserved 1048576K
}
Event: 68.327 GC heap before
{Heap before GC invocations=5 (full 0):
 garbage-first heap   total 262144K, used 96194K [0x00000006c0000000, 0x00000007c0000000)
  region size 1024K, 62 young (63488K), 1 survivors (1024K)
 Metaspace       used 33450K, capacity 34760K, committed 35120K, reserved 1079296K
  class space    used 4280K, capacity 4876K, committed 4992K, reserved 1048576K
}
Event: 68.327 GC heap after
{Heap after GC invocations=6 (full 0):
 garbage-first heap   total 262144K, used 32966K [0x00000006c0000000, 0x00000007c0000000)
  region size 1024K, 1 young (1024K), 1 survivors (1024K)
 Metaspace       used 33450K, capacity 34760K, committed 35120K, reserved 1079296K
  class space    used 4280K, capacity 4876K, committed 4992K, reserved 1048576K
}
Event: 379.121 GC heap before
{Heap before GC invocations=6 (full 0):
 garbage-first heap   total 262144K, used 184518K [0x00000006c0000000, 0x00000007c0000000)
  region size 1024K, 149 young (152576K), 1 survivors (1024K)
 Metaspace       used 34146K, capacity 35523K, committed 35632K, reserved 1079296K
  class space    used 4306K, capacity 4930K, committed 4992K, reserved 1048576K
}
Event: 379.125 GC heap after
{Heap after GC invocations=7 (full 0):
 garbage-first heap   total 262144K, used 33397K [0x00000006c0000000, 0x00000007c0000000)
  region size 1024K, 1 young (1024K), 1 survivors (1024K)
 Metaspace       used 34146K, capacity 35523K, committed 35632K, reserved 1079296K
  class space    used 4306K, capacity 4930K, committed 4992K, reserved 1048576K
}
Event: 450.633 GC heap before
{Heap before GC invocations=7 (full 0):
 garbage-first heap   total 262144K, used 48757K [0x00000006c0000000, 0x00000007c0000000)
  region size 1024K, 17 young (17408K), 1 survivors (1024K)
 Metaspace       used 34424K, capacity 35814K, committed 35888K, reserved 1081344K
  class space    used 4358K, capacity 4985K, committed 4992K, reserved 1048576K
}
Event: 450.636 GC heap after
{Heap after GC invocations=8 (full 0):
 garbage-first heap   total 262144K, used 33602K [0x00000006c0000000, 0x00000007c0000000)
  region size 1024K, 1 young (1024K), 1 survivors (1024K)
 Metaspace       used 34424K, capacity 35814K, committed 35888K, reserved 1081344K
  class space    used 4358K, capacity 4985K, committed 4992K, reserved 1048576K
}

Deoptimization events (20 events):
Event: 5210.668 Thread 0x000000011e858000 Uncommon trap: trap_request=0xffffffc6 fr.pc=0x00000001173b98b0 relative=0x0000000000000430
Event: 5210.668 Thread 0x000000011e858000 Uncommon trap: reason=bimorphic_or_optimized_type_check action=maybe_recompile pc=0x00000001173b98b0 method=com.sun.javafx.sg.prism.NGNode.getContentBounds(Lcom/sun/javafx/geom/BaseBounds;Lcom/sun/javafx/geom/transform/BaseTransform;)Lcom/sun/javafx/geom/
Event: 5210.668 Thread 0x000000011e858000 DEOPT PACKING pc=0x00000001173b98b0 sp=0x000000016d810d00
Event: 5210.668 Thread 0x000000011e858000 DEOPT UNPACKING pc=0x000000010f5d4d9c sp=0x000000016d810c70 mode 2
Event: 5236.007 Thread 0x000000011fad5800 Uncommon trap: trap_request=0xffffff4d fr.pc=0x00000001173011f0 relative=0x0000000000000c30
Event: 5236.007 Thread 0x000000011fad5800 Uncommon trap: reason=unstable_if action=reinterpret pc=0x00000001173011f0 method=javafx.scene.layout.Region.snappedTopInset()D @ 9 c2
Event: 5236.007 Thread 0x000000011fad5800 DEOPT PACKING pc=0x00000001173011f0 sp=0x000000016b196950
Event: 5236.007 Thread 0x000000011fad5800 DEOPT UNPACKING pc=0x000000010f5d4d9c sp=0x000000016b196870 mode 2
Event: 5236.440 Thread 0x000000011fad5800 Uncommon trap: trap_request=0xffffff4d fr.pc=0x00000001173f6c38 relative=0x00000000000002f8
Event: 5236.444 Thread 0x000000011fad5800 Uncommon trap: reason=unstable_if action=reinterpret pc=0x00000001173f6c38 method=javafx.scene.control.skin.VirtualFlow$ArrayLinkedList.addLast(Ljava/lang/Object;)V @ 55 c2
Event: 5236.444 Thread 0x000000011fad5800 DEOPT PACKING pc=0x00000001173f6c38 sp=0x000000016b196ec0
Event: 5236.444 Thread 0x000000011fad5800 DEOPT UNPACKING pc=0x000000010f5d4d9c sp=0x000000016b196e50 mode 2
Event: 5236.445 Thread 0x000000011fad5800 Uncommon trap: trap_request=0xffffff4d fr.pc=0x000000011753f9b4 relative=0x0000000000000234
Event: 5236.445 Thread 0x000000011fad5800 Uncommon trap: reason=unstable_if action=reinterpret pc=0x000000011753f9b4 method=javafx.scene.control.skin.VirtualFlow$ArrayLinkedList.remove(I)Ljava/lang/Object; @ 100 c2
Event: 5236.445 Thread 0x000000011fad5800 DEOPT PACKING pc=0x000000011753f9b4 sp=0x000000016b196cf0
Event: 5236.445 Thread 0x000000011fad5800 DEOPT UNPACKING pc=0x000000010f5d4d9c sp=0x000000016b196c80 mode 2
Event: 5236.616 Thread 0x000000011e858000 Uncommon trap: trap_request=0xffffffde fr.pc=0x00000001172c89fc relative=0x000000000000043c
Event: 5236.616 Thread 0x000000011e858000 Uncommon trap: reason=class_check action=maybe_recompile pc=0x00000001172c89fc method=com.sun.javafx.sg.prism.NGNode.clearDirtyTree()V @ 74 c2
Event: 5236.616 Thread 0x000000011e858000 DEOPT PACKING pc=0x00000001172c89fc sp=0x000000016d811a70
Event: 5236.616 Thread 0x000000011e858000 DEOPT UNPACKING pc=0x000000010f5d4d9c sp=0x000000016d811a00 mode 2

Classes redefined (0 events):
No events

Internal exceptions (20 events):
Event: 305.401 Thread 0x000000011fad5800 Implicit null exception at 0x0000000117384b9c to 0x0000000117384be8
Event: 305.401 Thread 0x000000011fad5800 Implicit null exception at 0x000000011739eb1c to 0x000000011739eb88
Event: 305.410 Thread 0x000000011fad5800 Implicit null exception at 0x0000000117447ed0 to 0x0000000117448814
Event: 305.410 Thread 0x000000011fad5800 Implicit null exception at 0x0000000117498818 to 0x0000000117499874
Event: 305.414 Thread 0x000000011e858000 Exception <a 'java/lang/NoSuchMethodError'{0x00000006cdd70470}: 'java.lang.Object java.lang.invoke.DirectMethodHandle$Holder.invokeStaticInit(java.lang.Object, int)'> (0x00000006cdd70470) thrown at [src/hotspot/share/interpreter/linkResolver.cpp, line 773]
Event: 305.423 Thread 0x000000011e858000 Implicit null exception at 0x00000001173d03a8 to 0x00000001173d06c0
Event: 425.451 Thread 0x000000011fad5800 Implicit null exception at 0x00000001173d5b88 to 0x00000001173d65a0
Event: 450.580 Thread 0x000000011fad5800 Implicit null exception at 0x000000011724f824 to 0x0000000117255f58
Event: 450.581 Thread 0x000000011fad5800 Implicit null exception at 0x0000000117271b48 to 0x00000001172799fc
Event: 450.618 Thread 0x000000011fad5800 Implicit null exception at 0x000000011732798c to 0x000000011732a2e0
Event: 450.618 Thread 0x000000011fad5800 Implicit null exception at 0x00000001174e6ec0 to 0x00000001174e7000
Event: 450.626 Thread 0x000000011fad5800 Implicit null exception at 0x000000011730ae1c to 0x000000011730bc08
Event: 450.628 Thread 0x000000011fad5800 Implicit null exception at 0x00000001173df044 to 0x00000001173df31c
Event: 451.358 Thread 0x000000011fad5800 Implicit null exception at 0x000000011756889c to 0x0000000117569668
Event: 451.701 Thread 0x000000011fad5800 Exception <a 'java/io/FileNotFoundException'{0x00000006cff4c760}> (0x00000006cff4c760) thrown at [src/hotspot/share/prims/jni.cpp, line 615]
Event: 451.783 Thread 0x000000011e858000 Implicit null exception at 0x00000001173e01a4 to 0x00000001173e1400
Event: 451.783 Thread 0x000000011e858000 Implicit null exception at 0x0000000117406950 to 0x00000001174084dc
Event: 5209.899 Thread 0x000000011fad5800 Implicit null exception at 0x00000001173c7b28 to 0x00000001173c7c38
Event: 5209.920 Thread 0x000000011fad5800 Implicit null exception at 0x00000001173acfc8 to 0x00000001173ad09c
Event: 5210.489 Thread 0x000000011e858000 Implicit null exception at 0x00000001173a827c to 0x00000001173a82b4

Events (20 events):
Event: 4810.226 Protecting memory [0x0000000294d90000,0x0000000294d9c000] with protection modes 3
Event: 4810.226 Thread 0x000000012e89e800 Thread exited: 0x000000012e89e800
Event: 5204.034 Protecting memory [0x0000000294d04000,0x0000000294d10000] with protection modes 0
Event: 5204.034 Thread 0x0000000299fff000 Thread added: 0x0000000299fff000
Event: 5210.346 loading class com/sun/javafx/tk/quantum/GlassScene
Event: 5210.346 loading class com/sun/javafx/tk/quantum/GlassScene done
Event: 5210.347 loading class com/sun/javafx/tk/quantum/GlassScene
Event: 5210.347 loading class com/sun/javafx/tk/quantum/GlassScene done
Event: 5210.444 loading class com/sun/javafx/tk/quantum/GlassWindowEventHandler
Event: 5210.444 loading class com/sun/javafx/tk/quantum/GlassWindowEventHandler done
Event: 5210.986 Protecting memory [0x0000000294d04000,0x0000000294d10000] with protection modes 3
Event: 5210.986 Thread 0x0000000299fff000 Thread exited: 0x0000000299fff000
Event: 5235.994 Protecting memory [0x000000016dbcc000,0x000000016dbd8000] with protection modes 0
Event: 5235.994 Thread 0x0000000160ba8800 Thread added: 0x0000000160ba8800
Event: 5236.626 Protecting memory [0x0000000294840000,0x000000029484c000] with protection modes 0
Event: 5236.626 Thread 0x0000000160ba6000 Thread added: 0x0000000160ba6000
Event: 5236.944 Protecting memory [0x0000000294840000,0x000000029484c000] with protection modes 3
Event: 5236.944 Thread 0x0000000160ba6000 Thread exited: 0x0000000160ba6000
Event: 5237.308 Protecting memory [0x000000016dbcc000,0x000000016dbd8000] with protection modes 0
Event: 5237.308 Thread 0x0000000299f0a000 Thread added: 0x0000000299f0a000


Dynamic libraries:
0x0000000104d98000 	/Library/Java/JavaVirtualMachines/zulu-11.jdk/Contents/Home/lib/jli/libjli.dylib
0x00000001b3a66000 	/System/Library/Frameworks/Cocoa.framework/Versions/A/Cocoa
0x000000019ffdf000 	/System/Library/Frameworks/AppKit.framework/Versions/C/AppKit
0x00000001a3515000 	/System/Library/Frameworks/CoreData.framework/Versions/A/CoreData
0x000000019e33c000 	/System/Library/Frameworks/Foundation.framework/Versions/C/Foundation
0x00000001a7e61000 	/usr/lib/libSystem.B.dylib
0x00000001a0e96000 	/System/Library/PrivateFrameworks/UIFoundation.framework/Versions/A/UIFoundation
0x00000001add5f000 	/System/Library/PrivateFrameworks/RemoteViewServices.framework/Versions/A/RemoteViewServices
0x00000001a6378000 	/System/Library/PrivateFrameworks/XCTTargetBootstrap.framework/Versions/A/XCTTargetBootstrap
0x00000001a9b62000 	/System/Library/PrivateFrameworks/InternationalSupport.framework/Versions/A/InternationalSupport
0x00000001a9beb000 	/System/Library/PrivateFrameworks/UserActivity.framework/Versions/A/UserActivity
0x00000001a9090000 	/usr/lib/libspindump.dylib
0x00000001a1106000 	/System/Library/Frameworks/UniformTypeIdentifiers.framework/Versions/A/UniformTypeIdentifiers
0x00000001a4905000 	/usr/lib/libapp_launch_measurement.dylib
0x00000001a3e7d000 	/System/Library/PrivateFrameworks/CoreAnalytics.framework/Versions/A/CoreAnalytics
0x00000001a4908000 	/System/Library/PrivateFrameworks/CoreAutoLayout.framework/Versions/A/CoreAutoLayout
0x00000001a5c7b000 	/System/Library/Frameworks/Metal.framework/Versions/A/Metal
0x00000001a69ca000 	/usr/lib/liblangid.dylib
0x00000001a637c000 	/System/Library/PrivateFrameworks/CoreSVG.framework/Versions/A/CoreSVG
0x00000001a25cd000 	/System/Library/PrivateFrameworks/SkyLight.framework/Versions/A/SkyLight
0x00000001a299a000 	/System/Library/Frameworks/CoreGraphics.framework/Versions/A/CoreGraphics
0x00000001ae3dd000 	/System/Library/Frameworks/Accelerate.framework/Versions/A/Accelerate
0x00000001a8b04000 	/System/Library/PrivateFrameworks/IconServices.framework/Versions/A/IconServices
0x00000001a5c5d000 	/System/Library/Frameworks/IOSurface.framework/Versions/A/IOSurface
0x00000001a3ead000 	/usr/lib/libDiagnosticMessagesClient.dylib
0x00000001a7db1000 	/usr/lib/libz.1.dylib
0x00000001b1826000 	/System/Library/Frameworks/ApplicationServices.framework/Versions/A/ApplicationServices
0x00000001a6360000 	/System/Library/PrivateFrameworks/DFRFoundation.framework/Versions/A/DFRFoundation
0x000000019f880000 	/usr/lib/libicucore.A.dylib
0x00000001aa963000 	/System/Library/Frameworks/AudioToolbox.framework/Versions/A/AudioToolbox
0x00000001a9b6e000 	/System/Library/PrivateFrameworks/DataDetectorsCore.framework/Versions/A/DataDetectorsCore
0x00000001bfcbc000 	/System/Library/PrivateFrameworks/TextInput.framework/Versions/A/TextInput
0x00000001a2544000 	/usr/lib/libMobileGestalt.dylib
0x00000001a6030000 	/System/Library/Frameworks/Carbon.framework/Versions/A/Frameworks/HIToolbox.framework/Versions/A/HIToolbox
0x00000001a430e000 	/System/Library/Frameworks/QuartzCore.framework/Versions/A/QuartzCore
0x000000019f4fd000 	/System/Library/Frameworks/Security.framework/Versions/A/Security
0x00000001add9f000 	/System/Library/Frameworks/Carbon.framework/Versions/A/Frameworks/SpeechRecognition.framework/Versions/A/SpeechRecognition
0x00000001a465c000 	/System/Library/PrivateFrameworks/CoreUI.framework/Versions/A/CoreUI
0x000000019edce000 	/System/Library/Frameworks/CoreAudio.framework/Versions/A/CoreAudio
0x00000001a3fa1000 	/System/Library/Frameworks/DiskArbitration.framework/Versions/A/DiskArbitration
0x00000001a9475000 	/System/Library/PrivateFrameworks/MultitouchSupport.framework/Versions/A/MultitouchSupport
0x00000001a2542000 	/usr/lib/libenergytrace.dylib
0x000000019fea9000 	/System/Library/Frameworks/IOKit.framework/Versions/A/IOKit
0x00000001ae188000 	/System/Library/Frameworks/CoreServices.framework/Versions/A/CoreServices
0x00000001a4895000 	/System/Library/PrivateFrameworks/PerformanceAnalysis.framework/Versions/A/PerformanceAnalysis
0x00000001fe869000 	/System/Library/Frameworks/OpenGL.framework/Versions/A/OpenGL
0x00000001a741b000 	/System/Library/PrivateFrameworks/MobileKeyBag.framework/Versions/A/MobileKeyBag
0x000000019d286000 	/usr/lib/libobjc.A.dylib
0x00000001a2faa000 	/System/Library/Frameworks/ColorSync.framework/Versions/A/ColorSync
0x000000019d448000 	/System/Library/Frameworks/CoreFoundation.framework/Versions/A/CoreFoundation
0x00000001a65fd000 	/System/Library/Frameworks/CoreImage.framework/Versions/A/CoreImage
0x000000019ebf1000 	/System/Library/Frameworks/CoreText.framework/Versions/A/CoreText
0x00000001a63ac000 	/System/Library/Frameworks/ImageIO.framework/Versions/A/ImageIO
0x00000001a7e67000 	/System/Library/PrivateFrameworks/SoftLinking.framework/Versions/A/SoftLinking
0x00000001a4952000 	/usr/lib/libxml2.2.dylib
0x000000019d346000 	/usr/lib/libc++.1.dylib
0x00000001a8100000 	/usr/lib/libcompression.dylib
0x00000001a9abb000 	/System/Library/PrivateFrameworks/TextureIO.framework/Versions/A/TextureIO
0x00000001a881e000 	/usr/lib/libate.dylib
0x00000001a7e5b000 	/usr/lib/system/libcache.dylib
0x00000001a7e19000 	/usr/lib/system/libcommonCrypto.dylib
0x00000001a7e42000 	/usr/lib/system/libcompiler_rt.dylib
0x00000001a7e39000 	/usr/lib/system/libcopyfile.dylib
0x000000019d19a000 	/usr/lib/system/libcorecrypto.dylib
0x000000019d23f000 	/usr/lib/system/libdispatch.dylib
0x000000019d407000 	/usr/lib/system/libdyld.dylib
0x00000001a7e51000 	/usr/lib/system/libkeymgr.dylib
0x00000001a7dfb000 	/usr/lib/system/libmacho.dylib
0x00000001a74fb000 	/usr/lib/system/libquarantine.dylib
0x00000001a7e4e000 	/usr/lib/system/libremovefile.dylib
0x00000001a2599000 	/usr/lib/system/libsystem_asl.dylib
0x000000019d144000 	/usr/lib/system/libsystem_blocks.dylib
0x000000019d2c5000 	/usr/lib/system/libsystem_c.dylib
0x00000001a7e46000 	/usr/lib/system/libsystem_collections.dylib
0x00000001a69ba000 	/usr/lib/system/libsystem_configuration.dylib
0x00000001a5c3e000 	/usr/lib/system/libsystem_containermanager.dylib
0x00000001a7b62000 	/usr/lib/system/libsystem_coreservices.dylib
0x000000019fb2b000 	/usr/lib/system/libsystem_darwin.dylib
0x00000001a7e52000 	/usr/lib/system/libsystem_dnssd.dylib
0x000000019d2c2000 	/usr/lib/system/libsystem_featureflags.dylib
0x000000019d41c000 	/usr/lib/system/libsystem_info.dylib
0x00000001a7dc3000 	/usr/lib/system/libsystem_m.dylib
0x000000019d214000 	/usr/lib/system/libsystem_malloc.dylib
0x00000001a252a000 	/usr/lib/system/libsystem_networkextension.dylib
0x000000019ff7f000 	/usr/lib/system/libsystem_notify.dylib
0x00000001ae065000 	/usr/lib/system/libsystem_product_info_filter.dylib
0x00000001a69bf000 	/usr/lib/system/libsystem_sandbox.dylib
0x00000001a7e4b000 	/usr/lib/system/libsystem_secinit.dylib
0x000000019d3c4000 	/usr/lib/system/libsystem_kernel.dylib
0x000000019d414000 	/usr/lib/system/libsystem_platform.dylib
0x000000019d3fa000 	/usr/lib/system/libsystem_pthread.dylib
0x00000001a3cd6000 	/usr/lib/system/libsystem_symptoms.dylib
0x000000019d180000 	/usr/lib/system/libsystem_trace.dylib
0x00000001a7e26000 	/usr/lib/system/libunwind.dylib
0x000000019d146000 	/usr/lib/system/libxpc.dylib
0x000000019d3aa000 	/usr/lib/libc++abi.dylib
0x00000001a7e31000 	/usr/lib/liboah.dylib
0x00000001a86e6000 	/usr/lib/liblzma.5.dylib
0x000000019e030000 	/System/Library/Frameworks/SystemConfiguration.framework/Versions/A/SystemConfiguration
0x00000001a7e63000 	/usr/lib/libfakelink.dylib
0x00000001a2071000 	/System/Library/Frameworks/CFNetwork.framework/Versions/A/CFNetwork
0x00000001a7faa000 	/usr/lib/libarchive.2.dylib
0x00000001a69c6000 	/System/Library/PrivateFrameworks/AppleSystemInfo.framework/Versions/A/AppleSystemInfo
0x00000001a7526000 	/usr/lib/libbsm.0.dylib
0x00000001a15a9000 	/usr/lib/libnetwork.dylib
0x00000001a7e01000 	/usr/lib/system/libkxld.dylib
0x00000001a713d000 	/System/Library/PrivateFrameworks/IOMobileFramebuffer.framework/Versions/A/IOMobileFramebuffer
0x000000021a69a000 	/usr/lib/libCoreEntitlements.dylib
0x00000001a7b44000 	/System/Library/PrivateFrameworks/AppleFSCompression.framework/Versions/A/AppleFSCompression
0x00000001a750e000 	/usr/lib/libcoretls.dylib
0x00000001a86ff000 	/usr/lib/libcoretls_cfhelpers.dylib
0x00000001a80fb000 	/usr/lib/libpam.2.dylib
0x00000001a38fe000 	/usr/lib/libsqlite3.dylib
0x00000001a8767000 	/usr/lib/libxar.1.dylib
0x00000001a7b55000 	/usr/lib/libbz2.1.0.dylib
0x00000001a7e68000 	/usr/lib/libpcap.A.dylib
0x00000001a3ccd000 	/usr/lib/libdns_services.dylib
0x00000001a80ce000 	/usr/lib/libapple_nghttp2.dylib
0x00000001a7ea5000 	/usr/lib/libiconv.2.dylib
0x00000001a7dfa000 	/usr/lib/libcharset.1.dylib
0x00000001a48d1000 	/System/Library/Frameworks/CoreServices.framework/Versions/A/Frameworks/FSEvents.framework/Versions/A/FSEvents
0x000000019fb36000 	/System/Library/Frameworks/CoreServices.framework/Versions/A/Frameworks/CarbonCore.framework/Versions/A/CarbonCore
0x00000001a3f04000 	/System/Library/Frameworks/CoreServices.framework/Versions/A/Frameworks/Metadata.framework/Versions/A/Metadata
0x00000001a7b68000 	/System/Library/Frameworks/CoreServices.framework/Versions/A/Frameworks/OSServices.framework/Versions/A/OSServices
0x00000001a8030000 	/System/Library/Frameworks/CoreServices.framework/Versions/A/Frameworks/SearchKit.framework/Versions/A/SearchKit
0x00000001a3c5b000 	/System/Library/Frameworks/CoreServices.framework/Versions/A/Frameworks/AE.framework/Versions/A/AE
0x000000019d98c000 	/System/Library/Frameworks/CoreServices.framework/Versions/A/Frameworks/LaunchServices.framework/Versions/A/LaunchServices
0x00000001a868f000 	/System/Library/Frameworks/CoreServices.framework/Versions/A/Frameworks/DictionaryServices.framework/Versions/A/DictionaryServices
0x00000001a48de000 	/System/Library/Frameworks/CoreServices.framework/Versions/A/Frameworks/SharedFileList.framework/Versions/A/SharedFileList
0x00000001a74fe000 	/usr/lib/libCheckFix.dylib
0x00000001a25b1000 	/System/Library/PrivateFrameworks/TCC.framework/Versions/A/TCC
0x00000001a69cc000 	/System/Library/PrivateFrameworks/CoreNLP.framework/Versions/A/CoreNLP
0x00000001a3eb0000 	/System/Library/PrivateFrameworks/MetadataUtilities.framework/Versions/A/MetadataUtilities
0x000000019e0e9000 	/usr/lib/libmecabra.dylib
0x00000001a7537000 	/usr/lib/libmecab.dylib
0x000000019e0b5000 	/usr/lib/libCRFSuite.dylib
0x00000001a7595000 	/usr/lib/libgermantok.dylib
0x00000001a80a7000 	/usr/lib/libThaiTokenizer.dylib
0x00000001a3fa9000 	/System/Library/Frameworks/Accelerate.framework/Versions/A/Frameworks/vImage.framework/Versions/A/vImage
0x00000001ae15f000 	/System/Library/Frameworks/Accelerate.framework/Versions/A/Frameworks/vecLib.framework/Versions/A/vecLib
0x00000001a87ab000 	/System/Library/Frameworks/Accelerate.framework/Versions/A/Frameworks/vecLib.framework/Versions/A/libvMisc.dylib
0x00000001a7047000 	/System/Library/Frameworks/Accelerate.framework/Versions/A/Frameworks/vecLib.framework/Versions/A/libvDSP.dylib
0x000000019dd0f000 	/System/Library/Frameworks/Accelerate.framework/Versions/A/Frameworks/vecLib.framework/Versions/A/libBLAS.dylib
0x00000001a81cf000 	/System/Library/Frameworks/Accelerate.framework/Versions/A/Frameworks/vecLib.framework/Versions/A/libLAPACK.dylib
0x00000001a7598000 	/System/Library/Frameworks/Accelerate.framework/Versions/A/Frameworks/vecLib.framework/Versions/A/libLinearAlgebra.dylib
0x00000001a80e6000 	/System/Library/Frameworks/Accelerate.framework/Versions/A/Frameworks/vecLib.framework/Versions/A/libSparseBLAS.dylib
0x00000001a81ca000 	/System/Library/Frameworks/Accelerate.framework/Versions/A/Frameworks/vecLib.framework/Versions/A/libQuadrature.dylib
0x00000001a6ac3000 	/System/Library/Frameworks/Accelerate.framework/Versions/A/Frameworks/vecLib.framework/Versions/A/libBNNS.dylib
0x000000019dfcd000 	/System/Library/Frameworks/Accelerate.framework/Versions/A/Frameworks/vecLib.framework/Versions/A/libSparse.dylib
0x00000001a6abb000 	/System/Library/PrivateFrameworks/LinguisticData.framework/Versions/A/LinguisticData
0x000000019df83000 	/System/Library/PrivateFrameworks/Lexicon.framework/Versions/A/Lexicon
0x00000001a87a3000 	/usr/lib/libChineseTokenizer.dylib
0x000000019e72a000 	/System/Library/PrivateFrameworks/LanguageModeling.framework/Versions/A/LanguageModeling
0x00000001a80a9000 	/System/Library/PrivateFrameworks/AppleSauce.framework/Versions/A/AppleSauce
0x00000001a712a000 	/System/Library/PrivateFrameworks/CoreEmoji.framework/Versions/A/CoreEmoji
0x00000001a7f98000 	/usr/lib/libcmph.dylib
0x00000001a48b1000 	/System/Library/Frameworks/OpenDirectory.framework/Versions/A/Frameworks/CFOpenDirectory.framework/Versions/A/CFOpenDirectory
0x00000001a48a1000 	/System/Library/Frameworks/OpenDirectory.framework/Versions/A/OpenDirectory
0x00000001a8701000 	/System/Library/PrivateFrameworks/APFS.framework/Versions/A/APFS
0x00000001a7456000 	/System/Library/Frameworks/SecurityFoundation.framework/Versions/A/SecurityFoundation
0x00000001a8775000 	/usr/lib/libutil.dylib
0x000000019fe6b000 	/System/Library/PrivateFrameworks/CoreServicesStore.framework/Versions/A/CoreServicesStore
0x00000001a8779000 	/usr/lib/libxslt.1.dylib
0x00000001a74ea000 	/System/Library/PrivateFrameworks/BackgroundTaskManagement.framework/Versions/A/BackgroundTaskManagement
0x00000001a99dc000 	/System/Library/Frameworks/ImageIO.framework/Versions/A/Resources/libRadiance.dylib
0x00000001a99e5000 	/System/Library/Frameworks/ImageIO.framework/Versions/A/Resources/libJPEG.dylib
0x00000001a9937000 	/System/Library/Frameworks/ImageIO.framework/Versions/A/Resources/libPng.dylib
0x00000001a9959000 	/System/Library/Frameworks/ImageIO.framework/Versions/A/Resources/libTIFF.dylib
0x00000001a9a40000 	/System/Library/Frameworks/ImageIO.framework/Versions/A/Resources/libGIF.dylib
0x00000001a9385000 	/System/Library/Frameworks/ImageIO.framework/Versions/A/Resources/libJP2.dylib
0x00000001a8aca000 	/usr/lib/libexpat.1.dylib
0x00000001a9340000 	/System/Library/PrivateFrameworks/AppleJPEG.framework/Versions/A/AppleJPEG
0x00000001a5eef000 	/System/Library/PrivateFrameworks/FontServices.framework/libFontParser.dylib
0x00000001a3c00000 	/System/Library/PrivateFrameworks/RunningBoardServices.framework/Versions/A/RunningBoardServices
0x00000001b40dc000 	/System/Library/PrivateFrameworks/IOSurfaceAccelerator.framework/Versions/A/IOSurfaceAccelerator
0x00000001a9471000 	/System/Library/PrivateFrameworks/WatchdogClient.framework/Versions/A/WatchdogClient
0x000000019e82e000 	/System/Library/Frameworks/CoreDisplay.framework/Versions/A/CoreDisplay
0x00000001a5ddd000 	/System/Library/Frameworks/CoreMedia.framework/Versions/A/CoreMedia
0x00000001a5c71000 	/System/Library/PrivateFrameworks/IOAccelerator.framework/Versions/A/IOAccelerator
0x00000001a4a3f000 	/System/Library/Frameworks/CoreVideo.framework/Versions/A/CoreVideo
0x00000001a80f9000 	/System/Library/Frameworks/MetalPerformanceShaders.framework/Versions/A/MetalPerformanceShaders
0x00000001a94ae000 	/System/Library/Frameworks/VideoToolbox.framework/Versions/A/VideoToolbox
0x00000001a3b44000 	/System/Library/PrivateFrameworks/BaseBoard.framework/Versions/A/BaseBoard
0x00000001a38e3000 	/System/Library/PrivateFrameworks/ProtocolBuffer.framework/Versions/A/ProtocolBuffer
0x00000001a99d7000 	/System/Library/PrivateFrameworks/GPUWrangler.framework/Versions/A/GPUWrangler
0x00000001a99b6000 	/System/Library/PrivateFrameworks/IOPresentment.framework/Versions/A/IOPresentment
0x00000001a99df000 	/System/Library/PrivateFrameworks/DSExternalDisplay.framework/Versions/A/DSExternalDisplay
0x00000001fe85c000 	/System/Library/Frameworks/OpenGL.framework/Versions/A/Libraries/libCoreFSCache.dylib
0x0000000208047000 	/System/Library/PrivateFrameworks/GPUCompiler.framework/Versions/31001/Libraries/libGPUCompilerUtils.dylib
0x00000001a9a45000 	/System/Library/PrivateFrameworks/CMCaptureCore.framework/Versions/A/CMCaptureCore
0x00000001a907e000 	/System/Library/PrivateFrameworks/AppServerSupport.framework/Versions/A/AppServerSupport
0x00000001ab21e000 	/System/Library/PrivateFrameworks/perfdata.framework/Versions/A/perfdata
0x000000019e94e000 	/System/Library/PrivateFrameworks/AudioToolboxCore.framework/Versions/A/AudioToolboxCore
0x00000001a5db5000 	/System/Library/PrivateFrameworks/caulk.framework/Versions/A/caulk
0x00000001aab13000 	/usr/lib/libAudioStatistics.dylib
0x00000001bc430000 	/System/Library/PrivateFrameworks/SystemPolicy.framework/Versions/A/SystemPolicy
0x00000001aad73000 	/usr/lib/libSMC.dylib
0x00000001b3948000 	/System/Library/Frameworks/CoreMIDI.framework/Versions/A/CoreMIDI
0x00000001a9905000 	/usr/lib/libAudioToolboxUtility.dylib
0x00000001b885d000 	/System/Library/PrivateFrameworks/OSAServicesClient.framework/Versions/A/OSAServicesClient
0x00000001ab22b000 	/usr/lib/libperfcheck.dylib
0x00000001bcf37000 	/usr/lib/libmis.dylib
0x00000001fe8bd000 	/System/Library/Frameworks/OpenGL.framework/Versions/A/Libraries/libGLU.dylib
0x00000001fe87c000 	/System/Library/Frameworks/OpenGL.framework/Versions/A/Libraries/libGFXShared.dylib
0x00000001fea66000 	/System/Library/Frameworks/OpenGL.framework/Versions/A/Libraries/libGL.dylib
0x00000001fe885000 	/System/Library/Frameworks/OpenGL.framework/Versions/A/Libraries/libGLImage.dylib
0x00000001fe879000 	/System/Library/Frameworks/OpenGL.framework/Versions/A/Libraries/libCVMSPluginSupport.dylib
0x00000001fe863000 	/System/Library/Frameworks/OpenGL.framework/Versions/A/Libraries/libCoreVMClient.dylib
0x00000001a6947000 	/System/Library/Frameworks/MetalPerformanceShaders.framework/Versions/A/Frameworks/MPSCore.framework/Versions/A/MPSCore
0x00000001a7ab7000 	/System/Library/Frameworks/MetalPerformanceShaders.framework/Versions/A/Frameworks/MPSImage.framework/Versions/A/MPSImage
0x00000001a75ad000 	/System/Library/Frameworks/MetalPerformanceShaders.framework/Versions/A/Frameworks/MPSNeuralNetwork.framework/Versions/A/MPSNeuralNetwork
0x00000001a79ea000 	/System/Library/Frameworks/MetalPerformanceShaders.framework/Versions/A/Frameworks/MPSMatrix.framework/Versions/A/MPSMatrix
0x00000001a77c5000 	/System/Library/Frameworks/MetalPerformanceShaders.framework/Versions/A/Frameworks/MPSRayIntersector.framework/Versions/A/MPSRayIntersector
0x00000001a7a1b000 	/System/Library/Frameworks/MetalPerformanceShaders.framework/Versions/A/Frameworks/MPSNDArray.framework/Versions/A/MPSNDArray
0x0000000200594000 	/System/Library/Frameworks/MetalPerformanceShaders.framework/Versions/A/Frameworks/MPSFunctions.framework/Versions/A/MPSFunctions
0x000000019dbed000 	/System/Library/PrivateFrameworks/MetalTools.framework/Versions/A/MetalTools
0x00000001a69c4000 	/System/Library/PrivateFrameworks/AggregateDictionary.framework/Versions/A/AggregateDictionary
0x00000001a88b0000 	/usr/lib/libIOReport.dylib
0x00000001b292f000 	/System/Library/PrivateFrameworks/ASEProcessing.framework/Versions/A/ASEProcessing
0x00000001a8c23000 	/System/Library/PrivateFrameworks/FaceCore.framework/Versions/A/FaceCore
0x00000001a8c15000 	/System/Library/PrivateFrameworks/GraphVisualizer.framework/Versions/A/GraphVisualizer
0x0000000207f5e000 	/System/Library/PrivateFrameworks/FontServices.framework/Versions/A/FontServices
0x00000001a9038000 	/System/Library/PrivateFrameworks/OTSVG.framework/Versions/A/OTSVG
0x00000001a460d000 	/System/Library/Frameworks/ApplicationServices.framework/Versions/A/Frameworks/ATS.framework/Versions/A/Resources/libFontRegistry.dylib
0x00000001a9087000 	/System/Library/PrivateFrameworks/FontServices.framework/libhvf.dylib
0x0000000207f5f000 	/System/Library/PrivateFrameworks/FontServices.framework/libXTFontStaticRegistryData.dylib
0x00000001fec08000 	/System/Library/Frameworks/OpenCL.framework/Versions/A/OpenCL
0x00000001a8a7e000 	/System/Library/PrivateFrameworks/AppleVA.framework/Versions/A/AppleVA
0x00000001aab3b000 	/System/Library/Frameworks/ApplicationServices.framework/Versions/A/Frameworks/ATS.framework/Versions/A/ATS
0x00000001a30a7000 	/System/Library/Frameworks/ApplicationServices.framework/Versions/A/Frameworks/HIServices.framework/Versions/A/HIServices
0x00000001a9a4f000 	/System/Library/Frameworks/ApplicationServices.framework/Versions/A/Frameworks/PrintCore.framework/Versions/A/PrintCore
0x00000001aaec6000 	/System/Library/Frameworks/ApplicationServices.framework/Versions/A/Frameworks/QD.framework/Versions/A/QD
0x00000001aaebe000 	/System/Library/Frameworks/ApplicationServices.framework/Versions/A/Frameworks/ColorSyncLegacy.framework/Versions/A/ColorSyncLegacy
0x00000001aab27000 	/System/Library/Frameworks/ApplicationServices.framework/Versions/A/Frameworks/SpeechSynthesis.framework/Versions/A/SpeechSynthesis
0x00000001a9a10000 	/System/Library/Frameworks/ApplicationServices.framework/Versions/A/Frameworks/ATSUI.framework/Versions/A/ATSUI
0x00000001aae53000 	/usr/lib/libcups.2.dylib
0x00000001ab239000 	/System/Library/Frameworks/Kerberos.framework/Versions/A/Kerberos
0x00000001ab24a000 	/System/Library/Frameworks/GSS.framework/Versions/A/GSS
0x00000001aabaa000 	/usr/lib/libresolv.9.dylib
0x00000001a9095000 	/System/Library/PrivateFrameworks/Heimdal.framework/Versions/A/Heimdal
0x00000001b1b9e000 	/System/Library/Frameworks/Kerberos.framework/Versions/A/Libraries/libHeimdalProxy.dylib
0x00000001a3cdf000 	/System/Library/Frameworks/Network.framework/Versions/A/Network
0x00000001a8ae5000 	/usr/lib/libheimdal-asn1.dylib
0x00000001ab290000 	/System/Library/PrivateFrameworks/CommonAuth.framework/Versions/A/CommonAuth
0x00000001aaaa1000 	/System/Library/PrivateFrameworks/AudioSession.framework/Versions/A/AudioSession
0x00000001a8b76000 	/System/Library/PrivateFrameworks/MediaExperience.framework/Versions/A/MediaExperience
0x00000001aa929000 	/System/Library/PrivateFrameworks/AudioSession.framework/libSessionUtility.dylib
0x00000001aaed2000 	/System/Library/PrivateFrameworks/AudioResourceArbitration.framework/Versions/A/AudioResourceArbitration
0x00000001aefdd000 	/System/Library/PrivateFrameworks/PowerLog.framework/Versions/A/PowerLog
0x00000001a8aee000 	/System/Library/PrivateFrameworks/IconFoundation.framework/Versions/A/IconFoundation
0x00000001add8b000 	/System/Library/PrivateFrameworks/SpeechRecognitionCore.framework/Versions/A/SpeechRecognitionCore
0x0000000105cb0000 	/Library/Java/JavaVirtualMachines/zulu-11.jdk/Contents/Home/lib/server/libjvm.dylib
0x0000000104e00000 	/Library/Java/JavaVirtualMachines/zulu-11.jdk/Contents/Home/lib/libverify.dylib
0x0000000104e4c000 	/Library/Java/JavaVirtualMachines/zulu-11.jdk/Contents/Home/lib/libjava.dylib
0x0000000104e18000 	/Library/Java/JavaVirtualMachines/zulu-11.jdk/Contents/Home/lib/libjimage.dylib
0x0000000104ec0000 	/Library/Java/JavaVirtualMachines/zulu-11.jdk/Contents/Home/lib/libzip.dylib
0x0000000105aac000 	/Library/Java/JavaVirtualMachines/zulu-11.jdk/Contents/Home/lib/libnio.dylib
0x0000000105c00000 	/Library/Java/JavaVirtualMachines/zulu-11.jdk/Contents/Home/lib/libnet.dylib
0x0000000105a8c000 	/Library/Java/JavaVirtualMachines/zulu-11.jdk/Contents/Home/lib/libprism_es2.dylib
0x000000019fe2e000 	/System/Library/PrivateFrameworks/CoreServicesInternal.framework/Versions/A/CoreServicesInternal
0x00000001fea70000 	/System/Library/Frameworks/OpenGL.framework/Versions/A/Resources/GLEngine.bundle/GLEngine
0x00000001fe8f7000 	/System/Library/Frameworks/OpenGL.framework/Versions/A/Libraries/libGLProgrammability.dylib
0x000000012e23c000 	/System/Library/Extensions/AppleMetalOpenGLRenderer.bundle/Contents/MacOS/AppleMetalOpenGLRenderer
0x00000001febdf000 	/System/Library/Frameworks/OpenGL.framework/Versions/A/Resources/GLRendererFloat.bundle/GLRendererFloat
0x00000001e2a78000 	/System/Library/Extensions/AGXMetalG13X.bundle/Contents/MacOS/AGXMetalG13X
0x00000001bcf53000 	/System/Library/PrivateFrameworks/GPURawCounter.framework/Versions/A/GPURawCounter
0x00000001b79e1000 	/System/Library/PrivateFrameworks/IOGPU.framework/Versions/A/IOGPU
0x000000012e400000 	/Library/Java/JavaVirtualMachines/zulu-11.jdk/Contents/Home/lib/libglass.dylib
0x00000001af231000 	/System/Library/Frameworks/FileProvider.framework/Versions/A/FileProvider
0x00000001a3aac000 	/System/Library/Frameworks/Accounts.framework/Versions/A/Accounts
0x00000001af3b1000 	/System/Library/PrivateFrameworks/GenerationalStorage.framework/Versions/A/GenerationalStorage
0x00000001aff67000 	/System/Library/PrivateFrameworks/CoreSymbolication.framework/Versions/A/CoreSymbolication
0x00000001aefd1000 	/System/Library/PrivateFrameworks/SymptomDiagnosticReporter.framework/Versions/A/SymptomDiagnosticReporter
0x00000001a111a000 	/System/Library/PrivateFrameworks/DesktopServicesPriv.framework/Versions/A/DesktopServicesPriv
0x000000019ff8e000 	/usr/lib/libsandbox.1.dylib
0x00000001a4acc000 	/System/Library/PrivateFrameworks/UserManagement.framework/Versions/A/UserManagement
0x00000001aff28000 	/System/Library/PrivateFrameworks/DebugSymbols.framework/Versions/A/DebugSymbols
0x00000001aaeb1000 	/System/Library/PrivateFrameworks/NetAuth.framework/Versions/A/NetAuth
0x00000001abdb4000 	/System/Library/PrivateFrameworks/Sharing.framework/Versions/A/Sharing
0x00000001a4a9c000 	/System/Library/PrivateFrameworks/login.framework/Versions/A/Frameworks/loginsupport.framework/Versions/A/loginsupport
0x00000001b10e0000 	/System/Library/PrivateFrameworks/Apple80211.framework/Versions/A/Apple80211
0x00000001a7b9b000 	/System/Library/PrivateFrameworks/AuthKit.framework/Versions/A/AuthKit
0x00000001a7229000 	/System/Library/PrivateFrameworks/CoreUtils.framework/Versions/A/CoreUtils
0x00000001a7149000 	/System/Library/Frameworks/CoreWLAN.framework/Versions/A/CoreWLAN
0x00000001abf1e000 	/System/Library/Frameworks/IOBluetooth.framework/Versions/A/IOBluetooth
0x00000001b1140000 	/System/Library/PrivateFrameworks/CoreWiFi.framework/Versions/A/CoreWiFi
0x00000001afb0f000 	/System/Library/PrivateFrameworks/FrontBoardServices.framework/Versions/A/FrontBoardServices
0x00000001afba7000 	/System/Library/PrivateFrameworks/BoardServices.framework/Versions/A/BoardServices
0x00000001a7444000 	/System/Library/PrivateFrameworks/AssertionServices.framework/Versions/A/AssertionServices
0x00000001b12ae000 	/System/Library/PrivateFrameworks/BackBoardServices.framework/Versions/A/BackBoardServices
0x00000001ab323000 	/System/Library/PrivateFrameworks/CorePhoneNumbers.framework/Versions/A/CorePhoneNumbers
0x00000001af101000 	/System/Library/PrivateFrameworks/DiskManagement.framework/Versions/A/DiskManagement
0x00000001af004000 	/System/Library/PrivateFrameworks/AppleIDAuthSupport.framework/Versions/A/AppleIDAuthSupport
0x000000020287e000 	/System/Library/PrivateFrameworks/AAAFoundation.framework/Versions/A/AAAFoundation
0x00000001ab302000 	/System/Library/PrivateFrameworks/KeychainCircle.framework/Versions/A/KeychainCircle
0x00000001af0cd000 	/System/Library/PrivateFrameworks/MediaKit.framework/Versions/A/MediaKit
0x00000001af011000 	/System/Library/Frameworks/DiscRecording.framework/Versions/A/DiscRecording
0x00000001a89fa000 	/usr/lib/libCoreStorage.dylib
0x00000001b15aa000 	/usr/lib/libcsfde.dylib
0x00000001abff3000 	/System/Library/PrivateFrameworks/ProtectedCloudStorage.framework/Versions/A/ProtectedCloudStorage
0x00000001b15a2000 	/System/Library/PrivateFrameworks/EFILogin.framework/Versions/A/EFILogin
0x00000001af3d8000 	/System/Library/PrivateFrameworks/OctagonTrust.framework/Versions/A/OctagonTrust
0x00000002071aa000 	/System/Library/PrivateFrameworks/CoreUtilsExtras.framework/Versions/A/CoreUtilsExtras
0x00000001aef46000 	/System/Library/Frameworks/CoreBluetooth.framework/Versions/A/CoreBluetooth
0x00000001b1c23000 	/System/Library/Frameworks/AudioUnit.framework/Versions/A/AudioUnit
0x00000001a89f2000 	/usr/lib/libMatch.1.dylib
0x00000001c1249000 	/System/Library/Frameworks/Accelerate.framework/Versions/A/Frameworks/vImage.framework/Versions/A/Libraries/libCGInterfaces.dylib
0x0000000137f68000 	/usr/lib/libobjc-trampolines.dylib
0x00000001a4799000 	/System/Library/PrivateFrameworks/ViewBridge.framework/Versions/A/ViewBridge
0x00000001647cc000 	/Library/Java/JavaVirtualMachines/zulu-11.jdk/Contents/Home/lib/libjavafx_font.dylib
0x00000001a9143000 	/System/Library/PrivateFrameworks/login.framework/Versions/A/login
0x00000001647b8000 	/System/Library/Frameworks/FileProvider.framework/OverrideBundles/CloudDocsFileProvider.bundle/Contents/MacOS/CloudDocsFileProvider
0x00000001a4cd6000 	/System/Library/PrivateFrameworks/CloudDocs.framework/Versions/A/CloudDocs
0x00000001b18d6000 	/System/Library/PrivateFrameworks/AppleAccount.framework/Versions/A/AppleAccount
0x00000001abfda000 	/System/Library/PrivateFrameworks/AppContainer.framework/Versions/A/AppContainer
0x00000001aba90000 	/System/Library/PrivateFrameworks/IDS.framework/Versions/A/IDS
0x00000001b1a1f000 	/System/Library/PrivateFrameworks/AppleIDSSOAuthentication.framework/Versions/A/AppleIDSSOAuthentication
0x00000001a4a9f000 	/System/Library/PrivateFrameworks/ApplePushService.framework/Versions/A/ApplePushService
0x00000001b1625000 	/System/Library/PrivateFrameworks/AppSupport.framework/Versions/A/AppSupport
0x00000001aa887000 	/System/Library/PrivateFrameworks/IMFoundation.framework/Versions/A/IMFoundation
0x00000001b807c000 	/System/Library/PrivateFrameworks/Marco.framework/Versions/A/Marco
0x00000001abc09000 	/System/Library/PrivateFrameworks/IDSFoundation.framework/Versions/A/IDSFoundation
0x00000001a3b2a000 	/System/Library/PrivateFrameworks/CommonUtilities.framework/Versions/A/CommonUtilities
0x00000001bcb20000 	/System/Library/PrivateFrameworks/FTServices.framework/Versions/A/FTServices
0x00000001b5447000 	/System/Library/PrivateFrameworks/Engram.framework/Versions/A/Engram
0x00000001b53e9000 	/usr/lib/libtidy.A.dylib
0x00000001a92fd000 	/System/Library/PrivateFrameworks/Bom.framework/Versions/A/Bom
0x00000001a88b9000 	/System/Library/PrivateFrameworks/CrashReporterSupport.framework/Versions/A/CrashReporterSupport
0x00000001c6b01000 	/System/Library/PrivateFrameworks/FTAWD.framework/Versions/A/FTAWD
0x00000001c8c12000 	/System/Library/PrivateFrameworks/OSAnalytics.framework/Versions/A/OSAnalytics
0x00000001d3c53000 	/System/Library/PrivateFrameworks/Symbolication.framework/Versions/A/Symbolication
0x00000001bcf14000 	/System/Library/PrivateFrameworks/MallocStackLogging.framework/Versions/A/MallocStackLogging
0x00000001ae45b000 	/System/Library/PrivateFrameworks/CoreDaemon.framework/Versions/B/CoreDaemon
0x00000001ae455000 	/System/Library/PrivateFrameworks/AppleSRP.framework/Versions/A/AppleSRP
0x00000001a74f5000 	/System/Library/Frameworks/ServiceManagement.framework/Versions/A/ServiceManagement
0x00000001abfef000 	/System/Library/PrivateFrameworks/SecCodeWrapper.framework/Versions/A/SecCodeWrapper
0x00000001647e8000 	/System/Library/Frameworks/FileProvider.framework/OverrideBundles/FileProviderOverride.bundle/Contents/MacOS/FileProviderOverride
0x0000000166d00000 	/System/Library/Frameworks/FileProvider.framework/OverrideBundles/FinderSyncCollaborationFileProviderOverride.bundle/Contents/MacOS/FinderSyncCollaborationFileProviderOverride
0x00000001cd323000 	/System/Library/PrivateFrameworks/FinderSyncPriv.framework/Versions/A/FinderSyncPriv
0x00000001a4af4000 	/System/Library/Frameworks/CloudKit.framework/Versions/A/CloudKit
0x00000001b1cde000 	/System/Library/PrivateFrameworks/C2.framework/Versions/A/C2
0x00000001a5b98000 	/System/Library/Frameworks/CoreLocation.framework/Versions/A/CoreLocation
0x00000001b1cd5000 	/System/Library/Frameworks/PushKit.framework/Versions/A/PushKit
0x00000001b0024000 	/System/Library/PrivateFrameworks/CoreTime.framework/Versions/A/CoreTime
0x00000001b36af000 	/System/Library/PrivateFrameworks/RTCReporting.framework/Versions/A/RTCReporting
0x00000001ac31b000 	/System/Library/PrivateFrameworks/GeoServices.framework/Versions/A/GeoServices
0x00000001aa8ff000 	/System/Library/PrivateFrameworks/LocationSupport.framework/Versions/A/LocationSupport
0x0000000208789000 	/System/Library/PrivateFrameworks/GeoServicesCore.framework/Versions/A/GeoServicesCore
0x00000001b88a1000 	/System/Library/PrivateFrameworks/PhoneNumbers.framework/Versions/A/PhoneNumbers
0x00000001b152e000 	/System/Library/PrivateFrameworks/RemoteServiceDiscovery.framework/Versions/A/RemoteServiceDiscovery
0x00000001badaf000 	/usr/lib/libFosl_dynamic.dylib
0x00000001c0bd9000 	/usr/lib/libncurses.5.4.dylib
0x000000021a814000 	/usr/lib/libRosetta.dylib
0x00000001ae466000 	/System/Library/PrivateFrameworks/SystemAdministration.framework/Versions/A/SystemAdministration
0x00000001a9c59000 	/System/Library/Frameworks/MediaToolbox.framework/Versions/A/MediaToolbox
0x00000001add53000 	/System/Library/Frameworks/DirectoryService.framework/Versions/A/DirectoryService
0x00000001b1437000 	/System/Library/PrivateFrameworks/DiskImages.framework/Versions/A/DiskImages
0x00000001b161d000 	/System/Library/PrivateFrameworks/LoginUIKit.framework/Versions/A/Frameworks/LoginUICore.framework/Versions/A/LoginUICore
0x00000001a92f9000 	/usr/lib/libodfde.dylib
0x00000001af1fd000 	/System/Library/PrivateFrameworks/CoreAVCHD.framework/Versions/A/CoreAVCHD
0x00000001ae428000 	/System/Library/Frameworks/MediaAccessibility.framework/Versions/A/MediaAccessibility
0x00000001af1f9000 	/System/Library/PrivateFrameworks/Mangrove.framework/Versions/A/Mangrove
0x00000001ae435000 	/System/Library/PrivateFrameworks/AlgosScoreFramework.framework/Versions/A/AlgosScoreFramework
0x0000000204483000 	/System/Library/PrivateFrameworks/CMPhoto.framework/Versions/A/CMPhoto
0x00000001af1ed000 	/System/Library/PrivateFrameworks/CoreAUC.framework/Versions/A/CoreAUC
0x00000001b15b6000 	/usr/lib/libcurl.4.dylib
0x00000001b130c000 	/usr/lib/libcrypto.44.dylib
0x00000001b140a000 	/usr/lib/libssl.46.dylib
0x00000001b12ce000 	/System/Library/Frameworks/LDAP.framework/Versions/A/LDAP
0x00000001b130a000 	/System/Library/PrivateFrameworks/TrustEvaluationAgent.framework/Versions/A/TrustEvaluationAgent
0x00000001aabc3000 	/usr/lib/libsasl2.2.dylib


VM Arguments:
jvm_args: -Dfile.encoding=UTF-8 -Duser.country=SG -Duser.language=en -Duser.variant 
java_command: seedu.rc4hdb.Main
java_class_path (initial): /Users/naren/Desktop/Y2S1/CS2103T/tp/build/classes/java/main:/Users/naren/Desktop/Y2S1/CS2103T/tp/build/resources/main:/Users/naren/.gradle/caches/modules-2/files-2.1/org.openjfx/javafx-fxml/11/d5ff9262ef49d166db658d15f37e3ecff38fde4b/javafx-fxml-11-win.jar:/Users/naren/.gradle/caches/modules-2/files-2.1/org.openjfx/javafx-fxml/11/e0f5bb81e21054b59f2ebfa727d40a90ee0260d3/javafx-fxml-11-mac.jar:/Users/naren/.gradle/caches/modules-2/files-2.1/org.openjfx/javafx-fxml/11/e7a757b580fc3e2e1a121768606c7836eef418c/javafx-fxml-11-linux.jar:/Users/naren/.gradle/caches/modules-2/files-2.1/org.openjfx/javafx-controls/11/af8d24de44e16a19ae959028eb23a48c145fb682/javafx-controls-11-win.jar:/Users/naren/.gradle/caches/modules-2/files-2.1/org.openjfx/javafx-controls/11/e3a24a14e8732abc6dc173f15872dc63e2a32e16/javafx-controls-11-mac.jar:/Users/naren/.gradle/caches/modules-2/files-2.1/org.openjfx/javafx-controls/11/794488e3b1f4635d9a1b842bdc872a5eb8fd54ca/javafx-controls-11-linux.jar:/Users/naren/.gradle/caches/modules-2/files-2.1/org.openjfx/javafx-controls/11/58d961774262ec972bf304e16c154a8e18c2050b/javafx-controls-11.jar:/Users/naren/.gradle/caches/modules-2/files-2.1/org.openjfx/javafx-graphics/11/9345c7ea43dbcc73a62eca5332717b4ce617e6c6/javafx-graphics-11-win.jar:/Users/naren/.gradle/caches/modules-2/files-2.1/org.openjfx/javafx-graphics/11/af47a6d3668d3ce1c61e1fe13c44471b6f8d469/javafx-graphics-11-mac.jar:/Users/naren/.gradle/caches/modules-2/files-2.1/org.openjfx/javafx-graphics/11/4ab9edd8d481a420044c473fdb5718ccdd35c836/javafx-graphics-11-linux.jar:/Users/naren/.gradle/caches/modules-2/files-2.1/org.openjfx/javafx-graphics/11/a736dd079047ec0b72b8c4970842a5c5e0c19f2f/javafx-graphics-11.jar:/Users/naren/.gradle/caches/modules-2/files-2.1/org.openjfx/javafx-base/11/ad3a4acfaa28b484d30c40c1f009445cc3f6e68b/javafx-base-11-win.jar:/Users/naren/.gradle/caches/modules-2/files-2.1/org.openjfx/javafx-base/11/4b060dad0affd866df9d959e064faa8a1a2f4af0/javafx-b
Launcher Type: SUN_STANDARD

[Global flags]
     intx CICompilerCount                          = 4                                         {product} {ergonomic}
     uint ConcGCThreads                            = 2                                         {product} {ergonomic}
     uint G1ConcRefinementThreads                  = 9                                         {product} {ergonomic}
   size_t G1HeapRegionSize                         = 1048576                                   {product} {ergonomic}
    uintx GCDrainStackTargetSize                   = 64                                        {product} {ergonomic}
   size_t InitialHeapSize                          = 268435456                                 {product} {ergonomic}
   size_t MarkStackSize                            = 4194304                                   {product} {ergonomic}
   size_t MaxHeapSize                              = 4294967296                                {product} {ergonomic}
   size_t MaxNewSize                               = 2576351232                                {product} {ergonomic}
   size_t MinHeapDeltaBytes                        = 1048576                                   {product} {ergonomic}
    uintx NonNMethodCodeHeapSize                   = 5836492                                {pd product} {ergonomic}
    uintx NonProfiledCodeHeapSize                  = 122910874                              {pd product} {ergonomic}
    uintx ProfiledCodeHeapSize                     = 122910874                              {pd product} {ergonomic}
    uintx ReservedCodeCacheSize                    = 251658240                              {pd product} {ergonomic}
     bool SegmentedCodeCache                       = true                                      {product} {ergonomic}
     bool UseCompressedClassPointers               = true                                 {lp64_product} {ergonomic}
     bool UseCompressedOops                        = true                                 {lp64_product} {ergonomic}
     bool UseG1GC                                  = true                                      {product} {ergonomic}

Logging:
Log output configuration:
 #0: stdout all=warning uptime,level,tags
 #1: stderr all=off uptime,level,tags

Environment Variables:
PATH=/opt/homebrew/bin:/opt/homebrew/sbin:/Library/Frameworks/Python.framework/Versions/3.9/bin:/usr/local/bin:/usr/bin:/bin:/usr/sbin:/sbin:/Library/Apple/usr/bin:/Users/naren/Library/Android/sdk/platform-tools:/Users/naren/Library/Android/sdk/emulator:/Users/naren/Library/Android/sdk/platform-tools:/Users/naren/Library/Android/sdk/emulator:/Users/naren/Library/Android/sdk/platform-tool:/Users/naren/Library/Android/sdk/emulator:/platform-tools
SHELL=/bin/zsh
LC_CTYPE=en_SG.UTF-8

Signal Handlers:
SIGSEGV: [libjvm.dylib+0x72e4ec], sa_mask[0]=11111111011111110111111111111111, sa_flags=SA_ONSTACK|SA_RESTART|SA_SIGINFO
SIGBUS: [libjvm.dylib+0x72e4ec], sa_mask[0]=11111111011111110111111111111111, sa_flags=SA_RESTART|SA_SIGINFO
SIGFPE: [libjvm.dylib+0x72e4ec], sa_mask[0]=11111111011111110111111111111111, sa_flags=SA_RESTART|SA_SIGINFO
SIGPIPE: [libjvm.dylib+0x58d8b8], sa_mask[0]=11111111011111110111111111111111, sa_flags=SA_RESTART|SA_SIGINFO
SIGXFSZ: [libjvm.dylib+0x58d8b8], sa_mask[0]=11111111011111110111111111111111, sa_flags=SA_RESTART|SA_SIGINFO
SIGILL: [libjvm.dylib+0x72e4ec], sa_mask[0]=11111111011111110111111111111111, sa_flags=SA_RESTART|SA_SIGINFO
SIGUSR2: [libjvm.dylib+0x58deb8], sa_mask[0]=00100000000000000000000000000000, sa_flags=SA_RESTART|SA_SIGINFO
SIGHUP: [libjvm.dylib+0x58c624], sa_mask[0]=11111111011111110111111111111111, sa_flags=SA_RESTART|SA_SIGINFO
SIGINT: [libjvm.dylib+0x58c624], sa_mask[0]=11111111011111110111111111111111, sa_flags=SA_RESTART|SA_SIGINFO
SIGTERM: [libjvm.dylib+0x58c624], sa_mask[0]=11111111011111110111111111111111, sa_flags=SA_RESTART|SA_SIGINFO
SIGQUIT: [libjvm.dylib+0x58c624], sa_mask[0]=11111111011111110111111111111111, sa_flags=SA_RESTART|SA_SIGINFO


---------------  S Y S T E M  ---------------

OS:uname:Darwin 21.3.0 Darwin Kernel Version 21.3.0: Wed Jan  5 21:37:58 PST 2022; root:xnu-8019.80.24~20/RELEASE_ARM64_T6000 arm64
OS uptime: 37 days 7:51 hours
rlimit (soft/hard): STACK 8176k/65520k , CORE 0k/infinity , NPROC 2666/4000 , NOFILE 12544/infinity , AS infinity/infinity , CPU infinity/infinity , DATA infinity/infinity , FSIZE infinity/infinity , MEMLOCK infinity/infinity , RSS infinity/infinity
load average:4.48 5.37 5.19

CPU:total 10 (initial active 10) 0x61:0x0:0x1b588bb3:0, simd, crc, lse

Memory: 16k page, physical 16777216k(156224k free), swap 4194304k(1014272k free)

vm_info: OpenJDK 64-Bit Server VM (11.0.12+7-LTS) for bsd-aarch64 JRE (Zulu11.50+19-CA) (11.0.12+7-LTS), built on Jul 16 2021 10:21:46 by "zulu_re" with clang Apple LLVM 12.0.0 (clang-1200.0.32.28)

END.
